2019-09-20 10:14:34 6132 [Note] Plugin 'FEDERATED' is disabled.
2019-09-20 10:14:34 6132 [Note] InnoDB: The InnoDB memory heap is disabled
2019-09-20 10:14:34 6132 [Note] InnoDB: Mutexes and rw_locks use Windows interlocked functions
2019-09-20 10:14:34 6132 [Note] InnoDB: Compressed tables use zlib 1.2.3
2019-09-20 10:14:34 6132 [Note] InnoDB: Not using CPU crc32 instructions
2019-09-20 10:14:34 6132 [Note] InnoDB: Initializing buffer pool, size = 128.0M
2019-09-20 10:14:34 6132 [Note] InnoDB: Completed initialization of buffer pool
2019-09-20 10:14:35 6132 [Note] InnoDB: Highest supported file format is Barracuda.
2019-09-20 10:14:35 6132 [Note] InnoDB: The log sequence numbers 1626134 and 1626134 in ibdata files do not match the log sequence number 4472918 in the ib_logfiles!
2019-09-20 10:14:35 6132 [Note] InnoDB: Database was not shutdown normally!
2019-09-20 10:14:35 6132 [Note] InnoDB: Starting crash recovery.
2019-09-20 10:14:35 6132 [Note] InnoDB: Reading tablespace information from the .ibd files...
2019-09-20 10:14:36 6132 [Note] InnoDB: Restoring possible half-written data pages 
2019-09-20 10:14:36 6132 [Note] InnoDB: from the doublewrite buffer...
2019-09-20 10:14:38 6132 [Note] InnoDB: 128 rollback segment(s) are active.
2019-09-20 10:14:38 6132 [Note] InnoDB: Waiting for purge to start
2019-09-20 10:14:38 6132 [Note] InnoDB: 5.6.13 started; log sequence number 4472918
2019-09-20 10:14:38 6132 [Note] Server hostname (bind-address): '*'; port: 3307
2019-09-20 10:14:38 6132 [Note] IPv6 is available.
2019-09-20 10:14:38 6132 [Note]   - '::' resolves to '::';
2019-09-20 10:14:38 6132 [Note] Server socket created on IP: '::'.
2019-09-20 10:25:16 8488 [Note] Plugin 'FEDERATED' is disabled.
2019-09-20 10:25:16 8488 [Note] InnoDB: The InnoDB memory heap is disabled
2019-09-20 10:25:16 8488 [Note] InnoDB: Mutexes and rw_locks use Windows interlocked functions
2019-09-20 10:25:16 8488 [Note] InnoDB: Compressed tables use zlib 1.2.3
2019-09-20 10:25:16 8488 [Note] InnoDB: Not using CPU crc32 instructions
2019-09-20 10:25:16 8488 [Note] InnoDB: Initializing buffer pool, size = 128.0M
2019-09-20 10:25:16 8488 [Note] InnoDB: Completed initialization of buffer pool
2019-09-20 10:25:17 8488 [Note] InnoDB: Highest supported file format is Barracuda.
2019-09-20 10:25:17 8488 [Note] InnoDB: The log sequence numbers 1626134 and 1626134 in ibdata files do not match the log sequence number 4472928 in the ib_logfiles!
2019-09-20 10:25:17 8488 [Note] InnoDB: Database was not shutdown normally!
2019-09-20 10:25:17 8488 [Note] InnoDB: Starting crash recovery.
2019-09-20 10:25:17 8488 [Note] InnoDB: Reading tablespace information from the .ibd files...
2019-09-20 10:25:17 8488 [Note] InnoDB: Restoring possible half-written data pages 
2019-09-20 10:25:17 8488 [Note] InnoDB: from the doublewrite buffer...
2019-09-20 10:25:19 8488 [Note] InnoDB: 128 rollback segment(s) are active.
2019-09-20 10:25:19 8488 [Note] InnoDB: Waiting for purge to start
2019-09-20 10:25:19 8488 [Note] InnoDB: 5.6.13 started; log sequence number 4472928
2019-09-20 10:25:19 8488 [Note] Server hostname (bind-address): '*'; port: 3307
2019-09-20 10:25:19 8488 [Note] IPv6 is available.
2019-09-20 10:25:19 8488 [Note]   - '::' resolves to '::';
2019-09-20 10:25:19 8488 [Note] Server socket created on IP: '::'.
