2021-08-04 08:31:30 9940 [Note] Plugin 'FEDERATED' is disabled.
2021-08-04 08:31:30 9940 [Note] InnoDB: The InnoDB memory heap is disabled
2021-08-04 08:31:30 9940 [Note] InnoDB: Mutexes and rw_locks use Windows interlocked functions
2021-08-04 08:31:30 9940 [Note] InnoDB: Compressed tables use zlib 1.2.3
2021-08-04 08:31:30 9940 [Note] InnoDB: Not using CPU crc32 instructions
2021-08-04 08:31:30 9940 [Note] InnoDB: Initializing buffer pool, size = 128.0M
2021-08-04 08:31:30 9940 [Note] InnoDB: Completed initialization of buffer pool
2021-08-04 08:31:31 9940 [Note] InnoDB: Highest supported file format is Barracuda.
2021-08-04 08:31:31 9940 [Note] InnoDB: The log sequence numbers 25167603 and 25167603 in ibdata files do not match the log sequence number 33325495 in the ib_logfiles!
2021-08-04 08:31:31 9940 [Note] InnoDB: Database was not shutdown normally!
2021-08-04 08:31:31 9940 [Note] InnoDB: Starting crash recovery.
2021-08-04 08:31:31 9940 [Note] InnoDB: Reading tablespace information from the .ibd files...
2021-08-04 08:31:34 9940 [Note] InnoDB: Restoring possible half-written data pages 
2021-08-04 08:31:34 9940 [Note] InnoDB: from the doublewrite buffer...
2021-08-04 08:31:36 9940 [Note] InnoDB: 128 rollback segment(s) are active.
2021-08-04 08:31:36 9940 [Note] InnoDB: Waiting for purge to start
2021-08-04 08:31:36 9940 [Note] InnoDB: 5.6.13 started; log sequence number 33325495
2021-08-04 08:31:36 9940 [Note] Server hostname (bind-address): '*'; port: 3307
2021-08-04 08:31:36 9940 [Note] IPv6 is available.
2021-08-04 08:31:36 9940 [Note]   - '::' resolves to '::';
2021-08-04 08:31:36 9940 [Note] Server socket created on IP: '::'.
2021-08-04 09:25:22 1536 [Note] Plugin 'FEDERATED' is disabled.
2021-08-04 09:25:23 1536 [Note] InnoDB: The InnoDB memory heap is disabled
2021-08-04 09:25:23 1536 [Note] InnoDB: Mutexes and rw_locks use Windows interlocked functions
2021-08-04 09:25:23 1536 [Note] InnoDB: Compressed tables use zlib 1.2.3
2021-08-04 09:25:23 1536 [Note] InnoDB: Not using CPU crc32 instructions
2021-08-04 09:25:23 1536 [Note] InnoDB: Initializing buffer pool, size = 128.0M
2021-08-04 09:25:23 1536 [Note] InnoDB: Completed initialization of buffer pool
2021-08-04 09:25:23 1536 [Note] InnoDB: Highest supported file format is Barracuda.
2021-08-04 09:25:23 1536 [Note] InnoDB: The log sequence numbers 25167603 and 25167603 in ibdata files do not match the log sequence number 33325505 in the ib_logfiles!
2021-08-04 09:25:23 1536 [Note] InnoDB: Database was not shutdown normally!
2021-08-04 09:25:23 1536 [Note] InnoDB: Starting crash recovery.
2021-08-04 09:25:23 1536 [Note] InnoDB: Reading tablespace information from the .ibd files...
2021-08-04 09:25:27 1536 [Note] InnoDB: Restoring possible half-written data pages 
2021-08-04 09:25:27 1536 [Note] InnoDB: from the doublewrite buffer...
2021-08-04 09:25:28 1536 [Note] InnoDB: 128 rollback segment(s) are active.
2021-08-04 09:25:28 1536 [Note] InnoDB: Waiting for purge to start
2021-08-04 09:25:28 1536 [Note] InnoDB: 5.6.13 started; log sequence number 33325505
2021-08-04 09:25:28 1536 [Note] Server hostname (bind-address): '*'; port: 3307
2021-08-04 09:25:28 1536 [Note] IPv6 is available.
2021-08-04 09:25:28 1536 [Note]   - '::' resolves to '::';
2021-08-04 09:25:28 1536 [Note] Server socket created on IP: '::'.
