2018-08-10 10:30:12 8320 [Note] Plugin 'FEDERATED' is disabled.
2018-08-10 10:30:12 8320 [Note] InnoDB: The InnoDB memory heap is disabled
2018-08-10 10:30:12 8320 [Note] InnoDB: Mutexes and rw_locks use Windows interlocked functions
2018-08-10 10:30:12 8320 [Note] InnoDB: Compressed tables use zlib 1.2.3
2018-08-10 10:30:12 8320 [Note] InnoDB: Not using CPU crc32 instructions
2018-08-10 10:30:12 8320 [Note] InnoDB: Initializing buffer pool, size = 128.0M
2018-08-10 10:30:12 8320 [Note] InnoDB: Completed initialization of buffer pool
2018-08-10 10:30:12 8320 [Note] InnoDB: Highest supported file format is Barracuda.
2018-08-10 10:30:12 8320 [Note] InnoDB: The log sequence numbers 1626134 and 1626134 in ibdata files do not match the log sequence number 3049666 in the ib_logfiles!
2018-08-10 10:30:12 8320 [Note] InnoDB: Database was not shutdown normally!
2018-08-10 10:30:12 8320 [Note] InnoDB: Starting crash recovery.
2018-08-10 10:30:12 8320 [Note] InnoDB: Reading tablespace information from the .ibd files...
2018-08-10 10:30:14 8320 [Note] InnoDB: Restoring possible half-written data pages 
2018-08-10 10:30:14 8320 [Note] InnoDB: from the doublewrite buffer...
2018-08-10 10:30:15 8320 [Note] InnoDB: 128 rollback segment(s) are active.
2018-08-10 10:30:15 8320 [Note] InnoDB: Waiting for purge to start
2018-08-10 10:30:15 8320 [Note] InnoDB: 5.6.13 started; log sequence number 3049666
2018-08-10 10:30:15 8320 [Note] Server hostname (bind-address): '*'; port: 3307
2018-08-10 10:30:15 8320 [Note] IPv6 is available.
2018-08-10 10:30:15 8320 [Note]   - '::' resolves to '::';
2018-08-10 10:30:15 8320 [Note] Server socket created on IP: '::'.
2018-08-10 13:08:02 2728 [Note] Plugin 'FEDERATED' is disabled.
2018-08-10 13:08:02 2728 [Note] InnoDB: The InnoDB memory heap is disabled
2018-08-10 13:08:02 2728 [Note] InnoDB: Mutexes and rw_locks use Windows interlocked functions
2018-08-10 13:08:02 2728 [Note] InnoDB: Compressed tables use zlib 1.2.3
2018-08-10 13:08:02 2728 [Note] InnoDB: Not using CPU crc32 instructions
2018-08-10 13:08:02 2728 [Note] InnoDB: Initializing buffer pool, size = 128.0M
2018-08-10 13:08:02 2728 [Note] InnoDB: Completed initialization of buffer pool
2018-08-10 13:08:02 2728 [Note] InnoDB: Highest supported file format is Barracuda.
2018-08-10 13:08:02 2728 [Note] InnoDB: The log sequence numbers 1626134 and 1626134 in ibdata files do not match the log sequence number 3049676 in the ib_logfiles!
2018-08-10 13:08:02 2728 [Note] InnoDB: Database was not shutdown normally!
2018-08-10 13:08:02 2728 [Note] InnoDB: Starting crash recovery.
2018-08-10 13:08:02 2728 [Note] InnoDB: Reading tablespace information from the .ibd files...
2018-08-10 13:08:02 2728 [Note] InnoDB: Restoring possible half-written data pages 
2018-08-10 13:08:02 2728 [Note] InnoDB: from the doublewrite buffer...
2018-08-10 13:08:05 2728 [Note] InnoDB: 128 rollback segment(s) are active.
2018-08-10 13:08:05 2728 [Note] InnoDB: Waiting for purge to start
2018-08-10 13:08:05 2728 [Note] InnoDB: 5.6.13 started; log sequence number 3049676
2018-08-10 13:08:05 2728 [Note] Server hostname (bind-address): '*'; port: 3307
2018-08-10 13:08:05 2728 [Note] IPv6 is available.
2018-08-10 13:08:05 2728 [Note]   - '::' resolves to '::';
2018-08-10 13:08:05 2728 [Note] Server socket created on IP: '::'.
2018-08-10 19:24:23 10832 [Note] Plugin 'FEDERATED' is disabled.
2018-08-10 19:24:23 10832 [Note] InnoDB: The InnoDB memory heap is disabled
2018-08-10 19:24:23 10832 [Note] InnoDB: Mutexes and rw_locks use Windows interlocked functions
2018-08-10 19:24:23 10832 [Note] InnoDB: Compressed tables use zlib 1.2.3
2018-08-10 19:24:23 10832 [Note] InnoDB: Not using CPU crc32 instructions
2018-08-10 19:24:23 10832 [Note] InnoDB: Initializing buffer pool, size = 128.0M
2018-08-10 19:24:23 10832 [Note] InnoDB: Completed initialization of buffer pool
2018-08-10 19:24:23 10832 [Note] InnoDB: Highest supported file format is Barracuda.
2018-08-10 19:24:23 10832 [Note] InnoDB: The log sequence numbers 1626134 and 1626134 in ibdata files do not match the log sequence number 3050606 in the ib_logfiles!
2018-08-10 19:24:23 10832 [Note] InnoDB: Database was not shutdown normally!
2018-08-10 19:24:23 10832 [Note] InnoDB: Starting crash recovery.
2018-08-10 19:24:23 10832 [Note] InnoDB: Reading tablespace information from the .ibd files...
2018-08-10 19:24:23 10832 [Note] InnoDB: Restoring possible half-written data pages 
2018-08-10 19:24:23 10832 [Note] InnoDB: from the doublewrite buffer...
2018-08-10 19:24:24 10832 [Note] InnoDB: 128 rollback segment(s) are active.
2018-08-10 19:24:24 10832 [Note] InnoDB: Waiting for purge to start
2018-08-10 19:24:24 10832 [Note] InnoDB: 5.6.13 started; log sequence number 3050606
2018-08-10 19:24:24 10832 [Note] Server hostname (bind-address): '*'; port: 3307
2018-08-10 19:24:24 10832 [Note] IPv6 is available.
2018-08-10 19:24:24 10832 [Note]   - '::' resolves to '::';
2018-08-10 19:24:24 10832 [Note] Server socket created on IP: '::'.
2018-08-23 15:01:08 3936 [Note] Plugin 'FEDERATED' is disabled.
2018-08-23 15:01:08 3936 [Note] InnoDB: The InnoDB memory heap is disabled
2018-08-23 15:01:08 3936 [Note] InnoDB: Mutexes and rw_locks use Windows interlocked functions
2018-08-23 15:01:08 3936 [Note] InnoDB: Compressed tables use zlib 1.2.3
2018-08-23 15:01:08 3936 [Note] InnoDB: Not using CPU crc32 instructions
2018-08-23 15:01:08 3936 [Note] InnoDB: Initializing buffer pool, size = 128.0M
2018-08-23 15:01:08 3936 [Note] InnoDB: Completed initialization of buffer pool
2018-08-23 15:01:08 3936 [Note] InnoDB: Highest supported file format is Barracuda.
2018-08-23 15:01:08 3936 [Note] InnoDB: The log sequence numbers 1626134 and 1626134 in ibdata files do not match the log sequence number 3051295 in the ib_logfiles!
2018-08-23 15:01:08 3936 [Note] InnoDB: Database was not shutdown normally!
2018-08-23 15:01:08 3936 [Note] InnoDB: Starting crash recovery.
2018-08-23 15:01:08 3936 [Note] InnoDB: Reading tablespace information from the .ibd files...
2018-08-23 15:01:09 3936 [Note] InnoDB: Restoring possible half-written data pages 
2018-08-23 15:01:09 3936 [Note] InnoDB: from the doublewrite buffer...
2018-08-23 15:01:09 3936 [Note] InnoDB: 128 rollback segment(s) are active.
2018-08-23 15:01:09 3936 [Note] InnoDB: Waiting for purge to start
2018-08-23 15:01:09 3936 [Note] InnoDB: 5.6.13 started; log sequence number 3051295
2018-08-23 15:01:10 3936 [Note] Server hostname (bind-address): '*'; port: 3307
2018-08-23 15:01:10 3936 [Note] IPv6 is available.
2018-08-23 15:01:10 3936 [Note]   - '::' resolves to '::';
2018-08-23 15:01:10 3936 [Note] Server socket created on IP: '::'.
2018-08-27 20:59:49 2540 [Note] Plugin 'FEDERATED' is disabled.
2018-08-27 20:59:49 2540 [Note] InnoDB: The InnoDB memory heap is disabled
2018-08-27 20:59:49 2540 [Note] InnoDB: Mutexes and rw_locks use Windows interlocked functions
2018-08-27 20:59:49 2540 [Note] InnoDB: Compressed tables use zlib 1.2.3
2018-08-27 20:59:49 2540 [Note] InnoDB: Not using CPU crc32 instructions
2018-08-27 20:59:49 2540 [Note] InnoDB: Initializing buffer pool, size = 128.0M
2018-08-27 20:59:49 2540 [Note] InnoDB: Completed initialization of buffer pool
2018-08-27 20:59:49 2540 [Note] InnoDB: Highest supported file format is Barracuda.
2018-08-27 20:59:49 2540 [Note] InnoDB: The log sequence numbers 1626134 and 1626134 in ibdata files do not match the log sequence number 3051305 in the ib_logfiles!
2018-08-27 20:59:49 2540 [Note] InnoDB: Database was not shutdown normally!
2018-08-27 20:59:49 2540 [Note] InnoDB: Starting crash recovery.
2018-08-27 20:59:49 2540 [Note] InnoDB: Reading tablespace information from the .ibd files...
2018-08-27 20:59:50 2540 [Note] InnoDB: Restoring possible half-written data pages 
2018-08-27 20:59:50 2540 [Note] InnoDB: from the doublewrite buffer...
2018-08-27 20:59:53 2540 [Note] InnoDB: 128 rollback segment(s) are active.
2018-08-27 20:59:53 2540 [Note] InnoDB: Waiting for purge to start
2018-08-27 20:59:53 2540 [Note] InnoDB: 5.6.13 started; log sequence number 3051305
2018-08-27 20:59:53 2540 [Note] Server hostname (bind-address): '*'; port: 3307
2018-08-27 20:59:53 2540 [Note] IPv6 is available.
2018-08-27 20:59:53 2540 [Note]   - '::' resolves to '::';
2018-08-27 20:59:53 2540 [Note] Server socket created on IP: '::'.
2018-08-31 19:31:43 7812 [Note] Plugin 'FEDERATED' is disabled.
2018-08-31 19:31:45 7812 [Note] InnoDB: The InnoDB memory heap is disabled
2018-08-31 19:31:45 7812 [Note] InnoDB: Mutexes and rw_locks use Windows interlocked functions
2018-08-31 19:31:45 7812 [Note] InnoDB: Compressed tables use zlib 1.2.3
2018-08-31 19:31:45 7812 [Note] InnoDB: Not using CPU crc32 instructions
2018-08-31 19:31:45 7812 [Note] InnoDB: Initializing buffer pool, size = 128.0M
2018-08-31 19:31:45 7812 [Note] InnoDB: Completed initialization of buffer pool
2018-08-31 19:31:45 7812 [Note] InnoDB: Highest supported file format is Barracuda.
2018-08-31 19:31:45 7812 [Note] InnoDB: The log sequence numbers 1626134 and 1626134 in ibdata files do not match the log sequence number 3051315 in the ib_logfiles!
2018-08-31 19:31:45 7812 [Note] InnoDB: Database was not shutdown normally!
2018-08-31 19:31:45 7812 [Note] InnoDB: Starting crash recovery.
2018-08-31 19:31:45 7812 [Note] InnoDB: Reading tablespace information from the .ibd files...
2018-08-31 19:31:46 7812 [Note] InnoDB: Restoring possible half-written data pages 
2018-08-31 19:31:46 7812 [Note] InnoDB: from the doublewrite buffer...
2018-08-31 19:31:50 7812 [Note] InnoDB: 128 rollback segment(s) are active.
2018-08-31 19:31:52 7812 [Note] InnoDB: Waiting for purge to start
2018-08-31 19:31:52 7812 [Note] InnoDB: 5.6.13 started; log sequence number 3051315
2018-08-31 19:31:52 7812 [Note] Server hostname (bind-address): '*'; port: 3307
2018-08-31 19:31:52 7812 [Note] IPv6 is available.
2018-08-31 19:31:52 7812 [Note]   - '::' resolves to '::';
2018-08-31 19:31:52 7812 [Note] Server socket created on IP: '::'.
2018-09-14 11:34:21 3444 [Note] Plugin 'FEDERATED' is disabled.
2018-09-14 11:34:21 3444 [Note] InnoDB: The InnoDB memory heap is disabled
2018-09-14 11:34:21 3444 [Note] InnoDB: Mutexes and rw_locks use Windows interlocked functions
2018-09-14 11:34:21 3444 [Note] InnoDB: Compressed tables use zlib 1.2.3
2018-09-14 11:34:21 3444 [Note] InnoDB: Not using CPU crc32 instructions
2018-09-14 11:34:21 3444 [Note] InnoDB: Initializing buffer pool, size = 128.0M
2018-09-14 11:34:21 3444 [Note] InnoDB: Completed initialization of buffer pool
2018-09-14 11:34:21 3444 [Note] InnoDB: Highest supported file format is Barracuda.
2018-09-14 11:34:21 3444 [Note] InnoDB: The log sequence numbers 1626134 and 1626134 in ibdata files do not match the log sequence number 3051644 in the ib_logfiles!
2018-09-14 11:34:21 3444 [Note] InnoDB: Database was not shutdown normally!
2018-09-14 11:34:21 3444 [Note] InnoDB: Starting crash recovery.
2018-09-14 11:34:21 3444 [Note] InnoDB: Reading tablespace information from the .ibd files...
2018-09-14 11:34:22 3444 [Note] InnoDB: Restoring possible half-written data pages 
2018-09-14 11:34:22 3444 [Note] InnoDB: from the doublewrite buffer...
2018-09-14 11:34:23 3444 [Note] InnoDB: 128 rollback segment(s) are active.
2018-09-14 11:34:23 3444 [Note] InnoDB: Waiting for purge to start
2018-09-14 11:34:23 3444 [Note] InnoDB: 5.6.13 started; log sequence number 3051644
2018-09-14 11:34:23 3444 [Note] Server hostname (bind-address): '*'; port: 3307
2018-09-14 11:34:23 3444 [Note] IPv6 is available.
2018-09-14 11:34:23 3444 [Note]   - '::' resolves to '::';
2018-09-14 11:34:23 3444 [Note] Server socket created on IP: '::'.
2018-09-20 13:21:46 5268 [Note] Plugin 'FEDERATED' is disabled.
2018-09-20 13:21:46 5268 [Note] InnoDB: The InnoDB memory heap is disabled
2018-09-20 13:21:46 5268 [Note] InnoDB: Mutexes and rw_locks use Windows interlocked functions
2018-09-20 13:21:46 5268 [Note] InnoDB: Compressed tables use zlib 1.2.3
2018-09-20 13:21:46 5268 [Note] InnoDB: Not using CPU crc32 instructions
2018-09-20 13:21:46 5268 [Note] InnoDB: Initializing buffer pool, size = 128.0M
2018-09-20 13:21:46 5268 [Note] InnoDB: Completed initialization of buffer pool
2018-09-20 13:21:46 5268 [Note] InnoDB: Highest supported file format is Barracuda.
2018-09-20 13:21:46 5268 [Note] InnoDB: The log sequence numbers 1626134 and 1626134 in ibdata files do not match the log sequence number 3052191 in the ib_logfiles!
2018-09-20 13:21:46 5268 [Note] InnoDB: Database was not shutdown normally!
2018-09-20 13:21:46 5268 [Note] InnoDB: Starting crash recovery.
2018-09-20 13:21:46 5268 [Note] InnoDB: Reading tablespace information from the .ibd files...
2018-09-20 13:21:47 5268 [Note] InnoDB: Restoring possible half-written data pages 
2018-09-20 13:21:47 5268 [Note] InnoDB: from the doublewrite buffer...
2018-09-20 13:21:49 5268 [Note] InnoDB: 128 rollback segment(s) are active.
2018-09-20 13:21:49 5268 [Note] InnoDB: Waiting for purge to start
2018-09-20 13:21:49 5268 [Note] InnoDB: 5.6.13 started; log sequence number 3052191
2018-09-20 13:21:49 5268 [Note] Server hostname (bind-address): '*'; port: 3307
2018-09-20 13:21:49 5268 [Note] IPv6 is available.
2018-09-20 13:21:49 5268 [Note]   - '::' resolves to '::';
2018-09-20 13:21:49 5268 [Note] Server socket created on IP: '::'.
2018-09-21 14:49:31 5068 [Note] Plugin 'FEDERATED' is disabled.
2018-09-21 14:49:31 5068 [Note] InnoDB: The InnoDB memory heap is disabled
2018-09-21 14:49:31 5068 [Note] InnoDB: Mutexes and rw_locks use Windows interlocked functions
2018-09-21 14:49:31 5068 [Note] InnoDB: Compressed tables use zlib 1.2.3
2018-09-21 14:49:31 5068 [Note] InnoDB: Not using CPU crc32 instructions
2018-09-21 14:49:31 5068 [Note] InnoDB: Initializing buffer pool, size = 128.0M
2018-09-21 14:49:31 5068 [Note] InnoDB: Completed initialization of buffer pool
2018-09-21 14:49:31 5068 [Note] InnoDB: Highest supported file format is Barracuda.
2018-09-21 14:49:31 5068 [Note] InnoDB: The log sequence numbers 1626134 and 1626134 in ibdata files do not match the log sequence number 3052370 in the ib_logfiles!
2018-09-21 14:49:31 5068 [Note] InnoDB: Database was not shutdown normally!
2018-09-21 14:49:31 5068 [Note] InnoDB: Starting crash recovery.
2018-09-21 14:49:31 5068 [Note] InnoDB: Reading tablespace information from the .ibd files...
2018-09-21 14:49:32 5068 [Note] InnoDB: Restoring possible half-written data pages 
2018-09-21 14:49:32 5068 [Note] InnoDB: from the doublewrite buffer...
2018-09-21 14:49:33 5068 [Note] InnoDB: 128 rollback segment(s) are active.
2018-09-21 14:49:33 5068 [Note] InnoDB: Waiting for purge to start
2018-09-21 14:49:33 5068 [Note] InnoDB: 5.6.13 started; log sequence number 3052370
2018-09-21 14:49:33 5068 [Note] Server hostname (bind-address): '*'; port: 3307
2018-09-21 14:49:33 5068 [Note] IPv6 is available.
2018-09-21 14:49:33 5068 [Note]   - '::' resolves to '::';
2018-09-21 14:49:33 5068 [Note] Server socket created on IP: '::'.
2018-09-21 19:30:15 1152 [Note] Plugin 'FEDERATED' is disabled.
2018-09-21 19:30:15 1152 [Note] InnoDB: The InnoDB memory heap is disabled
2018-09-21 19:30:15 1152 [Note] InnoDB: Mutexes and rw_locks use Windows interlocked functions
2018-09-21 19:30:15 1152 [Note] InnoDB: Compressed tables use zlib 1.2.3
2018-09-21 19:30:15 1152 [Note] InnoDB: Not using CPU crc32 instructions
2018-09-21 19:30:15 1152 [Note] InnoDB: Initializing buffer pool, size = 128.0M
2018-09-21 19:30:15 1152 [Note] InnoDB: Completed initialization of buffer pool
2018-09-21 19:30:15 1152 [Note] InnoDB: Highest supported file format is Barracuda.
2018-09-21 19:30:15 1152 [Note] InnoDB: The log sequence numbers 1626134 and 1626134 in ibdata files do not match the log sequence number 3052380 in the ib_logfiles!
2018-09-21 19:30:15 1152 [Note] InnoDB: Database was not shutdown normally!
2018-09-21 19:30:15 1152 [Note] InnoDB: Starting crash recovery.
2018-09-21 19:30:15 1152 [Note] InnoDB: Reading tablespace information from the .ibd files...
2018-09-21 19:30:15 1152 [Note] InnoDB: Restoring possible half-written data pages 
2018-09-21 19:30:15 1152 [Note] InnoDB: from the doublewrite buffer...
2018-09-21 19:30:16 1152 [Note] InnoDB: 128 rollback segment(s) are active.
2018-09-21 19:30:16 1152 [Note] InnoDB: Waiting for purge to start
2018-09-21 19:30:16 1152 [Note] InnoDB: 5.6.13 started; log sequence number 3052380
2018-09-21 19:30:16 1152 [Note] Server hostname (bind-address): '*'; port: 3307
2018-09-21 19:30:16 1152 [Note] IPv6 is available.
2018-09-21 19:30:16 1152 [Note]   - '::' resolves to '::';
2018-09-21 19:30:16 1152 [Note] Server socket created on IP: '::'.
2018-09-21 19:30:24 1152 [Note] Event Scheduler: Loaded 0 events
2018-09-21 19:30:24 1152 [Note] F:\Arquivos\USBWebserver v8.6/mysql/bin/mysqld_usbwv8.exe: ready for connections.
Version: '5.6.13'  socket: ''  port: 3307  MySQL Community Server (GPL)
2018-09-27 14:03:59 6356 [Note] Plugin 'FEDERATED' is disabled.
2018-09-27 14:04:01 6356 [Note] InnoDB: The InnoDB memory heap is disabled
2018-09-27 14:04:01 6356 [Note] InnoDB: Mutexes and rw_locks use Windows interlocked functions
2018-09-27 14:04:01 6356 [Note] InnoDB: Compressed tables use zlib 1.2.3
2018-09-27 14:04:01 6356 [Note] InnoDB: Not using CPU crc32 instructions
2018-09-27 14:04:01 6356 [Note] InnoDB: Initializing buffer pool, size = 128.0M
2018-09-27 14:04:01 6356 [Note] InnoDB: Completed initialization of buffer pool
2018-09-27 14:04:01 6356 [Note] InnoDB: Highest supported file format is Barracuda.
2018-09-27 14:04:01 6356 [Note] InnoDB: The log sequence numbers 1626134 and 1626134 in ibdata files do not match the log sequence number 3067757 in the ib_logfiles!
2018-09-27 14:04:01 6356 [Note] InnoDB: Database was not shutdown normally!
2018-09-27 14:04:01 6356 [Note] InnoDB: Starting crash recovery.
2018-09-27 14:04:01 6356 [Note] InnoDB: Reading tablespace information from the .ibd files...
2018-09-27 14:04:01 6356 [Note] InnoDB: Restoring possible half-written data pages 
2018-09-27 14:04:01 6356 [Note] InnoDB: from the doublewrite buffer...
2018-09-27 14:04:02 6356 [Note] InnoDB: 128 rollback segment(s) are active.
2018-09-27 14:04:02 6356 [Note] InnoDB: Waiting for purge to start
2018-09-27 14:04:02 6356 [Note] InnoDB: 5.6.13 started; log sequence number 3067757
2018-09-27 14:04:02 6356 [Note] Server hostname (bind-address): '*'; port: 3307
2018-09-27 14:04:02 6356 [Note] IPv6 is available.
2018-09-27 14:04:02 6356 [Note]   - '::' resolves to '::';
2018-09-27 14:04:02 6356 [Note] Server socket created on IP: '::'.
2018-09-28 19:26:58 2504 [Note] Plugin 'FEDERATED' is disabled.
2018-09-28 19:26:58 2504 [Note] InnoDB: The InnoDB memory heap is disabled
2018-09-28 19:26:58 2504 [Note] InnoDB: Mutexes and rw_locks use Windows interlocked functions
2018-09-28 19:26:58 2504 [Note] InnoDB: Compressed tables use zlib 1.2.3
2018-09-28 19:26:58 2504 [Note] InnoDB: Not using CPU crc32 instructions
2018-09-28 19:26:58 2504 [Note] InnoDB: Initializing buffer pool, size = 128.0M
2018-09-28 19:26:58 2504 [Note] InnoDB: Completed initialization of buffer pool
2018-09-28 19:26:58 2504 [Note] InnoDB: Highest supported file format is Barracuda.
2018-09-28 19:26:58 2504 [Note] InnoDB: The log sequence numbers 1626134 and 1626134 in ibdata files do not match the log sequence number 3090116 in the ib_logfiles!
2018-09-28 19:26:58 2504 [Note] InnoDB: Database was not shutdown normally!
2018-09-28 19:26:58 2504 [Note] InnoDB: Starting crash recovery.
2018-09-28 19:26:58 2504 [Note] InnoDB: Reading tablespace information from the .ibd files...
2018-09-28 19:26:58 2504 [Note] InnoDB: Restoring possible half-written data pages 
2018-09-28 19:26:58 2504 [Note] InnoDB: from the doublewrite buffer...
2018-09-28 19:26:59 2504 [Note] InnoDB: 128 rollback segment(s) are active.
2018-09-28 19:26:59 2504 [Note] InnoDB: Waiting for purge to start
2018-09-28 19:26:59 2504 [Note] InnoDB: 5.6.13 started; log sequence number 3090116
2018-09-28 19:26:59 2504 [Note] Server hostname (bind-address): '*'; port: 3307
2018-09-28 19:26:59 2504 [Note] IPv6 is available.
2018-09-28 19:26:59 2504 [Note]   - '::' resolves to '::';
2018-09-28 19:26:59 2504 [Note] Server socket created on IP: '::'.
2018-10-02 11:48:13 9492 [Note] Plugin 'FEDERATED' is disabled.
2018-10-02 11:48:13 9492 [Note] InnoDB: The InnoDB memory heap is disabled
2018-10-02 11:48:13 9492 [Note] InnoDB: Mutexes and rw_locks use Windows interlocked functions
2018-10-02 11:48:13 9492 [Note] InnoDB: Compressed tables use zlib 1.2.3
2018-10-02 11:48:13 9492 [Note] InnoDB: Not using CPU crc32 instructions
2018-10-02 11:48:13 9492 [Note] InnoDB: Initializing buffer pool, size = 128.0M
2018-10-02 11:48:13 9492 [Note] InnoDB: Completed initialization of buffer pool
2018-10-02 11:48:13 9492 [Note] InnoDB: Highest supported file format is Barracuda.
2018-10-02 11:48:13 9492 [Note] InnoDB: The log sequence numbers 1626134 and 1626134 in ibdata files do not match the log sequence number 3138801 in the ib_logfiles!
2018-10-02 11:48:13 9492 [Note] InnoDB: Database was not shutdown normally!
2018-10-02 11:48:13 9492 [Note] InnoDB: Starting crash recovery.
2018-10-02 11:48:13 9492 [Note] InnoDB: Reading tablespace information from the .ibd files...
2018-10-02 11:48:14 9492 [Note] InnoDB: Restoring possible half-written data pages 
2018-10-02 11:48:14 9492 [Note] InnoDB: from the doublewrite buffer...
2018-10-02 11:48:20 9492 [Note] InnoDB: 128 rollback segment(s) are active.
2018-10-02 11:48:20 9492 [Note] InnoDB: Waiting for purge to start
2018-10-02 11:48:20 9492 [Note] InnoDB: 5.6.13 started; log sequence number 3138801
2018-10-02 11:48:20 9492 [Note] Server hostname (bind-address): '*'; port: 3307
2018-10-02 11:48:20 9492 [Note] IPv6 is available.
2018-10-02 11:48:20 9492 [Note]   - '::' resolves to '::';
2018-10-02 11:48:20 9492 [Note] Server socket created on IP: '::'.
2018-10-02 13:35:22 9052 [Note] Plugin 'FEDERATED' is disabled.
2018-10-02 13:35:22 9052 [Note] InnoDB: The InnoDB memory heap is disabled
2018-10-02 13:35:22 9052 [Note] InnoDB: Mutexes and rw_locks use Windows interlocked functions
2018-10-02 13:35:22 9052 [Note] InnoDB: Compressed tables use zlib 1.2.3
2018-10-02 13:35:22 9052 [Note] InnoDB: Not using CPU crc32 instructions
2018-10-02 13:35:22 9052 [Note] InnoDB: Initializing buffer pool, size = 128.0M
2018-10-02 13:35:22 9052 [Note] InnoDB: Completed initialization of buffer pool
2018-10-02 13:35:22 9052 [Note] InnoDB: Highest supported file format is Barracuda.
2018-10-02 13:35:22 9052 [Note] InnoDB: The log sequence numbers 1626134 and 1626134 in ibdata files do not match the log sequence number 3147201 in the ib_logfiles!
2018-10-02 13:35:22 9052 [Note] InnoDB: Database was not shutdown normally!
2018-10-02 13:35:22 9052 [Note] InnoDB: Starting crash recovery.
2018-10-02 13:35:22 9052 [Note] InnoDB: Reading tablespace information from the .ibd files...
2018-10-02 13:35:23 9052 [Note] InnoDB: Restoring possible half-written data pages 
2018-10-02 13:35:23 9052 [Note] InnoDB: from the doublewrite buffer...
2018-10-02 13:35:24 9052 [Note] InnoDB: 128 rollback segment(s) are active.
2018-10-02 13:35:24 9052 [Note] InnoDB: Waiting for purge to start
2018-10-02 13:35:24 9052 [Note] InnoDB: 5.6.13 started; log sequence number 3147201
2018-10-02 13:35:24 9052 [Note] Server hostname (bind-address): '*'; port: 3307
2018-10-02 13:35:24 9052 [Note] IPv6 is available.
2018-10-02 13:35:24 9052 [Note]   - '::' resolves to '::';
2018-10-02 13:35:24 9052 [Note] Server socket created on IP: '::'.
2018-10-03 11:33:51 1500 [Note] Plugin 'FEDERATED' is disabled.
2018-10-03 11:33:51 1500 [Note] InnoDB: The InnoDB memory heap is disabled
2018-10-03 11:33:51 1500 [Note] InnoDB: Mutexes and rw_locks use Windows interlocked functions
2018-10-03 11:33:51 1500 [Note] InnoDB: Compressed tables use zlib 1.2.3
2018-10-03 11:33:51 1500 [Note] InnoDB: Not using CPU crc32 instructions
2018-10-03 11:33:51 1500 [Note] InnoDB: Initializing buffer pool, size = 128.0M
2018-10-03 11:33:51 1500 [Note] InnoDB: Completed initialization of buffer pool
2018-10-03 11:33:53 1500 [Note] InnoDB: Highest supported file format is Barracuda.
2018-10-03 11:33:53 1500 [Note] InnoDB: The log sequence numbers 1626134 and 1626134 in ibdata files do not match the log sequence number 3152610 in the ib_logfiles!
2018-10-03 11:33:53 1500 [Note] InnoDB: Database was not shutdown normally!
2018-10-03 11:33:53 1500 [Note] InnoDB: Starting crash recovery.
2018-10-03 11:33:53 1500 [Note] InnoDB: Reading tablespace information from the .ibd files...
2018-10-03 11:33:54 1500 [Note] InnoDB: Restoring possible half-written data pages 
2018-10-03 11:33:54 1500 [Note] InnoDB: from the doublewrite buffer...
2018-10-03 11:33:56 1500 [Note] InnoDB: 128 rollback segment(s) are active.
2018-10-03 11:33:56 1500 [Note] InnoDB: Waiting for purge to start
2018-10-03 11:33:57 1500 [Note] InnoDB: 5.6.13 started; log sequence number 3152610
2018-10-03 11:33:57 1500 [Note] Server hostname (bind-address): '*'; port: 3307
2018-10-03 11:33:57 1500 [Note] IPv6 is available.
2018-10-03 11:33:57 1500 [Note]   - '::' resolves to '::';
2018-10-03 11:33:57 1500 [Note] Server socket created on IP: '::'.
2018-10-03 15:05:23 7920 [Note] Plugin 'FEDERATED' is disabled.
2018-10-03 15:05:23 7920 [Note] InnoDB: The InnoDB memory heap is disabled
2018-10-03 15:05:23 7920 [Note] InnoDB: Mutexes and rw_locks use Windows interlocked functions
2018-10-03 15:05:23 7920 [Note] InnoDB: Compressed tables use zlib 1.2.3
2018-10-03 15:05:23 7920 [Note] InnoDB: Not using CPU crc32 instructions
2018-10-03 15:05:23 7920 [Note] InnoDB: Initializing buffer pool, size = 128.0M
2018-10-03 15:05:23 7920 [Note] InnoDB: Completed initialization of buffer pool
2018-10-03 15:05:23 7920 [Note] InnoDB: Highest supported file format is Barracuda.
2018-10-03 15:05:23 7920 [Note] InnoDB: The log sequence numbers 1626134 and 1626134 in ibdata files do not match the log sequence number 3153336 in the ib_logfiles!
2018-10-03 15:05:23 7920 [Note] InnoDB: Database was not shutdown normally!
2018-10-03 15:05:23 7920 [Note] InnoDB: Starting crash recovery.
2018-10-03 15:05:23 7920 [Note] InnoDB: Reading tablespace information from the .ibd files...
2018-10-03 15:05:24 7920 [Note] InnoDB: Restoring possible half-written data pages 
2018-10-03 15:05:24 7920 [Note] InnoDB: from the doublewrite buffer...
2018-10-03 15:05:29 7920 [Note] InnoDB: 128 rollback segment(s) are active.
2018-10-03 15:05:29 7920 [Note] InnoDB: Waiting for purge to start
2018-10-03 15:05:29 7920 [Note] InnoDB: 5.6.13 started; log sequence number 3153336
2018-10-03 15:05:29 7920 [Note] Server hostname (bind-address): '*'; port: 3307
2018-10-03 15:05:29 7920 [Note] IPv6 is available.
2018-10-03 15:05:29 7920 [Note]   - '::' resolves to '::';
2018-10-03 15:05:29 7920 [Note] Server socket created on IP: '::'.
2018-10-04 14:19:13 3112 [Note] Plugin 'FEDERATED' is disabled.
2018-10-04 14:19:13 3112 [Note] InnoDB: The InnoDB memory heap is disabled
2018-10-04 14:19:13 3112 [Note] InnoDB: Mutexes and rw_locks use Windows interlocked functions
2018-10-04 14:19:13 3112 [Note] InnoDB: Compressed tables use zlib 1.2.3
2018-10-04 14:19:13 3112 [Note] InnoDB: Not using CPU crc32 instructions
2018-10-04 14:19:13 3112 [Note] InnoDB: Initializing buffer pool, size = 128.0M
2018-10-04 14:19:13 3112 [Note] InnoDB: Completed initialization of buffer pool
2018-10-04 14:19:13 3112 [Note] InnoDB: Highest supported file format is Barracuda.
2018-10-04 14:19:13 3112 [Note] InnoDB: The log sequence numbers 1626134 and 1626134 in ibdata files do not match the log sequence number 3155606 in the ib_logfiles!
2018-10-04 14:19:13 3112 [Note] InnoDB: Database was not shutdown normally!
2018-10-04 14:19:13 3112 [Note] InnoDB: Starting crash recovery.
2018-10-04 14:19:13 3112 [Note] InnoDB: Reading tablespace information from the .ibd files...
2018-10-04 14:19:14 3112 [Note] InnoDB: Restoring possible half-written data pages 
2018-10-04 14:19:14 3112 [Note] InnoDB: from the doublewrite buffer...
2018-10-04 14:19:17 3112 [Note] InnoDB: 128 rollback segment(s) are active.
2018-10-04 14:19:17 3112 [Note] InnoDB: Waiting for purge to start
2018-10-04 14:19:20 3112 [Note] InnoDB: 5.6.13 started; log sequence number 3155606
2018-10-04 14:19:26 3112 [Note] Server hostname (bind-address): '*'; port: 3307
2018-10-04 14:19:26 3112 [Note] IPv6 is available.
2018-10-04 14:19:26 3112 [Note]   - '::' resolves to '::';
2018-10-04 14:19:26 3112 [Note] Server socket created on IP: '::'.
2018-10-18 13:48:13 7388 [Note] Plugin 'FEDERATED' is disabled.
2018-10-18 13:48:13 7388 [Note] InnoDB: The InnoDB memory heap is disabled
2018-10-18 13:48:13 7388 [Note] InnoDB: Mutexes and rw_locks use Windows interlocked functions
2018-10-18 13:48:13 7388 [Note] InnoDB: Compressed tables use zlib 1.2.3
2018-10-18 13:48:13 7388 [Note] InnoDB: Not using CPU crc32 instructions
2018-10-18 13:48:13 7388 [Note] InnoDB: Initializing buffer pool, size = 128.0M
2018-10-18 13:48:13 7388 [Note] InnoDB: Completed initialization of buffer pool
2018-10-18 13:48:14 7388 [Note] InnoDB: Highest supported file format is Barracuda.
2018-10-18 13:48:14 7388 [Note] InnoDB: The log sequence numbers 1626134 and 1626134 in ibdata files do not match the log sequence number 3182984 in the ib_logfiles!
2018-10-18 13:48:14 7388 [Note] InnoDB: Database was not shutdown normally!
2018-10-18 13:48:14 7388 [Note] InnoDB: Starting crash recovery.
2018-10-18 13:48:14 7388 [Note] InnoDB: Reading tablespace information from the .ibd files...
2018-10-18 13:48:14 7388 [Note] InnoDB: Restoring possible half-written data pages 
2018-10-18 13:48:14 7388 [Note] InnoDB: from the doublewrite buffer...
2018-10-18 13:48:15 7388 [Note] InnoDB: 128 rollback segment(s) are active.
2018-10-18 13:48:15 7388 [Note] InnoDB: Waiting for purge to start
2018-10-18 13:48:15 7388 [Note] InnoDB: 5.6.13 started; log sequence number 3182984
2018-10-18 13:48:15 7388 [Note] Server hostname (bind-address): '*'; port: 3307
2018-10-18 13:48:15 7388 [Note] IPv6 is available.
2018-10-18 13:48:15 7388 [Note]   - '::' resolves to '::';
2018-10-18 13:48:15 7388 [Note] Server socket created on IP: '::'.
2018-10-18 13:48:20 7388 [Note] Event Scheduler: Loaded 0 events
2018-10-18 13:48:20 7388 [Note] F:\Arquivos\USBWebserver v8.6/mysql/bin/mysqld_usbwv8.exe: ready for connections.
Version: '5.6.13'  socket: ''  port: 3307  MySQL Community Server (GPL)
2018-10-25 13:26:08 2332 [Note] Plugin 'FEDERATED' is disabled.
2018-10-25 13:26:08 2332 [Note] InnoDB: The InnoDB memory heap is disabled
2018-10-25 13:26:08 2332 [Note] InnoDB: Mutexes and rw_locks use Windows interlocked functions
2018-10-25 13:26:08 2332 [Note] InnoDB: Compressed tables use zlib 1.2.3
2018-10-25 13:26:08 2332 [Note] InnoDB: Not using CPU crc32 instructions
2018-10-25 13:26:08 2332 [Note] InnoDB: Initializing buffer pool, size = 128.0M
2018-10-25 13:26:08 2332 [Note] InnoDB: Completed initialization of buffer pool
2018-10-25 13:26:08 2332 [Note] InnoDB: Highest supported file format is Barracuda.
2018-10-25 13:26:08 2332 [Note] InnoDB: The log sequence numbers 1626134 and 1626134 in ibdata files do not match the log sequence number 3272484 in the ib_logfiles!
2018-10-25 13:26:08 2332 [Note] InnoDB: Database was not shutdown normally!
2018-10-25 13:26:08 2332 [Note] InnoDB: Starting crash recovery.
2018-10-25 13:26:08 2332 [Note] InnoDB: Reading tablespace information from the .ibd files...
2018-10-25 13:26:09 2332 [Note] InnoDB: Restoring possible half-written data pages 
2018-10-25 13:26:09 2332 [Note] InnoDB: from the doublewrite buffer...
2018-10-25 13:26:12 2332 [Note] InnoDB: 128 rollback segment(s) are active.
2018-10-25 13:26:12 2332 [Note] InnoDB: Waiting for purge to start
2018-10-25 13:26:12 2332 [Note] InnoDB: 5.6.13 started; log sequence number 3272484
2018-10-25 13:26:12 2332 [Note] Server hostname (bind-address): '*'; port: 3307
2018-10-25 13:26:12 2332 [Note] IPv6 is available.
2018-10-25 13:26:12 2332 [Note]   - '::' resolves to '::';
2018-10-25 13:26:12 2332 [Note] Server socket created on IP: '::'.
2018-10-30 10:40:33 7536 [Note] Plugin 'FEDERATED' is disabled.
2018-10-30 10:40:33 7536 [Note] InnoDB: The InnoDB memory heap is disabled
2018-10-30 10:40:33 7536 [Note] InnoDB: Mutexes and rw_locks use Windows interlocked functions
2018-10-30 10:40:33 7536 [Note] InnoDB: Compressed tables use zlib 1.2.3
2018-10-30 10:40:34 7536 [Note] InnoDB: Not using CPU crc32 instructions
2018-10-30 10:40:34 7536 [Note] InnoDB: Initializing buffer pool, size = 128.0M
2018-10-30 10:40:34 7536 [Note] InnoDB: Completed initialization of buffer pool
2018-10-30 10:40:34 7536 [Note] InnoDB: Highest supported file format is Barracuda.
2018-10-30 10:40:34 7536 [Note] InnoDB: The log sequence numbers 1626134 and 1626134 in ibdata files do not match the log sequence number 3469728 in the ib_logfiles!
2018-10-30 10:40:34 7536 [Note] InnoDB: Database was not shutdown normally!
2018-10-30 10:40:34 7536 [Note] InnoDB: Starting crash recovery.
2018-10-30 10:40:34 7536 [Note] InnoDB: Reading tablespace information from the .ibd files...
2018-10-30 10:40:35 7536 [Note] InnoDB: Restoring possible half-written data pages 
2018-10-30 10:40:35 7536 [Note] InnoDB: from the doublewrite buffer...
2018-10-30 10:40:35 7536 [Note] InnoDB: 128 rollback segment(s) are active.
2018-10-30 10:40:35 7536 [Note] InnoDB: Waiting for purge to start
2018-10-30 10:40:35 7536 [Note] InnoDB: 5.6.13 started; log sequence number 3469728
2018-10-30 10:40:35 7536 [Note] Server hostname (bind-address): '*'; port: 3307
2018-10-30 10:40:35 7536 [Note] IPv6 is available.
2018-10-30 10:40:35 7536 [Note]   - '::' resolves to '::';
2018-10-30 10:40:35 7536 [Note] Server socket created on IP: '::'.
2018-10-31 14:16:53 4856 [Note] Plugin 'FEDERATED' is disabled.
2018-10-31 14:16:53 4856 [Note] InnoDB: The InnoDB memory heap is disabled
2018-10-31 14:16:53 4856 [Note] InnoDB: Mutexes and rw_locks use Windows interlocked functions
2018-10-31 14:16:53 4856 [Note] InnoDB: Compressed tables use zlib 1.2.3
2018-10-31 14:16:53 4856 [Note] InnoDB: Not using CPU crc32 instructions
2018-10-31 14:16:53 4856 [Note] InnoDB: Initializing buffer pool, size = 128.0M
2018-10-31 14:16:53 4856 [Note] InnoDB: Completed initialization of buffer pool
2018-10-31 14:16:53 4856 [Note] InnoDB: Highest supported file format is Barracuda.
2018-10-31 14:16:53 4856 [Note] InnoDB: The log sequence numbers 1626134 and 1626134 in ibdata files do not match the log sequence number 3493165 in the ib_logfiles!
2018-10-31 14:16:53 4856 [Note] InnoDB: Database was not shutdown normally!
2018-10-31 14:16:53 4856 [Note] InnoDB: Starting crash recovery.
2018-10-31 14:16:53 4856 [Note] InnoDB: Reading tablespace information from the .ibd files...
2018-10-31 14:16:54 4856 [Note] InnoDB: Restoring possible half-written data pages 
2018-10-31 14:16:54 4856 [Note] InnoDB: from the doublewrite buffer...
2018-10-31 14:16:58 4856 [Note] InnoDB: 128 rollback segment(s) are active.
2018-10-31 14:16:58 4856 [Note] InnoDB: Waiting for purge to start
2018-10-31 14:16:58 4856 [Note] InnoDB: 5.6.13 started; log sequence number 3493165
2018-10-31 14:16:59 4856 [Note] Server hostname (bind-address): '*'; port: 3307
2018-10-31 14:16:59 4856 [Note] IPv6 is available.
2018-10-31 14:16:59 4856 [Note]   - '::' resolves to '::';
2018-10-31 14:16:59 4856 [Note] Server socket created on IP: '::'.
2018-11-07 14:00:17 4108 [Note] Plugin 'FEDERATED' is disabled.
2018-11-07 14:00:17 4108 [Note] InnoDB: The InnoDB memory heap is disabled
2018-11-07 14:00:17 4108 [Note] InnoDB: Mutexes and rw_locks use Windows interlocked functions
2018-11-07 14:00:17 4108 [Note] InnoDB: Compressed tables use zlib 1.2.3
2018-11-07 14:00:17 4108 [Note] InnoDB: Not using CPU crc32 instructions
2018-11-07 14:00:17 4108 [Note] InnoDB: Initializing buffer pool, size = 128.0M
2018-11-07 14:00:17 4108 [Note] InnoDB: Completed initialization of buffer pool
2018-11-07 14:00:17 4108 [Note] InnoDB: Highest supported file format is Barracuda.
2018-11-07 14:00:17 4108 [Note] InnoDB: The log sequence numbers 1626134 and 1626134 in ibdata files do not match the log sequence number 3560675 in the ib_logfiles!
2018-11-07 14:00:17 4108 [Note] InnoDB: Database was not shutdown normally!
2018-11-07 14:00:17 4108 [Note] InnoDB: Starting crash recovery.
2018-11-07 14:00:17 4108 [Note] InnoDB: Reading tablespace information from the .ibd files...
2018-11-07 14:00:18 4108 [Note] InnoDB: Restoring possible half-written data pages 
2018-11-07 14:00:18 4108 [Note] InnoDB: from the doublewrite buffer...
2018-11-07 14:00:20 4108 [Note] InnoDB: 128 rollback segment(s) are active.
2018-11-07 14:00:20 4108 [Note] InnoDB: Waiting for purge to start
2018-11-07 14:00:21 4108 [Note] InnoDB: 5.6.13 started; log sequence number 3560675
2018-11-07 14:00:21 4108 [Note] Server hostname (bind-address): '*'; port: 3307
2018-11-07 14:00:21 4108 [Note] IPv6 is available.
2018-11-07 14:00:21 4108 [Note]   - '::' resolves to '::';
2018-11-07 14:00:21 4108 [Note] Server socket created on IP: '::'.
2018-11-07 14:01:32 6172 [Note] Plugin 'FEDERATED' is disabled.
2018-11-07 14:01:32 6172 [Note] InnoDB: The InnoDB memory heap is disabled
2018-11-07 14:01:32 6172 [Note] InnoDB: Mutexes and rw_locks use Windows interlocked functions
2018-11-07 14:01:32 6172 [Note] InnoDB: Compressed tables use zlib 1.2.3
2018-11-07 14:01:32 6172 [Note] InnoDB: Not using CPU crc32 instructions
2018-11-07 14:01:32 6172 [Note] InnoDB: Initializing buffer pool, size = 128.0M
2018-11-07 14:01:32 6172 [Note] InnoDB: Completed initialization of buffer pool
2018-11-07 14:01:33 6172 [Note] InnoDB: Highest supported file format is Barracuda.
2018-11-07 14:01:33 6172 [Note] InnoDB: Log scan progressed past the checkpoint lsn 3560675
2018-11-07 14:01:33 6172 [Note] InnoDB: Database was not shutdown normally!
2018-11-07 14:01:33 6172 [Note] InnoDB: Starting crash recovery.
2018-11-07 14:01:33 6172 [Note] InnoDB: Reading tablespace information from the .ibd files...
2018-11-07 14:01:33 6172 [Note] InnoDB: Restoring possible half-written data pages 
2018-11-07 14:01:33 6172 [Note] InnoDB: from the doublewrite buffer...
InnoDB: Doing recovery: scanned up to log sequence number 3560685
2018-11-07 14:01:34 6172 [Note] InnoDB: 128 rollback segment(s) are active.
2018-11-07 14:01:34 6172 [Note] InnoDB: Waiting for purge to start
2018-11-07 14:01:35 6172 [Note] InnoDB: 5.6.13 started; log sequence number 3560685
2018-11-07 14:01:35 6172 [Note] Server hostname (bind-address): '*'; port: 3307
2018-11-07 14:01:35 6172 [Note] IPv6 is available.
2018-11-07 14:01:35 6172 [Note]   - '::' resolves to '::';
2018-11-07 14:01:35 6172 [Note] Server socket created on IP: '::'.
2018-11-08 14:10:53 228 [Note] Plugin 'FEDERATED' is disabled.
2018-11-08 14:10:53 228 [Note] InnoDB: The InnoDB memory heap is disabled
2018-11-08 14:10:53 228 [Note] InnoDB: Mutexes and rw_locks use Windows interlocked functions
2018-11-08 14:10:53 228 [Note] InnoDB: Compressed tables use zlib 1.2.3
2018-11-08 14:10:53 228 [Note] InnoDB: Not using CPU crc32 instructions
2018-11-08 14:10:53 228 [Note] InnoDB: Initializing buffer pool, size = 128.0M
2018-11-08 14:10:53 228 [Note] InnoDB: Completed initialization of buffer pool
2018-11-08 14:10:53 228 [Note] InnoDB: Highest supported file format is Barracuda.
2018-11-08 14:10:53 228 [Note] InnoDB: The log sequence numbers 1626134 and 1626134 in ibdata files do not match the log sequence number 3725109 in the ib_logfiles!
2018-11-08 14:10:53 228 [Note] InnoDB: Database was not shutdown normally!
2018-11-08 14:10:53 228 [Note] InnoDB: Starting crash recovery.
2018-11-08 14:10:53 228 [Note] InnoDB: Reading tablespace information from the .ibd files...
2018-11-08 14:10:54 228 [Note] InnoDB: Restoring possible half-written data pages 
2018-11-08 14:10:55 228 [Note] InnoDB: from the doublewrite buffer...
2018-11-08 14:10:56 228 [Note] InnoDB: 128 rollback segment(s) are active.
2018-11-08 14:10:56 228 [Note] InnoDB: Waiting for purge to start
2018-11-08 14:10:56 228 [Note] InnoDB: 5.6.13 started; log sequence number 3725109
2018-11-08 14:10:56 228 [Note] Server hostname (bind-address): '*'; port: 3307
2018-11-08 14:10:56 228 [Note] IPv6 is available.
2018-11-08 14:10:56 228 [Note]   - '::' resolves to '::';
2018-11-08 14:10:56 228 [Note] Server socket created on IP: '::'.
2018-11-23 11:07:52 10460 [Note] Plugin 'FEDERATED' is disabled.
2018-11-23 11:07:52 10460 [Note] InnoDB: The InnoDB memory heap is disabled
2018-11-23 11:07:52 10460 [Note] InnoDB: Mutexes and rw_locks use Windows interlocked functions
2018-11-23 11:07:52 10460 [Note] InnoDB: Compressed tables use zlib 1.2.3
2018-11-23 11:07:52 10460 [Note] InnoDB: Not using CPU crc32 instructions
2018-11-23 11:07:52 10460 [Note] InnoDB: Initializing buffer pool, size = 128.0M
2018-11-23 11:07:52 10460 [Note] InnoDB: Completed initialization of buffer pool
2018-11-23 11:07:54 10460 [Note] InnoDB: Highest supported file format is Barracuda.
2018-11-23 11:07:54 10460 [Note] InnoDB: The log sequence numbers 1626134 and 1626134 in ibdata files do not match the log sequence number 3727730 in the ib_logfiles!
2018-11-23 11:07:54 10460 [Note] InnoDB: Database was not shutdown normally!
2018-11-23 11:07:54 10460 [Note] InnoDB: Starting crash recovery.
2018-11-23 11:07:54 10460 [Note] InnoDB: Reading tablespace information from the .ibd files...
2018-11-23 11:07:57 10460 [Note] InnoDB: Restoring possible half-written data pages 
2018-11-23 11:07:57 10460 [Note] InnoDB: from the doublewrite buffer...
2018-11-23 11:08:00 10460 [Note] InnoDB: 128 rollback segment(s) are active.
2018-11-23 11:08:00 10460 [Note] InnoDB: Waiting for purge to start
2018-11-23 11:08:01 10460 [Note] InnoDB: 5.6.13 started; log sequence number 3727730
2018-11-23 11:08:01 10460 [Note] Server hostname (bind-address): '*'; port: 3307
2018-11-23 11:08:01 10460 [Note] IPv6 is available.
2018-11-23 11:08:01 10460 [Note]   - '::' resolves to '::';
2018-11-23 11:08:01 10460 [Note] Server socket created on IP: '::'.
2018-12-07 19:14:46 5180 [Note] Plugin 'FEDERATED' is disabled.
2018-12-07 19:14:46 5180 [Note] InnoDB: The InnoDB memory heap is disabled
2018-12-07 19:14:46 5180 [Note] InnoDB: Mutexes and rw_locks use Windows interlocked functions
2018-12-07 19:14:46 5180 [Note] InnoDB: Compressed tables use zlib 1.2.3
2018-12-07 19:14:46 5180 [Note] InnoDB: Not using CPU crc32 instructions
2018-12-07 19:14:46 5180 [Note] InnoDB: Initializing buffer pool, size = 128.0M
2018-12-07 19:14:46 5180 [Note] InnoDB: Completed initialization of buffer pool
2018-12-07 19:14:46 5180 [Note] InnoDB: Highest supported file format is Barracuda.
2018-12-07 19:14:46 5180 [Note] InnoDB: The log sequence numbers 1626134 and 1626134 in ibdata files do not match the log sequence number 3834166 in the ib_logfiles!
2018-12-07 19:14:46 5180 [Note] InnoDB: Database was not shutdown normally!
2018-12-07 19:14:46 5180 [Note] InnoDB: Starting crash recovery.
2018-12-07 19:14:46 5180 [Note] InnoDB: Reading tablespace information from the .ibd files...
2018-12-07 19:14:46 5180 [Note] InnoDB: Restoring possible half-written data pages 
2018-12-07 19:14:46 5180 [Note] InnoDB: from the doublewrite buffer...
2018-12-07 19:14:50 5180 [Note] InnoDB: 128 rollback segment(s) are active.
2018-12-07 19:14:50 5180 [Note] InnoDB: Waiting for purge to start
2018-12-07 19:14:50 5180 [Note] InnoDB: 5.6.13 started; log sequence number 3834166
2018-12-07 19:14:50 5180 [Note] Server hostname (bind-address): '*'; port: 3307
2018-12-07 19:14:50 5180 [Note] IPv6 is available.
2018-12-07 19:14:50 5180 [Note]   - '::' resolves to '::';
2018-12-07 19:14:50 5180 [Note] Server socket created on IP: '::'.
2019-03-15 12:17:41 8936 [Note] Plugin 'FEDERATED' is disabled.
2019-03-15 12:17:42 8936 [Note] InnoDB: The InnoDB memory heap is disabled
2019-03-15 12:17:42 8936 [Note] InnoDB: Mutexes and rw_locks use Windows interlocked functions
2019-03-15 12:17:42 8936 [Note] InnoDB: Compressed tables use zlib 1.2.3
2019-03-15 12:17:42 8936 [Note] InnoDB: Not using CPU crc32 instructions
2019-03-15 12:17:42 8936 [Note] InnoDB: Initializing buffer pool, size = 128.0M
2019-03-15 12:17:42 8936 [Note] InnoDB: Completed initialization of buffer pool
2019-03-15 12:17:42 8936 [Note] InnoDB: Highest supported file format is Barracuda.
2019-03-15 12:17:42 8936 [Note] InnoDB: The log sequence numbers 1626134 and 1626134 in ibdata files do not match the log sequence number 4082099 in the ib_logfiles!
2019-03-15 12:17:42 8936 [Note] InnoDB: Database was not shutdown normally!
2019-03-15 12:17:42 8936 [Note] InnoDB: Starting crash recovery.
2019-03-15 12:17:42 8936 [Note] InnoDB: Reading tablespace information from the .ibd files...
2019-03-15 12:17:43 8936 [Note] InnoDB: Restoring possible half-written data pages 
2019-03-15 12:17:43 8936 [Note] InnoDB: from the doublewrite buffer...
2019-03-15 12:17:45 8936 [Note] InnoDB: 128 rollback segment(s) are active.
2019-03-15 12:17:45 8936 [Note] InnoDB: Waiting for purge to start
2019-03-15 12:17:45 8936 [Note] InnoDB: 5.6.13 started; log sequence number 4082099
2019-03-15 12:17:45 8936 [Note] Server hostname (bind-address): '*'; port: 3307
2019-03-15 12:17:45 8936 [Note] IPv6 is available.
2019-03-15 12:17:45 8936 [Note]   - '::' resolves to '::';
2019-03-15 12:17:45 8936 [Note] Server socket created on IP: '::'.
2019-03-26 22:16:59 240 [Note] Plugin 'FEDERATED' is disabled.
2019-03-26 22:16:59 240 [Note] InnoDB: The InnoDB memory heap is disabled
2019-03-26 22:16:59 240 [Note] InnoDB: Mutexes and rw_locks use Windows interlocked functions
2019-03-26 22:16:59 240 [Note] InnoDB: Compressed tables use zlib 1.2.3
2019-03-26 22:16:59 240 [Note] InnoDB: Not using CPU crc32 instructions
2019-03-26 22:16:59 240 [Note] InnoDB: Initializing buffer pool, size = 128.0M
2019-03-26 22:16:59 240 [Note] InnoDB: Completed initialization of buffer pool
2019-03-26 22:16:59 240 [Note] InnoDB: Highest supported file format is Barracuda.
2019-03-26 22:16:59 240 [Note] InnoDB: The log sequence numbers 1626134 and 1626134 in ibdata files do not match the log sequence number 4084336 in the ib_logfiles!
2019-03-26 22:16:59 240 [Note] InnoDB: Database was not shutdown normally!
2019-03-26 22:16:59 240 [Note] InnoDB: Starting crash recovery.
2019-03-26 22:16:59 240 [Note] InnoDB: Reading tablespace information from the .ibd files...
2019-03-26 22:17:01 240 [Note] InnoDB: Restoring possible half-written data pages 
2019-03-26 22:17:01 240 [Note] InnoDB: from the doublewrite buffer...
2019-03-26 22:17:02 240 [Note] InnoDB: 128 rollback segment(s) are active.
2019-03-26 22:17:02 240 [Note] InnoDB: Waiting for purge to start
2019-03-26 22:17:02 240 [Note] InnoDB: 5.6.13 started; log sequence number 4084336
2019-03-26 22:17:02 240 [Note] Server hostname (bind-address): '*'; port: 3307
2019-03-26 22:17:02 240 [Note] IPv6 is available.
2019-03-26 22:17:02 240 [Note]   - '::' resolves to '::';
2019-03-26 22:17:02 240 [Note] Server socket created on IP: '::'.
2019-03-27 13:09:44 8700 [Note] Plugin 'FEDERATED' is disabled.
2019-03-27 13:09:44 8700 [Note] InnoDB: The InnoDB memory heap is disabled
2019-03-27 13:09:44 8700 [Note] InnoDB: Mutexes and rw_locks use Windows interlocked functions
2019-03-27 13:09:44 8700 [Note] InnoDB: Compressed tables use zlib 1.2.3
2019-03-27 13:09:44 8700 [Note] InnoDB: Not using CPU crc32 instructions
2019-03-27 13:09:44 8700 [Note] InnoDB: Initializing buffer pool, size = 128.0M
2019-03-27 13:09:44 8700 [Note] InnoDB: Completed initialization of buffer pool
2019-03-27 13:09:44 8700 [Note] InnoDB: Highest supported file format is Barracuda.
2019-03-27 13:09:44 8700 [Note] InnoDB: The log sequence numbers 1626134 and 1626134 in ibdata files do not match the log sequence number 4085230 in the ib_logfiles!
2019-03-27 13:09:44 8700 [Note] InnoDB: Database was not shutdown normally!
2019-03-27 13:09:44 8700 [Note] InnoDB: Starting crash recovery.
2019-03-27 13:09:44 8700 [Note] InnoDB: Reading tablespace information from the .ibd files...
2019-03-27 13:09:46 8700 [Note] InnoDB: Restoring possible half-written data pages 
2019-03-27 13:09:46 8700 [Note] InnoDB: from the doublewrite buffer...
2019-03-27 13:09:47 8700 [Note] InnoDB: 128 rollback segment(s) are active.
2019-03-27 13:09:47 8700 [Note] InnoDB: Waiting for purge to start
2019-03-27 13:09:48 8700 [Note] InnoDB: 5.6.13 started; log sequence number 4085230
2019-03-27 13:09:48 8700 [Note] Server hostname (bind-address): '*'; port: 3307
2019-03-27 13:09:48 8700 [Note] IPv6 is available.
2019-03-27 13:09:48 8700 [Note]   - '::' resolves to '::';
2019-03-27 13:09:48 8700 [Note] Server socket created on IP: '::'.
2019-04-12 11:13:04 7120 [Note] Plugin 'FEDERATED' is disabled.
2019-04-12 11:13:04 7120 [Note] InnoDB: The InnoDB memory heap is disabled
2019-04-12 11:13:04 7120 [Note] InnoDB: Mutexes and rw_locks use Windows interlocked functions
2019-04-12 11:13:04 7120 [Note] InnoDB: Compressed tables use zlib 1.2.3
2019-04-12 11:13:04 7120 [Note] InnoDB: Not using CPU crc32 instructions
2019-04-12 11:13:04 7120 [Note] InnoDB: Initializing buffer pool, size = 128.0M
2019-04-12 11:13:04 7120 [Note] InnoDB: Completed initialization of buffer pool
2019-04-12 11:13:04 7120 [Note] InnoDB: Highest supported file format is Barracuda.
2019-04-12 11:13:04 7120 [Note] InnoDB: The log sequence numbers 1626134 and 1626134 in ibdata files do not match the log sequence number 4107993 in the ib_logfiles!
2019-04-12 11:13:04 7120 [Note] InnoDB: Database was not shutdown normally!
2019-04-12 11:13:04 7120 [Note] InnoDB: Starting crash recovery.
2019-04-12 11:13:04 7120 [Note] InnoDB: Reading tablespace information from the .ibd files...
2019-04-12 11:13:05 7120 [Note] InnoDB: Restoring possible half-written data pages 
2019-04-12 11:13:05 7120 [Note] InnoDB: from the doublewrite buffer...
2019-04-12 11:13:07 7120 [Note] InnoDB: 128 rollback segment(s) are active.
2019-04-12 11:13:07 7120 [Note] InnoDB: Waiting for purge to start
2019-04-12 11:13:07 7120 [Note] InnoDB: 5.6.13 started; log sequence number 4107993
2019-04-12 11:13:07 7120 [Note] Server hostname (bind-address): '*'; port: 3307
2019-04-12 11:13:07 7120 [Note] IPv6 is available.
2019-04-12 11:13:07 7120 [Note]   - '::' resolves to '::';
2019-04-12 11:13:07 7120 [Note] Server socket created on IP: '::'.
2019-04-12 11:20:57 11880 [Note] Plugin 'FEDERATED' is disabled.
2019-04-12 11:20:57 11880 [Note] InnoDB: The InnoDB memory heap is disabled
2019-04-12 11:20:57 11880 [Note] InnoDB: Mutexes and rw_locks use Windows interlocked functions
2019-04-12 11:20:57 11880 [Note] InnoDB: Compressed tables use zlib 1.2.3
2019-04-12 11:20:57 11880 [Note] InnoDB: Not using CPU crc32 instructions
2019-04-12 11:20:57 11880 [Note] InnoDB: Initializing buffer pool, size = 128.0M
2019-04-12 11:20:57 11880 [Note] InnoDB: Completed initialization of buffer pool
2019-04-12 11:20:57 11880 [Note] InnoDB: Highest supported file format is Barracuda.
2019-04-12 11:20:57 11880 [Note] InnoDB: The log sequence numbers 1626134 and 1626134 in ibdata files do not match the log sequence number 4108003 in the ib_logfiles!
2019-04-12 11:20:57 11880 [Note] InnoDB: Database was not shutdown normally!
2019-04-12 11:20:57 11880 [Note] InnoDB: Starting crash recovery.
2019-04-12 11:20:57 11880 [Note] InnoDB: Reading tablespace information from the .ibd files...
2019-04-12 11:20:57 11880 [Note] InnoDB: Restoring possible half-written data pages 
2019-04-12 11:20:57 11880 [Note] InnoDB: from the doublewrite buffer...
2019-04-12 11:21:00 11880 [Note] InnoDB: 128 rollback segment(s) are active.
2019-04-12 11:21:00 11880 [Note] InnoDB: Waiting for purge to start
2019-04-12 11:21:00 11880 [Note] InnoDB: 5.6.13 started; log sequence number 4108003
2019-04-12 11:21:00 11880 [Note] Server hostname (bind-address): '*'; port: 3307
2019-04-12 11:21:00 11880 [Note] IPv6 is available.
2019-04-12 11:21:00 11880 [Note]   - '::' resolves to '::';
2019-04-12 11:21:00 11880 [Note] Server socket created on IP: '::'.
2019-04-12 12:02:53 5708 [Note] Plugin 'FEDERATED' is disabled.
2019-04-12 12:02:53 5708 [Note] InnoDB: The InnoDB memory heap is disabled
2019-04-12 12:02:53 5708 [Note] InnoDB: Mutexes and rw_locks use Windows interlocked functions
2019-04-12 12:02:53 5708 [Note] InnoDB: Compressed tables use zlib 1.2.3
2019-04-12 12:02:53 5708 [Note] InnoDB: Not using CPU crc32 instructions
2019-04-12 12:02:53 5708 [Note] InnoDB: Initializing buffer pool, size = 128.0M
2019-04-12 12:02:53 5708 [Note] InnoDB: Completed initialization of buffer pool
2019-04-12 12:02:53 5708 [Note] InnoDB: Highest supported file format is Barracuda.
2019-04-12 12:02:53 5708 [Note] InnoDB: The log sequence numbers 1626134 and 1626134 in ibdata files do not match the log sequence number 4108023 in the ib_logfiles!
2019-04-12 12:02:53 5708 [Note] InnoDB: Database was not shutdown normally!
2019-04-12 12:02:53 5708 [Note] InnoDB: Starting crash recovery.
2019-04-12 12:02:53 5708 [Note] InnoDB: Reading tablespace information from the .ibd files...
2019-04-12 12:02:54 5708 [Note] InnoDB: Restoring possible half-written data pages 
2019-04-12 12:02:54 5708 [Note] InnoDB: from the doublewrite buffer...
2019-04-12 12:02:56 5708 [Note] InnoDB: 128 rollback segment(s) are active.
2019-04-12 12:02:56 5708 [Note] InnoDB: Waiting for purge to start
2019-04-12 12:02:57 5708 [Note] InnoDB: 5.6.13 started; log sequence number 4108023
2019-04-12 12:02:57 5708 [Note] Server hostname (bind-address): '*'; port: 3307
2019-04-12 12:02:57 5708 [Note] IPv6 is available.
2019-04-12 12:02:57 5708 [Note]   - '::' resolves to '::';
2019-04-12 12:02:57 5708 [Note] Server socket created on IP: '::'.
