2019-06-06 21:46:12 5400 [Note] Plugin 'FEDERATED' is disabled.
2019-06-06 21:46:12 5400 [Note] InnoDB: The InnoDB memory heap is disabled
2019-06-06 21:46:12 5400 [Note] InnoDB: Mutexes and rw_locks use Windows interlocked functions
2019-06-06 21:46:12 5400 [Note] InnoDB: Compressed tables use zlib 1.2.3
2019-06-06 21:46:12 5400 [Note] InnoDB: Not using CPU crc32 instructions
2019-06-06 21:46:12 5400 [Note] InnoDB: Initializing buffer pool, size = 128.0M
2019-06-06 21:46:12 5400 [Note] InnoDB: Completed initialization of buffer pool
2019-06-06 21:46:12 5400 [Note] InnoDB: Highest supported file format is Barracuda.
2019-06-06 21:46:12 5400 [Note] InnoDB: The log sequence numbers 1626134 and 1626134 in ibdata files do not match the log sequence number 4176868 in the ib_logfiles!
2019-06-06 21:46:12 5400 [Note] InnoDB: Database was not shutdown normally!
2019-06-06 21:46:12 5400 [Note] InnoDB: Starting crash recovery.
2019-06-06 21:46:12 5400 [Note] InnoDB: Reading tablespace information from the .ibd files...
2019-06-06 21:46:12 5400 [Note] InnoDB: Restoring possible half-written data pages 
2019-06-06 21:46:12 5400 [Note] InnoDB: from the doublewrite buffer...
2019-06-06 21:46:14 5400 [Note] InnoDB: 128 rollback segment(s) are active.
2019-06-06 21:46:14 5400 [Note] InnoDB: Waiting for purge to start
2019-06-06 21:46:14 5400 [Note] InnoDB: 5.6.13 started; log sequence number 4176868
2019-06-06 21:46:15 5400 [Note] Server hostname (bind-address): '*'; port: 3307
2019-06-06 21:46:15 5400 [Note] IPv6 is available.
2019-06-06 21:46:15 5400 [Note]   - '::' resolves to '::';
2019-06-06 21:46:15 5400 [Note] Server socket created on IP: '::'.
2019-06-06 21:46:20 5400 [Note] Event Scheduler: Loaded 0 events
2019-06-06 21:46:20 5400 [Note] H:\Arquivos\USBWebserver v8.6/mysql/bin/mysqld_usbwv8.exe: ready for connections.
Version: '5.6.13'  socket: ''  port: 3307  MySQL Community Server (GPL)
2019-08-16 09:18:13 6064 [Note] Plugin 'FEDERATED' is disabled.
2019-08-16 09:18:13 6064 [Note] InnoDB: The InnoDB memory heap is disabled
2019-08-16 09:18:13 6064 [Note] InnoDB: Mutexes and rw_locks use Windows interlocked functions
2019-08-16 09:18:13 6064 [Note] InnoDB: Compressed tables use zlib 1.2.3
2019-08-16 09:18:14 6064 [Note] InnoDB: Not using CPU crc32 instructions
2019-08-16 09:18:14 6064 [Note] InnoDB: Initializing buffer pool, size = 128.0M
2019-08-16 09:18:14 6064 [Note] InnoDB: Completed initialization of buffer pool
2019-08-16 09:18:14 6064 [Note] InnoDB: Highest supported file format is Barracuda.
2019-08-16 09:18:14 6064 [Note] InnoDB: The log sequence numbers 1626134 and 1626134 in ibdata files do not match the log sequence number 4180470 in the ib_logfiles!
2019-08-16 09:18:14 6064 [Note] InnoDB: Database was not shutdown normally!
2019-08-16 09:18:14 6064 [Note] InnoDB: Starting crash recovery.
2019-08-16 09:18:14 6064 [Note] InnoDB: Reading tablespace information from the .ibd files...
2019-08-16 09:18:16 6064 [Note] InnoDB: Restoring possible half-written data pages 
2019-08-16 09:18:16 6064 [Note] InnoDB: from the doublewrite buffer...
2019-08-16 09:18:18 6064 [Note] InnoDB: 128 rollback segment(s) are active.
2019-08-16 09:18:18 6064 [Note] InnoDB: Waiting for purge to start
2019-08-16 09:18:18 6064 [Note] InnoDB: 5.6.13 started; log sequence number 4180470
2019-08-16 09:18:18 6064 [Note] Server hostname (bind-address): '*'; port: 3307
2019-08-16 09:18:18 6064 [Note] IPv6 is available.
2019-08-16 09:18:18 6064 [Note]   - '::' resolves to '::';
2019-08-16 09:18:18 6064 [Note] Server socket created on IP: '::'.
2019-08-16 09:18:22 6064 [Note] Event Scheduler: Loaded 0 events
2019-08-16 09:18:22 6064 [Note] H:\Arquivos\USBWebserver v8.6/mysql/bin/mysqld_usbwv8.exe: ready for connections.
Version: '5.6.13'  socket: ''  port: 3307  MySQL Community Server (GPL)
2019-08-16 15:02:10 5808 [Note] Plugin 'FEDERATED' is disabled.
2019-08-16 15:02:10 5808 [Note] InnoDB: The InnoDB memory heap is disabled
2019-08-16 15:02:10 5808 [Note] InnoDB: Mutexes and rw_locks use Windows interlocked functions
2019-08-16 15:02:10 5808 [Note] InnoDB: Compressed tables use zlib 1.2.3
2019-08-16 15:02:10 5808 [Note] InnoDB: Not using CPU crc32 instructions
2019-08-16 15:02:10 5808 [Note] InnoDB: Initializing buffer pool, size = 128.0M
2019-08-16 15:02:10 5808 [Note] InnoDB: Completed initialization of buffer pool
2019-08-16 15:02:10 5808 [Note] InnoDB: Highest supported file format is Barracuda.
2019-08-16 15:02:10 5808 [Note] InnoDB: The log sequence numbers 1626134 and 1626134 in ibdata files do not match the log sequence number 4180496 in the ib_logfiles!
2019-08-16 15:02:10 5808 [Note] InnoDB: Database was not shutdown normally!
2019-08-16 15:02:10 5808 [Note] InnoDB: Starting crash recovery.
2019-08-16 15:02:10 5808 [Note] InnoDB: Reading tablespace information from the .ibd files...
2019-08-16 15:02:11 5808 [Note] InnoDB: Restoring possible half-written data pages 
2019-08-16 15:02:11 5808 [Note] InnoDB: from the doublewrite buffer...
2019-08-16 15:02:15 5808 [Note] InnoDB: 128 rollback segment(s) are active.
2019-08-16 15:02:15 5808 [Note] InnoDB: Waiting for purge to start
2019-08-16 15:02:15 5808 [Note] InnoDB: 5.6.13 started; log sequence number 4180496
2019-08-16 15:02:15 5808 [Note] Server hostname (bind-address): '*'; port: 3307
2019-08-16 15:02:15 5808 [Note] IPv6 is available.
2019-08-16 15:02:15 5808 [Note]   - '::' resolves to '::';
2019-08-16 15:02:15 5808 [Note] Server socket created on IP: '::'.
2019-08-16 15:02:18 5808 [Note] Event Scheduler: Loaded 0 events
2019-08-16 15:02:18 5808 [Note] F:\Arquivos\USBWebserver v8.6/mysql/bin/mysqld_usbwv8.exe: ready for connections.
Version: '5.6.13'  socket: ''  port: 3307  MySQL Community Server (GPL)
2019-08-21 09:08:19 5552 [Note] Plugin 'FEDERATED' is disabled.
2019-08-21 09:08:19 5552 [Note] InnoDB: The InnoDB memory heap is disabled
2019-08-21 09:08:19 5552 [Note] InnoDB: Mutexes and rw_locks use Windows interlocked functions
2019-08-21 09:08:19 5552 [Note] InnoDB: Compressed tables use zlib 1.2.3
2019-08-21 09:08:19 5552 [Note] InnoDB: Not using CPU crc32 instructions
2019-08-21 09:08:19 5552 [Note] InnoDB: Initializing buffer pool, size = 128.0M
2019-08-21 09:08:19 5552 [Note] InnoDB: Completed initialization of buffer pool
2019-08-21 09:08:20 5552 [Note] InnoDB: Highest supported file format is Barracuda.
2019-08-21 09:08:20 5552 [Note] InnoDB: The log sequence numbers 1626134 and 1626134 in ibdata files do not match the log sequence number 4180516 in the ib_logfiles!
2019-08-21 09:08:20 5552 [Note] InnoDB: Database was not shutdown normally!
2019-08-21 09:08:20 5552 [Note] InnoDB: Starting crash recovery.
2019-08-21 09:08:20 5552 [Note] InnoDB: Reading tablespace information from the .ibd files...
2019-08-21 09:08:20 5552 [Note] InnoDB: Restoring possible half-written data pages 
2019-08-21 09:08:20 5552 [Note] InnoDB: from the doublewrite buffer...
2019-08-21 09:08:23 5552 [Note] InnoDB: 128 rollback segment(s) are active.
2019-08-21 09:08:23 5552 [Note] InnoDB: Waiting for purge to start
2019-08-21 09:08:23 5552 [Note] InnoDB: 5.6.13 started; log sequence number 4180516
2019-08-21 09:08:23 5552 [Note] Server hostname (bind-address): '*'; port: 3307
2019-08-21 09:08:23 5552 [Note] IPv6 is available.
2019-08-21 09:08:23 5552 [Note]   - '::' resolves to '::';
2019-08-21 09:08:23 5552 [Note] Server socket created on IP: '::'.
2019-08-21 09:08:27 5552 [Note] Event Scheduler: Loaded 0 events
2019-08-21 09:08:27 5552 [Note] H:\Arquivos\USBWebserver v8.6/mysql/bin/mysqld_usbwv8.exe: ready for connections.
Version: '5.6.13'  socket: ''  port: 3307  MySQL Community Server (GPL)
2019-08-21 09:15:38 6132 [Note] Plugin 'FEDERATED' is disabled.
2019-08-21 09:15:38 6132 [Note] InnoDB: The InnoDB memory heap is disabled
2019-08-21 09:15:38 6132 [Note] InnoDB: Mutexes and rw_locks use Windows interlocked functions
2019-08-21 09:15:38 6132 [Note] InnoDB: Compressed tables use zlib 1.2.3
2019-08-21 09:15:38 6132 [Note] InnoDB: Not using CPU crc32 instructions
2019-08-21 09:15:38 6132 [Note] InnoDB: Initializing buffer pool, size = 128.0M
2019-08-21 09:15:38 6132 [Note] InnoDB: Completed initialization of buffer pool
2019-08-21 09:15:38 6132 [Note] InnoDB: Highest supported file format is Barracuda.
2019-08-21 09:15:38 6132 [Note] InnoDB: The log sequence numbers 1626134 and 1626134 in ibdata files do not match the log sequence number 4180526 in the ib_logfiles!
2019-08-21 09:15:38 6132 [Note] InnoDB: Database was not shutdown normally!
2019-08-21 09:15:38 6132 [Note] InnoDB: Starting crash recovery.
2019-08-21 09:15:38 6132 [Note] InnoDB: Reading tablespace information from the .ibd files...
2019-08-21 09:15:39 6132 [Note] InnoDB: Restoring possible half-written data pages 
2019-08-21 09:15:39 6132 [Note] InnoDB: from the doublewrite buffer...
2019-08-21 09:15:42 6132 [Note] InnoDB: 128 rollback segment(s) are active.
2019-08-21 09:15:42 6132 [Note] InnoDB: Waiting for purge to start
2019-08-21 09:15:43 6132 [Note] InnoDB: 5.6.13 started; log sequence number 4180526
2019-08-21 09:15:43 6132 [Note] Server hostname (bind-address): '*'; port: 3307
2019-08-21 09:15:43 6132 [Note] IPv6 is available.
2019-08-21 09:15:43 6132 [Note]   - '::' resolves to '::';
2019-08-21 09:15:43 6132 [Note] Server socket created on IP: '::'.
2019-08-21 09:15:44 6132 [Note] Event Scheduler: Loaded 0 events
2019-08-21 09:15:44 6132 [Note] H:\Arquivos\USBWebserver v8.6/mysql/bin/mysqld_usbwv8.exe: ready for connections.
Version: '5.6.13'  socket: ''  port: 3307  MySQL Community Server (GPL)
2019-08-21 13:46:34 5844 [Note] Plugin 'FEDERATED' is disabled.
2019-08-21 13:46:34 5844 [Note] InnoDB: The InnoDB memory heap is disabled
2019-08-21 13:46:34 5844 [Note] InnoDB: Mutexes and rw_locks use Windows interlocked functions
2019-08-21 13:46:34 5844 [Note] InnoDB: Compressed tables use zlib 1.2.3
2019-08-21 13:46:34 5844 [Note] InnoDB: Not using CPU crc32 instructions
2019-08-21 13:46:34 5844 [Note] InnoDB: Initializing buffer pool, size = 128.0M
2019-08-21 13:46:34 5844 [Note] InnoDB: Completed initialization of buffer pool
2019-08-21 13:46:35 5844 [Note] InnoDB: Highest supported file format is Barracuda.
2019-08-21 13:46:35 5844 [Note] InnoDB: The log sequence numbers 1626134 and 1626134 in ibdata files do not match the log sequence number 4180536 in the ib_logfiles!
2019-08-21 13:46:35 5844 [Note] InnoDB: Database was not shutdown normally!
2019-08-21 13:46:35 5844 [Note] InnoDB: Starting crash recovery.
2019-08-21 13:46:35 5844 [Note] InnoDB: Reading tablespace information from the .ibd files...
2019-08-21 13:46:35 5844 [Note] InnoDB: Restoring possible half-written data pages 
2019-08-21 13:46:35 5844 [Note] InnoDB: from the doublewrite buffer...
2019-08-21 13:46:38 5844 [Note] InnoDB: 128 rollback segment(s) are active.
2019-08-21 13:46:38 5844 [Note] InnoDB: Waiting for purge to start
2019-08-21 13:46:38 5844 [Note] InnoDB: 5.6.13 started; log sequence number 4180536
2019-08-21 13:46:38 5844 [Note] Server hostname (bind-address): '*'; port: 3307
2019-08-21 13:46:38 5844 [Note] IPv6 is available.
2019-08-21 13:46:38 5844 [Note]   - '::' resolves to '::';
2019-08-21 13:46:38 5844 [Note] Server socket created on IP: '::'.
2019-08-21 13:46:43 5844 [Note] Event Scheduler: Loaded 0 events
2019-08-21 13:46:43 5844 [Note] H:\Arquivos\USBWebserver v8.6/mysql/bin/mysqld_usbwv8.exe: ready for connections.
Version: '5.6.13'  socket: ''  port: 3307  MySQL Community Server (GPL)
2019-08-29 15:11:27 7092 [Note] Plugin 'FEDERATED' is disabled.
2019-08-29 15:11:27 7092 [Note] InnoDB: The InnoDB memory heap is disabled
2019-08-29 15:11:27 7092 [Note] InnoDB: Mutexes and rw_locks use Windows interlocked functions
2019-08-29 15:11:27 7092 [Note] InnoDB: Compressed tables use zlib 1.2.3
2019-08-29 15:11:27 7092 [Note] InnoDB: Not using CPU crc32 instructions
2019-08-29 15:11:27 7092 [Note] InnoDB: Initializing buffer pool, size = 128.0M
2019-08-29 15:11:27 7092 [Note] InnoDB: Completed initialization of buffer pool
2019-08-29 15:11:27 7092 [Note] InnoDB: Highest supported file format is Barracuda.
2019-08-29 15:11:27 7092 [Note] InnoDB: The log sequence numbers 1626134 and 1626134 in ibdata files do not match the log sequence number 4190305 in the ib_logfiles!
2019-08-29 15:11:27 7092 [Note] InnoDB: Database was not shutdown normally!
2019-08-29 15:11:27 7092 [Note] InnoDB: Starting crash recovery.
2019-08-29 15:11:27 7092 [Note] InnoDB: Reading tablespace information from the .ibd files...
2019-08-29 15:11:27 7092 [Note] InnoDB: Restoring possible half-written data pages 
2019-08-29 15:11:27 7092 [Note] InnoDB: from the doublewrite buffer...
2019-08-29 15:11:31 7092 [Note] InnoDB: 128 rollback segment(s) are active.
2019-08-29 15:11:31 7092 [Note] InnoDB: Waiting for purge to start
2019-08-29 15:11:31 7092 [Note] InnoDB: 5.6.13 started; log sequence number 4190305
2019-08-29 15:11:31 7092 [Note] Server hostname (bind-address): '*'; port: 3307
2019-08-29 15:11:31 7092 [Note] IPv6 is available.
2019-08-29 15:11:31 7092 [Note]   - '::' resolves to '::';
2019-08-29 15:11:31 7092 [Note] Server socket created on IP: '::'.
2019-08-29 15:11:35 7092 [Note] Event Scheduler: Loaded 0 events
2019-08-29 15:11:35 7092 [Note] F:\Arquivos\USBWebserver v8.6/mysql/bin/mysqld_usbwv8.exe: ready for connections.
Version: '5.6.13'  socket: ''  port: 3307  MySQL Community Server (GPL)
2019-09-13 07:41:12 4948 [Note] Plugin 'FEDERATED' is disabled.
2019-09-13 07:41:12 4948 [Note] InnoDB: The InnoDB memory heap is disabled
2019-09-13 07:41:12 4948 [Note] InnoDB: Mutexes and rw_locks use Windows interlocked functions
2019-09-13 07:41:12 4948 [Note] InnoDB: Compressed tables use zlib 1.2.3
2019-09-13 07:41:12 4948 [Note] InnoDB: Not using CPU crc32 instructions
2019-09-13 07:41:12 4948 [Note] InnoDB: Initializing buffer pool, size = 128.0M
2019-09-13 07:41:12 4948 [Note] InnoDB: Completed initialization of buffer pool
2019-09-13 07:41:12 4948 [Note] InnoDB: Highest supported file format is Barracuda.
2019-09-13 07:41:12 4948 [Note] InnoDB: The log sequence numbers 1626134 and 1626134 in ibdata files do not match the log sequence number 4440305 in the ib_logfiles!
2019-09-13 07:41:12 4948 [Note] InnoDB: Database was not shutdown normally!
2019-09-13 07:41:12 4948 [Note] InnoDB: Starting crash recovery.
2019-09-13 07:41:12 4948 [Note] InnoDB: Reading tablespace information from the .ibd files...
2019-09-13 07:41:13 4948 [Note] InnoDB: Restoring possible half-written data pages 
2019-09-13 07:41:13 4948 [Note] InnoDB: from the doublewrite buffer...
2019-09-13 07:41:14 4948 [Note] InnoDB: 128 rollback segment(s) are active.
2019-09-13 07:41:14 4948 [Note] InnoDB: Waiting for purge to start
2019-09-13 07:41:14 4948 [Note] InnoDB: 5.6.13 started; log sequence number 4440305
2019-09-13 07:41:14 4948 [Note] Server hostname (bind-address): '*'; port: 3307
2019-09-13 07:41:14 4948 [Note] IPv6 is available.
2019-09-13 07:41:14 4948 [Note]   - '::' resolves to '::';
2019-09-13 07:41:14 4948 [Note] Server socket created on IP: '::'.
2019-09-13 07:41:18 4948 [Note] Event Scheduler: Loaded 0 events
2019-09-13 07:41:18 4948 [Note] H:\Arquivos\USBWebserver v8.6/mysql/bin/mysqld_usbwv8.exe: ready for connections.
Version: '5.6.13'  socket: ''  port: 3307  MySQL Community Server (GPL)
2019-10-08 13:15:54 1436 [Note] Plugin 'FEDERATED' is disabled.
2019-10-08 13:15:54 1436 [Note] InnoDB: The InnoDB memory heap is disabled
2019-10-08 13:15:54 1436 [Note] InnoDB: Mutexes and rw_locks use Windows interlocked functions
2019-10-08 13:15:54 1436 [Note] InnoDB: Compressed tables use zlib 1.2.3
2019-10-08 13:15:54 1436 [Note] InnoDB: Not using CPU crc32 instructions
2019-10-08 13:15:54 1436 [Note] InnoDB: Initializing buffer pool, size = 128.0M
2019-10-08 13:15:54 1436 [Note] InnoDB: Completed initialization of buffer pool
2019-10-08 13:15:54 1436 [Note] InnoDB: Highest supported file format is Barracuda.
2019-10-08 13:15:54 1436 [Note] InnoDB: The log sequence numbers 1626134 and 1626134 in ibdata files do not match the log sequence number 4942461 in the ib_logfiles!
2019-10-08 13:15:54 1436 [Note] InnoDB: Database was not shutdown normally!
2019-10-08 13:15:54 1436 [Note] InnoDB: Starting crash recovery.
2019-10-08 13:15:54 1436 [Note] InnoDB: Reading tablespace information from the .ibd files...
2019-10-08 13:15:57 1436 [Note] InnoDB: Restoring possible half-written data pages 
2019-10-08 13:15:57 1436 [Note] InnoDB: from the doublewrite buffer...
2019-10-08 13:15:58 1436 [Note] InnoDB: 128 rollback segment(s) are active.
2019-10-08 13:15:59 1436 [Note] InnoDB: Waiting for purge to start
2019-10-08 13:15:59 1436 [Note] InnoDB: 5.6.13 started; log sequence number 4942461
2019-10-08 13:15:59 1436 [Note] Server hostname (bind-address): '*'; port: 3307
2019-10-08 13:15:59 1436 [Note] IPv6 is available.
2019-10-08 13:15:59 1436 [Note]   - '::' resolves to '::';
2019-10-08 13:15:59 1436 [Note] Server socket created on IP: '::'.
2019-10-08 13:16:04 1436 [Note] Event Scheduler: Loaded 0 events
2019-10-08 13:16:04 1436 [Note] F:\Arquivos\USBWebserver v8.6/mysql/bin/mysqld_usbwv8.exe: ready for connections.
Version: '5.6.13'  socket: ''  port: 3307  MySQL Community Server (GPL)
2019-10-23 11:33:12 3424 [Note] Plugin 'FEDERATED' is disabled.
2019-10-23 11:33:12 3424 [Note] InnoDB: The InnoDB memory heap is disabled
2019-10-23 11:33:12 3424 [Note] InnoDB: Mutexes and rw_locks use Windows interlocked functions
2019-10-23 11:33:12 3424 [Note] InnoDB: Compressed tables use zlib 1.2.3
2019-10-23 11:33:12 3424 [Note] InnoDB: Not using CPU crc32 instructions
2019-10-23 11:33:12 3424 [Note] InnoDB: Initializing buffer pool, size = 128.0M
2019-10-23 11:33:12 3424 [Note] InnoDB: Completed initialization of buffer pool
2019-10-23 11:33:12 3424 [Note] InnoDB: Highest supported file format is Barracuda.
2019-10-23 11:33:12 3424 [Note] InnoDB: The log sequence numbers 1626134 and 1626134 in ibdata files do not match the log sequence number 5115343 in the ib_logfiles!
2019-10-23 11:33:12 3424 [Note] InnoDB: Database was not shutdown normally!
2019-10-23 11:33:12 3424 [Note] InnoDB: Starting crash recovery.
2019-10-23 11:33:12 3424 [Note] InnoDB: Reading tablespace information from the .ibd files...
2019-10-23 11:33:15 3424 [Note] InnoDB: Restoring possible half-written data pages 
2019-10-23 11:33:15 3424 [Note] InnoDB: from the doublewrite buffer...
2019-10-23 11:33:16 3424 [Note] InnoDB: 128 rollback segment(s) are active.
2019-10-23 11:33:16 3424 [Note] InnoDB: Waiting for purge to start
2019-10-23 11:33:17 3424 [Note] InnoDB: 5.6.13 started; log sequence number 5115343
2019-10-23 11:33:17 3424 [Note] Server hostname (bind-address): '*'; port: 3307
2019-10-23 11:33:17 3424 [Note] IPv6 is available.
2019-10-23 11:33:17 3424 [Note]   - '::' resolves to '::';
2019-10-23 11:33:17 3424 [Note] Server socket created on IP: '::'.
2019-10-23 11:33:22 3424 [Note] Event Scheduler: Loaded 0 events
2019-10-23 11:33:22 3424 [Note] F:\Arquivos\USBWebserver v8.6/mysql/bin/mysqld_usbwv8.exe: ready for connections.
Version: '5.6.13'  socket: ''  port: 3307  MySQL Community Server (GPL)
2019-10-29 12:07:11 6984 [Note] Plugin 'FEDERATED' is disabled.
2019-10-29 12:07:11 6984 [Note] InnoDB: The InnoDB memory heap is disabled
2019-10-29 12:07:11 6984 [Note] InnoDB: Mutexes and rw_locks use Windows interlocked functions
2019-10-29 12:07:11 6984 [Note] InnoDB: Compressed tables use zlib 1.2.3
2019-10-29 12:07:11 6984 [Note] InnoDB: Not using CPU crc32 instructions
2019-10-29 12:07:11 6984 [Note] InnoDB: Initializing buffer pool, size = 128.0M
2019-10-29 12:07:11 6984 [Note] InnoDB: Completed initialization of buffer pool
2019-10-29 12:07:11 6984 [Note] InnoDB: Highest supported file format is Barracuda.
2019-10-29 12:07:11 6984 [Note] InnoDB: The log sequence numbers 1626134 and 1626134 in ibdata files do not match the log sequence number 5116321 in the ib_logfiles!
2019-10-29 12:07:11 6984 [Note] InnoDB: Database was not shutdown normally!
2019-10-29 12:07:11 6984 [Note] InnoDB: Starting crash recovery.
2019-10-29 12:07:11 6984 [Note] InnoDB: Reading tablespace information from the .ibd files...
2019-10-29 12:07:12 6984 [Note] InnoDB: Restoring possible half-written data pages 
2019-10-29 12:07:12 6984 [Note] InnoDB: from the doublewrite buffer...
2019-10-29 12:07:18 6984 [Note] InnoDB: 128 rollback segment(s) are active.
2019-10-29 12:07:18 6984 [Note] InnoDB: Waiting for purge to start
2019-10-29 12:07:18 6984 [Note] InnoDB: 5.6.13 started; log sequence number 5116321
2019-10-29 12:07:19 6984 [Note] Server hostname (bind-address): '*'; port: 3307
2019-10-29 12:07:19 6984 [Note] IPv6 is available.
2019-10-29 12:07:19 6984 [Note]   - '::' resolves to '::';
2019-10-29 12:07:19 6984 [Note] Server socket created on IP: '::'.
2019-10-29 12:07:30 6984 [Note] Event Scheduler: Loaded 0 events
2019-10-29 12:07:30 6984 [Note] F:\Arquivos\USBWebserver v8.6/mysql/bin/mysqld_usbwv8.exe: ready for connections.
Version: '5.6.13'  socket: ''  port: 3307  MySQL Community Server (GPL)
2019-10-29 13:34:35 6956 [Note] Plugin 'FEDERATED' is disabled.
2019-10-29 13:34:35 6956 [Note] InnoDB: The InnoDB memory heap is disabled
2019-10-29 13:34:35 6956 [Note] InnoDB: Mutexes and rw_locks use Windows interlocked functions
2019-10-29 13:34:35 6956 [Note] InnoDB: Compressed tables use zlib 1.2.3
2019-10-29 13:34:35 6956 [Note] InnoDB: Not using CPU crc32 instructions
2019-10-29 13:34:35 6956 [Note] InnoDB: Initializing buffer pool, size = 128.0M
2019-10-29 13:34:35 6956 [Note] InnoDB: Completed initialization of buffer pool
2019-10-29 13:34:35 6956 [Note] InnoDB: Highest supported file format is Barracuda.
2019-10-29 13:34:35 6956 [Note] InnoDB: The log sequence numbers 1626134 and 1626134 in ibdata files do not match the log sequence number 5147641 in the ib_logfiles!
2019-10-29 13:34:35 6956 [Note] InnoDB: Database was not shutdown normally!
2019-10-29 13:34:35 6956 [Note] InnoDB: Starting crash recovery.
2019-10-29 13:34:35 6956 [Note] InnoDB: Reading tablespace information from the .ibd files...
2019-10-29 13:34:38 6956 [Note] InnoDB: Restoring possible half-written data pages 
2019-10-29 13:34:38 6956 [Note] InnoDB: from the doublewrite buffer...
2019-10-29 13:34:41 6956 [Note] InnoDB: 128 rollback segment(s) are active.
2019-10-29 13:34:41 6956 [Note] InnoDB: Waiting for purge to start
2019-10-29 13:34:41 6956 [Note] InnoDB: 5.6.13 started; log sequence number 5147641
2019-10-29 13:34:41 6956 [Note] Server hostname (bind-address): '*'; port: 3307
2019-10-29 13:34:41 6956 [Note] IPv6 is available.
2019-10-29 13:34:41 6956 [Note]   - '::' resolves to '::';
2019-10-29 13:34:41 6956 [Note] Server socket created on IP: '::'.
2019-10-29 13:34:45 6956 [Note] Event Scheduler: Loaded 0 events
2019-10-29 13:34:45 6956 [Note] F:\Arquivos\USBWebserver v8.6/mysql/bin/mysqld_usbwv8.exe: ready for connections.
Version: '5.6.13'  socket: ''  port: 3307  MySQL Community Server (GPL)
2019-11-05 10:49:15 1748 [Note] Plugin 'FEDERATED' is disabled.
2019-11-05 10:49:15 1748 [Note] InnoDB: The InnoDB memory heap is disabled
2019-11-05 10:49:15 1748 [Note] InnoDB: Mutexes and rw_locks use Windows interlocked functions
2019-11-05 10:49:15 1748 [Note] InnoDB: Compressed tables use zlib 1.2.3
2019-11-05 10:49:15 1748 [Note] InnoDB: Not using CPU crc32 instructions
2019-11-05 10:49:15 1748 [Note] InnoDB: Initializing buffer pool, size = 128.0M
2019-11-05 10:49:15 1748 [Note] InnoDB: Completed initialization of buffer pool
2019-11-05 10:49:15 1748 [Note] InnoDB: Highest supported file format is Barracuda.
2019-11-05 10:49:15 1748 [Note] InnoDB: The log sequence numbers 1626134 and 1626134 in ibdata files do not match the log sequence number 5211417 in the ib_logfiles!
2019-11-05 10:49:15 1748 [Note] InnoDB: Database was not shutdown normally!
2019-11-05 10:49:15 1748 [Note] InnoDB: Starting crash recovery.
2019-11-05 10:49:15 1748 [Note] InnoDB: Reading tablespace information from the .ibd files...
2019-11-05 10:49:17 1748 [Note] InnoDB: Restoring possible half-written data pages 
2019-11-05 10:49:17 1748 [Note] InnoDB: from the doublewrite buffer...
2019-11-05 10:49:19 1748 [Note] InnoDB: 128 rollback segment(s) are active.
2019-11-05 10:49:19 1748 [Note] InnoDB: Waiting for purge to start
2019-11-05 10:49:19 1748 [Note] InnoDB: 5.6.13 started; log sequence number 5211417
2019-11-05 10:49:19 1748 [Note] Server hostname (bind-address): '*'; port: 3307
2019-11-05 10:49:19 1748 [Note] IPv6 is available.
2019-11-05 10:49:19 1748 [Note]   - '::' resolves to '::';
2019-11-05 10:49:19 1748 [Note] Server socket created on IP: '::'.
2019-11-05 10:49:29 1748 [Note] Event Scheduler: Loaded 0 events
2019-11-05 10:49:29 1748 [Note] F:\Arquivos\USBWebserver v8.6/mysql/bin/mysqld_usbwv8.exe: ready for connections.
Version: '5.6.13'  socket: ''  port: 3307  MySQL Community Server (GPL)
2019-11-13 22:26:43 972 [Note] Plugin 'FEDERATED' is disabled.
2019-11-13 22:26:43 972 [Note] InnoDB: The InnoDB memory heap is disabled
2019-11-13 22:26:43 972 [Note] InnoDB: Mutexes and rw_locks use Windows interlocked functions
2019-11-13 22:26:43 972 [Note] InnoDB: Compressed tables use zlib 1.2.3
2019-11-13 22:26:43 972 [Note] InnoDB: Not using CPU crc32 instructions
2019-11-13 22:26:43 972 [Note] InnoDB: Initializing buffer pool, size = 128.0M
2019-11-13 22:26:43 972 [Note] InnoDB: Completed initialization of buffer pool
2019-11-13 22:26:43 972 [Note] InnoDB: Highest supported file format is Barracuda.
2019-11-13 22:26:43 972 [Note] InnoDB: The log sequence numbers 1626134 and 1626134 in ibdata files do not match the log sequence number 5342849 in the ib_logfiles!
2019-11-13 22:26:43 972 [Note] InnoDB: Database was not shutdown normally!
2019-11-13 22:26:43 972 [Note] InnoDB: Starting crash recovery.
2019-11-13 22:26:43 972 [Note] InnoDB: Reading tablespace information from the .ibd files...
2019-11-13 22:26:44 972 [Note] InnoDB: Restoring possible half-written data pages 
2019-11-13 22:26:44 972 [Note] InnoDB: from the doublewrite buffer...
2019-11-13 22:26:47 972 [Note] InnoDB: 128 rollback segment(s) are active.
2019-11-13 22:26:47 972 [Note] InnoDB: Waiting for purge to start
2019-11-13 22:26:47 972 [Note] InnoDB: 5.6.13 started; log sequence number 5342849
2019-11-13 22:26:47 972 [Note] Server hostname (bind-address): '*'; port: 3307
2019-11-13 22:26:47 972 [Note] IPv6 is available.
2019-11-13 22:26:47 972 [Note]   - '::' resolves to '::';
2019-11-13 22:26:47 972 [Note] Server socket created on IP: '::'.
2019-11-13 22:26:53 972 [Note] Event Scheduler: Loaded 0 events
2019-11-13 22:26:53 972 [Note] F:\Arquivos\USBWebserver v8.6/mysql/bin/mysqld_usbwv8.exe: ready for connections.
Version: '5.6.13'  socket: ''  port: 3307  MySQL Community Server (GPL)
2020-02-06 08:36:53 3316 [Note] Plugin 'FEDERATED' is disabled.
2020-02-06 08:36:53 3316 [Note] InnoDB: The InnoDB memory heap is disabled
2020-02-06 08:36:53 3316 [Note] InnoDB: Mutexes and rw_locks use Windows interlocked functions
2020-02-06 08:36:53 3316 [Note] InnoDB: Compressed tables use zlib 1.2.3
2020-02-06 08:36:53 3316 [Note] InnoDB: Not using CPU crc32 instructions
2020-02-06 08:36:53 3316 [Note] InnoDB: Initializing buffer pool, size = 128.0M
2020-02-06 08:36:53 3316 [Note] InnoDB: Completed initialization of buffer pool
2020-02-06 08:36:53 3316 [Note] InnoDB: Highest supported file format is Barracuda.
2020-02-06 08:36:53 3316 [Note] InnoDB: The log sequence numbers 1626134 and 1626134 in ibdata files do not match the log sequence number 5417679 in the ib_logfiles!
2020-02-06 08:36:53 3316 [Note] InnoDB: Database was not shutdown normally!
2020-02-06 08:36:53 3316 [Note] InnoDB: Starting crash recovery.
2020-02-06 08:36:53 3316 [Note] InnoDB: Reading tablespace information from the .ibd files...
2020-02-06 08:36:55 3316 [Note] InnoDB: Restoring possible half-written data pages 
2020-02-06 08:36:55 3316 [Note] InnoDB: from the doublewrite buffer...
2020-02-06 08:36:56 3316 [Note] InnoDB: 128 rollback segment(s) are active.
2020-02-06 08:36:56 3316 [Note] InnoDB: Waiting for purge to start
2020-02-06 08:36:57 3316 [Note] InnoDB: 5.6.13 started; log sequence number 5417679
2020-02-06 08:36:57 3316 [Note] Server hostname (bind-address): '*'; port: 3307
2020-02-06 08:36:57 3316 [Note] IPv6 is available.
2020-02-06 08:36:57 3316 [Note]   - '::' resolves to '::';
2020-02-06 08:36:57 3316 [Note] Server socket created on IP: '::'.
2020-02-06 08:37:06 3316 [Note] Event Scheduler: Loaded 0 events
2020-02-06 08:37:06 3316 [Note] F:\Arquivos\USBWebserver v8.6/mysql/bin/mysqld_usbwv8.exe: ready for connections.
Version: '5.6.13'  socket: ''  port: 3307  MySQL Community Server (GPL)
2020-03-06 16:30:33 2080 [Note] Plugin 'FEDERATED' is disabled.
2020-03-06 16:30:33 2080 [Note] InnoDB: The InnoDB memory heap is disabled
2020-03-06 16:30:33 2080 [Note] InnoDB: Mutexes and rw_locks use Windows interlocked functions
2020-03-06 16:30:33 2080 [Note] InnoDB: Compressed tables use zlib 1.2.3
2020-03-06 16:30:33 2080 [Note] InnoDB: Not using CPU crc32 instructions
2020-03-06 16:30:33 2080 [Note] InnoDB: Initializing buffer pool, size = 128.0M
2020-03-06 16:30:33 2080 [Note] InnoDB: Completed initialization of buffer pool
2020-03-06 16:30:33 2080 [Note] InnoDB: Highest supported file format is Barracuda.
2020-03-06 16:30:33 2080 [Note] InnoDB: The log sequence numbers 1626134 and 1626134 in ibdata files do not match the log sequence number 5547539 in the ib_logfiles!
2020-03-06 16:30:33 2080 [Note] InnoDB: Database was not shutdown normally!
2020-03-06 16:30:33 2080 [Note] InnoDB: Starting crash recovery.
2020-03-06 16:30:33 2080 [Note] InnoDB: Reading tablespace information from the .ibd files...
2020-03-06 16:30:34 2080 [Note] InnoDB: Restoring possible half-written data pages 
2020-03-06 16:30:34 2080 [Note] InnoDB: from the doublewrite buffer...
2020-03-06 16:30:36 2080 [Note] InnoDB: 128 rollback segment(s) are active.
2020-03-06 16:30:36 2080 [Note] InnoDB: Waiting for purge to start
2020-03-06 16:30:36 2080 [Note] InnoDB: 5.6.13 started; log sequence number 5547539
2020-03-06 16:30:37 2080 [Note] Server hostname (bind-address): '*'; port: 3307
2020-03-06 16:30:37 2080 [Note] IPv6 is available.
2020-03-06 16:30:37 2080 [Note]   - '::' resolves to '::';
2020-03-06 16:30:37 2080 [Note] Server socket created on IP: '::'.
2020-03-06 16:30:41 2080 [Note] Event Scheduler: Loaded 0 events
2020-03-06 16:30:41 2080 [Note] F:\Arquivos\USBWebserver v8.6/mysql/bin/mysqld_usbwv8.exe: ready for connections.
Version: '5.6.13'  socket: ''  port: 3307  MySQL Community Server (GPL)
2020-03-10 11:56:28 5400 [Note] Plugin 'FEDERATED' is disabled.
2020-03-10 11:56:28 5400 [Note] InnoDB: The InnoDB memory heap is disabled
2020-03-10 11:56:28 5400 [Note] InnoDB: Mutexes and rw_locks use Windows interlocked functions
2020-03-10 11:56:28 5400 [Note] InnoDB: Compressed tables use zlib 1.2.3
2020-03-10 11:56:28 5400 [Note] InnoDB: Not using CPU crc32 instructions
2020-03-10 11:56:28 5400 [Note] InnoDB: Initializing buffer pool, size = 128.0M
2020-03-10 11:56:28 5400 [Note] InnoDB: Completed initialization of buffer pool
2020-03-10 11:56:28 5400 [Note] InnoDB: Highest supported file format is Barracuda.
2020-03-10 11:56:28 5400 [Note] InnoDB: The log sequence numbers 1626134 and 1626134 in ibdata files do not match the log sequence number 5580976 in the ib_logfiles!
2020-03-10 11:56:28 5400 [Note] InnoDB: Database was not shutdown normally!
2020-03-10 11:56:28 5400 [Note] InnoDB: Starting crash recovery.
2020-03-10 11:56:28 5400 [Note] InnoDB: Reading tablespace information from the .ibd files...
2020-03-10 11:56:28 5400 [Note] InnoDB: Restoring possible half-written data pages 
2020-03-10 11:56:28 5400 [Note] InnoDB: from the doublewrite buffer...
2020-03-10 11:56:31 5400 [Note] InnoDB: 128 rollback segment(s) are active.
2020-03-10 11:56:31 5400 [Note] InnoDB: Waiting for purge to start
2020-03-10 11:56:31 5400 [Note] InnoDB: 5.6.13 started; log sequence number 5580976
2020-03-10 11:56:32 5400 [Note] Server hostname (bind-address): '*'; port: 3307
2020-03-10 11:56:32 5400 [Note] IPv6 is available.
2020-03-10 11:56:32 5400 [Note]   - '::' resolves to '::';
2020-03-10 11:56:32 5400 [Note] Server socket created on IP: '::'.
2020-03-10 11:56:36 5400 [Note] Event Scheduler: Loaded 0 events
2020-03-10 11:56:36 5400 [Note] F:\Arquivos\USBWebserver v8.6/mysql/bin/mysqld_usbwv8.exe: ready for connections.
Version: '5.6.13'  socket: ''  port: 3307  MySQL Community Server (GPL)
