2019-05-10 20:58:45 7648 [Note] Plugin 'FEDERATED' is disabled.
2019-05-10 20:58:45 7648 [Note] InnoDB: The InnoDB memory heap is disabled
2019-05-10 20:58:45 7648 [Note] InnoDB: Mutexes and rw_locks use Windows interlocked functions
2019-05-10 20:58:45 7648 [Note] InnoDB: Compressed tables use zlib 1.2.3
2019-05-10 20:58:45 7648 [Note] InnoDB: Not using CPU crc32 instructions
2019-05-10 20:58:45 7648 [Note] InnoDB: Initializing buffer pool, size = 128.0M
2019-05-10 20:58:45 7648 [Note] InnoDB: Completed initialization of buffer pool
2019-05-10 20:58:45 7648 [Note] InnoDB: Highest supported file format is Barracuda.
2019-05-10 20:58:45 7648 [Note] InnoDB: The log sequence numbers 1626134 and 1626134 in ibdata files do not match the log sequence number 4119817 in the ib_logfiles!
2019-05-10 20:58:45 7648 [Note] InnoDB: Database was not shutdown normally!
2019-05-10 20:58:45 7648 [Note] InnoDB: Starting crash recovery.
2019-05-10 20:58:45 7648 [Note] InnoDB: Reading tablespace information from the .ibd files...
2019-05-10 20:58:49 7648 [Note] InnoDB: Restoring possible half-written data pages 
2019-05-10 20:58:49 7648 [Note] InnoDB: from the doublewrite buffer...
2019-05-10 20:58:51 7648 [Note] InnoDB: 128 rollback segment(s) are active.
2019-05-10 20:58:51 7648 [Note] InnoDB: Waiting for purge to start
2019-05-10 20:58:51 7648 [Note] InnoDB: 5.6.13 started; log sequence number 4119817
2019-05-10 20:58:51 7648 [Note] Server hostname (bind-address): '*'; port: 3307
2019-05-10 20:58:51 7648 [Note] IPv6 is available.
2019-05-10 20:58:51 7648 [Note]   - '::' resolves to '::';
2019-05-10 20:58:51 7648 [Note] Server socket created on IP: '::'.
2019-05-10 20:58:52 7648 [Note] Event Scheduler: Loaded 0 events
2019-05-10 20:58:52 7648 [Note] G:\Arquivos\USBWebserver v8.6/mysql/bin/mysqld_usbwv8.exe: ready for connections.
Version: '5.6.13'  socket: ''  port: 3307  MySQL Community Server (GPL)
2019-05-10 21:00:24 1176 [Note] Plugin 'FEDERATED' is disabled.
2019-05-10 21:00:24 1176 [Note] InnoDB: The InnoDB memory heap is disabled
2019-05-10 21:00:24 1176 [Note] InnoDB: Mutexes and rw_locks use Windows interlocked functions
2019-05-10 21:00:24 1176 [Note] InnoDB: Compressed tables use zlib 1.2.3
2019-05-10 21:00:24 1176 [Note] InnoDB: Not using CPU crc32 instructions
2019-05-10 21:00:24 1176 [Note] InnoDB: Initializing buffer pool, size = 128.0M
2019-05-10 21:00:24 1176 [Note] InnoDB: Completed initialization of buffer pool
2019-05-10 21:00:24 1176 [ERROR] InnoDB: G:\Arquivos\USBWebserver v8.6\mysql\data\ibdata1 can't be opened in read-write mode
2019-05-10 21:00:24 1176 [ERROR] InnoDB: The system tablespace must be writable!
2019-05-10 21:00:24 1176 [ERROR] Plugin 'InnoDB' init function returned error.
2019-05-10 21:00:24 1176 [ERROR] Plugin 'InnoDB' registration as a STORAGE ENGINE failed.
2019-05-10 21:00:24 1176 [ERROR] Unknown/unsupported storage engine: InnoDB
2019-05-10 21:00:24 1176 [ERROR] Aborting

2019-05-10 21:00:24 1176 [Note] Binlog end
2019-05-10 21:00:24 1176 [Note] Shutting down plugin 'partition'
2019-05-10 21:00:24 1176 [Note] Shutting down plugin 'PERFORMANCE_SCHEMA'
2019-05-10 21:00:24 1176 [Note] Shutting down plugin 'INNODB_SYS_DATAFILES'
2019-05-10 21:00:24 1176 [Note] Shutting down plugin 'INNODB_SYS_TABLESPACES'
2019-05-10 21:00:24 1176 [Note] Shutting down plugin 'INNODB_SYS_FOREIGN_COLS'
2019-05-10 21:00:24 1176 [Note] Shutting down plugin 'INNODB_SYS_FOREIGN'
2019-05-10 21:00:24 1176 [Note] Shutting down plugin 'INNODB_SYS_FIELDS'
2019-05-10 21:00:24 1176 [Note] Shutting down plugin 'INNODB_SYS_COLUMNS'
2019-05-10 21:00:24 1176 [Note] Shutting down plugin 'INNODB_SYS_INDEXES'
2019-05-10 21:00:24 1176 [Note] Shutting down plugin 'INNODB_SYS_TABLESTATS'
2019-05-10 21:00:24 1176 [Note] Shutting down plugin 'INNODB_SYS_TABLES'
2019-05-10 21:00:24 1176 [Note] Shutting down plugin 'INNODB_FT_INDEX_TABLE'
2019-05-10 21:00:24 1176 [Note] Shutting down plugin 'INNODB_FT_INDEX_CACHE'
2019-05-10 21:00:24 1176 [Note] Shutting down plugin 'INNODB_FT_CONFIG'
2019-05-10 21:00:24 1176 [Note] Shutting down plugin 'INNODB_FT_BEING_DELETED'
2019-05-10 21:00:24 1176 [Note] Shutting down plugin 'INNODB_FT_DELETED'
2019-05-10 21:00:24 1176 [Note] Shutting down plugin 'INNODB_FT_DEFAULT_STOPWORD'
2019-05-10 21:00:24 1176 [Note] Shutting down plugin 'INNODB_METRICS'
2019-05-10 21:00:24 1176 [Note] Shutting down plugin 'INNODB_BUFFER_POOL_STATS'
2019-05-10 21:00:24 1176 [Note] Shutting down plugin 'INNODB_BUFFER_PAGE_LRU'
2019-05-10 21:00:24 1176 [Note] Shutting down plugin 'INNODB_BUFFER_PAGE'
2019-05-10 21:00:24 1176 [Note] Shutting down plugin 'INNODB_CMP_PER_INDEX_RESET'
2019-05-10 21:00:24 1176 [Note] Shutting down plugin 'INNODB_CMP_PER_INDEX'
2019-05-10 21:00:24 1176 [Note] Shutting down plugin 'INNODB_CMPMEM_RESET'
2019-05-10 21:00:24 1176 [Note] Shutting down plugin 'INNODB_CMPMEM'
2019-05-10 21:00:24 1176 [Note] Shutting down plugin 'INNODB_CMP_RESET'
2019-05-10 21:00:24 1176 [Note] Shutting down plugin 'INNODB_CMP'
2019-05-10 21:00:24 1176 [Note] Shutting down plugin 'INNODB_LOCK_WAITS'
2019-05-10 21:00:24 1176 [Note] Shutting down plugin 'INNODB_LOCKS'
2019-05-10 21:00:24 1176 [Note] Shutting down plugin 'INNODB_TRX'
2019-05-10 21:00:24 1176 [Note] Shutting down plugin 'BLACKHOLE'
2019-05-10 21:00:24 1176 [Note] Shutting down plugin 'ARCHIVE'
2019-05-10 21:00:24 1176 [Note] Shutting down plugin 'MRG_MYISAM'
2019-05-10 21:00:24 1176 [Note] Shutting down plugin 'MyISAM'
2019-05-10 21:00:24 1176 [Note] Shutting down plugin 'MEMORY'
2019-05-10 21:00:24 1176 [Note] Shutting down plugin 'CSV'
2019-05-10 21:00:24 1176 [Note] Shutting down plugin 'sha256_password'
2019-05-10 21:00:24 1176 [Note] Shutting down plugin 'mysql_old_password'
2019-05-10 21:00:24 1176 [Note] Shutting down plugin 'mysql_native_password'
2019-05-10 21:00:24 1176 [Note] Shutting down plugin 'binlog'
2019-05-10 21:00:24 1176 [Note] G:\Arquivos\USBWebserver v8.6/mysql/bin/mysqld_usbwv8.exe: Shutdown complete

2019-12-02 20:47:24 4896 [Note] Plugin 'FEDERATED' is disabled.
2019-12-02 20:47:24 4896 [Note] InnoDB: The InnoDB memory heap is disabled
2019-12-02 20:47:24 4896 [Note] InnoDB: Mutexes and rw_locks use Windows interlocked functions
2019-12-02 20:47:24 4896 [Note] InnoDB: Compressed tables use zlib 1.2.3
2019-12-02 20:47:24 4896 [Note] InnoDB: Not using CPU crc32 instructions
2019-12-02 20:47:24 4896 [Note] InnoDB: Initializing buffer pool, size = 128.0M
2019-12-02 20:47:25 4896 [Note] InnoDB: Completed initialization of buffer pool
2019-12-02 20:47:25 4896 [Note] InnoDB: Highest supported file format is Barracuda.
2019-12-02 20:47:25 4896 [Note] InnoDB: The log sequence numbers 1626134 and 1626134 in ibdata files do not match the log sequence number 5347928 in the ib_logfiles!
2019-12-02 20:47:25 4896 [Note] InnoDB: Database was not shutdown normally!
2019-12-02 20:47:25 4896 [Note] InnoDB: Starting crash recovery.
2019-12-02 20:47:25 4896 [Note] InnoDB: Reading tablespace information from the .ibd files...
2019-12-02 20:47:25 4896 [Note] InnoDB: Restoring possible half-written data pages 
2019-12-02 20:47:25 4896 [Note] InnoDB: from the doublewrite buffer...
2019-12-02 20:47:28 4896 [Note] InnoDB: 128 rollback segment(s) are active.
2019-12-02 20:47:28 4896 [Note] InnoDB: Waiting for purge to start
2019-12-02 20:47:28 4896 [Note] InnoDB: 5.6.13 started; log sequence number 5347928
2019-12-02 20:47:28 4896 [Note] Server hostname (bind-address): '*'; port: 3307
2019-12-02 20:47:28 4896 [Note] IPv6 is available.
2019-12-02 20:47:28 4896 [Note]   - '::' resolves to '::';
2019-12-02 20:47:28 4896 [Note] Server socket created on IP: '::'.
2019-12-02 20:47:39 4896 [Note] Event Scheduler: Loaded 0 events
2019-12-02 20:47:39 4896 [Note] F:\Arquivos\USBWebserver v8.6/mysql/bin/mysqld_usbwv8.exe: ready for connections.
Version: '5.6.13'  socket: ''  port: 3307  MySQL Community Server (GPL)
