2018-05-10 12:07:43 1108 [Note] Plugin 'FEDERATED' is disabled.
2018-05-10 12:07:44 1108 [Note] InnoDB: The InnoDB memory heap is disabled
2018-05-10 12:07:44 1108 [Note] InnoDB: Mutexes and rw_locks use Windows interlocked functions
2018-05-10 12:07:44 1108 [Note] InnoDB: Compressed tables use zlib 1.2.3
2018-05-10 12:07:44 1108 [Note] InnoDB: Not using CPU crc32 instructions
2018-05-10 12:07:44 1108 [Note] InnoDB: Initializing buffer pool, size = 128.0M
2018-05-10 12:07:44 1108 [Note] InnoDB: Completed initialization of buffer pool
2018-05-10 12:07:44 1108 [Note] InnoDB: Highest supported file format is Barracuda.
2018-05-10 12:07:44 1108 [Note] InnoDB: The log sequence numbers 1626134 and 1626134 in ibdata files do not match the log sequence number 1831045 in the ib_logfiles!
2018-05-10 12:07:44 1108 [Note] InnoDB: Database was not shutdown normally!
2018-05-10 12:07:44 1108 [Note] InnoDB: Starting crash recovery.
2018-05-10 12:07:44 1108 [Note] InnoDB: Reading tablespace information from the .ibd files...
2018-05-10 12:07:44 1108 [Note] InnoDB: Restoring possible half-written data pages 
2018-05-10 12:07:44 1108 [Note] InnoDB: from the doublewrite buffer...
2018-05-10 12:07:45 1108 [Note] InnoDB: 128 rollback segment(s) are active.
2018-05-10 12:07:46 1108 [Note] InnoDB: Waiting for purge to start
2018-05-10 12:07:46 1108 [Note] InnoDB: 5.6.13 started; log sequence number 1831045
2018-05-10 12:07:46 1108 [Note] Server hostname (bind-address): '*'; port: 3307
2018-05-10 12:07:46 1108 [Note] IPv6 is available.
2018-05-10 12:07:46 1108 [Note]   - '::' resolves to '::';
2018-05-10 12:07:46 1108 [Note] Server socket created on IP: '::'.
2018-05-10 12:07:46 1108 [Note] Event Scheduler: Loaded 0 events
2018-05-10 12:07:46 1108 [Note] F:\Arquivos\USBWebserver v8.6/mysql/bin/mysqld_usbwv8.exe: ready for connections.
Version: '5.6.13'  socket: ''  port: 3307  MySQL Community Server (GPL)
2018-05-15 11:24:13 5176 [Note] Plugin 'FEDERATED' is disabled.
2018-05-15 11:24:13 5176 [Note] InnoDB: The InnoDB memory heap is disabled
2018-05-15 11:24:13 5176 [Note] InnoDB: Mutexes and rw_locks use Windows interlocked functions
2018-05-15 11:24:13 5176 [Note] InnoDB: Compressed tables use zlib 1.2.3
2018-05-15 11:24:13 5176 [Note] InnoDB: Not using CPU crc32 instructions
2018-05-15 11:24:13 5176 [Note] InnoDB: Initializing buffer pool, size = 128.0M
2018-05-15 11:24:13 5176 [Note] InnoDB: Completed initialization of buffer pool
2018-05-15 11:24:13 5176 [Note] InnoDB: Highest supported file format is Barracuda.
2018-05-15 11:24:13 5176 [Note] InnoDB: The log sequence numbers 1626134 and 1626134 in ibdata files do not match the log sequence number 1834680 in the ib_logfiles!
2018-05-15 11:24:13 5176 [Note] InnoDB: Database was not shutdown normally!
2018-05-15 11:24:13 5176 [Note] InnoDB: Starting crash recovery.
2018-05-15 11:24:13 5176 [Note] InnoDB: Reading tablespace information from the .ibd files...
2018-05-15 11:24:13 5176 [Note] InnoDB: Restoring possible half-written data pages 
2018-05-15 11:24:13 5176 [Note] InnoDB: from the doublewrite buffer...
2018-05-15 11:24:15 5176 [Note] InnoDB: 128 rollback segment(s) are active.
2018-05-15 11:24:15 5176 [Note] InnoDB: Waiting for purge to start
2018-05-15 11:24:15 5176 [Note] InnoDB: 5.6.13 started; log sequence number 1834680
2018-05-15 11:24:15 5176 [Note] Server hostname (bind-address): '*'; port: 3307
2018-05-15 11:24:15 5176 [Note] IPv6 is available.
2018-05-15 11:24:15 5176 [Note]   - '::' resolves to '::';
2018-05-15 11:24:15 5176 [Note] Server socket created on IP: '::'.
2018-05-15 11:24:15 5176 [Note] Event Scheduler: Loaded 0 events
2018-05-15 11:24:15 5176 [Note] F:\Arquivos\USBWebserver v8.6/mysql/bin/mysqld_usbwv8.exe: ready for connections.
Version: '5.6.13'  socket: ''  port: 3307  MySQL Community Server (GPL)
2018-05-17 11:31:18 884 [Note] Plugin 'FEDERATED' is disabled.
2018-05-17 11:31:18 884 [Note] InnoDB: The InnoDB memory heap is disabled
2018-05-17 11:31:18 884 [Note] InnoDB: Mutexes and rw_locks use Windows interlocked functions
2018-05-17 11:31:18 884 [Note] InnoDB: Compressed tables use zlib 1.2.3
2018-05-17 11:31:18 884 [Note] InnoDB: Not using CPU crc32 instructions
2018-05-17 11:31:18 884 [Note] InnoDB: Initializing buffer pool, size = 128.0M
2018-05-17 11:31:18 884 [Note] InnoDB: Completed initialization of buffer pool
2018-05-17 11:31:18 884 [Note] InnoDB: Highest supported file format is Barracuda.
2018-05-17 11:31:18 884 [Note] InnoDB: The log sequence numbers 1626134 and 1626134 in ibdata files do not match the log sequence number 2076461 in the ib_logfiles!
2018-05-17 11:31:18 884 [Note] InnoDB: Database was not shutdown normally!
2018-05-17 11:31:18 884 [Note] InnoDB: Starting crash recovery.
2018-05-17 11:31:18 884 [Note] InnoDB: Reading tablespace information from the .ibd files...
2018-05-17 11:31:18 884 [Note] InnoDB: Restoring possible half-written data pages 
2018-05-17 11:31:18 884 [Note] InnoDB: from the doublewrite buffer...
2018-05-17 11:31:19 884 [Note] InnoDB: 128 rollback segment(s) are active.
2018-05-17 11:31:19 884 [Note] InnoDB: Waiting for purge to start
2018-05-17 11:31:19 884 [Note] InnoDB: 5.6.13 started; log sequence number 2076461
2018-05-17 11:31:19 884 [Note] Server hostname (bind-address): '*'; port: 3307
2018-05-17 11:31:19 884 [Note] IPv6 is available.
2018-05-17 11:31:19 884 [Note]   - '::' resolves to '::';
2018-05-17 11:31:19 884 [Note] Server socket created on IP: '::'.
2018-05-17 11:31:20 884 [Note] Event Scheduler: Loaded 0 events
2018-05-17 11:31:20 884 [Note] F:\Arquivos\USBWebserver v8.6/mysql/bin/mysqld_usbwv8.exe: ready for connections.
Version: '5.6.13'  socket: ''  port: 3307  MySQL Community Server (GPL)
2018-05-18 10:52:28 5976 [Note] Plugin 'FEDERATED' is disabled.
2018-05-18 10:52:29 5976 [Note] InnoDB: The InnoDB memory heap is disabled
2018-05-18 10:52:29 5976 [Note] InnoDB: Mutexes and rw_locks use Windows interlocked functions
2018-05-18 10:52:29 5976 [Note] InnoDB: Compressed tables use zlib 1.2.3
2018-05-18 10:52:29 5976 [Note] InnoDB: Not using CPU crc32 instructions
2018-05-18 10:52:29 5976 [Note] InnoDB: Initializing buffer pool, size = 128.0M
2018-05-18 10:52:29 5976 [Note] InnoDB: Completed initialization of buffer pool
2018-05-18 10:52:29 5976 [Note] InnoDB: Highest supported file format is Barracuda.
2018-05-18 10:52:29 5976 [Note] InnoDB: The log sequence numbers 1626134 and 1626134 in ibdata files do not match the log sequence number 2121848 in the ib_logfiles!
2018-05-18 10:52:29 5976 [Note] InnoDB: Database was not shutdown normally!
2018-05-18 10:52:29 5976 [Note] InnoDB: Starting crash recovery.
2018-05-18 10:52:29 5976 [Note] InnoDB: Reading tablespace information from the .ibd files...
2018-05-18 10:52:29 5976 [Note] InnoDB: Restoring possible half-written data pages 
2018-05-18 10:52:29 5976 [Note] InnoDB: from the doublewrite buffer...
2018-05-18 10:52:30 5976 [Note] InnoDB: 128 rollback segment(s) are active.
2018-05-18 10:52:30 5976 [Note] InnoDB: Waiting for purge to start
2018-05-18 10:52:30 5976 [Note] InnoDB: 5.6.13 started; log sequence number 2121848
2018-05-18 10:52:30 5976 [Note] Server hostname (bind-address): '*'; port: 3307
2018-05-18 10:52:30 5976 [Note] IPv6 is available.
2018-05-18 10:52:30 5976 [Note]   - '::' resolves to '::';
2018-05-18 10:52:30 5976 [Note] Server socket created on IP: '::'.
2018-05-18 10:52:31 5976 [Note] Event Scheduler: Loaded 0 events
2018-05-18 10:52:31 5976 [Note] F:\Arquivos\USBWebserver v8.6/mysql/bin/mysqld_usbwv8.exe: ready for connections.
Version: '5.6.13'  socket: ''  port: 3307  MySQL Community Server (GPL)
2018-05-18 13:03:42 6372 [Note] Plugin 'FEDERATED' is disabled.
2018-05-18 13:03:42 6372 [Note] InnoDB: The InnoDB memory heap is disabled
2018-05-18 13:03:42 6372 [Note] InnoDB: Mutexes and rw_locks use Windows interlocked functions
2018-05-18 13:03:42 6372 [Note] InnoDB: Compressed tables use zlib 1.2.3
2018-05-18 13:03:42 6372 [Note] InnoDB: Not using CPU crc32 instructions
2018-05-18 13:03:42 6372 [Note] InnoDB: Initializing buffer pool, size = 128.0M
2018-05-18 13:03:42 6372 [Note] InnoDB: Completed initialization of buffer pool
2018-05-18 13:03:42 6372 [Note] InnoDB: Highest supported file format is Barracuda.
2018-05-18 13:03:42 6372 [Note] InnoDB: The log sequence numbers 1626134 and 1626134 in ibdata files do not match the log sequence number 2121858 in the ib_logfiles!
2018-05-18 13:03:42 6372 [Note] InnoDB: Database was not shutdown normally!
2018-05-18 13:03:42 6372 [Note] InnoDB: Starting crash recovery.
2018-05-18 13:03:42 6372 [Note] InnoDB: Reading tablespace information from the .ibd files...
2018-05-18 13:03:42 6372 [Note] InnoDB: Restoring possible half-written data pages 
2018-05-18 13:03:42 6372 [Note] InnoDB: from the doublewrite buffer...
2018-05-18 13:03:42 6372 [Note] InnoDB: 128 rollback segment(s) are active.
2018-05-18 13:03:42 6372 [Note] InnoDB: Waiting for purge to start
2018-05-18 13:03:43 6372 [Note] InnoDB: 5.6.13 started; log sequence number 2121858
2018-05-18 13:03:43 6372 [Note] Server hostname (bind-address): '*'; port: 3307
2018-05-18 13:03:43 6372 [Note] IPv6 is available.
2018-05-18 13:03:43 6372 [Note]   - '::' resolves to '::';
2018-05-18 13:03:43 6372 [Note] Server socket created on IP: '::'.
2018-05-18 13:03:43 6372 [Note] Event Scheduler: Loaded 0 events
2018-05-18 13:03:43 6372 [Note] F:\Arquivos\USBWebserver v8.6/mysql/bin/mysqld_usbwv8.exe: ready for connections.
Version: '5.6.13'  socket: ''  port: 3307  MySQL Community Server (GPL)
2018-05-18 14:16:08 4672 [Note] Plugin 'FEDERATED' is disabled.
2018-05-18 14:16:08 4672 [Note] InnoDB: The InnoDB memory heap is disabled
2018-05-18 14:16:08 4672 [Note] InnoDB: Mutexes and rw_locks use Windows interlocked functions
2018-05-18 14:16:08 4672 [Note] InnoDB: Compressed tables use zlib 1.2.3
2018-05-18 14:16:08 4672 [Note] InnoDB: Not using CPU crc32 instructions
2018-05-18 14:16:08 4672 [Note] InnoDB: Initializing buffer pool, size = 128.0M
2018-05-18 14:16:08 4672 [Note] InnoDB: Completed initialization of buffer pool
2018-05-18 14:16:08 4672 [Note] InnoDB: Highest supported file format is Barracuda.
2018-05-18 14:16:08 4672 [Note] InnoDB: The log sequence numbers 1626134 and 1626134 in ibdata files do not match the log sequence number 2121868 in the ib_logfiles!
2018-05-18 14:16:08 4672 [Note] InnoDB: Database was not shutdown normally!
2018-05-18 14:16:08 4672 [Note] InnoDB: Starting crash recovery.
2018-05-18 14:16:08 4672 [Note] InnoDB: Reading tablespace information from the .ibd files...
2018-05-18 14:16:08 4672 [Note] InnoDB: Restoring possible half-written data pages 
2018-05-18 14:16:08 4672 [Note] InnoDB: from the doublewrite buffer...
2018-05-18 14:16:09 4672 [Note] InnoDB: 128 rollback segment(s) are active.
2018-05-18 14:16:09 4672 [Note] InnoDB: Waiting for purge to start
2018-05-18 14:16:09 4672 [Note] InnoDB: 5.6.13 started; log sequence number 2121868
2018-05-18 14:16:09 4672 [Note] Server hostname (bind-address): '*'; port: 3307
2018-05-18 14:16:09 4672 [Note] IPv6 is available.
2018-05-18 14:16:09 4672 [Note]   - '::' resolves to '::';
2018-05-18 14:16:09 4672 [Note] Server socket created on IP: '::'.
2018-05-18 14:16:09 4672 [Note] Event Scheduler: Loaded 0 events
2018-05-18 14:16:09 4672 [Note] F:\Arquivos\USBWebserver v8.6/mysql/bin/mysqld_usbwv8.exe: ready for connections.
Version: '5.6.13'  socket: ''  port: 3307  MySQL Community Server (GPL)
2018-05-18 19:10:07 6624 [Note] Plugin 'FEDERATED' is disabled.
2018-05-18 19:10:07 6624 [Note] InnoDB: The InnoDB memory heap is disabled
2018-05-18 19:10:07 6624 [Note] InnoDB: Mutexes and rw_locks use Windows interlocked functions
2018-05-18 19:10:07 6624 [Note] InnoDB: Compressed tables use zlib 1.2.3
2018-05-18 19:10:07 6624 [Note] InnoDB: Not using CPU crc32 instructions
2018-05-18 19:10:07 6624 [Note] InnoDB: Initializing buffer pool, size = 128.0M
2018-05-18 19:10:07 6624 [Note] InnoDB: Completed initialization of buffer pool
2018-05-18 19:10:07 6624 [Note] InnoDB: Highest supported file format is Barracuda.
2018-05-18 19:10:07 6624 [Note] InnoDB: The log sequence numbers 1626134 and 1626134 in ibdata files do not match the log sequence number 2121878 in the ib_logfiles!
2018-05-18 19:10:07 6624 [Note] InnoDB: Database was not shutdown normally!
2018-05-18 19:10:07 6624 [Note] InnoDB: Starting crash recovery.
2018-05-18 19:10:07 6624 [Note] InnoDB: Reading tablespace information from the .ibd files...
2018-05-18 19:10:08 6624 [Note] InnoDB: Restoring possible half-written data pages 
2018-05-18 19:10:08 6624 [Note] InnoDB: from the doublewrite buffer...
2018-05-18 19:10:09 6624 [Note] InnoDB: 128 rollback segment(s) are active.
2018-05-18 19:10:09 6624 [Note] InnoDB: Waiting for purge to start
2018-05-18 19:10:09 6624 [Note] InnoDB: 5.6.13 started; log sequence number 2121878
2018-05-18 19:10:09 6624 [Note] Server hostname (bind-address): '*'; port: 3307
2018-05-18 19:10:09 6624 [Note] IPv6 is available.
2018-05-18 19:10:09 6624 [Note]   - '::' resolves to '::';
2018-05-18 19:10:09 6624 [Note] Server socket created on IP: '::'.
2018-05-18 19:10:09 6624 [Note] Event Scheduler: Loaded 0 events
2018-05-18 19:10:09 6624 [Note] F:\Arquivos\USBWebserver v8.6/mysql/bin/mysqld_usbwv8.exe: ready for connections.
Version: '5.6.13'  socket: ''  port: 3307  MySQL Community Server (GPL)
2018-05-21 19:32:57 1896 [Note] Plugin 'FEDERATED' is disabled.
2018-05-21 19:32:57 1896 [Note] InnoDB: The InnoDB memory heap is disabled
2018-05-21 19:32:57 1896 [Note] InnoDB: Mutexes and rw_locks use Windows interlocked functions
2018-05-21 19:32:57 1896 [Note] InnoDB: Compressed tables use zlib 1.2.3
2018-05-21 19:32:57 1896 [Note] InnoDB: Not using CPU crc32 instructions
2018-05-21 19:32:57 1896 [Note] InnoDB: Initializing buffer pool, size = 128.0M
2018-05-21 19:32:57 1896 [Note] InnoDB: Completed initialization of buffer pool
2018-05-21 19:32:57 1896 [Note] InnoDB: Highest supported file format is Barracuda.
2018-05-21 19:32:57 1896 [Note] InnoDB: The log sequence numbers 1626134 and 1626134 in ibdata files do not match the log sequence number 2121898 in the ib_logfiles!
2018-05-21 19:32:57 1896 [Note] InnoDB: Database was not shutdown normally!
2018-05-21 19:32:57 1896 [Note] InnoDB: Starting crash recovery.
2018-05-21 19:32:57 1896 [Note] InnoDB: Reading tablespace information from the .ibd files...
2018-05-21 19:32:57 1896 [Note] InnoDB: Restoring possible half-written data pages 
2018-05-21 19:32:57 1896 [Note] InnoDB: from the doublewrite buffer...
2018-05-21 19:32:58 1896 [Note] InnoDB: 128 rollback segment(s) are active.
2018-05-21 19:32:58 1896 [Note] InnoDB: Waiting for purge to start
2018-05-21 19:32:59 1896 [Note] InnoDB: 5.6.13 started; log sequence number 2121898
2018-05-21 19:32:59 1896 [Note] Server hostname (bind-address): '*'; port: 3307
2018-05-21 19:32:59 1896 [Note] IPv6 is available.
2018-05-21 19:32:59 1896 [Note]   - '::' resolves to '::';
2018-05-21 19:32:59 1896 [Note] Server socket created on IP: '::'.
2018-05-21 19:32:59 1896 [Note] Event Scheduler: Loaded 0 events
2018-05-21 19:32:59 1896 [Note] G:\Arquivos\USBWebserver v8.6/mysql/bin/mysqld_usbwv8.exe: ready for connections.
Version: '5.6.13'  socket: ''  port: 3307  MySQL Community Server (GPL)
2018-05-22 19:30:50 4256 [Note] Plugin 'FEDERATED' is disabled.
2018-05-22 19:30:50 4256 [Note] InnoDB: The InnoDB memory heap is disabled
2018-05-22 19:30:50 4256 [Note] InnoDB: Mutexes and rw_locks use Windows interlocked functions
2018-05-22 19:30:50 4256 [Note] InnoDB: Compressed tables use zlib 1.2.3
2018-05-22 19:30:50 4256 [Note] InnoDB: Not using CPU crc32 instructions
2018-05-22 19:30:50 4256 [Note] InnoDB: Initializing buffer pool, size = 128.0M
2018-05-22 19:30:50 4256 [Note] InnoDB: Completed initialization of buffer pool
2018-05-22 19:30:50 4256 [Note] InnoDB: Highest supported file format is Barracuda.
2018-05-22 19:30:50 4256 [Note] InnoDB: The log sequence numbers 1626134 and 1626134 in ibdata files do not match the log sequence number 2123131 in the ib_logfiles!
2018-05-22 19:30:50 4256 [Note] InnoDB: Database was not shutdown normally!
2018-05-22 19:30:50 4256 [Note] InnoDB: Starting crash recovery.
2018-05-22 19:30:50 4256 [Note] InnoDB: Reading tablespace information from the .ibd files...
2018-05-22 19:30:50 4256 [Note] InnoDB: Restoring possible half-written data pages 
2018-05-22 19:30:50 4256 [Note] InnoDB: from the doublewrite buffer...
2018-05-22 19:30:52 4256 [Note] InnoDB: 128 rollback segment(s) are active.
2018-05-22 19:30:52 4256 [Note] InnoDB: Waiting for purge to start
2018-05-22 19:30:52 4256 [Note] InnoDB: 5.6.13 started; log sequence number 2123131
2018-05-22 19:30:52 4256 [Note] Server hostname (bind-address): '*'; port: 3307
2018-05-22 19:30:52 4256 [Note] IPv6 is available.
2018-05-22 19:30:52 4256 [Note]   - '::' resolves to '::';
2018-05-22 19:30:52 4256 [Note] Server socket created on IP: '::'.
2018-05-22 19:30:52 4256 [Note] Event Scheduler: Loaded 0 events
2018-05-22 19:30:52 4256 [Note] F:\Arquivos\USBWebserver v8.6/mysql/bin/mysqld_usbwv8.exe: ready for connections.
Version: '5.6.13'  socket: ''  port: 3307  MySQL Community Server (GPL)
2018-05-23 13:49:28 5504 [Note] Plugin 'FEDERATED' is disabled.
2018-05-23 13:49:28 5504 [Note] InnoDB: The InnoDB memory heap is disabled
2018-05-23 13:49:28 5504 [Note] InnoDB: Mutexes and rw_locks use Windows interlocked functions
2018-05-23 13:49:28 5504 [Note] InnoDB: Compressed tables use zlib 1.2.3
2018-05-23 13:49:28 5504 [Note] InnoDB: Not using CPU crc32 instructions
2018-05-23 13:49:28 5504 [Note] InnoDB: Initializing buffer pool, size = 128.0M
2018-05-23 13:49:28 5504 [Note] InnoDB: Completed initialization of buffer pool
2018-05-23 13:49:28 5504 [Note] InnoDB: Highest supported file format is Barracuda.
2018-05-23 13:49:28 5504 [Note] InnoDB: The log sequence numbers 1626134 and 1626134 in ibdata files do not match the log sequence number 2123345 in the ib_logfiles!
2018-05-23 13:49:28 5504 [Note] InnoDB: Database was not shutdown normally!
2018-05-23 13:49:28 5504 [Note] InnoDB: Starting crash recovery.
2018-05-23 13:49:28 5504 [Note] InnoDB: Reading tablespace information from the .ibd files...
2018-05-23 13:49:28 5504 [Note] InnoDB: Restoring possible half-written data pages 
2018-05-23 13:49:28 5504 [Note] InnoDB: from the doublewrite buffer...
2018-05-23 13:49:30 5504 [Note] InnoDB: 128 rollback segment(s) are active.
2018-05-23 13:49:30 5504 [Note] InnoDB: Waiting for purge to start
2018-05-23 13:49:30 5504 [Note] InnoDB: 5.6.13 started; log sequence number 2123345
2018-05-23 13:49:30 5504 [Note] Server hostname (bind-address): '*'; port: 3307
2018-05-23 13:49:30 5504 [Note] IPv6 is available.
2018-05-23 13:49:30 5504 [Note]   - '::' resolves to '::';
2018-05-23 13:49:30 5504 [Note] Server socket created on IP: '::'.
2018-05-23 13:49:30 5504 [Note] Event Scheduler: Loaded 0 events
2018-05-23 13:49:30 5504 [Note] F:\Arquivos\USBWebserver v8.6/mysql/bin/mysqld_usbwv8.exe: ready for connections.
Version: '5.6.13'  socket: ''  port: 3307  MySQL Community Server (GPL)
2018-05-24 12:18:57 3640 [Note] Plugin 'FEDERATED' is disabled.
2018-05-24 12:18:57 3640 [Note] InnoDB: The InnoDB memory heap is disabled
2018-05-24 12:18:57 3640 [Note] InnoDB: Mutexes and rw_locks use Windows interlocked functions
2018-05-24 12:18:57 3640 [Note] InnoDB: Compressed tables use zlib 1.2.3
2018-05-24 12:18:57 3640 [Note] InnoDB: Not using CPU crc32 instructions
2018-05-24 12:18:57 3640 [Note] InnoDB: Initializing buffer pool, size = 128.0M
2018-05-24 12:18:57 3640 [Note] InnoDB: Completed initialization of buffer pool
2018-05-24 12:18:57 3640 [Note] InnoDB: Highest supported file format is Barracuda.
2018-05-24 12:18:57 3640 [Note] InnoDB: The log sequence numbers 1626134 and 1626134 in ibdata files do not match the log sequence number 2139935 in the ib_logfiles!
2018-05-24 12:18:57 3640 [Note] InnoDB: Database was not shutdown normally!
2018-05-24 12:18:57 3640 [Note] InnoDB: Starting crash recovery.
2018-05-24 12:18:57 3640 [Note] InnoDB: Reading tablespace information from the .ibd files...
2018-05-24 12:18:57 3640 [Note] InnoDB: Restoring possible half-written data pages 
2018-05-24 12:18:57 3640 [Note] InnoDB: from the doublewrite buffer...
2018-05-24 12:18:59 3640 [Note] InnoDB: 128 rollback segment(s) are active.
2018-05-24 12:18:59 3640 [Note] InnoDB: Waiting for purge to start
2018-05-24 12:18:59 3640 [Note] InnoDB: 5.6.13 started; log sequence number 2139935
2018-05-24 12:18:59 3640 [Note] Server hostname (bind-address): '*'; port: 3307
2018-05-24 12:18:59 3640 [Note] IPv6 is available.
2018-05-24 12:18:59 3640 [Note]   - '::' resolves to '::';
2018-05-24 12:18:59 3640 [Note] Server socket created on IP: '::'.
2018-05-24 12:18:59 3640 [Note] Event Scheduler: Loaded 0 events
2018-05-24 12:18:59 3640 [Note] F:\Arquivos\USBWebserver v8.6/mysql/bin/mysqld_usbwv8.exe: ready for connections.
Version: '5.6.13'  socket: ''  port: 3307  MySQL Community Server (GPL)
2018-05-28 19:21:06 6044 [Note] Plugin 'FEDERATED' is disabled.
2018-05-28 19:21:06 6044 [Note] InnoDB: The InnoDB memory heap is disabled
2018-05-28 19:21:06 6044 [Note] InnoDB: Mutexes and rw_locks use Windows interlocked functions
2018-05-28 19:21:06 6044 [Note] InnoDB: Compressed tables use zlib 1.2.3
2018-05-28 19:21:06 6044 [Note] InnoDB: Not using CPU crc32 instructions
2018-05-28 19:21:06 6044 [Note] InnoDB: Initializing buffer pool, size = 128.0M
2018-05-28 19:21:06 6044 [Note] InnoDB: Completed initialization of buffer pool
2018-05-28 19:21:06 6044 [Note] InnoDB: Highest supported file format is Barracuda.
2018-05-28 19:21:06 6044 [Note] InnoDB: The log sequence numbers 1626134 and 1626134 in ibdata files do not match the log sequence number 2142591 in the ib_logfiles!
2018-05-28 19:21:06 6044 [Note] InnoDB: Database was not shutdown normally!
2018-05-28 19:21:06 6044 [Note] InnoDB: Starting crash recovery.
2018-05-28 19:21:06 6044 [Note] InnoDB: Reading tablespace information from the .ibd files...
2018-05-28 19:21:06 6044 [Note] InnoDB: Restoring possible half-written data pages 
2018-05-28 19:21:06 6044 [Note] InnoDB: from the doublewrite buffer...
2018-05-28 19:21:07 6044 [Note] InnoDB: 128 rollback segment(s) are active.
2018-05-28 19:21:07 6044 [Note] InnoDB: Waiting for purge to start
2018-05-28 19:21:07 6044 [Note] InnoDB: 5.6.13 started; log sequence number 2142591
2018-05-28 19:21:07 6044 [Note] Server hostname (bind-address): '*'; port: 3307
2018-05-28 19:21:07 6044 [Note] IPv6 is available.
2018-05-28 19:21:07 6044 [Note]   - '::' resolves to '::';
2018-05-28 19:21:07 6044 [Note] Server socket created on IP: '::'.
2018-05-28 19:21:08 6044 [Note] Event Scheduler: Loaded 0 events
2018-05-28 19:21:08 6044 [Note] F:\Arquivos\USBWebserver v8.6/mysql/bin/mysqld_usbwv8.exe: ready for connections.
Version: '5.6.13'  socket: ''  port: 3307  MySQL Community Server (GPL)
2018-05-28 22:06:36 2704 [Note] Plugin 'FEDERATED' is disabled.
2018-05-28 22:06:36 2704 [Note] InnoDB: The InnoDB memory heap is disabled
2018-05-28 22:06:36 2704 [Note] InnoDB: Mutexes and rw_locks use Windows interlocked functions
2018-05-28 22:06:36 2704 [Note] InnoDB: Compressed tables use zlib 1.2.3
2018-05-28 22:06:36 2704 [Note] InnoDB: Not using CPU crc32 instructions
2018-05-28 22:06:36 2704 [Note] InnoDB: Initializing buffer pool, size = 128.0M
2018-05-28 22:06:36 2704 [Note] InnoDB: Completed initialization of buffer pool
2018-05-28 22:06:36 2704 [Note] InnoDB: Highest supported file format is Barracuda.
2018-05-28 22:06:36 2704 [Note] InnoDB: The log sequence numbers 1626134 and 1626134 in ibdata files do not match the log sequence number 2146455 in the ib_logfiles!
2018-05-28 22:06:36 2704 [Note] InnoDB: Database was not shutdown normally!
2018-05-28 22:06:36 2704 [Note] InnoDB: Starting crash recovery.
2018-05-28 22:06:36 2704 [Note] InnoDB: Reading tablespace information from the .ibd files...
2018-05-28 22:06:36 2704 [Note] InnoDB: Restoring possible half-written data pages 
2018-05-28 22:06:36 2704 [Note] InnoDB: from the doublewrite buffer...
2018-05-28 22:06:37 2704 [Note] InnoDB: 128 rollback segment(s) are active.
2018-05-28 22:06:37 2704 [Note] InnoDB: Waiting for purge to start
2018-05-28 22:06:37 2704 [Note] InnoDB: 5.6.13 started; log sequence number 2146455
2018-05-28 22:06:37 2704 [Note] Server hostname (bind-address): '*'; port: 3307
2018-05-28 22:06:37 2704 [Note] IPv6 is available.
2018-05-28 22:06:37 2704 [Note]   - '::' resolves to '::';
2018-05-28 22:06:37 2704 [Note] Server socket created on IP: '::'.
2018-05-28 22:06:38 2704 [Note] Event Scheduler: Loaded 0 events
2018-05-28 22:06:38 2704 [Note] F:\Arquivos\USBWebserver v8.6/mysql/bin/mysqld_usbwv8.exe: ready for connections.
Version: '5.6.13'  socket: ''  port: 3307  MySQL Community Server (GPL)
2018-05-29 10:43:11 4136 [Note] Plugin 'FEDERATED' is disabled.
2018-05-29 10:43:11 4136 [Note] InnoDB: The InnoDB memory heap is disabled
2018-05-29 10:43:11 4136 [Note] InnoDB: Mutexes and rw_locks use Windows interlocked functions
2018-05-29 10:43:11 4136 [Note] InnoDB: Compressed tables use zlib 1.2.3
2018-05-29 10:43:11 4136 [Note] InnoDB: Not using CPU crc32 instructions
2018-05-29 10:43:11 4136 [Note] InnoDB: Initializing buffer pool, size = 128.0M
2018-05-29 10:43:11 4136 [Note] InnoDB: Completed initialization of buffer pool
2018-05-29 10:43:11 4136 [Note] InnoDB: Highest supported file format is Barracuda.
2018-05-29 10:43:11 4136 [Note] InnoDB: The log sequence numbers 1626134 and 1626134 in ibdata files do not match the log sequence number 2151162 in the ib_logfiles!
2018-05-29 10:43:11 4136 [Note] InnoDB: Database was not shutdown normally!
2018-05-29 10:43:11 4136 [Note] InnoDB: Starting crash recovery.
2018-05-29 10:43:11 4136 [Note] InnoDB: Reading tablespace information from the .ibd files...
2018-05-29 10:43:11 4136 [Note] InnoDB: Restoring possible half-written data pages 
2018-05-29 10:43:11 4136 [Note] InnoDB: from the doublewrite buffer...
2018-05-29 10:43:13 4136 [Note] InnoDB: 128 rollback segment(s) are active.
2018-05-29 10:43:13 4136 [Note] InnoDB: Waiting for purge to start
2018-05-29 10:43:13 4136 [Note] InnoDB: 5.6.13 started; log sequence number 2151162
2018-05-29 10:43:13 4136 [Note] Server hostname (bind-address): '*'; port: 3307
2018-05-29 10:43:13 4136 [Note] IPv6 is available.
2018-05-29 10:43:13 4136 [Note]   - '::' resolves to '::';
2018-05-29 10:43:13 4136 [Note] Server socket created on IP: '::'.
2018-05-29 10:43:13 4136 [Note] Event Scheduler: Loaded 0 events
2018-05-29 10:43:13 4136 [Note] F:\Arquivos\USBWebserver v8.6/mysql/bin/mysqld_usbwv8.exe: ready for connections.
Version: '5.6.13'  socket: ''  port: 3307  MySQL Community Server (GPL)
2018-05-29 19:30:55 4132 [Note] Plugin 'FEDERATED' is disabled.
2018-05-29 19:30:55 4132 [Note] InnoDB: The InnoDB memory heap is disabled
2018-05-29 19:30:55 4132 [Note] InnoDB: Mutexes and rw_locks use Windows interlocked functions
2018-05-29 19:30:55 4132 [Note] InnoDB: Compressed tables use zlib 1.2.3
2018-05-29 19:30:55 4132 [Note] InnoDB: Not using CPU crc32 instructions
2018-05-29 19:30:55 4132 [Note] InnoDB: Initializing buffer pool, size = 128.0M
2018-05-29 19:30:55 4132 [Note] InnoDB: Completed initialization of buffer pool
2018-05-29 19:30:55 4132 [Note] InnoDB: Highest supported file format is Barracuda.
2018-05-29 19:30:55 4132 [Note] InnoDB: The log sequence numbers 1626134 and 1626134 in ibdata files do not match the log sequence number 2167662 in the ib_logfiles!
2018-05-29 19:30:55 4132 [Note] InnoDB: Database was not shutdown normally!
2018-05-29 19:30:55 4132 [Note] InnoDB: Starting crash recovery.
2018-05-29 19:30:55 4132 [Note] InnoDB: Reading tablespace information from the .ibd files...
2018-05-29 19:30:55 4132 [Note] InnoDB: Restoring possible half-written data pages 
2018-05-29 19:30:55 4132 [Note] InnoDB: from the doublewrite buffer...
2018-05-29 19:30:56 4132 [Note] InnoDB: 128 rollback segment(s) are active.
2018-05-29 19:30:56 4132 [Note] InnoDB: Waiting for purge to start
2018-05-29 19:30:56 4132 [Note] InnoDB: 5.6.13 started; log sequence number 2167662
2018-05-29 19:30:56 4132 [Note] Server hostname (bind-address): '*'; port: 3307
2018-05-29 19:30:56 4132 [Note] IPv6 is available.
2018-05-29 19:30:56 4132 [Note]   - '::' resolves to '::';
2018-05-29 19:30:56 4132 [Note] Server socket created on IP: '::'.
2018-05-29 19:30:57 4132 [Note] Event Scheduler: Loaded 0 events
2018-05-29 19:30:57 4132 [Note] G:\Arquivos\USBWebserver v8.6/mysql/bin/mysqld_usbwv8.exe: ready for connections.
Version: '5.6.13'  socket: ''  port: 3307  MySQL Community Server (GPL)
2018-06-15 15:19:29 2208 [Note] Plugin 'FEDERATED' is disabled.
2018-06-15 15:19:29 2208 [Note] InnoDB: The InnoDB memory heap is disabled
2018-06-15 15:19:29 2208 [Note] InnoDB: Mutexes and rw_locks use Windows interlocked functions
2018-06-15 15:19:29 2208 [Note] InnoDB: Compressed tables use zlib 1.2.3
2018-06-15 15:19:29 2208 [Note] InnoDB: Not using CPU crc32 instructions
2018-06-15 15:19:29 2208 [Note] InnoDB: Initializing buffer pool, size = 128.0M
2018-06-15 15:19:29 2208 [Note] InnoDB: Completed initialization of buffer pool
2018-06-15 15:19:29 2208 [Note] InnoDB: Highest supported file format is Barracuda.
2018-06-15 15:19:29 2208 [Note] InnoDB: The log sequence numbers 1626134 and 1626134 in ibdata files do not match the log sequence number 2929570 in the ib_logfiles!
2018-06-15 15:19:29 2208 [Note] InnoDB: Database was not shutdown normally!
2018-06-15 15:19:29 2208 [Note] InnoDB: Starting crash recovery.
2018-06-15 15:19:29 2208 [Note] InnoDB: Reading tablespace information from the .ibd files...
2018-06-15 15:19:29 2208 [Note] InnoDB: Restoring possible half-written data pages 
2018-06-15 15:19:29 2208 [Note] InnoDB: from the doublewrite buffer...
2018-06-15 15:19:34 2208 [Note] InnoDB: 128 rollback segment(s) are active.
2018-06-15 15:19:34 2208 [Note] InnoDB: Waiting for purge to start
2018-06-15 15:19:34 2208 [Note] InnoDB: 5.6.13 started; log sequence number 2929570
2018-06-15 15:19:34 2208 [Note] Server hostname (bind-address): '*'; port: 3307
2018-06-15 15:19:34 2208 [Note] IPv6 is available.
2018-06-15 15:19:34 2208 [Note]   - '::' resolves to '::';
2018-06-15 15:19:34 2208 [Note] Server socket created on IP: '::'.
2018-06-15 15:19:34 2208 [Note] Event Scheduler: Loaded 0 events
2018-06-15 15:19:34 2208 [Note] F:\Arquivos\USBWebserver v8.6/mysql/bin/mysqld_usbwv8.exe: ready for connections.
Version: '5.6.13'  socket: ''  port: 3307  MySQL Community Server (GPL)
2019-03-28 10:45:13 3664 [Note] Plugin 'FEDERATED' is disabled.
2019-03-28 10:45:13 3664 [Note] InnoDB: The InnoDB memory heap is disabled
2019-03-28 10:45:13 3664 [Note] InnoDB: Mutexes and rw_locks use Windows interlocked functions
2019-03-28 10:45:13 3664 [Note] InnoDB: Compressed tables use zlib 1.2.3
2019-03-28 10:45:13 3664 [Note] InnoDB: Not using CPU crc32 instructions
2019-03-28 10:45:13 3664 [Note] InnoDB: Initializing buffer pool, size = 128.0M
2019-03-28 10:45:13 3664 [Note] InnoDB: Completed initialization of buffer pool
2019-03-28 10:45:13 3664 [Note] InnoDB: Highest supported file format is Barracuda.
2019-03-28 10:45:13 3664 [Note] InnoDB: The log sequence numbers 1626134 and 1626134 in ibdata files do not match the log sequence number 4085296 in the ib_logfiles!
2019-03-28 10:45:13 3664 [Note] InnoDB: Database was not shutdown normally!
2019-03-28 10:45:13 3664 [Note] InnoDB: Starting crash recovery.
2019-03-28 10:45:13 3664 [Note] InnoDB: Reading tablespace information from the .ibd files...
2019-03-28 10:45:14 3664 [Note] InnoDB: Restoring possible half-written data pages 
2019-03-28 10:45:14 3664 [Note] InnoDB: from the doublewrite buffer...
2019-03-28 10:45:16 3664 [Note] InnoDB: 128 rollback segment(s) are active.
2019-03-28 10:45:16 3664 [Note] InnoDB: Waiting for purge to start
2019-03-28 10:45:16 3664 [Note] InnoDB: 5.6.13 started; log sequence number 4085296
2019-03-28 10:45:16 3664 [Note] Server hostname (bind-address): '*'; port: 3307
2019-03-28 10:45:16 3664 [Note] IPv6 is available.
2019-03-28 10:45:16 3664 [Note]   - '::' resolves to '::';
2019-03-28 10:45:16 3664 [Note] Server socket created on IP: '::'.
2019-04-09 11:52:49 7116 [Note] Plugin 'FEDERATED' is disabled.
2019-04-09 11:52:50 7116 [Note] InnoDB: The InnoDB memory heap is disabled
2019-04-09 11:52:50 7116 [Note] InnoDB: Mutexes and rw_locks use Windows interlocked functions
2019-04-09 11:52:50 7116 [Note] InnoDB: Compressed tables use zlib 1.2.3
2019-04-09 11:52:50 7116 [Note] InnoDB: Not using CPU crc32 instructions
2019-04-09 11:52:50 7116 [Note] InnoDB: Initializing buffer pool, size = 128.0M
2019-04-09 11:52:50 7116 [Note] InnoDB: Completed initialization of buffer pool
2019-04-09 11:52:50 7116 [Note] InnoDB: Highest supported file format is Barracuda.
2019-04-09 11:52:50 7116 [Note] InnoDB: The log sequence numbers 1626134 and 1626134 in ibdata files do not match the log sequence number 4107953 in the ib_logfiles!
2019-04-09 11:52:50 7116 [Note] InnoDB: Database was not shutdown normally!
2019-04-09 11:52:50 7116 [Note] InnoDB: Starting crash recovery.
2019-04-09 11:52:50 7116 [Note] InnoDB: Reading tablespace information from the .ibd files...
2019-04-09 11:52:53 7116 [Note] InnoDB: Restoring possible half-written data pages 
2019-04-09 11:52:53 7116 [Note] InnoDB: from the doublewrite buffer...
2019-04-09 11:52:54 7116 [Note] InnoDB: 128 rollback segment(s) are active.
2019-04-09 11:52:54 7116 [Note] InnoDB: Waiting for purge to start
2019-04-09 11:52:54 7116 [Note] InnoDB: 5.6.13 started; log sequence number 4107953
2019-04-09 11:52:54 7116 [Note] Server hostname (bind-address): '*'; port: 3307
2019-04-09 11:52:54 7116 [Note] IPv6 is available.
2019-04-09 11:52:54 7116 [Note]   - '::' resolves to '::';
2019-04-09 11:52:54 7116 [Note] Server socket created on IP: '::'.
2019-04-10 12:02:46 4300 [Note] Plugin 'FEDERATED' is disabled.
2019-04-10 12:02:46 4300 [Note] InnoDB: The InnoDB memory heap is disabled
2019-04-10 12:02:46 4300 [Note] InnoDB: Mutexes and rw_locks use Windows interlocked functions
2019-04-10 12:02:46 4300 [Note] InnoDB: Compressed tables use zlib 1.2.3
2019-04-10 12:02:46 4300 [Note] InnoDB: Not using CPU crc32 instructions
2019-04-10 12:02:46 4300 [Note] InnoDB: Initializing buffer pool, size = 128.0M
2019-04-10 12:02:46 4300 [Note] InnoDB: Completed initialization of buffer pool
2019-04-10 12:02:46 4300 [Note] InnoDB: Highest supported file format is Barracuda.
2019-04-10 12:02:46 4300 [Note] InnoDB: The log sequence numbers 1626134 and 1626134 in ibdata files do not match the log sequence number 4107963 in the ib_logfiles!
2019-04-10 12:02:46 4300 [Note] InnoDB: Database was not shutdown normally!
2019-04-10 12:02:46 4300 [Note] InnoDB: Starting crash recovery.
2019-04-10 12:02:46 4300 [Note] InnoDB: Reading tablespace information from the .ibd files...
2019-04-10 12:02:48 4300 [Note] InnoDB: Restoring possible half-written data pages 
2019-04-10 12:02:48 4300 [Note] InnoDB: from the doublewrite buffer...
2019-04-10 12:02:50 4300 [Note] InnoDB: 128 rollback segment(s) are active.
2019-04-10 12:02:50 4300 [Note] InnoDB: Waiting for purge to start
2019-04-10 12:02:50 4300 [Note] InnoDB: 5.6.13 started; log sequence number 4107963
2019-04-10 12:02:50 4300 [Note] Server hostname (bind-address): '*'; port: 3307
2019-04-10 12:02:50 4300 [Note] IPv6 is available.
2019-04-10 12:02:50 4300 [Note]   - '::' resolves to '::';
2019-04-10 12:02:50 4300 [Note] Server socket created on IP: '::'.
2019-04-10 12:02:51 4300 [Note] Event Scheduler: Loaded 0 events
2019-04-10 12:02:51 4300 [Note] G:\Arquivos\USBWebserver v8.6/mysql/bin/mysqld_usbwv8.exe: ready for connections.
Version: '5.6.13'  socket: ''  port: 3307  MySQL Community Server (GPL)
2019-04-11 22:16:36 8124 [Note] Plugin 'FEDERATED' is disabled.
2019-04-11 22:16:36 8124 [Note] InnoDB: The InnoDB memory heap is disabled
2019-04-11 22:16:36 8124 [Note] InnoDB: Mutexes and rw_locks use Windows interlocked functions
2019-04-11 22:16:36 8124 [Note] InnoDB: Compressed tables use zlib 1.2.3
2019-04-11 22:16:36 8124 [Note] InnoDB: Not using CPU crc32 instructions
2019-04-11 22:16:36 8124 [Note] InnoDB: Initializing buffer pool, size = 128.0M
2019-04-11 22:16:36 8124 [Note] InnoDB: Completed initialization of buffer pool
2019-04-11 22:16:37 8124 [Note] InnoDB: Highest supported file format is Barracuda.
2019-04-11 22:16:37 8124 [Note] InnoDB: The log sequence numbers 1626134 and 1626134 in ibdata files do not match the log sequence number 4107983 in the ib_logfiles!
2019-04-11 22:16:37 8124 [Note] InnoDB: Database was not shutdown normally!
2019-04-11 22:16:37 8124 [Note] InnoDB: Starting crash recovery.
2019-04-11 22:16:37 8124 [Note] InnoDB: Reading tablespace information from the .ibd files...
2019-04-11 22:16:42 8124 [Note] InnoDB: Restoring possible half-written data pages 
2019-04-11 22:16:42 8124 [Note] InnoDB: from the doublewrite buffer...
2019-04-11 22:16:43 8124 [Note] InnoDB: 128 rollback segment(s) are active.
2019-04-11 22:16:43 8124 [Note] InnoDB: Waiting for purge to start
2019-04-11 22:16:43 8124 [Note] InnoDB: 5.6.13 started; log sequence number 4107983
2019-04-11 22:16:43 8124 [Note] Server hostname (bind-address): '*'; port: 3307
2019-04-11 22:16:43 8124 [Note] IPv6 is available.
2019-04-11 22:16:43 8124 [Note]   - '::' resolves to '::';
2019-04-11 22:16:43 8124 [Note] Server socket created on IP: '::'.
2019-04-11 22:16:44 8124 [Note] Event Scheduler: Loaded 0 events
2019-04-11 22:16:44 8124 [Note] E:\Arquivos\USBWebserver v8.6/mysql/bin/mysqld_usbwv8.exe: ready for connections.
Version: '5.6.13'  socket: ''  port: 3307  MySQL Community Server (GPL)
2019-04-12 11:26:10 6904 [Note] Plugin 'FEDERATED' is disabled.
2019-04-12 11:26:10 6904 [Note] InnoDB: The InnoDB memory heap is disabled
2019-04-12 11:26:10 6904 [Note] InnoDB: Mutexes and rw_locks use Windows interlocked functions
2019-04-12 11:26:10 6904 [Note] InnoDB: Compressed tables use zlib 1.2.3
2019-04-12 11:26:10 6904 [Note] InnoDB: Not using CPU crc32 instructions
2019-04-12 11:26:10 6904 [Note] InnoDB: Initializing buffer pool, size = 128.0M
2019-04-12 11:26:10 6904 [Note] InnoDB: Completed initialization of buffer pool
2019-04-12 11:26:10 6904 [Note] InnoDB: Highest supported file format is Barracuda.
2019-04-12 11:26:10 6904 [Note] InnoDB: The log sequence numbers 1626134 and 1626134 in ibdata files do not match the log sequence number 4108013 in the ib_logfiles!
2019-04-12 11:26:10 6904 [Note] InnoDB: Database was not shutdown normally!
2019-04-12 11:26:10 6904 [Note] InnoDB: Starting crash recovery.
2019-04-12 11:26:10 6904 [Note] InnoDB: Reading tablespace information from the .ibd files...
2019-04-12 11:26:13 6904 [Note] InnoDB: Restoring possible half-written data pages 
2019-04-12 11:26:13 6904 [Note] InnoDB: from the doublewrite buffer...
2019-04-12 11:26:14 6904 [Note] InnoDB: 128 rollback segment(s) are active.
2019-04-12 11:26:14 6904 [Note] InnoDB: Waiting for purge to start
2019-04-12 11:26:15 6904 [Note] InnoDB: 5.6.13 started; log sequence number 4108013
2019-04-12 11:26:15 6904 [Note] Server hostname (bind-address): '*'; port: 3307
2019-04-12 11:26:15 6904 [Note] IPv6 is available.
2019-04-12 11:26:15 6904 [Note]   - '::' resolves to '::';
2019-04-12 11:26:15 6904 [Note] Server socket created on IP: '::'.
2019-04-12 13:06:13 1728 [Note] Plugin 'FEDERATED' is disabled.
2019-04-12 13:06:13 1728 [Note] InnoDB: The InnoDB memory heap is disabled
2019-04-12 13:06:13 1728 [Note] InnoDB: Mutexes and rw_locks use Windows interlocked functions
2019-04-12 13:06:13 1728 [Note] InnoDB: Compressed tables use zlib 1.2.3
2019-04-12 13:06:13 1728 [Note] InnoDB: Not using CPU crc32 instructions
2019-04-12 13:06:13 1728 [Note] InnoDB: Initializing buffer pool, size = 128.0M
2019-04-12 13:06:13 1728 [Note] InnoDB: Completed initialization of buffer pool
2019-04-12 13:06:13 1728 [Note] InnoDB: Highest supported file format is Barracuda.
2019-04-12 13:06:13 1728 [Note] InnoDB: The log sequence numbers 1626134 and 1626134 in ibdata files do not match the log sequence number 4108033 in the ib_logfiles!
2019-04-12 13:06:13 1728 [Note] InnoDB: Database was not shutdown normally!
2019-04-12 13:06:13 1728 [Note] InnoDB: Starting crash recovery.
2019-04-12 13:06:13 1728 [Note] InnoDB: Reading tablespace information from the .ibd files...
2019-04-12 13:06:14 1728 [Note] InnoDB: Restoring possible half-written data pages 
2019-04-12 13:06:14 1728 [Note] InnoDB: from the doublewrite buffer...
2019-04-12 13:06:16 1728 [Note] InnoDB: 128 rollback segment(s) are active.
2019-04-12 13:06:16 1728 [Note] InnoDB: Waiting for purge to start
2019-04-12 13:06:16 1728 [Note] InnoDB: 5.6.13 started; log sequence number 4108033
2019-04-12 13:06:16 1728 [Note] Server hostname (bind-address): '*'; port: 3307
2019-04-12 13:06:16 1728 [Note] IPv6 is available.
2019-04-12 13:06:16 1728 [Note]   - '::' resolves to '::';
2019-04-12 13:06:16 1728 [Note] Server socket created on IP: '::'.
2019-04-24 11:21:57 2500 [Note] Plugin 'FEDERATED' is disabled.
2019-04-24 11:21:57 2500 [Note] InnoDB: The InnoDB memory heap is disabled
2019-04-24 11:21:57 2500 [Note] InnoDB: Mutexes and rw_locks use Windows interlocked functions
2019-04-24 11:21:57 2500 [Note] InnoDB: Compressed tables use zlib 1.2.3
2019-04-24 11:21:57 2500 [Note] InnoDB: Not using CPU crc32 instructions
2019-04-24 11:21:57 2500 [Note] InnoDB: Initializing buffer pool, size = 128.0M
2019-04-24 11:21:57 2500 [Note] InnoDB: Completed initialization of buffer pool
2019-04-24 11:21:57 2500 [Note] InnoDB: Highest supported file format is Barracuda.
2019-04-24 11:21:57 2500 [Note] InnoDB: The log sequence numbers 1626134 and 1626134 in ibdata files do not match the log sequence number 4108053 in the ib_logfiles!
2019-04-24 11:21:57 2500 [Note] InnoDB: Database was not shutdown normally!
2019-04-24 11:21:57 2500 [Note] InnoDB: Starting crash recovery.
2019-04-24 11:21:57 2500 [Note] InnoDB: Reading tablespace information from the .ibd files...
2019-04-24 11:21:58 2500 [Note] InnoDB: Restoring possible half-written data pages 
2019-04-24 11:21:58 2500 [Note] InnoDB: from the doublewrite buffer...
2019-04-24 11:22:00 2500 [Note] InnoDB: 128 rollback segment(s) are active.
2019-04-24 11:22:00 2500 [Note] InnoDB: Waiting for purge to start
2019-04-24 11:22:00 2500 [Note] InnoDB: 5.6.13 started; log sequence number 4108053
2019-04-24 11:22:00 2500 [Note] Server hostname (bind-address): '*'; port: 3307
2019-04-24 11:22:00 2500 [Note] IPv6 is available.
2019-04-24 11:22:00 2500 [Note]   - '::' resolves to '::';
2019-04-24 11:22:00 2500 [Note] Server socket created on IP: '::'.
2019-05-08 13:24:41 9520 [Note] Plugin 'FEDERATED' is disabled.
2019-05-08 13:24:41 9520 [Note] InnoDB: The InnoDB memory heap is disabled
2019-05-08 13:24:41 9520 [Note] InnoDB: Mutexes and rw_locks use Windows interlocked functions
2019-05-08 13:24:41 9520 [Note] InnoDB: Compressed tables use zlib 1.2.3
2019-05-08 13:24:41 9520 [Note] InnoDB: Not using CPU crc32 instructions
2019-05-08 13:24:41 9520 [Note] InnoDB: Initializing buffer pool, size = 128.0M
2019-05-08 13:24:41 9520 [Note] InnoDB: Completed initialization of buffer pool
2019-05-08 13:24:41 9520 [Note] InnoDB: Highest supported file format is Barracuda.
2019-05-08 13:24:41 9520 [Note] InnoDB: The log sequence numbers 1626134 and 1626134 in ibdata files do not match the log sequence number 4119797 in the ib_logfiles!
2019-05-08 13:24:41 9520 [Note] InnoDB: Database was not shutdown normally!
2019-05-08 13:24:41 9520 [Note] InnoDB: Starting crash recovery.
2019-05-08 13:24:41 9520 [Note] InnoDB: Reading tablespace information from the .ibd files...
2019-05-08 13:24:42 9520 [Note] InnoDB: Restoring possible half-written data pages 
2019-05-08 13:24:42 9520 [Note] InnoDB: from the doublewrite buffer...
2019-05-08 13:24:44 9520 [Note] InnoDB: 128 rollback segment(s) are active.
2019-05-08 13:24:44 9520 [Note] InnoDB: Waiting for purge to start
2019-05-08 13:24:44 9520 [Note] InnoDB: 5.6.13 started; log sequence number 4119797
2019-05-08 13:24:44 9520 [Note] Server hostname (bind-address): '*'; port: 3307
2019-05-08 13:24:44 9520 [Note] IPv6 is available.
2019-05-08 13:24:44 9520 [Note]   - '::' resolves to '::';
2019-05-08 13:24:44 9520 [Note] Server socket created on IP: '::'.
2019-05-23 10:46:11 8064 [Note] Plugin 'FEDERATED' is disabled.
2019-05-23 10:46:13 8064 [Note] InnoDB: The InnoDB memory heap is disabled
2019-05-23 10:46:13 8064 [Note] InnoDB: Mutexes and rw_locks use Windows interlocked functions
2019-05-23 10:46:13 8064 [Note] InnoDB: Compressed tables use zlib 1.2.3
2019-05-23 10:46:13 8064 [Note] InnoDB: Not using CPU crc32 instructions
2019-05-23 10:46:13 8064 [Note] InnoDB: Initializing buffer pool, size = 128.0M
2019-05-23 10:46:13 8064 [Note] InnoDB: Completed initialization of buffer pool
2019-05-23 10:46:13 8064 [Note] InnoDB: Highest supported file format is Barracuda.
2019-05-23 10:46:13 8064 [Note] InnoDB: The log sequence numbers 1626134 and 1626134 in ibdata files do not match the log sequence number 4119847 in the ib_logfiles!
2019-05-23 10:46:13 8064 [Note] InnoDB: Database was not shutdown normally!
2019-05-23 10:46:13 8064 [Note] InnoDB: Starting crash recovery.
2019-05-23 10:46:13 8064 [Note] InnoDB: Reading tablespace information from the .ibd files...
2019-05-23 10:46:14 8064 [Note] InnoDB: Restoring possible half-written data pages 
2019-05-23 10:46:14 8064 [Note] InnoDB: from the doublewrite buffer...
2019-05-23 10:46:15 8064 [Note] InnoDB: 128 rollback segment(s) are active.
2019-05-23 10:46:15 8064 [Note] InnoDB: Waiting for purge to start
2019-05-23 10:46:16 8064 [Note] InnoDB: 5.6.13 started; log sequence number 4119847
2019-05-23 10:46:16 8064 [Note] Server hostname (bind-address): '*'; port: 3307
2019-05-23 10:46:16 8064 [Note] IPv6 is available.
2019-05-23 10:46:16 8064 [Note]   - '::' resolves to '::';
2019-05-23 10:46:16 8064 [Note] Server socket created on IP: '::'.
2019-05-23 22:37:29 2180 [Note] Plugin 'FEDERATED' is disabled.
2019-05-23 22:37:29 2180 [Note] InnoDB: The InnoDB memory heap is disabled
2019-05-23 22:37:29 2180 [Note] InnoDB: Mutexes and rw_locks use Windows interlocked functions
2019-05-23 22:37:29 2180 [Note] InnoDB: Compressed tables use zlib 1.2.3
2019-05-23 22:37:30 2180 [Note] InnoDB: Not using CPU crc32 instructions
2019-05-23 22:37:30 2180 [Note] InnoDB: Initializing buffer pool, size = 128.0M
2019-05-23 22:37:30 2180 [Note] InnoDB: Completed initialization of buffer pool
2019-05-23 22:37:30 2180 [Note] InnoDB: Highest supported file format is Barracuda.
2019-05-23 22:37:30 2180 [Note] InnoDB: The log sequence numbers 1626134 and 1626134 in ibdata files do not match the log sequence number 4133518 in the ib_logfiles!
2019-05-23 22:37:30 2180 [Note] InnoDB: Database was not shutdown normally!
2019-05-23 22:37:30 2180 [Note] InnoDB: Starting crash recovery.
2019-05-23 22:37:30 2180 [Note] InnoDB: Reading tablespace information from the .ibd files...
2019-05-23 22:37:30 2180 [Note] InnoDB: Restoring possible half-written data pages 
2019-05-23 22:37:30 2180 [Note] InnoDB: from the doublewrite buffer...
2019-05-23 22:37:32 2180 [Note] InnoDB: 128 rollback segment(s) are active.
2019-05-23 22:37:32 2180 [Note] InnoDB: Waiting for purge to start
2019-05-23 22:37:32 2180 [Note] InnoDB: 5.6.13 started; log sequence number 4133518
2019-05-23 22:37:32 2180 [Note] Server hostname (bind-address): '*'; port: 3307
2019-05-23 22:37:32 2180 [Note] IPv6 is available.
2019-05-23 22:37:32 2180 [Note]   - '::' resolves to '::';
2019-05-23 22:37:32 2180 [Note] Server socket created on IP: '::'.
2019-05-24 10:30:14 5964 [Note] Plugin 'FEDERATED' is disabled.
2019-05-24 10:30:14 5964 [Note] InnoDB: The InnoDB memory heap is disabled
2019-05-24 10:30:14 5964 [Note] InnoDB: Mutexes and rw_locks use Windows interlocked functions
2019-05-24 10:30:14 5964 [Note] InnoDB: Compressed tables use zlib 1.2.3
2019-05-24 10:30:14 5964 [Note] InnoDB: Not using CPU crc32 instructions
2019-05-24 10:30:14 5964 [Note] InnoDB: Initializing buffer pool, size = 128.0M
2019-05-24 10:30:14 5964 [Note] InnoDB: Completed initialization of buffer pool
2019-05-24 10:30:14 5964 [Note] InnoDB: Highest supported file format is Barracuda.
2019-05-24 10:30:14 5964 [Note] InnoDB: The log sequence numbers 1626134 and 1626134 in ibdata files do not match the log sequence number 4133528 in the ib_logfiles!
2019-05-24 10:30:14 5964 [Note] InnoDB: Database was not shutdown normally!
2019-05-24 10:30:14 5964 [Note] InnoDB: Starting crash recovery.
2019-05-24 10:30:14 5964 [Note] InnoDB: Reading tablespace information from the .ibd files...
2019-05-24 10:30:15 5964 [Note] InnoDB: Restoring possible half-written data pages 
2019-05-24 10:30:15 5964 [Note] InnoDB: from the doublewrite buffer...
2019-05-24 10:30:17 5964 [Note] InnoDB: 128 rollback segment(s) are active.
2019-05-24 10:30:17 5964 [Note] InnoDB: Waiting for purge to start
2019-05-24 10:30:17 5964 [Note] InnoDB: 5.6.13 started; log sequence number 4133528
2019-05-24 10:30:17 5964 [Note] Server hostname (bind-address): '*'; port: 3307
2019-05-24 10:30:17 5964 [Note] IPv6 is available.
2019-05-24 10:30:17 5964 [Note]   - '::' resolves to '::';
2019-05-24 10:30:17 5964 [Note] Server socket created on IP: '::'.
2019-05-24 12:06:06 8708 [Note] Plugin 'FEDERATED' is disabled.
2019-05-24 12:06:06 8708 [Note] InnoDB: The InnoDB memory heap is disabled
2019-05-24 12:06:06 8708 [Note] InnoDB: Mutexes and rw_locks use Windows interlocked functions
2019-05-24 12:06:06 8708 [Note] InnoDB: Compressed tables use zlib 1.2.3
2019-05-24 12:06:06 8708 [Note] InnoDB: Not using CPU crc32 instructions
2019-05-24 12:06:06 8708 [Note] InnoDB: Initializing buffer pool, size = 128.0M
2019-05-24 12:06:06 8708 [Note] InnoDB: Completed initialization of buffer pool
2019-05-24 12:06:06 8708 [Note] InnoDB: Highest supported file format is Barracuda.
2019-05-24 12:06:06 8708 [Note] InnoDB: The log sequence numbers 1626134 and 1626134 in ibdata files do not match the log sequence number 4133538 in the ib_logfiles!
2019-05-24 12:06:06 8708 [Note] InnoDB: Database was not shutdown normally!
2019-05-24 12:06:06 8708 [Note] InnoDB: Starting crash recovery.
2019-05-24 12:06:06 8708 [Note] InnoDB: Reading tablespace information from the .ibd files...
2019-05-24 12:06:07 8708 [Note] InnoDB: Restoring possible half-written data pages 
2019-05-24 12:06:07 8708 [Note] InnoDB: from the doublewrite buffer...
2019-05-24 12:06:09 8708 [Note] InnoDB: 128 rollback segment(s) are active.
2019-05-24 12:06:09 8708 [Note] InnoDB: Waiting for purge to start
2019-05-24 12:06:10 8708 [Note] InnoDB: 5.6.13 started; log sequence number 4133538
2019-05-24 12:06:10 8708 [Note] Server hostname (bind-address): '*'; port: 3307
2019-05-24 12:06:10 8708 [Note] IPv6 is available.
2019-05-24 12:06:10 8708 [Note]   - '::' resolves to '::';
2019-05-24 12:06:10 8708 [Note] Server socket created on IP: '::'.
