2018-10-04 10:17:08 4324 [Note] Plugin 'FEDERATED' is disabled.
2018-10-04 10:17:08 4324 [Note] InnoDB: The InnoDB memory heap is disabled
2018-10-04 10:17:08 4324 [Note] InnoDB: Mutexes and rw_locks use Windows interlocked functions
2018-10-04 10:17:08 4324 [Note] InnoDB: Compressed tables use zlib 1.2.3
2018-10-04 10:17:08 4324 [Note] InnoDB: Not using CPU crc32 instructions
2018-10-04 10:17:08 4324 [Note] InnoDB: Initializing buffer pool, size = 128.0M
2018-10-04 10:17:08 4324 [Note] InnoDB: Completed initialization of buffer pool
2018-10-04 10:17:08 4324 [Note] InnoDB: Highest supported file format is Barracuda.
2018-10-04 10:17:08 4324 [Note] InnoDB: The log sequence numbers 1626134 and 1626134 in ibdata files do not match the log sequence number 3154088 in the ib_logfiles!
2018-10-04 10:17:08 4324 [Note] InnoDB: Database was not shutdown normally!
2018-10-04 10:17:08 4324 [Note] InnoDB: Starting crash recovery.
2018-10-04 10:17:08 4324 [Note] InnoDB: Reading tablespace information from the .ibd files...
2018-10-04 10:17:09 4324 [Note] InnoDB: Restoring possible half-written data pages 
2018-10-04 10:17:09 4324 [Note] InnoDB: from the doublewrite buffer...
2018-10-04 10:17:15 4324 [Note] InnoDB: 128 rollback segment(s) are active.
2018-10-04 10:17:15 4324 [Note] InnoDB: Waiting for purge to start
2018-10-04 10:17:17 4324 [Note] InnoDB: 5.6.13 started; log sequence number 3154088
2018-10-04 10:17:21 4324 [Note] Server hostname (bind-address): '*'; port: 3307
2018-10-04 10:17:21 4324 [Note] IPv6 is available.
2018-10-04 10:17:21 4324 [Note]   - '::' resolves to '::';
2018-10-04 10:17:21 4324 [Note] Server socket created on IP: '::'.
2018-10-04 10:17:23 4324 [Note] Event Scheduler: Loaded 0 events
2018-10-04 10:17:23 4324 [Note] J:\Arquivos\USBWebserver v8.6/mysql/bin/mysqld_usbwv8.exe: ready for connections.
Version: '5.6.13'  socket: ''  port: 3307  MySQL Community Server (GPL)
2018-10-17 10:56:48 5112 [Note] Plugin 'FEDERATED' is disabled.
2018-10-17 10:56:48 5112 [Note] InnoDB: The InnoDB memory heap is disabled
2018-10-17 10:56:48 5112 [Note] InnoDB: Mutexes and rw_locks use Windows interlocked functions
2018-10-17 10:56:48 5112 [Note] InnoDB: Compressed tables use zlib 1.2.3
2018-10-17 10:56:48 5112 [Note] InnoDB: Not using CPU crc32 instructions
2018-10-17 10:56:48 5112 [Note] InnoDB: Initializing buffer pool, size = 128.0M
2018-10-17 10:56:48 5112 [Note] InnoDB: Completed initialization of buffer pool
2018-10-17 10:56:48 5112 [Note] InnoDB: Highest supported file format is Barracuda.
2018-10-17 10:56:48 5112 [Note] InnoDB: The log sequence numbers 1626134 and 1626134 in ibdata files do not match the log sequence number 3182974 in the ib_logfiles!
2018-10-17 10:56:48 5112 [Note] InnoDB: Database was not shutdown normally!
2018-10-17 10:56:48 5112 [Note] InnoDB: Starting crash recovery.
2018-10-17 10:56:48 5112 [Note] InnoDB: Reading tablespace information from the .ibd files...
2018-10-17 10:56:49 5112 [Note] InnoDB: Restoring possible half-written data pages 
2018-10-17 10:56:49 5112 [Note] InnoDB: from the doublewrite buffer...
2018-10-17 10:56:50 5112 [Note] InnoDB: 128 rollback segment(s) are active.
2018-10-17 10:56:50 5112 [Note] InnoDB: Waiting for purge to start
2018-10-17 10:56:50 5112 [Note] InnoDB: 5.6.13 started; log sequence number 3182974
2018-10-17 10:56:54 5112 [Note] Server hostname (bind-address): '*'; port: 3307
2018-10-17 10:56:54 5112 [Note] IPv6 is available.
2018-10-17 10:56:54 5112 [Note]   - '::' resolves to '::';
2018-10-17 10:56:54 5112 [Note] Server socket created on IP: '::'.
2018-10-17 10:57:14 5112 [Note] Event Scheduler: Loaded 0 events
2018-10-17 10:57:14 5112 [Note] I:\Arquivos\USBWebserver v8.6/mysql/bin/mysqld_usbwv8.exe: ready for connections.
Version: '5.6.13'  socket: ''  port: 3307  MySQL Community Server (GPL)
2018-12-06 12:21:56 3456 [Note] Plugin 'FEDERATED' is disabled.
2018-12-06 12:21:56 3456 [Note] InnoDB: The InnoDB memory heap is disabled
2018-12-06 12:21:56 3456 [Note] InnoDB: Mutexes and rw_locks use Windows interlocked functions
2018-12-06 12:21:56 3456 [Note] InnoDB: Compressed tables use zlib 1.2.3
2018-12-06 12:21:56 3456 [Note] InnoDB: Not using CPU crc32 instructions
2018-12-06 12:21:56 3456 [Note] InnoDB: Initializing buffer pool, size = 128.0M
2018-12-06 12:21:56 3456 [Note] InnoDB: Completed initialization of buffer pool
2018-12-06 12:21:56 3456 [Note] InnoDB: Highest supported file format is Barracuda.
2018-12-06 12:21:56 3456 [Note] InnoDB: The log sequence numbers 1626134 and 1626134 in ibdata files do not match the log sequence number 3728072 in the ib_logfiles!
2018-12-06 12:21:56 3456 [Note] InnoDB: Database was not shutdown normally!
2018-12-06 12:21:56 3456 [Note] InnoDB: Starting crash recovery.
2018-12-06 12:21:56 3456 [Note] InnoDB: Reading tablespace information from the .ibd files...
2018-12-06 12:21:57 3456 [Note] InnoDB: Restoring possible half-written data pages 
2018-12-06 12:21:57 3456 [Note] InnoDB: from the doublewrite buffer...
2018-12-06 12:22:01 3456 [Note] InnoDB: 128 rollback segment(s) are active.
2018-12-06 12:22:01 3456 [Note] InnoDB: Waiting for purge to start
2018-12-06 12:22:01 3456 [Note] InnoDB: 5.6.13 started; log sequence number 3728072
2018-12-06 12:22:01 3456 [Note] Server hostname (bind-address): '*'; port: 3307
2018-12-06 12:22:01 3456 [Note] IPv6 is available.
2018-12-06 12:22:01 3456 [Note]   - '::' resolves to '::';
2018-12-06 12:22:01 3456 [Note] Server socket created on IP: '::'.
2018-12-06 12:22:01 3456 [Note] Event Scheduler: Loaded 0 events
2018-12-06 12:22:01 3456 [Note] F:\Arquivos\USBWebserver v8.6/mysql/bin/mysqld_usbwv8.exe: ready for connections.
Version: '5.6.13'  socket: ''  port: 3307  MySQL Community Server (GPL)
2018-12-07 11:53:16 4184 [Note] Plugin 'FEDERATED' is disabled.
2018-12-07 11:53:16 4184 [Note] InnoDB: The InnoDB memory heap is disabled
2018-12-07 11:53:16 4184 [Note] InnoDB: Mutexes and rw_locks use Windows interlocked functions
2018-12-07 11:53:16 4184 [Note] InnoDB: Compressed tables use zlib 1.2.3
2018-12-07 11:53:16 4184 [Note] InnoDB: Not using CPU crc32 instructions
2018-12-07 11:53:16 4184 [Note] InnoDB: Initializing buffer pool, size = 128.0M
2018-12-07 11:53:16 4184 [Note] InnoDB: Completed initialization of buffer pool
2018-12-07 11:53:16 4184 [Note] InnoDB: Highest supported file format is Barracuda.
2018-12-07 11:53:16 4184 [Note] InnoDB: The log sequence numbers 1626134 and 1626134 in ibdata files do not match the log sequence number 3795879 in the ib_logfiles!
2018-12-07 11:53:16 4184 [Note] InnoDB: Database was not shutdown normally!
2018-12-07 11:53:16 4184 [Note] InnoDB: Starting crash recovery.
2018-12-07 11:53:16 4184 [Note] InnoDB: Reading tablespace information from the .ibd files...
2018-12-07 11:53:16 4184 [Note] InnoDB: Restoring possible half-written data pages 
2018-12-07 11:53:16 4184 [Note] InnoDB: from the doublewrite buffer...
2018-12-07 11:53:19 4184 [Note] InnoDB: 128 rollback segment(s) are active.
2018-12-07 11:53:19 4184 [Note] InnoDB: Waiting for purge to start
2018-12-07 11:53:19 4184 [Note] InnoDB: 5.6.13 started; log sequence number 3795879
2018-12-07 11:53:19 4184 [Note] Server hostname (bind-address): '*'; port: 3307
2018-12-07 11:53:19 4184 [Note] IPv6 is available.
2018-12-07 11:53:19 4184 [Note]   - '::' resolves to '::';
2018-12-07 11:53:19 4184 [Note] Server socket created on IP: '::'.
2018-12-07 11:53:19 4184 [Note] Event Scheduler: Loaded 0 events
2018-12-07 11:53:19 4184 [Note] I:\Arquivos\USBWebserver v8.6/mysql/bin/mysqld_usbwv8.exe: ready for connections.
Version: '5.6.13'  socket: ''  port: 3307  MySQL Community Server (GPL)
2018-12-11 17:40:58 1640 [Note] Plugin 'FEDERATED' is disabled.
2018-12-11 17:40:58 1640 [Note] InnoDB: The InnoDB memory heap is disabled
2018-12-11 17:40:58 1640 [Note] InnoDB: Mutexes and rw_locks use Windows interlocked functions
2018-12-11 17:40:58 1640 [Note] InnoDB: Compressed tables use zlib 1.2.3
2018-12-11 17:40:58 1640 [Note] InnoDB: Not using CPU crc32 instructions
2018-12-11 17:40:58 1640 [Note] InnoDB: Initializing buffer pool, size = 128.0M
2018-12-11 17:40:58 1640 [Note] InnoDB: Completed initialization of buffer pool
2018-12-11 17:40:58 1640 [Note] InnoDB: Highest supported file format is Barracuda.
2018-12-11 17:40:58 1640 [Note] InnoDB: The log sequence numbers 1626134 and 1626134 in ibdata files do not match the log sequence number 4057943 in the ib_logfiles!
2018-12-11 17:40:58 1640 [Note] InnoDB: Database was not shutdown normally!
2018-12-11 17:40:58 1640 [Note] InnoDB: Starting crash recovery.
2018-12-11 17:40:58 1640 [Note] InnoDB: Reading tablespace information from the .ibd files...
2018-12-11 17:40:59 1640 [Note] InnoDB: Restoring possible half-written data pages 
2018-12-11 17:40:59 1640 [Note] InnoDB: from the doublewrite buffer...
2018-12-11 17:41:02 1640 [Note] InnoDB: 128 rollback segment(s) are active.
2018-12-11 17:41:02 1640 [Note] InnoDB: Waiting for purge to start
2018-12-11 17:41:02 1640 [Note] InnoDB: 5.6.13 started; log sequence number 4057943
2018-12-11 17:41:03 1640 [Note] Server hostname (bind-address): '*'; port: 3307
2018-12-11 17:41:03 1640 [Note] IPv6 is available.
2018-12-11 17:41:03 1640 [Note]   - '::' resolves to '::';
2018-12-11 17:41:03 1640 [Note] Server socket created on IP: '::'.
2018-12-11 17:41:06 1640 [Note] Event Scheduler: Loaded 0 events
2018-12-11 17:41:06 1640 [Note] I:\Arquivos\USBWebserver v8.6/mysql/bin/mysqld_usbwv8.exe: ready for connections.
Version: '5.6.13'  socket: ''  port: 3307  MySQL Community Server (GPL)
2018-12-12 19:17:24 1144 [Note] Plugin 'FEDERATED' is disabled.
2018-12-12 19:17:24 1144 [Note] InnoDB: The InnoDB memory heap is disabled
2018-12-12 19:17:24 1144 [Note] InnoDB: Mutexes and rw_locks use Windows interlocked functions
2018-12-12 19:17:24 1144 [Note] InnoDB: Compressed tables use zlib 1.2.3
2018-12-12 19:17:24 1144 [Note] InnoDB: Not using CPU crc32 instructions
2018-12-12 19:17:24 1144 [Note] InnoDB: Initializing buffer pool, size = 128.0M
2018-12-12 19:17:24 1144 [Note] InnoDB: Completed initialization of buffer pool
2018-12-12 19:17:24 1144 [Note] InnoDB: Highest supported file format is Barracuda.
2018-12-12 19:17:24 1144 [Note] InnoDB: The log sequence numbers 1626134 and 1626134 in ibdata files do not match the log sequence number 4063287 in the ib_logfiles!
2018-12-12 19:17:24 1144 [Note] InnoDB: Database was not shutdown normally!
2018-12-12 19:17:24 1144 [Note] InnoDB: Starting crash recovery.
2018-12-12 19:17:24 1144 [Note] InnoDB: Reading tablespace information from the .ibd files...
2018-12-12 19:17:26 1144 [Note] InnoDB: Restoring possible half-written data pages 
2018-12-12 19:17:26 1144 [Note] InnoDB: from the doublewrite buffer...
2018-12-12 19:17:28 1144 [Note] InnoDB: 128 rollback segment(s) are active.
2018-12-12 19:17:28 1144 [Note] InnoDB: Waiting for purge to start
2018-12-12 19:17:28 1144 [Note] InnoDB: 5.6.13 started; log sequence number 4063287
2018-12-12 19:17:28 1144 [Note] Server hostname (bind-address): '*'; port: 3307
2018-12-12 19:17:28 1144 [Note] IPv6 is available.
2018-12-12 19:17:28 1144 [Note]   - '::' resolves to '::';
2018-12-12 19:17:28 1144 [Note] Server socket created on IP: '::'.
2018-12-12 19:17:32 1144 [Note] Event Scheduler: Loaded 0 events
2018-12-12 19:17:32 1144 [Note] I:\Arquivos\USBWebserver v8.6/mysql/bin/mysqld_usbwv8.exe: ready for connections.
Version: '5.6.13'  socket: ''  port: 3307  MySQL Community Server (GPL)
