2018-12-06 20:07:36 4816 [Note] Plugin 'FEDERATED' is disabled.
2018-12-06 20:07:36 4816 [Note] InnoDB: The InnoDB memory heap is disabled
2018-12-06 20:07:36 4816 [Note] InnoDB: Mutexes and rw_locks use Windows interlocked functions
2018-12-06 20:07:36 4816 [Note] InnoDB: Compressed tables use zlib 1.2.3
2018-12-06 20:07:37 4816 [Note] InnoDB: Not using CPU crc32 instructions
2018-12-06 20:07:37 4816 [Note] InnoDB: Initializing buffer pool, size = 128.0M
2018-12-06 20:07:37 4816 [Note] InnoDB: Completed initialization of buffer pool
2018-12-06 20:07:37 4816 [Note] InnoDB: Highest supported file format is Barracuda.
2018-12-06 20:07:37 4816 [Note] InnoDB: The log sequence numbers 1626134 and 1626134 in ibdata files do not match the log sequence number 3795869 in the ib_logfiles!
2018-12-06 20:07:37 4816 [Note] InnoDB: Database was not shutdown normally!
2018-12-06 20:07:37 4816 [Note] InnoDB: Starting crash recovery.
2018-12-06 20:07:37 4816 [Note] InnoDB: Reading tablespace information from the .ibd files...
2018-12-06 20:07:38 4816 [Note] InnoDB: Restoring possible half-written data pages 
2018-12-06 20:07:38 4816 [Note] InnoDB: from the doublewrite buffer...
2018-12-06 20:07:40 4816 [Note] InnoDB: 128 rollback segment(s) are active.
2018-12-06 20:07:40 4816 [Note] InnoDB: Waiting for purge to start
2018-12-06 20:07:40 4816 [Note] InnoDB: 5.6.13 started; log sequence number 3795869
2018-12-06 20:07:40 4816 [Note] Server hostname (bind-address): '*'; port: 3307
2018-12-06 20:07:40 4816 [Note] IPv6 is available.
2018-12-06 20:07:40 4816 [Note]   - '::' resolves to '::';
2018-12-06 20:07:40 4816 [Note] Server socket created on IP: '::'.
2018-12-06 20:07:41 4816 [Note] Event Scheduler: Loaded 0 events
2018-12-06 20:07:41 4816 [Note] I:\Arquivos\USBWebserver v8.6/mysql/bin/mysqld_usbwv8.exe: ready for connections.
Version: '5.6.13'  socket: ''  port: 3307  MySQL Community Server (GPL)
2019-09-27 05:54:38 2288 [Note] Plugin 'FEDERATED' is disabled.
2019-09-27 05:54:38 2288 [Note] InnoDB: The InnoDB memory heap is disabled
2019-09-27 05:54:38 2288 [Note] InnoDB: Mutexes and rw_locks use Windows interlocked functions
2019-09-27 05:54:38 2288 [Note] InnoDB: Compressed tables use zlib 1.2.3
2019-09-27 05:54:38 2288 [Note] InnoDB: Not using CPU crc32 instructions
2019-09-27 05:54:38 2288 [Note] InnoDB: Initializing buffer pool, size = 128.0M
2019-09-27 05:54:38 2288 [Note] InnoDB: Completed initialization of buffer pool
2019-09-27 05:54:38 2288 [Note] InnoDB: Highest supported file format is Barracuda.
2019-09-27 05:54:38 2288 [Note] InnoDB: The log sequence numbers 1626134 and 1626134 in ibdata files do not match the log sequence number 4416059 in the ib_logfiles!
2019-09-27 05:54:38 2288 [Note] InnoDB: Database was not shutdown normally!
2019-09-27 05:54:38 2288 [Note] InnoDB: Starting crash recovery.
2019-09-27 05:54:38 2288 [Note] InnoDB: Reading tablespace information from the .ibd files...
2019-09-27 05:54:40 2288 [Note] InnoDB: Restoring possible half-written data pages 
2019-09-27 05:54:40 2288 [Note] InnoDB: from the doublewrite buffer...
2019-09-27 05:54:42 2288 [Note] InnoDB: 128 rollback segment(s) are active.
2019-09-27 05:54:42 2288 [Note] InnoDB: Waiting for purge to start
2019-09-27 05:54:42 2288 [Note] InnoDB: 5.6.13 started; log sequence number 4416059
2019-09-27 05:54:42 2288 [Note] Server hostname (bind-address): '*'; port: 3307
2019-09-27 05:54:42 2288 [Note] IPv6 is available.
2019-09-27 05:54:42 2288 [Note]   - '::' resolves to '::';
2019-09-27 05:54:42 2288 [Note] Server socket created on IP: '::'.
2019-09-27 05:54:42 2288 [Note] Event Scheduler: Loaded 0 events
2019-09-27 05:54:42 2288 [Note] I:\Arquivos\USBWebserver v8.6/mysql/bin/mysqld_usbwv8.exe: ready for connections.
Version: '5.6.13'  socket: ''  port: 3307  MySQL Community Server (GPL)
2019-10-04 17:37:38 4504 [Note] Plugin 'FEDERATED' is disabled.
2019-10-04 17:37:38 4504 [Note] InnoDB: The InnoDB memory heap is disabled
2019-10-04 17:37:38 4504 [Note] InnoDB: Mutexes and rw_locks use Windows interlocked functions
2019-10-04 17:37:38 4504 [Note] InnoDB: Compressed tables use zlib 1.2.3
2019-10-04 17:37:38 4504 [Note] InnoDB: Not using CPU crc32 instructions
2019-10-04 17:37:38 4504 [Note] InnoDB: Initializing buffer pool, size = 128.0M
2019-10-04 17:37:38 4504 [Note] InnoDB: Completed initialization of buffer pool
2019-10-04 17:37:38 4504 [Note] InnoDB: Highest supported file format is Barracuda.
2019-10-04 17:37:38 4504 [Note] InnoDB: The log sequence numbers 1626134 and 1626134 in ibdata files do not match the log sequence number 4472658 in the ib_logfiles!
2019-10-04 17:37:38 4504 [Note] InnoDB: Database was not shutdown normally!
2019-10-04 17:37:38 4504 [Note] InnoDB: Starting crash recovery.
2019-10-04 17:37:38 4504 [Note] InnoDB: Reading tablespace information from the .ibd files...
2019-10-04 17:37:40 4504 [Note] InnoDB: Restoring possible half-written data pages 
2019-10-04 17:37:40 4504 [Note] InnoDB: from the doublewrite buffer...
2019-10-04 17:37:42 4504 [Note] InnoDB: 128 rollback segment(s) are active.
2019-10-04 17:37:42 4504 [Note] InnoDB: Waiting for purge to start
2019-10-04 17:37:42 4504 [Note] InnoDB: 5.6.13 started; log sequence number 4472658
2019-10-04 17:37:43 4504 [Note] Server hostname (bind-address): '*'; port: 3307
2019-10-04 17:37:43 4504 [Note] IPv6 is available.
2019-10-04 17:37:43 4504 [Note]   - '::' resolves to '::';
2019-10-04 17:37:43 4504 [Note] Server socket created on IP: '::'.
2019-10-04 17:37:45 4504 [Note] Event Scheduler: Loaded 0 events
2019-10-04 17:37:45 4504 [Note] I:\Arquivos\USBWebserver v8.6/mysql/bin/mysqld_usbwv8.exe: ready for connections.
Version: '5.6.13'  socket: ''  port: 3307  MySQL Community Server (GPL)
2019-10-26 17:01:12 540 [Note] Plugin 'FEDERATED' is disabled.
2019-10-26 17:01:12 540 [Note] InnoDB: The InnoDB memory heap is disabled
2019-10-26 17:01:12 540 [Note] InnoDB: Mutexes and rw_locks use Windows interlocked functions
2019-10-26 17:01:12 540 [Note] InnoDB: Compressed tables use zlib 1.2.3
2019-10-26 17:01:12 540 [Note] InnoDB: Not using CPU crc32 instructions
2019-10-26 17:01:12 540 [Note] InnoDB: Initializing buffer pool, size = 128.0M
2019-10-26 17:01:12 540 [Note] InnoDB: Completed initialization of buffer pool
2019-10-26 17:01:12 540 [Note] InnoDB: Highest supported file format is Barracuda.
2019-10-26 17:01:12 540 [Note] InnoDB: The log sequence numbers 1626134 and 1626134 in ibdata files do not match the log sequence number 4956470 in the ib_logfiles!
2019-10-26 17:01:12 540 [Note] InnoDB: Database was not shutdown normally!
2019-10-26 17:01:12 540 [Note] InnoDB: Starting crash recovery.
2019-10-26 17:01:12 540 [Note] InnoDB: Reading tablespace information from the .ibd files...
2019-10-26 17:01:13 540 [Note] InnoDB: Restoring possible half-written data pages 
2019-10-26 17:01:13 540 [Note] InnoDB: from the doublewrite buffer...
2019-10-26 17:01:18 540 [Note] InnoDB: 128 rollback segment(s) are active.
2019-10-26 17:01:18 540 [Note] InnoDB: Waiting for purge to start
2019-10-26 17:01:18 540 [Note] InnoDB: 5.6.13 started; log sequence number 4956470
2019-10-26 17:01:18 540 [Note] Server hostname (bind-address): '*'; port: 3307
2019-10-26 17:01:18 540 [Note] IPv6 is available.
2019-10-26 17:01:18 540 [Note]   - '::' resolves to '::';
2019-10-26 17:01:18 540 [Note] Server socket created on IP: '::'.
2019-10-26 17:01:18 540 [Note] Event Scheduler: Loaded 0 events
2019-10-26 17:01:18 540 [Note] I:\Arquivos\USBWebserver v8.6/mysql/bin/mysqld_usbwv8.exe: ready for connections.
Version: '5.6.13'  socket: ''  port: 3307  MySQL Community Server (GPL)
2019-11-23 17:53:17 3520 [Note] Plugin 'FEDERATED' is disabled.
2019-11-23 17:53:17 3520 [Note] InnoDB: The InnoDB memory heap is disabled
2019-11-23 17:53:17 3520 [Note] InnoDB: Mutexes and rw_locks use Windows interlocked functions
2019-11-23 17:53:17 3520 [Note] InnoDB: Compressed tables use zlib 1.2.3
2019-11-23 17:53:17 3520 [Note] InnoDB: Not using CPU crc32 instructions
2019-11-23 17:53:17 3520 [Note] InnoDB: Initializing buffer pool, size = 128.0M
2019-11-23 17:53:17 3520 [Note] InnoDB: Completed initialization of buffer pool
2019-11-23 17:53:17 3520 [Note] InnoDB: Highest supported file format is Barracuda.
2019-11-23 17:53:17 3520 [Note] InnoDB: The log sequence numbers 1626134 and 1626134 in ibdata files do not match the log sequence number 5271950 in the ib_logfiles!
2019-11-23 17:53:17 3520 [Note] InnoDB: Database was not shutdown normally!
2019-11-23 17:53:17 3520 [Note] InnoDB: Starting crash recovery.
2019-11-23 17:53:17 3520 [Note] InnoDB: Reading tablespace information from the .ibd files...
2019-11-23 17:53:20 3520 [Note] InnoDB: Restoring possible half-written data pages 
2019-11-23 17:53:20 3520 [Note] InnoDB: from the doublewrite buffer...
2019-11-23 17:53:22 3520 [Note] InnoDB: 128 rollback segment(s) are active.
2019-11-23 17:53:22 3520 [Note] InnoDB: Waiting for purge to start
2019-11-23 17:53:22 3520 [Note] InnoDB: 5.6.13 started; log sequence number 5271950
2019-11-23 17:53:22 3520 [Note] Server hostname (bind-address): '*'; port: 3307
2019-11-23 17:53:22 3520 [Note] IPv6 is available.
2019-11-23 17:53:22 3520 [Note]   - '::' resolves to '::';
2019-11-23 17:53:22 3520 [Note] Server socket created on IP: '::'.
2019-11-23 17:53:25 3520 [Note] Event Scheduler: Loaded 0 events
2019-11-23 17:53:25 3520 [Note] I:\Arquivos\USBWebserver v8.6/mysql/bin/mysqld_usbwv8.exe: ready for connections.
Version: '5.6.13'  socket: ''  port: 3307  MySQL Community Server (GPL)
