2018-05-10 20:20:02 1280 [Note] Plugin 'FEDERATED' is disabled.
2018-05-10 20:20:02 1280 [Note] InnoDB: The InnoDB memory heap is disabled
2018-05-10 20:20:02 1280 [Note] InnoDB: Mutexes and rw_locks use Windows interlocked functions
2018-05-10 20:20:02 1280 [Note] InnoDB: Compressed tables use zlib 1.2.3
2018-05-10 20:20:02 1280 [Note] InnoDB: Not using CPU crc32 instructions
2018-05-10 20:20:02 1280 [Note] InnoDB: Initializing buffer pool, size = 128.0M
2018-05-10 20:20:02 1280 [Note] InnoDB: Completed initialization of buffer pool
2018-05-10 20:20:02 1280 [Note] InnoDB: Highest supported file format is Barracuda.
2018-05-10 20:20:02 1280 [Note] InnoDB: The log sequence numbers 1626134 and 1626134 in ibdata files do not match the log sequence number 1831065 in the ib_logfiles!
2018-05-10 20:20:02 1280 [Note] InnoDB: Database was not shutdown normally!
2018-05-10 20:20:02 1280 [Note] InnoDB: Starting crash recovery.
2018-05-10 20:20:02 1280 [Note] InnoDB: Reading tablespace information from the .ibd files...
2018-05-10 20:20:02 1280 [Note] InnoDB: Restoring possible half-written data pages 
2018-05-10 20:20:02 1280 [Note] InnoDB: from the doublewrite buffer...
2018-05-10 20:20:03 1280 [Note] InnoDB: 128 rollback segment(s) are active.
2018-05-10 20:20:03 1280 [Note] InnoDB: Waiting for purge to start
2018-05-10 20:20:03 1280 [Note] InnoDB: 5.6.13 started; log sequence number 1831065
2018-05-10 20:20:03 1280 [Note] Server hostname (bind-address): '*'; port: 3307
2018-05-10 20:20:03 1280 [Note] IPv6 is available.
2018-05-10 20:20:03 1280 [Note]   - '::' resolves to '::';
2018-05-10 20:20:03 1280 [Note] Server socket created on IP: '::'.
2018-05-10 20:20:04 1280 [Note] Event Scheduler: Loaded 0 events
2018-05-10 20:20:04 1280 [Note] K:\Arquivos\USBWebserver v8.6/mysql/bin/mysqld_usbwv8.exe: ready for connections.
Version: '5.6.13'  socket: ''  port: 3307  MySQL Community Server (GPL)
2018-05-17 19:52:38 2396 [Note] Plugin 'FEDERATED' is disabled.
2018-05-17 19:52:38 2396 [Note] InnoDB: The InnoDB memory heap is disabled
2018-05-17 19:52:38 2396 [Note] InnoDB: Mutexes and rw_locks use Windows interlocked functions
2018-05-17 19:52:38 2396 [Note] InnoDB: Compressed tables use zlib 1.2.3
2018-05-17 19:52:38 2396 [Note] InnoDB: Not using CPU crc32 instructions
2018-05-17 19:52:38 2396 [Note] InnoDB: Initializing buffer pool, size = 128.0M
2018-05-17 19:52:38 2396 [Note] InnoDB: Completed initialization of buffer pool
2018-05-17 19:52:38 2396 [Note] InnoDB: Highest supported file format is Barracuda.
2018-05-17 19:52:38 2396 [Note] InnoDB: The log sequence numbers 1626134 and 1626134 in ibdata files do not match the log sequence number 2121828 in the ib_logfiles!
2018-05-17 19:52:38 2396 [Note] InnoDB: Database was not shutdown normally!
2018-05-17 19:52:38 2396 [Note] InnoDB: Starting crash recovery.
2018-05-17 19:52:38 2396 [Note] InnoDB: Reading tablespace information from the .ibd files...
2018-05-17 19:52:38 2396 [Note] InnoDB: Restoring possible half-written data pages 
2018-05-17 19:52:38 2396 [Note] InnoDB: from the doublewrite buffer...
2018-05-17 19:52:39 2396 [Note] InnoDB: 128 rollback segment(s) are active.
2018-05-17 19:52:39 2396 [Note] InnoDB: Waiting for purge to start
2018-05-17 19:52:39 2396 [Note] InnoDB: 5.6.13 started; log sequence number 2121828
2018-05-17 19:52:39 2396 [Note] Server hostname (bind-address): '*'; port: 3307
2018-05-17 19:52:39 2396 [Note] IPv6 is available.
2018-05-17 19:52:39 2396 [Note]   - '::' resolves to '::';
2018-05-17 19:52:39 2396 [Note] Server socket created on IP: '::'.
2018-05-17 19:52:40 2396 [Note] Event Scheduler: Loaded 0 events
2018-05-17 19:52:40 2396 [Note] K:\Arquivos\USBWebserver v8.6/mysql/bin/mysqld_usbwv8.exe: ready for connections.
Version: '5.6.13'  socket: ''  port: 3307  MySQL Community Server (GPL)
2018-05-24 19:30:48 720 [Note] Plugin 'FEDERATED' is disabled.
2018-05-24 19:30:48 720 [Note] InnoDB: The InnoDB memory heap is disabled
2018-05-24 19:30:48 720 [Note] InnoDB: Mutexes and rw_locks use Windows interlocked functions
2018-05-24 19:30:48 720 [Note] InnoDB: Compressed tables use zlib 1.2.3
2018-05-24 19:30:48 720 [Note] InnoDB: Not using CPU crc32 instructions
2018-05-24 19:30:48 720 [Note] InnoDB: Initializing buffer pool, size = 128.0M
2018-05-24 19:30:48 720 [Note] InnoDB: Completed initialization of buffer pool
2018-05-24 19:30:48 720 [Note] InnoDB: Highest supported file format is Barracuda.
2018-05-24 19:30:48 720 [Note] InnoDB: The log sequence numbers 1626134 and 1626134 in ibdata files do not match the log sequence number 2139955 in the ib_logfiles!
2018-05-24 19:30:48 720 [Note] InnoDB: Database was not shutdown normally!
2018-05-24 19:30:48 720 [Note] InnoDB: Starting crash recovery.
2018-05-24 19:30:48 720 [Note] InnoDB: Reading tablespace information from the .ibd files...
2018-05-24 19:30:48 720 [Note] InnoDB: Restoring possible half-written data pages 
2018-05-24 19:30:48 720 [Note] InnoDB: from the doublewrite buffer...
2018-05-24 19:30:49 720 [Note] InnoDB: 128 rollback segment(s) are active.
2018-05-24 19:30:49 720 [Note] InnoDB: Waiting for purge to start
2018-05-24 19:30:49 720 [Note] InnoDB: 5.6.13 started; log sequence number 2139955
2018-05-24 19:30:49 720 [Note] Server hostname (bind-address): '*'; port: 3307
2018-05-24 19:30:49 720 [Note] IPv6 is available.
2018-05-24 19:30:49 720 [Note]   - '::' resolves to '::';
2018-05-24 19:30:49 720 [Note] Server socket created on IP: '::'.
2018-05-24 19:30:50 720 [Note] Event Scheduler: Loaded 0 events
2018-05-24 19:30:50 720 [Note] K:\Arquivos\USBWebserver v8.6/mysql/bin/mysqld_usbwv8.exe: ready for connections.
Version: '5.6.13'  socket: ''  port: 3307  MySQL Community Server (GPL)
2019-02-28 16:53:53 1364 [Note] Plugin 'FEDERATED' is disabled.
2019-02-28 16:53:53 1364 [Note] InnoDB: The InnoDB memory heap is disabled
2019-02-28 16:53:53 1364 [Note] InnoDB: Mutexes and rw_locks use Windows interlocked functions
2019-02-28 16:53:53 1364 [Note] InnoDB: Compressed tables use zlib 1.2.3
2019-02-28 16:53:53 1364 [Note] InnoDB: Not using CPU crc32 instructions
2019-02-28 16:53:53 1364 [Note] InnoDB: Initializing buffer pool, size = 128.0M
2019-02-28 16:53:53 1364 [Note] InnoDB: Completed initialization of buffer pool
2019-02-28 16:53:53 1364 [Note] InnoDB: Highest supported file format is Barracuda.
2019-02-28 16:53:53 1364 [Note] InnoDB: The log sequence numbers 1626134 and 1626134 in ibdata files do not match the log sequence number 4076922 in the ib_logfiles!
2019-02-28 16:53:53 1364 [Note] InnoDB: Database was not shutdown normally!
2019-02-28 16:53:53 1364 [Note] InnoDB: Starting crash recovery.
2019-02-28 16:53:53 1364 [Note] InnoDB: Reading tablespace information from the .ibd files...
2019-02-28 16:53:53 1364 [Note] InnoDB: Restoring possible half-written data pages 
2019-02-28 16:53:53 1364 [Note] InnoDB: from the doublewrite buffer...
2019-02-28 16:53:56 1364 [Note] InnoDB: 128 rollback segment(s) are active.
2019-02-28 16:53:56 1364 [Note] InnoDB: Waiting for purge to start
2019-02-28 16:53:56 1364 [Note] InnoDB: 5.6.13 started; log sequence number 4076922
2019-02-28 16:53:57 1364 [Note] Server hostname (bind-address): '*'; port: 3307
2019-02-28 16:53:57 1364 [Note] IPv6 is available.
2019-02-28 16:53:57 1364 [Note]   - '::' resolves to '::';
2019-02-28 16:53:57 1364 [Note] Server socket created on IP: '::'.
2019-02-28 16:53:59 1364 [Note] Event Scheduler: Loaded 0 events
2019-02-28 16:53:59 1364 [Note] I:\Arquivos\USBWebserver v8.6/mysql/bin/mysqld_usbwv8.exe: ready for connections.
Version: '5.6.13'  socket: ''  port: 3307  MySQL Community Server (GPL)
2019-03-02 07:01:36 1164 [Note] Plugin 'FEDERATED' is disabled.
2019-03-02 07:01:36 1164 [Note] InnoDB: The InnoDB memory heap is disabled
2019-03-02 07:01:36 1164 [Note] InnoDB: Mutexes and rw_locks use Windows interlocked functions
2019-03-02 07:01:36 1164 [Note] InnoDB: Compressed tables use zlib 1.2.3
2019-03-02 07:01:36 1164 [Note] InnoDB: Not using CPU crc32 instructions
2019-03-02 07:01:36 1164 [Note] InnoDB: Initializing buffer pool, size = 128.0M
2019-03-02 07:01:36 1164 [Note] InnoDB: Completed initialization of buffer pool
2019-03-02 07:01:36 1164 [Note] InnoDB: Highest supported file format is Barracuda.
2019-03-02 07:01:36 1164 [Note] InnoDB: The log sequence numbers 1626134 and 1626134 in ibdata files do not match the log sequence number 4076932 in the ib_logfiles!
2019-03-02 07:01:36 1164 [Note] InnoDB: Database was not shutdown normally!
2019-03-02 07:01:36 1164 [Note] InnoDB: Starting crash recovery.
2019-03-02 07:01:36 1164 [Note] InnoDB: Reading tablespace information from the .ibd files...
2019-03-02 07:01:37 1164 [Note] InnoDB: Restoring possible half-written data pages 
2019-03-02 07:01:37 1164 [Note] InnoDB: from the doublewrite buffer...
2019-03-02 07:01:39 1164 [Note] InnoDB: 128 rollback segment(s) are active.
2019-03-02 07:01:39 1164 [Note] InnoDB: Waiting for purge to start
2019-03-02 07:01:40 1164 [Note] InnoDB: 5.6.13 started; log sequence number 4076932
2019-03-02 07:01:40 1164 [Note] Server hostname (bind-address): '*'; port: 3307
2019-03-02 07:01:40 1164 [Note] IPv6 is available.
2019-03-02 07:01:40 1164 [Note]   - '::' resolves to '::';
2019-03-02 07:01:40 1164 [Note] Server socket created on IP: '::'.
2019-03-02 07:01:43 1164 [Note] Event Scheduler: Loaded 0 events
2019-03-02 07:01:43 1164 [Note] I:\Arquivos\USBWebserver v8.6/mysql/bin/mysqld_usbwv8.exe: ready for connections.
Version: '5.6.13'  socket: ''  port: 3307  MySQL Community Server (GPL)
2019-08-02 15:47:58 3588 [Note] Plugin 'FEDERATED' is disabled.
2019-08-02 15:47:58 3588 [Note] InnoDB: The InnoDB memory heap is disabled
2019-08-02 15:47:58 3588 [Note] InnoDB: Mutexes and rw_locks use Windows interlocked functions
2019-08-02 15:47:58 3588 [Note] InnoDB: Compressed tables use zlib 1.2.3
2019-08-02 15:47:58 3588 [Note] InnoDB: Not using CPU crc32 instructions
2019-08-02 15:47:58 3588 [Note] InnoDB: Initializing buffer pool, size = 128.0M
2019-08-02 15:47:58 3588 [Note] InnoDB: Completed initialization of buffer pool
2019-08-02 15:47:58 3588 [Note] InnoDB: Highest supported file format is Barracuda.
2019-08-02 15:47:58 3588 [Note] InnoDB: The log sequence numbers 1626134 and 1626134 in ibdata files do not match the log sequence number 4178312 in the ib_logfiles!
2019-08-02 15:47:58 3588 [Note] InnoDB: Database was not shutdown normally!
2019-08-02 15:47:58 3588 [Note] InnoDB: Starting crash recovery.
2019-08-02 15:47:58 3588 [Note] InnoDB: Reading tablespace information from the .ibd files...
2019-08-02 15:48:01 3588 [Note] InnoDB: Restoring possible half-written data pages 
2019-08-02 15:48:01 3588 [Note] InnoDB: from the doublewrite buffer...
2019-08-02 15:48:04 3588 [Note] InnoDB: 128 rollback segment(s) are active.
2019-08-02 15:48:04 3588 [Note] InnoDB: Waiting for purge to start
2019-08-02 15:48:04 3588 [Note] InnoDB: 5.6.13 started; log sequence number 4178312
2019-08-02 15:48:04 3588 [Note] Server hostname (bind-address): '*'; port: 3307
2019-08-02 15:48:04 3588 [Note] IPv6 is available.
2019-08-02 15:48:04 3588 [Note]   - '::' resolves to '::';
2019-08-02 15:48:04 3588 [Note] Server socket created on IP: '::'.
2019-08-02 15:48:04 3588 [Note] Event Scheduler: Loaded 0 events
2019-08-02 15:48:04 3588 [Note] I:\Arquivos\USBWebserver v8.6/mysql/bin/mysqld_usbwv8.exe: ready for connections.
Version: '5.6.13'  socket: ''  port: 3307  MySQL Community Server (GPL)
