2019-10-03 09:36:02 4676 [Note] Plugin 'FEDERATED' is disabled.
2019-10-03 09:36:02 4676 [Note] InnoDB: The InnoDB memory heap is disabled
2019-10-03 09:36:02 4676 [Note] InnoDB: Mutexes and rw_locks use Windows interlocked functions
2019-10-03 09:36:02 4676 [Note] InnoDB: Compressed tables use zlib 1.2.3
2019-10-03 09:36:02 4676 [Note] InnoDB: Not using CPU crc32 instructions
2019-10-03 09:36:02 4676 [Note] InnoDB: Initializing buffer pool, size = 128.0M
2019-10-03 09:36:02 4676 [Note] InnoDB: Completed initialization of buffer pool
2019-10-03 09:36:02 4676 [Note] InnoDB: Highest supported file format is Barracuda.
2019-10-03 09:36:02 4676 [Note] InnoDB: The log sequence numbers 1626134 and 1626134 in ibdata files do not match the log sequence number 4942431 in the ib_logfiles!
2019-10-03 09:36:03 4676 [Note] InnoDB: Database was not shutdown normally!
2019-10-03 09:36:03 4676 [Note] InnoDB: Starting crash recovery.
2019-10-03 09:36:03 4676 [Note] InnoDB: Reading tablespace information from the .ibd files...
2019-10-03 09:36:08 4676 [Note] InnoDB: Restoring possible half-written data pages 
2019-10-03 09:36:08 4676 [Note] InnoDB: from the doublewrite buffer...
2019-10-03 09:36:11 4676 [Note] InnoDB: 128 rollback segment(s) are active.
2019-10-03 09:36:11 4676 [Note] InnoDB: Waiting for purge to start
2019-10-03 09:36:12 4676 [Note] InnoDB: 5.6.13 started; log sequence number 4942431
2019-10-03 09:36:15 4676 [Note] Server hostname (bind-address): '*'; port: 3307
2019-10-03 09:36:15 4676 [Note] IPv6 is available.
2019-10-03 09:36:15 4676 [Note]   - '::' resolves to '::';
2019-10-03 09:36:15 4676 [Note] Server socket created on IP: '::'.
2019-10-21 09:39:33 2040 [Note] Plugin 'FEDERATED' is disabled.
2019-10-21 09:39:33 2040 [Note] InnoDB: The InnoDB memory heap is disabled
2019-10-21 09:39:33 2040 [Note] InnoDB: Mutexes and rw_locks use Windows interlocked functions
2019-10-21 09:39:33 2040 [Note] InnoDB: Compressed tables use zlib 1.2.3
2019-10-21 09:39:33 2040 [Note] InnoDB: Not using CPU crc32 instructions
2019-10-21 09:39:33 2040 [Note] InnoDB: Initializing buffer pool, size = 128.0M
2019-10-21 09:39:33 2040 [Note] InnoDB: Completed initialization of buffer pool
2019-10-21 09:39:33 2040 [Note] InnoDB: Highest supported file format is Barracuda.
2019-10-21 09:39:33 2040 [Note] InnoDB: The log sequence numbers 1626134 and 1626134 in ibdata files do not match the log sequence number 5024063 in the ib_logfiles!
2019-10-21 09:39:33 2040 [Note] InnoDB: Database was not shutdown normally!
2019-10-21 09:39:33 2040 [Note] InnoDB: Starting crash recovery.
2019-10-21 09:39:33 2040 [Note] InnoDB: Reading tablespace information from the .ibd files...
2019-10-21 09:39:35 2040 [Note] InnoDB: Restoring possible half-written data pages 
2019-10-21 09:39:35 2040 [Note] InnoDB: from the doublewrite buffer...
2019-10-21 09:39:37 2040 [Note] InnoDB: 128 rollback segment(s) are active.
2019-10-21 09:39:37 2040 [Note] InnoDB: Waiting for purge to start
2019-10-21 09:39:37 2040 [Note] InnoDB: 5.6.13 started; log sequence number 5024063
2019-10-21 09:39:37 2040 [Note] Server hostname (bind-address): '*'; port: 3307
2019-10-21 09:39:37 2040 [Note] IPv6 is available.
2019-10-21 09:39:37 2040 [Note]   - '::' resolves to '::';
2019-10-21 09:39:37 2040 [Note] Server socket created on IP: '::'.
2019-12-20 10:07:50 5376 [Note] Plugin 'FEDERATED' is disabled.
2019-12-20 10:07:51 5376 [Note] InnoDB: The InnoDB memory heap is disabled
2019-12-20 10:07:51 5376 [Note] InnoDB: Mutexes and rw_locks use Windows interlocked functions
2019-12-20 10:07:51 5376 [Note] InnoDB: Compressed tables use zlib 1.2.3
2019-12-20 10:07:51 5376 [Note] InnoDB: Not using CPU crc32 instructions
2019-12-20 10:07:51 5376 [Note] InnoDB: Initializing buffer pool, size = 128.0M
2019-12-20 10:07:51 5376 [Note] InnoDB: Completed initialization of buffer pool
2019-12-20 10:07:51 5376 [Note] InnoDB: Highest supported file format is Barracuda.
2019-12-20 10:07:51 5376 [Note] InnoDB: The log sequence numbers 1626134 and 1626134 in ibdata files do not match the log sequence number 5361231 in the ib_logfiles!
2019-12-20 10:07:51 5376 [Note] InnoDB: Database was not shutdown normally!
2019-12-20 10:07:51 5376 [Note] InnoDB: Starting crash recovery.
2019-12-20 10:07:51 5376 [Note] InnoDB: Reading tablespace information from the .ibd files...
2019-12-20 10:07:55 5376 [Note] InnoDB: Restoring possible half-written data pages 
2019-12-20 10:07:55 5376 [Note] InnoDB: from the doublewrite buffer...
2019-12-20 10:07:58 5376 [Note] InnoDB: 128 rollback segment(s) are active.
2019-12-20 10:07:58 5376 [Note] InnoDB: Waiting for purge to start
2019-12-20 10:07:59 5376 [Note] InnoDB: 5.6.13 started; log sequence number 5361231
2019-12-20 10:08:01 5376 [Note] Server hostname (bind-address): '*'; port: 3307
2019-12-20 10:08:01 5376 [Note] IPv6 is available.
2019-12-20 10:08:01 5376 [Note]   - '::' resolves to '::';
2019-12-20 10:08:01 5376 [Note] Server socket created on IP: '::'.
