2019-12-11 15:29:09 912 [Note] Plugin 'FEDERATED' is disabled.
2019-12-11 15:29:09 912 [Note] InnoDB: The InnoDB memory heap is disabled
2019-12-11 15:29:09 912 [Note] InnoDB: Mutexes and rw_locks use Windows interlocked functions
2019-12-11 15:29:09 912 [Note] InnoDB: Compressed tables use zlib 1.2.3
2019-12-11 15:29:09 912 [Note] InnoDB: Not using CPU crc32 instructions
2019-12-11 15:29:09 912 [Note] InnoDB: Initializing buffer pool, size = 128.0M
2019-12-11 15:29:10 912 [Note] InnoDB: Completed initialization of buffer pool
2019-12-11 15:29:10 912 [Note] InnoDB: Highest supported file format is Barracuda.
2019-12-11 15:29:10 912 [Note] InnoDB: The log sequence numbers 1626134 and 1626134 in ibdata files do not match the log sequence number 5357776 in the ib_logfiles!
2019-12-11 15:29:10 912 [Note] InnoDB: Database was not shutdown normally!
2019-12-11 15:29:10 912 [Note] InnoDB: Starting crash recovery.
2019-12-11 15:29:10 912 [Note] InnoDB: Reading tablespace information from the .ibd files...
2019-12-11 15:29:11 912 [Note] InnoDB: Restoring possible half-written data pages 
2019-12-11 15:29:11 912 [Note] InnoDB: from the doublewrite buffer...
2019-12-11 15:29:13 912 [Note] InnoDB: 128 rollback segment(s) are active.
2019-12-11 15:29:13 912 [Note] InnoDB: Waiting for purge to start
2019-12-11 15:29:13 912 [Note] InnoDB: 5.6.13 started; log sequence number 5357776
2019-12-11 15:29:13 912 [Note] Server hostname (bind-address): '*'; port: 3307
2019-12-11 15:29:13 912 [Note] IPv6 is available.
2019-12-11 15:29:13 912 [Note]   - '::' resolves to '::';
2019-12-11 15:29:13 912 [Note] Server socket created on IP: '::'.
2019-12-11 15:29:13 912 [Note] Event Scheduler: Loaded 0 events
2019-12-11 15:29:13 912 [Note] J:\Arquivos\USBWebserver v8.6/mysql/bin/mysqld_usbwv8.exe: ready for connections.
Version: '5.6.13'  socket: ''  port: 3307  MySQL Community Server (GPL)
2019-12-12 15:17:40 1216 [Note] Plugin 'FEDERATED' is disabled.
2019-12-12 15:17:40 1216 [Note] InnoDB: The InnoDB memory heap is disabled
2019-12-12 15:17:40 1216 [Note] InnoDB: Mutexes and rw_locks use Windows interlocked functions
2019-12-12 15:17:40 1216 [Note] InnoDB: Compressed tables use zlib 1.2.3
2019-12-12 15:17:40 1216 [Note] InnoDB: Not using CPU crc32 instructions
2019-12-12 15:17:40 1216 [Note] InnoDB: Initializing buffer pool, size = 128.0M
2019-12-12 15:17:40 1216 [Note] InnoDB: Completed initialization of buffer pool
2019-12-12 15:17:40 1216 [Note] InnoDB: Highest supported file format is Barracuda.
2019-12-12 15:17:40 1216 [Note] InnoDB: The log sequence numbers 1626134 and 1626134 in ibdata files do not match the log sequence number 5360535 in the ib_logfiles!
2019-12-12 15:17:40 1216 [Note] InnoDB: Database was not shutdown normally!
2019-12-12 15:17:40 1216 [Note] InnoDB: Starting crash recovery.
2019-12-12 15:17:40 1216 [Note] InnoDB: Reading tablespace information from the .ibd files...
2019-12-12 15:17:41 1216 [Note] InnoDB: Restoring possible half-written data pages 
2019-12-12 15:17:41 1216 [Note] InnoDB: from the doublewrite buffer...
2019-12-12 15:17:45 1216 [Note] InnoDB: 128 rollback segment(s) are active.
2019-12-12 15:17:45 1216 [Note] InnoDB: Waiting for purge to start
2019-12-12 15:17:45 1216 [Note] InnoDB: 5.6.13 started; log sequence number 5360535
2019-12-12 15:17:45 1216 [Note] Server hostname (bind-address): '*'; port: 3307
2019-12-12 15:17:45 1216 [Note] IPv6 is available.
2019-12-12 15:17:45 1216 [Note]   - '::' resolves to '::';
2019-12-12 15:17:45 1216 [Note] Server socket created on IP: '::'.
2019-12-12 15:17:50 1216 [Note] Event Scheduler: Loaded 0 events
2019-12-12 15:17:50 1216 [Note] J:\Arquivos\USBWebserver v8.6/mysql/bin/mysqld_usbwv8.exe: ready for connections.
Version: '5.6.13'  socket: ''  port: 3307  MySQL Community Server (GPL)
2019-12-12 15:56:20 5604 [Note] Plugin 'FEDERATED' is disabled.
2019-12-12 15:56:20 5604 [Note] InnoDB: The InnoDB memory heap is disabled
2019-12-12 15:56:20 5604 [Note] InnoDB: Mutexes and rw_locks use Windows interlocked functions
2019-12-12 15:56:20 5604 [Note] InnoDB: Compressed tables use zlib 1.2.3
2019-12-12 15:56:20 5604 [Note] InnoDB: Not using CPU crc32 instructions
2019-12-12 15:56:20 5604 [Note] InnoDB: Initializing buffer pool, size = 128.0M
2019-12-12 15:56:20 5604 [Note] InnoDB: Completed initialization of buffer pool
2019-12-12 15:56:20 5604 [Note] InnoDB: Highest supported file format is Barracuda.
2019-12-12 15:56:20 5604 [Note] InnoDB: The log sequence numbers 1626134 and 1626134 in ibdata files do not match the log sequence number 5360761 in the ib_logfiles!
2019-12-12 15:56:20 5604 [Note] InnoDB: Database was not shutdown normally!
2019-12-12 15:56:20 5604 [Note] InnoDB: Starting crash recovery.
2019-12-12 15:56:20 5604 [Note] InnoDB: Reading tablespace information from the .ibd files...
2019-12-12 15:56:21 5604 [Note] InnoDB: Restoring possible half-written data pages 
2019-12-12 15:56:21 5604 [Note] InnoDB: from the doublewrite buffer...
2019-12-12 15:56:46 5920 [Note] Plugin 'FEDERATED' is disabled.
2019-12-12 15:56:46 5920 [Note] InnoDB: The InnoDB memory heap is disabled
2019-12-12 15:56:46 5920 [Note] InnoDB: Mutexes and rw_locks use Windows interlocked functions
2019-12-12 15:56:46 5920 [Note] InnoDB: Compressed tables use zlib 1.2.3
2019-12-12 15:56:46 5920 [Note] InnoDB: Not using CPU crc32 instructions
2019-12-12 15:56:46 5920 [Note] InnoDB: Initializing buffer pool, size = 128.0M
2019-12-12 15:56:46 5920 [Note] InnoDB: Completed initialization of buffer pool
2019-12-12 15:56:46 5920 [Note] InnoDB: Highest supported file format is Barracuda.
2019-12-12 15:56:46 5920 [Note] InnoDB: The log sequence numbers 1626134 and 1626134 in ibdata files do not match the log sequence number 5360761 in the ib_logfiles!
2019-12-12 15:56:46 5920 [Note] InnoDB: Database was not shutdown normally!
2019-12-12 15:56:46 5920 [Note] InnoDB: Starting crash recovery.
2019-12-12 15:56:46 5920 [Note] InnoDB: Reading tablespace information from the .ibd files...
2019-12-12 15:56:46 5920 [Note] InnoDB: Restoring possible half-written data pages 
2019-12-12 15:56:46 5920 [Note] InnoDB: from the doublewrite buffer...
2019-12-12 15:56:47 5920 [Note] InnoDB: 128 rollback segment(s) are active.
2019-12-12 15:56:47 5920 [Note] InnoDB: Waiting for purge to start
2019-12-12 15:56:48 5920 [Note] InnoDB: 5.6.13 started; log sequence number 5360761
2019-12-12 15:56:48 5920 [Note] Server hostname (bind-address): '*'; port: 3307
2019-12-12 15:56:48 5920 [Note] IPv6 is available.
2019-12-12 15:56:48 5920 [Note]   - '::' resolves to '::';
2019-12-12 15:56:48 5920 [Note] Server socket created on IP: '::'.
2019-12-12 15:57:01 5920 [Note] Event Scheduler: Loaded 0 events
2019-12-12 15:57:01 5920 [Note] J:\Arquivos\USBWebserver v8.6/mysql/bin/mysqld_usbwv8.exe: ready for connections.
Version: '5.6.13'  socket: ''  port: 3307  MySQL Community Server (GPL)
