2019-09-09 21:38:49 2232 [Note] Plugin 'FEDERATED' is disabled.
2019-09-09 21:38:49 2232 [Note] InnoDB: The InnoDB memory heap is disabled
2019-09-09 21:38:49 2232 [Note] InnoDB: Mutexes and rw_locks use Windows interlocked functions
2019-09-09 21:38:49 2232 [Note] InnoDB: Compressed tables use zlib 1.2.3
2019-09-09 21:38:50 2232 [Note] InnoDB: Not using CPU crc32 instructions
2019-09-09 21:38:50 2232 [Note] InnoDB: Initializing buffer pool, size = 128.0M
2019-09-09 21:38:50 2232 [Note] InnoDB: Completed initialization of buffer pool
2019-09-09 21:38:50 2232 [Note] InnoDB: Highest supported file format is Barracuda.
2019-09-09 21:38:50 2232 [Note] InnoDB: The log sequence numbers 1626134 and 1626134 in ibdata files do not match the log sequence number 4190315 in the ib_logfiles!
2019-09-09 21:38:50 2232 [Note] InnoDB: Database was not shutdown normally!
2019-09-09 21:38:50 2232 [Note] InnoDB: Starting crash recovery.
2019-09-09 21:38:50 2232 [Note] InnoDB: Reading tablespace information from the .ibd files...
2019-09-09 21:38:51 2232 [Note] InnoDB: Restoring possible half-written data pages 
2019-09-09 21:38:51 2232 [Note] InnoDB: from the doublewrite buffer...
2019-09-09 21:38:53 2232 [Note] InnoDB: 128 rollback segment(s) are active.
2019-09-09 21:38:53 2232 [Note] InnoDB: Waiting for purge to start
2019-09-09 21:38:53 2232 [Note] InnoDB: 5.6.13 started; log sequence number 4190315
2019-09-09 21:38:53 2232 [Note] Server hostname (bind-address): '*'; port: 3307
2019-09-09 21:38:53 2232 [Note] IPv6 is available.
2019-09-09 21:38:53 2232 [Note]   - '::' resolves to '::';
2019-09-09 21:38:53 2232 [Note] Server socket created on IP: '::'.
2019-09-09 21:38:53 2232 [Note] Event Scheduler: Loaded 0 events
2019-09-09 21:38:53 2232 [Note] J:\Arquivos\USBWebserver v8.6/mysql/bin/mysqld_usbwv8.exe: ready for connections.
Version: '5.6.13'  socket: ''  port: 3307  MySQL Community Server (GPL)
2019-09-11 10:42:18 5116 [Note] Plugin 'FEDERATED' is disabled.
2019-09-11 10:42:18 5116 [Note] InnoDB: The InnoDB memory heap is disabled
2019-09-11 10:42:18 5116 [Note] InnoDB: Mutexes and rw_locks use Windows interlocked functions
2019-09-11 10:42:18 5116 [Note] InnoDB: Compressed tables use zlib 1.2.3
2019-09-11 10:42:18 5116 [Note] InnoDB: Not using CPU crc32 instructions
2019-09-11 10:42:18 5116 [Note] InnoDB: Initializing buffer pool, size = 128.0M
2019-09-11 10:42:18 5116 [Note] InnoDB: Completed initialization of buffer pool
2019-09-11 10:42:18 5116 [Note] InnoDB: Highest supported file format is Barracuda.
2019-09-11 10:42:18 5116 [Note] InnoDB: The log sequence numbers 1626134 and 1626134 in ibdata files do not match the log sequence number 4190841 in the ib_logfiles!
2019-09-11 10:42:18 5116 [Note] InnoDB: Database was not shutdown normally!
2019-09-11 10:42:18 5116 [Note] InnoDB: Starting crash recovery.
2019-09-11 10:42:18 5116 [Note] InnoDB: Reading tablespace information from the .ibd files...
2019-09-11 10:42:19 5116 [Note] InnoDB: Restoring possible half-written data pages 
2019-09-11 10:42:19 5116 [Note] InnoDB: from the doublewrite buffer...
2019-09-11 10:42:21 5116 [Note] InnoDB: 128 rollback segment(s) are active.
2019-09-11 10:42:21 5116 [Note] InnoDB: Waiting for purge to start
2019-09-11 10:42:21 5116 [Note] InnoDB: 5.6.13 started; log sequence number 4190841
2019-09-11 10:42:21 5116 [Note] Server hostname (bind-address): '*'; port: 3307
2019-09-11 10:42:21 5116 [Note] IPv6 is available.
2019-09-11 10:42:21 5116 [Note]   - '::' resolves to '::';
2019-09-11 10:42:21 5116 [Note] Server socket created on IP: '::'.
2019-09-11 10:42:22 5116 [Note] Event Scheduler: Loaded 0 events
2019-09-11 10:42:22 5116 [Note] J:\Arquivos\USBWebserver v8.6/mysql/bin/mysqld_usbwv8.exe: ready for connections.
Version: '5.6.13'  socket: ''  port: 3307  MySQL Community Server (GPL)
2019-09-18 12:03:13 888 [Note] Plugin 'FEDERATED' is disabled.
2019-09-18 12:03:13 888 [Note] InnoDB: The InnoDB memory heap is disabled
2019-09-18 12:03:13 888 [Note] InnoDB: Mutexes and rw_locks use Windows interlocked functions
2019-09-18 12:03:13 888 [Note] InnoDB: Compressed tables use zlib 1.2.3
2019-09-18 12:03:13 888 [Note] InnoDB: Not using CPU crc32 instructions
2019-09-18 12:03:13 888 [Note] InnoDB: Initializing buffer pool, size = 128.0M
2019-09-18 12:03:13 888 [Note] InnoDB: Completed initialization of buffer pool
2019-09-18 12:03:13 888 [Note] InnoDB: Highest supported file format is Barracuda.
2019-09-18 12:03:13 888 [Note] InnoDB: The log sequence numbers 1626134 and 1626134 in ibdata files do not match the log sequence number 4472638 in the ib_logfiles!
2019-09-18 12:03:13 888 [Note] InnoDB: Database was not shutdown normally!
2019-09-18 12:03:13 888 [Note] InnoDB: Starting crash recovery.
2019-09-18 12:03:13 888 [Note] InnoDB: Reading tablespace information from the .ibd files...
2019-09-18 12:03:13 888 [Note] InnoDB: Restoring possible half-written data pages 
2019-09-18 12:03:13 888 [Note] InnoDB: from the doublewrite buffer...
2019-09-18 12:03:17 888 [Note] InnoDB: 128 rollback segment(s) are active.
2019-09-18 12:03:17 888 [Note] InnoDB: Waiting for purge to start
2019-09-18 12:03:17 888 [Note] InnoDB: 5.6.13 started; log sequence number 4472638
2019-09-18 12:03:17 888 [Note] Server hostname (bind-address): '*'; port: 3307
2019-09-18 12:03:17 888 [Note] IPv6 is available.
2019-09-18 12:03:17 888 [Note]   - '::' resolves to '::';
2019-09-18 12:03:17 888 [Note] Server socket created on IP: '::'.
2019-09-18 12:03:21 888 [Note] Event Scheduler: Loaded 0 events
2019-09-18 12:03:21 888 [Note] J:\Arquivos\USBWebserver v8.6/mysql/bin/mysqld_usbwv8.exe: ready for connections.
Version: '5.6.13'  socket: ''  port: 3307  MySQL Community Server (GPL)
2019-09-24 10:41:45 4140 [Note] Plugin 'FEDERATED' is disabled.
2019-09-24 10:41:45 4140 [Note] InnoDB: The InnoDB memory heap is disabled
2019-09-24 10:41:45 4140 [Note] InnoDB: Mutexes and rw_locks use Windows interlocked functions
2019-09-24 10:41:45 4140 [Note] InnoDB: Compressed tables use zlib 1.2.3
2019-09-24 10:41:45 4140 [Note] InnoDB: Not using CPU crc32 instructions
2019-09-24 10:41:45 4140 [Note] InnoDB: Initializing buffer pool, size = 128.0M
2019-09-24 10:41:45 4140 [Note] InnoDB: Completed initialization of buffer pool
2019-09-24 10:41:45 4140 [Note] InnoDB: Highest supported file format is Barracuda.
2019-09-24 10:41:45 4140 [Note] InnoDB: The log sequence numbers 1626134 and 1626134 in ibdata files do not match the log sequence number 4620956 in the ib_logfiles!
2019-09-24 10:41:45 4140 [Note] InnoDB: Database was not shutdown normally!
2019-09-24 10:41:45 4140 [Note] InnoDB: Starting crash recovery.
2019-09-24 10:41:45 4140 [Note] InnoDB: Reading tablespace information from the .ibd files...
2019-09-24 10:41:46 4140 [Note] InnoDB: Restoring possible half-written data pages 
2019-09-24 10:41:46 4140 [Note] InnoDB: from the doublewrite buffer...
2019-09-24 10:41:48 4140 [Note] InnoDB: 128 rollback segment(s) are active.
2019-09-24 10:41:48 4140 [Note] InnoDB: Waiting for purge to start
2019-09-24 10:41:49 4140 [Note] InnoDB: 5.6.13 started; log sequence number 4620956
2019-09-24 10:41:49 4140 [Note] Server hostname (bind-address): '*'; port: 3307
2019-09-24 10:41:49 4140 [Note] IPv6 is available.
2019-09-24 10:41:49 4140 [Note]   - '::' resolves to '::';
2019-09-24 10:41:49 4140 [Note] Server socket created on IP: '::'.
2019-09-24 10:41:52 4140 [Note] Event Scheduler: Loaded 0 events
2019-09-24 10:41:52 4140 [Note] J:\Arquivos\USBWebserver v8.6/mysql/bin/mysqld_usbwv8.exe: ready for connections.
Version: '5.6.13'  socket: ''  port: 3307  MySQL Community Server (GPL)
2019-09-24 14:18:59 936 [Note] Plugin 'FEDERATED' is disabled.
2019-09-24 14:18:59 936 [Note] InnoDB: The InnoDB memory heap is disabled
2019-09-24 14:18:59 936 [Note] InnoDB: Mutexes and rw_locks use Windows interlocked functions
2019-09-24 14:18:59 936 [Note] InnoDB: Compressed tables use zlib 1.2.3
2019-09-24 14:18:59 936 [Note] InnoDB: Not using CPU crc32 instructions
2019-09-24 14:18:59 936 [Note] InnoDB: Initializing buffer pool, size = 128.0M
2019-09-24 14:18:59 936 [Note] InnoDB: Completed initialization of buffer pool
2019-09-24 14:18:59 936 [Note] InnoDB: Highest supported file format is Barracuda.
2019-09-24 14:18:59 936 [Note] InnoDB: The log sequence numbers 1626134 and 1626134 in ibdata files do not match the log sequence number 4664503 in the ib_logfiles!
2019-09-24 14:18:59 936 [Note] InnoDB: Database was not shutdown normally!
2019-09-24 14:18:59 936 [Note] InnoDB: Starting crash recovery.
2019-09-24 14:18:59 936 [Note] InnoDB: Reading tablespace information from the .ibd files...
2019-09-24 14:19:00 936 [Note] InnoDB: Restoring possible half-written data pages 
2019-09-24 14:19:00 936 [Note] InnoDB: from the doublewrite buffer...
2019-09-24 14:19:04 936 [Note] InnoDB: 128 rollback segment(s) are active.
2019-09-24 14:19:04 936 [Note] InnoDB: Waiting for purge to start
2019-09-24 14:19:04 936 [Note] InnoDB: 5.6.13 started; log sequence number 4664503
2019-09-24 14:19:04 936 [Note] Server hostname (bind-address): '*'; port: 3307
2019-09-24 14:19:04 936 [Note] IPv6 is available.
2019-09-24 14:19:04 936 [Note]   - '::' resolves to '::';
2019-09-24 14:19:04 936 [Note] Server socket created on IP: '::'.
2019-09-24 14:19:04 936 [Note] Event Scheduler: Loaded 0 events
2019-09-24 14:19:04 936 [Note] J:\Arquivos\USBWebserver v8.6/mysql/bin/mysqld_usbwv8.exe: ready for connections.
Version: '5.6.13'  socket: ''  port: 3307  MySQL Community Server (GPL)
2019-09-25 08:29:01 3712 [Note] Plugin 'FEDERATED' is disabled.
2019-09-25 08:29:01 3712 [Note] InnoDB: The InnoDB memory heap is disabled
2019-09-25 08:29:01 3712 [Note] InnoDB: Mutexes and rw_locks use Windows interlocked functions
2019-09-25 08:29:01 3712 [Note] InnoDB: Compressed tables use zlib 1.2.3
2019-09-25 08:29:01 3712 [Note] InnoDB: Not using CPU crc32 instructions
2019-09-25 08:29:01 3712 [Note] InnoDB: Initializing buffer pool, size = 128.0M
2019-09-25 08:29:01 3712 [Note] InnoDB: Completed initialization of buffer pool
2019-09-25 08:29:01 3712 [Note] InnoDB: Highest supported file format is Barracuda.
2019-09-25 08:29:01 3712 [Note] InnoDB: The log sequence numbers 1626134 and 1626134 in ibdata files do not match the log sequence number 4921408 in the ib_logfiles!
2019-09-25 08:29:01 3712 [Note] InnoDB: Database was not shutdown normally!
2019-09-25 08:29:01 3712 [Note] InnoDB: Starting crash recovery.
2019-09-25 08:29:01 3712 [Note] InnoDB: Reading tablespace information from the .ibd files...
2019-09-25 08:29:02 3712 [Note] InnoDB: Restoring possible half-written data pages 
2019-09-25 08:29:02 3712 [Note] InnoDB: from the doublewrite buffer...
2019-09-25 08:29:03 3712 [Note] InnoDB: 128 rollback segment(s) are active.
2019-09-25 08:29:03 3712 [Note] InnoDB: Waiting for purge to start
2019-09-25 08:29:03 3712 [Note] InnoDB: 5.6.13 started; log sequence number 4921408
2019-09-25 08:29:03 3712 [Note] Server hostname (bind-address): '*'; port: 3307
2019-09-25 08:29:03 3712 [Note] IPv6 is available.
2019-09-25 08:29:03 3712 [Note]   - '::' resolves to '::';
2019-09-25 08:29:03 3712 [Note] Server socket created on IP: '::'.
2019-09-25 08:29:04 3712 [Note] Event Scheduler: Loaded 0 events
2019-09-25 08:29:04 3712 [Note] J:\Arquivos\USBWebserver v8.6/mysql/bin/mysqld_usbwv8.exe: ready for connections.
Version: '5.6.13'  socket: ''  port: 3307  MySQL Community Server (GPL)
2019-09-30 22:10:33 4664 [Note] Plugin 'FEDERATED' is disabled.
2019-09-30 22:10:33 4664 [Note] InnoDB: The InnoDB memory heap is disabled
2019-09-30 22:10:33 4664 [Note] InnoDB: Mutexes and rw_locks use Windows interlocked functions
2019-09-30 22:10:33 4664 [Note] InnoDB: Compressed tables use zlib 1.2.3
2019-09-30 22:10:33 4664 [Note] InnoDB: Not using CPU crc32 instructions
2019-09-30 22:10:33 4664 [Note] InnoDB: Initializing buffer pool, size = 128.0M
2019-09-30 22:10:33 4664 [Note] InnoDB: Completed initialization of buffer pool
2019-09-30 22:10:33 4664 [Note] InnoDB: Highest supported file format is Barracuda.
2019-09-30 22:10:33 4664 [Note] InnoDB: The log sequence numbers 1626134 and 1626134 in ibdata files do not match the log sequence number 4942391 in the ib_logfiles!
2019-09-30 22:10:33 4664 [Note] InnoDB: Database was not shutdown normally!
2019-09-30 22:10:33 4664 [Note] InnoDB: Starting crash recovery.
2019-09-30 22:10:33 4664 [Note] InnoDB: Reading tablespace information from the .ibd files...
2019-09-30 22:10:34 4664 [Note] InnoDB: Restoring possible half-written data pages 
2019-09-30 22:10:34 4664 [Note] InnoDB: from the doublewrite buffer...
2019-09-30 22:10:41 4664 [Note] InnoDB: 128 rollback segment(s) are active.
2019-09-30 22:10:41 4664 [Note] InnoDB: Waiting for purge to start
2019-09-30 22:10:41 4664 [Note] InnoDB: 5.6.13 started; log sequence number 4942391
2019-09-30 22:10:41 4664 [Note] Server hostname (bind-address): '*'; port: 3307
2019-09-30 22:10:42 4664 [Note] IPv6 is available.
2019-09-30 22:10:42 4664 [Note]   - '::' resolves to '::';
2019-09-30 22:10:42 4664 [Note] Server socket created on IP: '::'.
2019-09-30 22:10:45 4664 [Note] Event Scheduler: Loaded 0 events
2019-09-30 22:10:45 4664 [Note] K:\Arquivos\USBWebserver v8.6/mysql/bin/mysqld_usbwv8.exe: ready for connections.
Version: '5.6.13'  socket: ''  port: 3307  MySQL Community Server (GPL)
2019-09-30 22:20:53 5964 [Note] Plugin 'FEDERATED' is disabled.
2019-09-30 22:20:53 5964 [Note] InnoDB: The InnoDB memory heap is disabled
2019-09-30 22:20:53 5964 [Note] InnoDB: Mutexes and rw_locks use Windows interlocked functions
2019-09-30 22:20:53 5964 [Note] InnoDB: Compressed tables use zlib 1.2.3
2019-09-30 22:20:53 5964 [Note] InnoDB: Not using CPU crc32 instructions
2019-09-30 22:20:53 5964 [Note] InnoDB: Initializing buffer pool, size = 128.0M
2019-09-30 22:20:53 5964 [Note] InnoDB: Completed initialization of buffer pool
2019-09-30 22:20:53 5964 [Note] InnoDB: Highest supported file format is Barracuda.
2019-09-30 22:20:53 5964 [Note] InnoDB: The log sequence numbers 1626134 and 1626134 in ibdata files do not match the log sequence number 4942401 in the ib_logfiles!
2019-09-30 22:20:53 5964 [Note] InnoDB: Database was not shutdown normally!
2019-09-30 22:20:53 5964 [Note] InnoDB: Starting crash recovery.
2019-09-30 22:20:53 5964 [Note] InnoDB: Reading tablespace information from the .ibd files...
2019-09-30 22:20:53 5964 [Note] InnoDB: Restoring possible half-written data pages 
2019-09-30 22:20:53 5964 [Note] InnoDB: from the doublewrite buffer...
2019-09-30 22:20:57 5964 [Note] InnoDB: 128 rollback segment(s) are active.
2019-09-30 22:20:57 5964 [Note] InnoDB: Waiting for purge to start
2019-09-30 22:20:57 5964 [Note] InnoDB: 5.6.13 started; log sequence number 4942401
2019-09-30 22:20:57 5964 [Note] Server hostname (bind-address): '*'; port: 3307
2019-09-30 22:20:57 5964 [Note] IPv6 is available.
2019-09-30 22:20:57 5964 [Note]   - '::' resolves to '::';
2019-09-30 22:20:57 5964 [Note] Server socket created on IP: '::'.
2019-09-30 22:20:59 5964 [Note] Event Scheduler: Loaded 0 events
2019-09-30 22:20:59 5964 [Note] K:\Arquivos\USBWebserver v8.6/mysql/bin/mysqld_usbwv8.exe: ready for connections.
Version: '5.6.13'  socket: ''  port: 3307  MySQL Community Server (GPL)
2019-10-02 10:55:17 2308 [Note] Plugin 'FEDERATED' is disabled.
2019-10-02 10:55:17 2308 [Note] InnoDB: The InnoDB memory heap is disabled
2019-10-02 10:55:17 2308 [Note] InnoDB: Mutexes and rw_locks use Windows interlocked functions
2019-10-02 10:55:17 2308 [Note] InnoDB: Compressed tables use zlib 1.2.3
2019-10-02 10:55:17 2308 [Note] InnoDB: Not using CPU crc32 instructions
2019-10-02 10:55:17 2308 [Note] InnoDB: Initializing buffer pool, size = 128.0M
2019-10-02 10:55:17 2308 [Note] InnoDB: Completed initialization of buffer pool
2019-10-02 10:55:17 2308 [Note] InnoDB: Highest supported file format is Barracuda.
2019-10-02 10:55:17 2308 [Note] InnoDB: The log sequence numbers 1626134 and 1626134 in ibdata files do not match the log sequence number 4942421 in the ib_logfiles!
2019-10-02 10:55:17 2308 [Note] InnoDB: Database was not shutdown normally!
2019-10-02 10:55:17 2308 [Note] InnoDB: Starting crash recovery.
2019-10-02 10:55:17 2308 [Note] InnoDB: Reading tablespace information from the .ibd files...
2019-10-02 10:55:20 2308 [Note] InnoDB: Restoring possible half-written data pages 
2019-10-02 10:55:20 2308 [Note] InnoDB: from the doublewrite buffer...
2019-10-02 10:55:21 2308 [Note] InnoDB: 128 rollback segment(s) are active.
2019-10-02 10:55:21 2308 [Note] InnoDB: Waiting for purge to start
2019-10-02 10:55:21 2308 [Note] InnoDB: 5.6.13 started; log sequence number 4942421
2019-10-02 10:55:21 2308 [Note] Server hostname (bind-address): '*'; port: 3307
2019-10-02 10:55:21 2308 [Note] IPv6 is available.
2019-10-02 10:55:21 2308 [Note]   - '::' resolves to '::';
2019-10-02 10:55:21 2308 [Note] Server socket created on IP: '::'.
2019-10-02 10:55:22 2308 [Note] Event Scheduler: Loaded 0 events
2019-10-02 10:55:22 2308 [Note] K:\Arquivos\USBWebserver v8.6/mysql/bin/mysqld_usbwv8.exe: ready for connections.
Version: '5.6.13'  socket: ''  port: 3307  MySQL Community Server (GPL)
2019-10-04 09:19:52 4528 [Note] Plugin 'FEDERATED' is disabled.
2019-10-04 09:19:52 4528 [Note] InnoDB: The InnoDB memory heap is disabled
2019-10-04 09:19:52 4528 [Note] InnoDB: Mutexes and rw_locks use Windows interlocked functions
2019-10-04 09:19:52 4528 [Note] InnoDB: Compressed tables use zlib 1.2.3
2019-10-04 09:19:52 4528 [Note] InnoDB: Not using CPU crc32 instructions
2019-10-04 09:19:52 4528 [Note] InnoDB: Initializing buffer pool, size = 128.0M
2019-10-04 09:19:52 4528 [Note] InnoDB: Completed initialization of buffer pool
2019-10-04 09:19:52 4528 [Note] InnoDB: Highest supported file format is Barracuda.
2019-10-04 09:19:52 4528 [Note] InnoDB: The log sequence numbers 1626134 and 1626134 in ibdata files do not match the log sequence number 4942441 in the ib_logfiles!
2019-10-04 09:19:52 4528 [Note] InnoDB: Database was not shutdown normally!
2019-10-04 09:19:52 4528 [Note] InnoDB: Starting crash recovery.
2019-10-04 09:19:52 4528 [Note] InnoDB: Reading tablespace information from the .ibd files...
2019-10-04 09:19:53 4528 [Note] InnoDB: Restoring possible half-written data pages 
2019-10-04 09:19:53 4528 [Note] InnoDB: from the doublewrite buffer...
2019-10-04 09:19:56 4528 [Note] InnoDB: 128 rollback segment(s) are active.
2019-10-04 09:19:56 4528 [Note] InnoDB: Waiting for purge to start
2019-10-04 09:19:56 4528 [Note] InnoDB: 5.6.13 started; log sequence number 4942441
2019-10-04 09:19:56 4528 [Note] Server hostname (bind-address): '*'; port: 3307
2019-10-04 09:19:56 4528 [Note] IPv6 is available.
2019-10-04 09:19:56 4528 [Note]   - '::' resolves to '::';
2019-10-04 09:19:56 4528 [Note] Server socket created on IP: '::'.
2019-10-04 09:20:01 4528 [Note] Event Scheduler: Loaded 0 events
2019-10-04 09:20:01 4528 [Note] K:\Arquivos\USBWebserver v8.6/mysql/bin/mysqld_usbwv8.exe: ready for connections.
Version: '5.6.13'  socket: ''  port: 3307  MySQL Community Server (GPL)
2019-10-08 10:59:50 5628 [Note] Plugin 'FEDERATED' is disabled.
2019-10-08 10:59:50 5628 [Note] InnoDB: The InnoDB memory heap is disabled
2019-10-08 10:59:50 5628 [Note] InnoDB: Mutexes and rw_locks use Windows interlocked functions
2019-10-08 10:59:50 5628 [Note] InnoDB: Compressed tables use zlib 1.2.3
2019-10-08 10:59:50 5628 [Note] InnoDB: Not using CPU crc32 instructions
2019-10-08 10:59:50 5628 [Note] InnoDB: Initializing buffer pool, size = 128.0M
2019-10-08 10:59:50 5628 [Note] InnoDB: Completed initialization of buffer pool
2019-10-08 10:59:50 5628 [Note] InnoDB: Highest supported file format is Barracuda.
2019-10-08 10:59:50 5628 [Note] InnoDB: The log sequence numbers 1626134 and 1626134 in ibdata files do not match the log sequence number 4942451 in the ib_logfiles!
2019-10-08 10:59:50 5628 [Note] InnoDB: Database was not shutdown normally!
2019-10-08 10:59:50 5628 [Note] InnoDB: Starting crash recovery.
2019-10-08 10:59:50 5628 [Note] InnoDB: Reading tablespace information from the .ibd files...
2019-10-08 10:59:51 5628 [Note] InnoDB: Restoring possible half-written data pages 
2019-10-08 10:59:51 5628 [Note] InnoDB: from the doublewrite buffer...
2019-10-08 10:59:56 5628 [Note] InnoDB: 128 rollback segment(s) are active.
2019-10-08 10:59:56 5628 [Note] InnoDB: Waiting for purge to start
2019-10-08 10:59:56 5628 [Note] InnoDB: 5.6.13 started; log sequence number 4942451
2019-10-08 10:59:56 5628 [Note] Server hostname (bind-address): '*'; port: 3307
2019-10-08 10:59:56 5628 [Note] IPv6 is available.
2019-10-08 10:59:56 5628 [Note]   - '::' resolves to '::';
2019-10-08 10:59:56 5628 [Note] Server socket created on IP: '::'.
2019-10-08 11:00:01 5628 [Note] Event Scheduler: Loaded 0 events
2019-10-08 11:00:01 5628 [Note] J:\Arquivos\USBWebserver v8.6/mysql/bin/mysqld_usbwv8.exe: ready for connections.
Version: '5.6.13'  socket: ''  port: 3307  MySQL Community Server (GPL)
2019-10-09 09:23:56 5812 [Note] Plugin 'FEDERATED' is disabled.
2019-10-09 09:23:56 5812 [Note] InnoDB: The InnoDB memory heap is disabled
2019-10-09 09:23:56 5812 [Note] InnoDB: Mutexes and rw_locks use Windows interlocked functions
2019-10-09 09:23:56 5812 [Note] InnoDB: Compressed tables use zlib 1.2.3
2019-10-09 09:23:56 5812 [Note] InnoDB: Not using CPU crc32 instructions
2019-10-09 09:23:56 5812 [Note] InnoDB: Initializing buffer pool, size = 128.0M
2019-10-09 09:23:56 5812 [Note] InnoDB: Completed initialization of buffer pool
2019-10-09 09:23:56 5812 [Note] InnoDB: Highest supported file format is Barracuda.
2019-10-09 09:23:56 5812 [Note] InnoDB: The log sequence numbers 1626134 and 1626134 in ibdata files do not match the log sequence number 4942689 in the ib_logfiles!
2019-10-09 09:23:56 5812 [Note] InnoDB: Database was not shutdown normally!
2019-10-09 09:23:56 5812 [Note] InnoDB: Starting crash recovery.
2019-10-09 09:23:56 5812 [Note] InnoDB: Reading tablespace information from the .ibd files...
2019-10-09 09:23:58 5812 [Note] InnoDB: Restoring possible half-written data pages 
2019-10-09 09:23:58 5812 [Note] InnoDB: from the doublewrite buffer...
2019-10-09 09:24:00 5812 [Note] InnoDB: 128 rollback segment(s) are active.
2019-10-09 09:24:00 5812 [Note] InnoDB: Waiting for purge to start
2019-10-09 09:24:00 5812 [Note] InnoDB: 5.6.13 started; log sequence number 4942689
2019-10-09 09:24:00 5812 [Note] Server hostname (bind-address): '*'; port: 3307
2019-10-09 09:24:00 5812 [Note] IPv6 is available.
2019-10-09 09:24:00 5812 [Note]   - '::' resolves to '::';
2019-10-09 09:24:00 5812 [Note] Server socket created on IP: '::'.
2019-10-09 09:24:04 5812 [Note] Event Scheduler: Loaded 0 events
2019-10-09 09:24:04 5812 [Note] J:\Arquivos\USBWebserver v8.6/mysql/bin/mysqld_usbwv8.exe: ready for connections.
Version: '5.6.13'  socket: ''  port: 3307  MySQL Community Server (GPL)
2019-10-09 11:44:53 3992 [Note] Plugin 'FEDERATED' is disabled.
2019-10-09 11:44:53 3992 [Note] InnoDB: The InnoDB memory heap is disabled
2019-10-09 11:44:53 3992 [Note] InnoDB: Mutexes and rw_locks use Windows interlocked functions
2019-10-09 11:44:53 3992 [Note] InnoDB: Compressed tables use zlib 1.2.3
2019-10-09 11:44:53 3992 [Note] InnoDB: Not using CPU crc32 instructions
2019-10-09 11:44:53 3992 [Note] InnoDB: Initializing buffer pool, size = 128.0M
2019-10-09 11:44:53 3992 [Note] InnoDB: Completed initialization of buffer pool
2019-10-09 11:44:53 3992 [Note] InnoDB: Highest supported file format is Barracuda.
2019-10-09 11:44:53 3992 [Note] InnoDB: The log sequence numbers 1626134 and 1626134 in ibdata files do not match the log sequence number 4942699 in the ib_logfiles!
2019-10-09 11:44:53 3992 [Note] InnoDB: Database was not shutdown normally!
2019-10-09 11:44:53 3992 [Note] InnoDB: Starting crash recovery.
2019-10-09 11:44:53 3992 [Note] InnoDB: Reading tablespace information from the .ibd files...
2019-10-09 11:44:54 3992 [Note] InnoDB: Restoring possible half-written data pages 
2019-10-09 11:44:54 3992 [Note] InnoDB: from the doublewrite buffer...
2019-10-09 11:44:56 3992 [Note] InnoDB: 128 rollback segment(s) are active.
2019-10-09 11:44:56 3992 [Note] InnoDB: Waiting for purge to start
2019-10-09 11:44:56 3992 [Note] InnoDB: 5.6.13 started; log sequence number 4942699
2019-10-09 11:44:56 3992 [Note] Server hostname (bind-address): '*'; port: 3307
2019-10-09 11:44:56 3992 [Note] IPv6 is available.
2019-10-09 11:44:56 3992 [Note]   - '::' resolves to '::';
2019-10-09 11:44:56 3992 [Note] Server socket created on IP: '::'.
2019-10-09 11:45:03 3992 [Note] Event Scheduler: Loaded 0 events
2019-10-09 11:45:03 3992 [Note] J:\Arquivos\USBWebserver v8.6/mysql/bin/mysqld_usbwv8.exe: ready for connections.
Version: '5.6.13'  socket: ''  port: 3307  MySQL Community Server (GPL)
2019-10-11 08:10:36 4660 [Note] Plugin 'FEDERATED' is disabled.
2019-10-11 08:10:36 4660 [Note] InnoDB: The InnoDB memory heap is disabled
2019-10-11 08:10:36 4660 [Note] InnoDB: Mutexes and rw_locks use Windows interlocked functions
2019-10-11 08:10:36 4660 [Note] InnoDB: Compressed tables use zlib 1.2.3
2019-10-11 08:10:36 4660 [Note] InnoDB: Not using CPU crc32 instructions
2019-10-11 08:10:36 4660 [Note] InnoDB: Initializing buffer pool, size = 128.0M
2019-10-11 08:10:36 4660 [Note] InnoDB: Completed initialization of buffer pool
2019-10-11 08:10:36 4660 [Note] InnoDB: Highest supported file format is Barracuda.
2019-10-11 08:10:36 4660 [Note] InnoDB: The log sequence numbers 1626134 and 1626134 in ibdata files do not match the log sequence number 4956696 in the ib_logfiles!
2019-10-11 08:10:36 4660 [Note] InnoDB: Database was not shutdown normally!
2019-10-11 08:10:36 4660 [Note] InnoDB: Starting crash recovery.
2019-10-11 08:10:36 4660 [Note] InnoDB: Reading tablespace information from the .ibd files...
2019-10-11 08:10:38 4660 [Note] InnoDB: Restoring possible half-written data pages 
2019-10-11 08:10:38 4660 [Note] InnoDB: from the doublewrite buffer...
2019-10-11 08:10:40 4660 [Note] InnoDB: 128 rollback segment(s) are active.
2019-10-11 08:10:40 4660 [Note] InnoDB: Waiting for purge to start
2019-10-11 08:10:40 4660 [Note] InnoDB: 5.6.13 started; log sequence number 4956696
2019-10-11 08:10:40 4660 [Note] Server hostname (bind-address): '*'; port: 3307
2019-10-11 08:10:40 4660 [Note] IPv6 is available.
2019-10-11 08:10:40 4660 [Note]   - '::' resolves to '::';
2019-10-11 08:10:40 4660 [Note] Server socket created on IP: '::'.
2019-10-11 08:10:48 4660 [Note] Event Scheduler: Loaded 0 events
2019-10-11 08:10:48 4660 [Note] J:\Arquivos\USBWebserver v8.6/mysql/bin/mysqld_usbwv8.exe: ready for connections.
Version: '5.6.13'  socket: ''  port: 3307  MySQL Community Server (GPL)
2019-10-16 12:07:25 3304 [Note] Plugin 'FEDERATED' is disabled.
2019-10-16 12:07:25 3304 [Note] InnoDB: The InnoDB memory heap is disabled
2019-10-16 12:07:25 3304 [Note] InnoDB: Mutexes and rw_locks use Windows interlocked functions
2019-10-16 12:07:25 3304 [Note] InnoDB: Compressed tables use zlib 1.2.3
2019-10-16 12:07:25 3304 [Note] InnoDB: Not using CPU crc32 instructions
2019-10-16 12:07:25 3304 [Note] InnoDB: Initializing buffer pool, size = 128.0M
2019-10-16 12:07:25 3304 [Note] InnoDB: Completed initialization of buffer pool
2019-10-16 12:07:25 3304 [Note] InnoDB: Highest supported file format is Barracuda.
2019-10-16 12:07:25 3304 [Note] InnoDB: The log sequence numbers 1626134 and 1626134 in ibdata files do not match the log sequence number 5023497 in the ib_logfiles!
2019-10-16 12:07:25 3304 [Note] InnoDB: Database was not shutdown normally!
2019-10-16 12:07:25 3304 [Note] InnoDB: Starting crash recovery.
2019-10-16 12:07:25 3304 [Note] InnoDB: Reading tablespace information from the .ibd files...
2019-10-16 12:07:26 3304 [Note] InnoDB: Restoring possible half-written data pages 
2019-10-16 12:07:26 3304 [Note] InnoDB: from the doublewrite buffer...
2019-10-16 12:07:29 3304 [Note] InnoDB: 128 rollback segment(s) are active.
2019-10-16 12:07:29 3304 [Note] InnoDB: Waiting for purge to start
2019-10-16 12:07:30 3304 [Note] InnoDB: 5.6.13 started; log sequence number 5023497
2019-10-16 12:07:30 3304 [Note] Server hostname (bind-address): '*'; port: 3307
2019-10-16 12:07:30 3304 [Note] IPv6 is available.
2019-10-16 12:07:30 3304 [Note]   - '::' resolves to '::';
2019-10-16 12:07:30 3304 [Note] Server socket created on IP: '::'.
2019-10-16 12:07:34 3304 [Note] Event Scheduler: Loaded 0 events
2019-10-16 12:07:34 3304 [Note] J:\Arquivos\USBWebserver v8.6/mysql/bin/mysqld_usbwv8.exe: ready for connections.
Version: '5.6.13'  socket: ''  port: 3307  MySQL Community Server (GPL)
2019-10-22 10:31:33 1208 [Note] Plugin 'FEDERATED' is disabled.
2019-10-22 10:31:33 1208 [Note] InnoDB: The InnoDB memory heap is disabled
2019-10-22 10:31:33 1208 [Note] InnoDB: Mutexes and rw_locks use Windows interlocked functions
2019-10-22 10:31:33 1208 [Note] InnoDB: Compressed tables use zlib 1.2.3
2019-10-22 10:31:33 1208 [Note] InnoDB: Not using CPU crc32 instructions
2019-10-22 10:31:33 1208 [Note] InnoDB: Initializing buffer pool, size = 128.0M
2019-10-22 10:31:33 1208 [Note] InnoDB: Completed initialization of buffer pool
2019-10-22 10:31:33 1208 [Note] InnoDB: Highest supported file format is Barracuda.
2019-10-22 10:31:33 1208 [Note] InnoDB: The log sequence numbers 1626134 and 1626134 in ibdata files do not match the log sequence number 5100391 in the ib_logfiles!
2019-10-22 10:31:33 1208 [Note] InnoDB: Database was not shutdown normally!
2019-10-22 10:31:33 1208 [Note] InnoDB: Starting crash recovery.
2019-10-22 10:31:33 1208 [Note] InnoDB: Reading tablespace information from the .ibd files...
2019-10-22 10:31:35 1208 [Note] InnoDB: Restoring possible half-written data pages 
2019-10-22 10:31:35 1208 [Note] InnoDB: from the doublewrite buffer...
2019-10-22 10:31:37 1208 [Note] InnoDB: 128 rollback segment(s) are active.
2019-10-22 10:31:37 1208 [Note] InnoDB: Waiting for purge to start
2019-10-22 10:31:37 1208 [Note] InnoDB: 5.6.13 started; log sequence number 5100391
2019-10-22 10:31:37 1208 [Note] Server hostname (bind-address): '*'; port: 3307
2019-10-22 10:31:37 1208 [Note] IPv6 is available.
2019-10-22 10:31:37 1208 [Note]   - '::' resolves to '::';
2019-10-22 10:31:37 1208 [Note] Server socket created on IP: '::'.
2019-10-22 10:31:40 1208 [Note] Event Scheduler: Loaded 0 events
2019-10-22 10:31:40 1208 [Note] K:\Arquivos\USBWebserver v8.6/mysql/bin/mysqld_usbwv8.exe: ready for connections.
Version: '5.6.13'  socket: ''  port: 3307  MySQL Community Server (GPL)
2019-10-30 11:16:28 6984 [Note] Plugin 'FEDERATED' is disabled.
2019-10-30 11:16:28 6984 [Note] InnoDB: The InnoDB memory heap is disabled
2019-10-30 11:16:28 6984 [Note] InnoDB: Mutexes and rw_locks use Windows interlocked functions
2019-10-30 11:16:28 6984 [Note] InnoDB: Compressed tables use zlib 1.2.3
2019-10-30 11:16:28 6984 [Note] InnoDB: Not using CPU crc32 instructions
2019-10-30 11:16:28 6984 [Note] InnoDB: Initializing buffer pool, size = 128.0M
2019-10-30 11:16:28 6984 [Note] InnoDB: Completed initialization of buffer pool
2019-10-30 11:16:28 6984 [Note] InnoDB: Highest supported file format is Barracuda.
2019-10-30 11:16:28 6984 [Note] InnoDB: The log sequence numbers 1626134 and 1626134 in ibdata files do not match the log sequence number 5163174 in the ib_logfiles!
2019-10-30 11:16:28 6984 [Note] InnoDB: Database was not shutdown normally!
2019-10-30 11:16:28 6984 [Note] InnoDB: Starting crash recovery.
2019-10-30 11:16:28 6984 [Note] InnoDB: Reading tablespace information from the .ibd files...
2019-10-30 11:16:28 6984 [Note] InnoDB: Restoring possible half-written data pages 
2019-10-30 11:16:28 6984 [Note] InnoDB: from the doublewrite buffer...
2019-10-30 11:16:31 6984 [Note] InnoDB: 128 rollback segment(s) are active.
2019-10-30 11:16:31 6984 [Note] InnoDB: Waiting for purge to start
2019-10-30 11:16:31 6984 [Note] InnoDB: 5.6.13 started; log sequence number 5163174
2019-10-30 11:16:32 6984 [Note] Server hostname (bind-address): '*'; port: 3307
2019-10-30 11:16:32 6984 [Note] IPv6 is available.
2019-10-30 11:16:32 6984 [Note]   - '::' resolves to '::';
2019-10-30 11:16:32 6984 [Note] Server socket created on IP: '::'.
2019-10-30 11:16:43 6984 [Note] Event Scheduler: Loaded 0 events
2019-10-30 11:16:43 6984 [Note] J:\Arquivos\USBWebserver v8.6/mysql/bin/mysqld_usbwv8.exe: ready for connections.
Version: '5.6.13'  socket: ''  port: 3307  MySQL Community Server (GPL)
2019-11-04 23:37:44 6020 [Note] Plugin 'FEDERATED' is disabled.
2019-11-04 23:37:44 6020 [Note] InnoDB: The InnoDB memory heap is disabled
2019-11-04 23:37:44 6020 [Note] InnoDB: Mutexes and rw_locks use Windows interlocked functions
2019-11-04 23:37:44 6020 [Note] InnoDB: Compressed tables use zlib 1.2.3
2019-11-04 23:37:44 6020 [Note] InnoDB: Not using CPU crc32 instructions
2019-11-04 23:37:44 6020 [Note] InnoDB: Initializing buffer pool, size = 128.0M
2019-11-04 23:37:44 6020 [Note] InnoDB: Completed initialization of buffer pool
2019-11-04 23:37:44 6020 [Note] InnoDB: Highest supported file format is Barracuda.
2019-11-04 23:37:44 6020 [Note] InnoDB: The log sequence numbers 1626134 and 1626134 in ibdata files do not match the log sequence number 5173006 in the ib_logfiles!
2019-11-04 23:37:44 6020 [Note] InnoDB: Database was not shutdown normally!
2019-11-04 23:37:44 6020 [Note] InnoDB: Starting crash recovery.
2019-11-04 23:37:44 6020 [Note] InnoDB: Reading tablespace information from the .ibd files...
2019-11-04 23:37:46 6020 [Note] InnoDB: Restoring possible half-written data pages 
2019-11-04 23:37:46 6020 [Note] InnoDB: from the doublewrite buffer...
2019-11-04 23:37:48 6020 [Note] InnoDB: 128 rollback segment(s) are active.
2019-11-04 23:37:48 6020 [Note] InnoDB: Waiting for purge to start
2019-11-04 23:37:48 6020 [Note] InnoDB: 5.6.13 started; log sequence number 5173006
2019-11-04 23:37:48 6020 [Note] Server hostname (bind-address): '*'; port: 3307
2019-11-04 23:37:48 6020 [Note] IPv6 is available.
2019-11-04 23:37:48 6020 [Note]   - '::' resolves to '::';
2019-11-04 23:37:48 6020 [Note] Server socket created on IP: '::'.
2019-11-04 23:37:56 6020 [Note] Event Scheduler: Loaded 0 events
2019-11-04 23:37:56 6020 [Note] J:\Arquivos\USBWebserver v8.6/mysql/bin/mysqld_usbwv8.exe: ready for connections.
Version: '5.6.13'  socket: ''  port: 3307  MySQL Community Server (GPL)
2019-11-05 14:18:50 4440 [Note] Plugin 'FEDERATED' is disabled.
2019-11-05 14:18:50 4440 [Note] InnoDB: The InnoDB memory heap is disabled
2019-11-05 14:18:50 4440 [Note] InnoDB: Mutexes and rw_locks use Windows interlocked functions
2019-11-05 14:18:50 4440 [Note] InnoDB: Compressed tables use zlib 1.2.3
2019-11-05 14:18:50 4440 [Note] InnoDB: Not using CPU crc32 instructions
2019-11-05 14:18:50 4440 [Note] InnoDB: Initializing buffer pool, size = 128.0M
2019-11-05 14:18:50 4440 [Note] InnoDB: Completed initialization of buffer pool
2019-11-05 14:18:50 4440 [Note] InnoDB: Highest supported file format is Barracuda.
2019-11-05 14:18:50 4440 [Note] InnoDB: The log sequence numbers 1626134 and 1626134 in ibdata files do not match the log sequence number 5225257 in the ib_logfiles!
2019-11-05 14:18:50 4440 [Note] InnoDB: Database was not shutdown normally!
2019-11-05 14:18:50 4440 [Note] InnoDB: Starting crash recovery.
2019-11-05 14:18:50 4440 [Note] InnoDB: Reading tablespace information from the .ibd files...
2019-11-05 14:18:51 4440 [Note] InnoDB: Restoring possible half-written data pages 
2019-11-05 14:18:51 4440 [Note] InnoDB: from the doublewrite buffer...
2019-11-05 14:18:54 4440 [Note] InnoDB: 128 rollback segment(s) are active.
2019-11-05 14:18:54 4440 [Note] InnoDB: Waiting for purge to start
2019-11-05 14:18:54 4440 [Note] InnoDB: 5.6.13 started; log sequence number 5225257
2019-11-05 14:18:54 4440 [Note] Server hostname (bind-address): '*'; port: 3307
2019-11-05 14:18:54 4440 [Note] IPv6 is available.
2019-11-05 14:18:54 4440 [Note]   - '::' resolves to '::';
2019-11-05 14:18:54 4440 [Note] Server socket created on IP: '::'.
2019-11-05 14:18:59 4440 [Note] Event Scheduler: Loaded 0 events
2019-11-05 14:18:59 4440 [Note] J:\Arquivos\USBWebserver v8.6/mysql/bin/mysqld_usbwv8.exe: ready for connections.
Version: '5.6.13'  socket: ''  port: 3307  MySQL Community Server (GPL)
2019-11-06 10:02:10 4852 [Note] Plugin 'FEDERATED' is disabled.
2019-11-06 10:02:11 4852 [Note] InnoDB: The InnoDB memory heap is disabled
2019-11-06 10:02:11 4852 [Note] InnoDB: Mutexes and rw_locks use Windows interlocked functions
2019-11-06 10:02:11 4852 [Note] InnoDB: Compressed tables use zlib 1.2.3
2019-11-06 10:02:11 4852 [Note] InnoDB: Not using CPU crc32 instructions
2019-11-06 10:02:11 4852 [Note] InnoDB: Initializing buffer pool, size = 128.0M
2019-11-06 10:02:11 4852 [Note] InnoDB: Completed initialization of buffer pool
2019-11-06 10:02:11 4852 [Note] InnoDB: Highest supported file format is Barracuda.
2019-11-06 10:02:11 4852 [Note] InnoDB: The log sequence numbers 1626134 and 1626134 in ibdata files do not match the log sequence number 5225389 in the ib_logfiles!
2019-11-06 10:02:11 4852 [Note] InnoDB: Database was not shutdown normally!
2019-11-06 10:02:11 4852 [Note] InnoDB: Starting crash recovery.
2019-11-06 10:02:11 4852 [Note] InnoDB: Reading tablespace information from the .ibd files...
2019-11-06 10:02:13 4852 [Note] InnoDB: Restoring possible half-written data pages 
2019-11-06 10:02:13 4852 [Note] InnoDB: from the doublewrite buffer...
2019-11-06 10:02:15 4852 [Note] InnoDB: 128 rollback segment(s) are active.
2019-11-06 10:02:15 4852 [Note] InnoDB: Waiting for purge to start
2019-11-06 10:02:15 4852 [Note] InnoDB: 5.6.13 started; log sequence number 5225389
2019-11-06 10:02:15 4852 [Note] Server hostname (bind-address): '*'; port: 3307
2019-11-06 10:02:15 4852 [Note] IPv6 is available.
2019-11-06 10:02:15 4852 [Note]   - '::' resolves to '::';
2019-11-06 10:02:15 4852 [Note] Server socket created on IP: '::'.
2019-11-06 10:02:17 4852 [Note] Event Scheduler: Loaded 0 events
2019-11-06 10:02:17 4852 [Note] J:\Arquivos\USBWebserver v8.6/mysql/bin/mysqld_usbwv8.exe: ready for connections.
Version: '5.6.13'  socket: ''  port: 3307  MySQL Community Server (GPL)
2019-11-06 22:32:48 4708 [Note] Plugin 'FEDERATED' is disabled.
2019-11-06 22:32:48 4708 [Note] InnoDB: The InnoDB memory heap is disabled
2019-11-06 22:32:48 4708 [Note] InnoDB: Mutexes and rw_locks use Windows interlocked functions
2019-11-06 22:32:48 4708 [Note] InnoDB: Compressed tables use zlib 1.2.3
2019-11-06 22:32:48 4708 [Note] InnoDB: Not using CPU crc32 instructions
2019-11-06 22:32:48 4708 [Note] InnoDB: Initializing buffer pool, size = 128.0M
2019-11-06 22:32:48 4708 [Note] InnoDB: Completed initialization of buffer pool
2019-11-06 22:32:48 4708 [Note] InnoDB: Highest supported file format is Barracuda.
2019-11-06 22:32:48 4708 [Note] InnoDB: The log sequence numbers 1626134 and 1626134 in ibdata files do not match the log sequence number 5254821 in the ib_logfiles!
2019-11-06 22:32:48 4708 [Note] InnoDB: Database was not shutdown normally!
2019-11-06 22:32:48 4708 [Note] InnoDB: Starting crash recovery.
2019-11-06 22:32:48 4708 [Note] InnoDB: Reading tablespace information from the .ibd files...
2019-11-06 22:32:49 4708 [Note] InnoDB: Restoring possible half-written data pages 
2019-11-06 22:32:49 4708 [Note] InnoDB: from the doublewrite buffer...
2019-11-06 22:32:52 4708 [Note] InnoDB: 128 rollback segment(s) are active.
2019-11-06 22:32:52 4708 [Note] InnoDB: Waiting for purge to start
2019-11-06 22:32:52 4708 [Note] InnoDB: 5.6.13 started; log sequence number 5254821
2019-11-06 22:32:53 4708 [Note] Server hostname (bind-address): '*'; port: 3307
2019-11-06 22:32:53 4708 [Note] IPv6 is available.
2019-11-06 22:32:53 4708 [Note]   - '::' resolves to '::';
2019-11-06 22:32:53 4708 [Note] Server socket created on IP: '::'.
2019-11-06 22:32:57 4708 [Note] Event Scheduler: Loaded 0 events
2019-11-06 22:32:57 4708 [Note] F:\Arquivos\USBWebserver v8.6/mysql/bin/mysqld_usbwv8.exe: ready for connections.
Version: '5.6.13'  socket: ''  port: 3307  MySQL Community Server (GPL)
2019-11-08 10:58:28 5620 [Note] Plugin 'FEDERATED' is disabled.
2019-11-08 10:58:28 5620 [Note] InnoDB: The InnoDB memory heap is disabled
2019-11-08 10:58:28 5620 [Note] InnoDB: Mutexes and rw_locks use Windows interlocked functions
2019-11-08 10:58:28 5620 [Note] InnoDB: Compressed tables use zlib 1.2.3
2019-11-08 10:58:28 5620 [Note] InnoDB: Not using CPU crc32 instructions
2019-11-08 10:58:28 5620 [Note] InnoDB: Initializing buffer pool, size = 128.0M
2019-11-08 10:58:28 5620 [Note] InnoDB: Completed initialization of buffer pool
2019-11-08 10:58:28 5620 [Note] InnoDB: Highest supported file format is Barracuda.
2019-11-08 10:58:28 5620 [Note] InnoDB: The log sequence numbers 1626134 and 1626134 in ibdata files do not match the log sequence number 5282417 in the ib_logfiles!
2019-11-08 10:58:28 5620 [Note] InnoDB: Database was not shutdown normally!
2019-11-08 10:58:28 5620 [Note] InnoDB: Starting crash recovery.
2019-11-08 10:58:28 5620 [Note] InnoDB: Reading tablespace information from the .ibd files...
2019-11-08 10:58:31 5620 [Note] InnoDB: Restoring possible half-written data pages 
2019-11-08 10:58:31 5620 [Note] InnoDB: from the doublewrite buffer...
2019-11-08 10:58:33 5620 [Note] InnoDB: 128 rollback segment(s) are active.
2019-11-08 10:58:33 5620 [Note] InnoDB: Waiting for purge to start
2019-11-08 10:58:34 5620 [Note] InnoDB: 5.6.13 started; log sequence number 5282417
2019-11-08 10:58:34 5620 [Note] Server hostname (bind-address): '*'; port: 3307
2019-11-08 10:58:34 5620 [Note] IPv6 is available.
2019-11-08 10:58:34 5620 [Note]   - '::' resolves to '::';
2019-11-08 10:58:34 5620 [Note] Server socket created on IP: '::'.
2019-11-08 10:58:44 5620 [Note] Event Scheduler: Loaded 0 events
2019-11-08 10:58:44 5620 [Note] J:\Arquivos\USBWebserver v8.6/mysql/bin/mysqld_usbwv8.exe: ready for connections.
Version: '5.6.13'  socket: ''  port: 3307  MySQL Community Server (GPL)
2019-11-11 23:36:40 4408 [Note] Plugin 'FEDERATED' is disabled.
2019-11-11 23:36:40 4408 [Note] InnoDB: The InnoDB memory heap is disabled
2019-11-11 23:36:40 4408 [Note] InnoDB: Mutexes and rw_locks use Windows interlocked functions
2019-11-11 23:36:40 4408 [Note] InnoDB: Compressed tables use zlib 1.2.3
2019-11-11 23:36:40 4408 [Note] InnoDB: Not using CPU crc32 instructions
2019-11-11 23:36:40 4408 [Note] InnoDB: Initializing buffer pool, size = 128.0M
2019-11-11 23:36:40 4408 [Note] InnoDB: Completed initialization of buffer pool
2019-11-11 23:36:40 4408 [Note] InnoDB: Highest supported file format is Barracuda.
2019-11-11 23:36:40 4408 [Note] InnoDB: The log sequence numbers 1626134 and 1626134 in ibdata files do not match the log sequence number 5338544 in the ib_logfiles!
2019-11-11 23:36:40 4408 [Note] InnoDB: Database was not shutdown normally!
2019-11-11 23:36:40 4408 [Note] InnoDB: Starting crash recovery.
2019-11-11 23:36:40 4408 [Note] InnoDB: Reading tablespace information from the .ibd files...
2019-11-11 23:36:41 4408 [Note] InnoDB: Restoring possible half-written data pages 
2019-11-11 23:36:41 4408 [Note] InnoDB: from the doublewrite buffer...
2019-11-11 23:36:44 4408 [Note] InnoDB: 128 rollback segment(s) are active.
2019-11-11 23:36:44 4408 [Note] InnoDB: Waiting for purge to start
2019-11-11 23:36:44 4408 [Note] InnoDB: 5.6.13 started; log sequence number 5338544
2019-11-11 23:36:44 4408 [Note] Server hostname (bind-address): '*'; port: 3307
2019-11-11 23:36:44 4408 [Note] IPv6 is available.
2019-11-11 23:36:44 4408 [Note]   - '::' resolves to '::';
2019-11-11 23:36:44 4408 [Note] Server socket created on IP: '::'.
2019-11-11 23:36:52 4408 [Note] Event Scheduler: Loaded 0 events
2019-11-11 23:36:52 4408 [Note] J:\Arquivos\USBWebserver v8.6/mysql/bin/mysqld_usbwv8.exe: ready for connections.
Version: '5.6.13'  socket: ''  port: 3307  MySQL Community Server (GPL)
2019-11-11 23:50:39 7116 [Note] Plugin 'FEDERATED' is disabled.
2019-11-11 23:50:39 7116 [Note] InnoDB: The InnoDB memory heap is disabled
2019-11-11 23:50:39 7116 [Note] InnoDB: Mutexes and rw_locks use Windows interlocked functions
2019-11-11 23:50:39 7116 [Note] InnoDB: Compressed tables use zlib 1.2.3
2019-11-11 23:50:39 7116 [Note] InnoDB: Not using CPU crc32 instructions
2019-11-11 23:50:39 7116 [Note] InnoDB: Initializing buffer pool, size = 128.0M
2019-11-11 23:50:39 7116 [Note] InnoDB: Completed initialization of buffer pool
2019-11-11 23:50:39 7116 [Note] InnoDB: Highest supported file format is Barracuda.
2019-11-11 23:50:39 7116 [Note] InnoDB: The log sequence numbers 1626134 and 1626134 in ibdata files do not match the log sequence number 5340844 in the ib_logfiles!
2019-11-11 23:50:39 7116 [Note] InnoDB: Database was not shutdown normally!
2019-11-11 23:50:39 7116 [Note] InnoDB: Starting crash recovery.
2019-11-11 23:50:39 7116 [Note] InnoDB: Reading tablespace information from the .ibd files...
2019-11-11 23:50:40 7116 [Note] InnoDB: Restoring possible half-written data pages 
2019-11-11 23:50:40 7116 [Note] InnoDB: from the doublewrite buffer...
2019-11-11 23:50:45 7116 [Note] InnoDB: 128 rollback segment(s) are active.
2019-11-11 23:50:45 7116 [Note] InnoDB: Waiting for purge to start
2019-11-11 23:50:46 7116 [Note] InnoDB: 5.6.13 started; log sequence number 5340844
2019-11-11 23:50:46 7116 [Note] Server hostname (bind-address): '*'; port: 3307
2019-11-11 23:50:46 7116 [Note] IPv6 is available.
2019-11-11 23:50:46 7116 [Note]   - '::' resolves to '::';
2019-11-11 23:50:46 7116 [Note] Server socket created on IP: '::'.
2019-11-11 23:50:57 7116 [Note] Event Scheduler: Loaded 0 events
2019-11-11 23:50:57 7116 [Note] J:\Arquivos\USBWebserver v8.6/mysql/bin/mysqld_usbwv8.exe: ready for connections.
Version: '5.6.13'  socket: ''  port: 3307  MySQL Community Server (GPL)
2019-11-12 11:54:10 6912 [Note] Plugin 'FEDERATED' is disabled.
2019-11-12 11:54:10 6912 [Note] InnoDB: The InnoDB memory heap is disabled
2019-11-12 11:54:10 6912 [Note] InnoDB: Mutexes and rw_locks use Windows interlocked functions
2019-11-12 11:54:10 6912 [Note] InnoDB: Compressed tables use zlib 1.2.3
2019-11-12 11:54:10 6912 [Note] InnoDB: Not using CPU crc32 instructions
2019-11-12 11:54:10 6912 [Note] InnoDB: Initializing buffer pool, size = 128.0M
2019-11-12 11:54:10 6912 [Note] InnoDB: Completed initialization of buffer pool
2019-11-12 11:54:10 6912 [Note] InnoDB: Highest supported file format is Barracuda.
2019-11-12 11:54:10 6912 [Note] InnoDB: The log sequence numbers 1626134 and 1626134 in ibdata files do not match the log sequence number 5341052 in the ib_logfiles!
2019-11-12 11:54:10 6912 [Note] InnoDB: Database was not shutdown normally!
2019-11-12 11:54:10 6912 [Note] InnoDB: Starting crash recovery.
2019-11-12 11:54:10 6912 [Note] InnoDB: Reading tablespace information from the .ibd files...
2019-11-12 11:54:11 6912 [Note] InnoDB: Restoring possible half-written data pages 
2019-11-12 11:54:11 6912 [Note] InnoDB: from the doublewrite buffer...
2019-11-12 11:54:14 6912 [Note] InnoDB: 128 rollback segment(s) are active.
2019-11-12 11:54:14 6912 [Note] InnoDB: Waiting for purge to start
2019-11-12 11:54:15 6912 [Note] InnoDB: 5.6.13 started; log sequence number 5341052
2019-11-12 11:54:15 6912 [Note] Server hostname (bind-address): '*'; port: 3307
2019-11-12 11:54:15 6912 [Note] IPv6 is available.
2019-11-12 11:54:15 6912 [Note]   - '::' resolves to '::';
2019-11-12 11:54:15 6912 [Note] Server socket created on IP: '::'.
2019-11-12 11:54:19 6912 [Note] Event Scheduler: Loaded 0 events
2019-11-12 11:54:19 6912 [Note] J:\Arquivos\USBWebserver v8.6/mysql/bin/mysqld_usbwv8.exe: ready for connections.
Version: '5.6.13'  socket: ''  port: 3307  MySQL Community Server (GPL)
2019-11-19 16:03:12 5644 [Note] Plugin 'FEDERATED' is disabled.
2019-11-19 16:03:13 5644 [Note] InnoDB: The InnoDB memory heap is disabled
2019-11-19 16:03:13 5644 [Note] InnoDB: Mutexes and rw_locks use Windows interlocked functions
2019-11-19 16:03:13 5644 [Note] InnoDB: Compressed tables use zlib 1.2.3
2019-11-19 16:03:13 5644 [Note] InnoDB: Not using CPU crc32 instructions
2019-11-19 16:03:13 5644 [Note] InnoDB: Initializing buffer pool, size = 128.0M
2019-11-19 16:03:13 5644 [Note] InnoDB: Completed initialization of buffer pool
2019-11-19 16:03:13 5644 [Note] InnoDB: Highest supported file format is Barracuda.
2019-11-19 16:03:13 5644 [Note] InnoDB: The log sequence numbers 1626134 and 1626134 in ibdata files do not match the log sequence number 5343011 in the ib_logfiles!
2019-11-19 16:03:13 5644 [Note] InnoDB: Database was not shutdown normally!
2019-11-19 16:03:13 5644 [Note] InnoDB: Starting crash recovery.
2019-11-19 16:03:13 5644 [Note] InnoDB: Reading tablespace information from the .ibd files...
2019-11-19 16:03:16 5644 [Note] InnoDB: Restoring possible half-written data pages 
2019-11-19 16:03:16 5644 [Note] InnoDB: from the doublewrite buffer...
2019-11-19 16:03:17 5644 [Note] InnoDB: 128 rollback segment(s) are active.
2019-11-19 16:03:17 5644 [Note] InnoDB: Waiting for purge to start
2019-11-19 16:03:17 5644 [Note] InnoDB: 5.6.13 started; log sequence number 5343011
2019-11-19 16:03:17 5644 [Note] Server hostname (bind-address): '*'; port: 3307
2019-11-19 16:03:17 5644 [Note] IPv6 is available.
2019-11-19 16:03:17 5644 [Note]   - '::' resolves to '::';
2019-11-19 16:03:17 5644 [Note] Server socket created on IP: '::'.
2019-11-19 16:03:23 5644 [Note] Event Scheduler: Loaded 0 events
2019-11-19 16:03:23 5644 [Note] J:\Arquivos\USBWebserver v8.6/mysql/bin/mysqld_usbwv8.exe: ready for connections.
Version: '5.6.13'  socket: ''  port: 3307  MySQL Community Server (GPL)
2020-02-13 10:24:06 5060 [Note] Plugin 'FEDERATED' is disabled.
2020-02-13 10:24:06 5060 [Note] InnoDB: The InnoDB memory heap is disabled
2020-02-13 10:24:06 5060 [Note] InnoDB: Mutexes and rw_locks use Windows interlocked functions
2020-02-13 10:24:06 5060 [Note] InnoDB: Compressed tables use zlib 1.2.3
2020-02-13 10:24:06 5060 [Note] InnoDB: Not using CPU crc32 instructions
2020-02-13 10:24:06 5060 [Note] InnoDB: Initializing buffer pool, size = 128.0M
2020-02-13 10:24:06 5060 [Note] InnoDB: Completed initialization of buffer pool
2020-02-13 10:24:06 5060 [Note] InnoDB: Highest supported file format is Barracuda.
2020-02-13 10:24:06 5060 [Note] InnoDB: The log sequence numbers 1626134 and 1626134 in ibdata files do not match the log sequence number 5432154 in the ib_logfiles!
2020-02-13 10:24:06 5060 [Note] InnoDB: Database was not shutdown normally!
2020-02-13 10:24:06 5060 [Note] InnoDB: Starting crash recovery.
2020-02-13 10:24:06 5060 [Note] InnoDB: Reading tablespace information from the .ibd files...
2020-02-13 10:24:07 5060 [Note] InnoDB: Restoring possible half-written data pages 
2020-02-13 10:24:07 5060 [Note] InnoDB: from the doublewrite buffer...
2020-02-13 10:24:10 5060 [Note] InnoDB: 128 rollback segment(s) are active.
2020-02-13 10:24:10 5060 [Note] InnoDB: Waiting for purge to start
2020-02-13 10:24:10 5060 [Note] InnoDB: 5.6.13 started; log sequence number 5432154
2020-02-13 10:24:10 5060 [Note] Server hostname (bind-address): '*'; port: 3307
2020-02-13 10:24:10 5060 [Note] IPv6 is available.
2020-02-13 10:24:10 5060 [Note]   - '::' resolves to '::';
2020-02-13 10:24:10 5060 [Note] Server socket created on IP: '::'.
2020-02-13 10:24:15 5060 [Note] Event Scheduler: Loaded 0 events
2020-02-13 10:24:15 5060 [Note] J:\Arquivos\USBWebserver v8.6/mysql/bin/mysqld_usbwv8.exe: ready for connections.
Version: '5.6.13'  socket: ''  port: 3307  MySQL Community Server (GPL)
2020-02-21 02:19:15 4332 [Note] Plugin 'FEDERATED' is disabled.
2020-02-21 02:19:16 4332 [Note] InnoDB: The InnoDB memory heap is disabled
2020-02-21 02:19:16 4332 [Note] InnoDB: Mutexes and rw_locks use Windows interlocked functions
2020-02-21 02:19:16 4332 [Note] InnoDB: Compressed tables use zlib 1.2.3
2020-02-21 02:19:16 4332 [Note] InnoDB: Not using CPU crc32 instructions
2020-02-21 02:19:16 4332 [Note] InnoDB: Initializing buffer pool, size = 128.0M
2020-02-21 02:19:16 4332 [Note] InnoDB: Completed initialization of buffer pool
2020-02-21 02:19:16 4332 [Note] InnoDB: Highest supported file format is Barracuda.
2020-02-21 02:19:16 4332 [Note] InnoDB: The log sequence numbers 1626134 and 1626134 in ibdata files do not match the log sequence number 5432164 in the ib_logfiles!
2020-02-21 02:19:16 4332 [Note] InnoDB: Database was not shutdown normally!
2020-02-21 02:19:16 4332 [Note] InnoDB: Starting crash recovery.
2020-02-21 02:19:16 4332 [Note] InnoDB: Reading tablespace information from the .ibd files...
2020-02-21 02:19:16 4332 [Note] InnoDB: Restoring possible half-written data pages 
2020-02-21 02:19:16 4332 [Note] InnoDB: from the doublewrite buffer...
2020-02-21 02:19:20 4332 [Note] InnoDB: 128 rollback segment(s) are active.
2020-02-21 02:19:20 4332 [Note] InnoDB: Waiting for purge to start
2020-02-21 02:19:20 4332 [Note] InnoDB: 5.6.13 started; log sequence number 5432164
2020-02-21 02:19:20 4332 [Note] Server hostname (bind-address): '*'; port: 3307
2020-02-21 02:19:20 4332 [Note] IPv6 is available.
2020-02-21 02:19:20 4332 [Note]   - '::' resolves to '::';
2020-02-21 02:19:20 4332 [Note] Server socket created on IP: '::'.
2020-02-21 02:19:26 4332 [Note] Event Scheduler: Loaded 0 events
2020-02-21 02:19:26 4332 [Note] J:\Arquivos\USBWebserver v8.6/mysql/bin/mysqld_usbwv8.exe: ready for connections.
Version: '5.6.13'  socket: ''  port: 3307  MySQL Community Server (GPL)
2020-02-23 23:50:44 4200 [Note] Plugin 'FEDERATED' is disabled.
2020-02-23 23:50:45 4200 [Note] InnoDB: The InnoDB memory heap is disabled
2020-02-23 23:50:45 4200 [Note] InnoDB: Mutexes and rw_locks use Windows interlocked functions
2020-02-23 23:50:45 4200 [Note] InnoDB: Compressed tables use zlib 1.2.3
2020-02-23 23:50:45 4200 [Note] InnoDB: Not using CPU crc32 instructions
2020-02-23 23:50:45 4200 [Note] InnoDB: Initializing buffer pool, size = 128.0M
2020-02-23 23:50:45 4200 [Note] InnoDB: Completed initialization of buffer pool
2020-02-23 23:50:45 4200 [Note] InnoDB: Highest supported file format is Barracuda.
2020-02-23 23:50:45 4200 [Note] InnoDB: The log sequence numbers 1626134 and 1626134 in ibdata files do not match the log sequence number 5432973 in the ib_logfiles!
2020-02-23 23:50:45 4200 [Note] InnoDB: Database was not shutdown normally!
2020-02-23 23:50:45 4200 [Note] InnoDB: Starting crash recovery.
2020-02-23 23:50:45 4200 [Note] InnoDB: Reading tablespace information from the .ibd files...
2020-02-23 23:50:45 4200 [Note] InnoDB: Restoring possible half-written data pages 
2020-02-23 23:50:45 4200 [Note] InnoDB: from the doublewrite buffer...
2020-02-23 23:50:48 4200 [Note] InnoDB: 128 rollback segment(s) are active.
2020-02-23 23:50:48 4200 [Note] InnoDB: Waiting for purge to start
2020-02-23 23:50:48 4200 [Note] InnoDB: 5.6.13 started; log sequence number 5432973
2020-02-23 23:50:48 4200 [Note] Server hostname (bind-address): '*'; port: 3307
2020-02-23 23:50:48 4200 [Note] IPv6 is available.
2020-02-23 23:50:48 4200 [Note]   - '::' resolves to '::';
2020-02-23 23:50:48 4200 [Note] Server socket created on IP: '::'.
2020-02-23 23:50:52 4200 [Note] Event Scheduler: Loaded 0 events
2020-02-23 23:50:52 4200 [Note] F:\Arquivos\USBWebserver v8.6/mysql/bin/mysqld_usbwv8.exe: ready for connections.
Version: '5.6.13'  socket: ''  port: 3307  MySQL Community Server (GPL)
2020-03-02 06:14:48 4276 [Note] Plugin 'FEDERATED' is disabled.
2020-03-02 06:14:48 4276 [Note] InnoDB: The InnoDB memory heap is disabled
2020-03-02 06:14:48 4276 [Note] InnoDB: Mutexes and rw_locks use Windows interlocked functions
2020-03-02 06:14:48 4276 [Note] InnoDB: Compressed tables use zlib 1.2.3
2020-03-02 06:14:48 4276 [Note] InnoDB: Not using CPU crc32 instructions
2020-03-02 06:14:48 4276 [Note] InnoDB: Initializing buffer pool, size = 128.0M
2020-03-02 06:14:48 4276 [Note] InnoDB: Completed initialization of buffer pool
2020-03-02 06:14:48 4276 [Note] InnoDB: Highest supported file format is Barracuda.
2020-03-02 06:14:48 4276 [Note] InnoDB: The log sequence numbers 1626134 and 1626134 in ibdata files do not match the log sequence number 5455042 in the ib_logfiles!
2020-03-02 06:14:48 4276 [Note] InnoDB: Database was not shutdown normally!
2020-03-02 06:14:48 4276 [Note] InnoDB: Starting crash recovery.
2020-03-02 06:14:48 4276 [Note] InnoDB: Reading tablespace information from the .ibd files...
2020-03-02 06:14:48 4276 [Note] InnoDB: Restoring possible half-written data pages 
2020-03-02 06:14:48 4276 [Note] InnoDB: from the doublewrite buffer...
2020-03-02 06:14:53 4276 [Note] InnoDB: 128 rollback segment(s) are active.
2020-03-02 06:14:53 4276 [Note] InnoDB: Waiting for purge to start
2020-03-02 06:14:53 4276 [Note] InnoDB: 5.6.13 started; log sequence number 5455042
2020-03-02 06:14:53 4276 [Note] Server hostname (bind-address): '*'; port: 3307
2020-03-02 06:14:53 4276 [Note] IPv6 is available.
2020-03-02 06:14:53 4276 [Note]   - '::' resolves to '::';
2020-03-02 06:14:53 4276 [Note] Server socket created on IP: '::'.
2020-03-02 06:14:57 4276 [Note] Event Scheduler: Loaded 0 events
2020-03-02 06:14:57 4276 [Note] J:\Arquivos\USBWebserver v8.6/mysql/bin/mysqld_usbwv8.exe: ready for connections.
Version: '5.6.13'  socket: ''  port: 3307  MySQL Community Server (GPL)
2020-03-07 13:32:39 3252 [Note] Plugin 'FEDERATED' is disabled.
2020-03-07 13:32:39 3252 [Note] InnoDB: The InnoDB memory heap is disabled
2020-03-07 13:32:39 3252 [Note] InnoDB: Mutexes and rw_locks use Windows interlocked functions
2020-03-07 13:32:39 3252 [Note] InnoDB: Compressed tables use zlib 1.2.3
2020-03-07 13:32:39 3252 [Note] InnoDB: Not using CPU crc32 instructions
2020-03-07 13:32:39 3252 [Note] InnoDB: Initializing buffer pool, size = 128.0M
2020-03-07 13:32:39 3252 [Note] InnoDB: Completed initialization of buffer pool
2020-03-07 13:32:39 3252 [Note] InnoDB: Highest supported file format is Barracuda.
2020-03-07 13:32:39 3252 [Note] InnoDB: The log sequence numbers 1626134 and 1626134 in ibdata files do not match the log sequence number 5546814 in the ib_logfiles!
2020-03-07 13:32:39 3252 [Note] InnoDB: Database was not shutdown normally!
2020-03-07 13:32:39 3252 [Note] InnoDB: Starting crash recovery.
2020-03-07 13:32:39 3252 [Note] InnoDB: Reading tablespace information from the .ibd files...
2020-03-07 13:32:39 3252 [Note] InnoDB: Restoring possible half-written data pages 
2020-03-07 13:32:39 3252 [Note] InnoDB: from the doublewrite buffer...
2020-03-07 13:32:42 3252 [Note] InnoDB: 128 rollback segment(s) are active.
2020-03-07 13:32:42 3252 [Note] InnoDB: Waiting for purge to start
2020-03-07 13:32:43 3252 [Note] InnoDB: 5.6.13 started; log sequence number 5546814
2020-03-07 13:32:43 3252 [Note] Server hostname (bind-address): '*'; port: 3307
2020-03-07 13:32:43 3252 [Note] IPv6 is available.
2020-03-07 13:32:43 3252 [Note]   - '::' resolves to '::';
2020-03-07 13:32:43 3252 [Note] Server socket created on IP: '::'.
2020-03-07 13:32:48 3252 [Note] Event Scheduler: Loaded 0 events
2020-03-07 13:32:48 3252 [Note] J:\Arquivos\USBWebserver v8.6/mysql/bin/mysqld_usbwv8.exe: ready for connections.
Version: '5.6.13'  socket: ''  port: 3307  MySQL Community Server (GPL)
2020-03-08 06:25:41 5000 [Note] Plugin 'FEDERATED' is disabled.
2020-03-08 06:25:41 5000 [Note] InnoDB: The InnoDB memory heap is disabled
2020-03-08 06:25:41 5000 [Note] InnoDB: Mutexes and rw_locks use Windows interlocked functions
2020-03-08 06:25:41 5000 [Note] InnoDB: Compressed tables use zlib 1.2.3
2020-03-08 06:25:41 5000 [Note] InnoDB: Not using CPU crc32 instructions
2020-03-08 06:25:42 5000 [Note] InnoDB: Initializing buffer pool, size = 128.0M
2020-03-08 06:25:42 5000 [Note] InnoDB: Completed initialization of buffer pool
2020-03-08 06:25:42 5000 [Note] InnoDB: Highest supported file format is Barracuda.
2020-03-08 06:25:42 5000 [Note] InnoDB: The log sequence numbers 1626134 and 1626134 in ibdata files do not match the log sequence number 5546824 in the ib_logfiles!
2020-03-08 06:25:42 5000 [Note] InnoDB: Database was not shutdown normally!
2020-03-08 06:25:42 5000 [Note] InnoDB: Starting crash recovery.
2020-03-08 06:25:42 5000 [Note] InnoDB: Reading tablespace information from the .ibd files...
2020-03-08 06:25:42 5000 [Note] InnoDB: Restoring possible half-written data pages 
2020-03-08 06:25:42 5000 [Note] InnoDB: from the doublewrite buffer...
2020-03-08 06:25:45 5000 [Note] InnoDB: 128 rollback segment(s) are active.
2020-03-08 06:25:45 5000 [Note] InnoDB: Waiting for purge to start
2020-03-08 06:25:45 5000 [Note] InnoDB: 5.6.13 started; log sequence number 5546824
2020-03-08 06:25:46 5000 [Note] Server hostname (bind-address): '*'; port: 3307
2020-03-08 06:25:46 5000 [Note] IPv6 is available.
2020-03-08 06:25:46 5000 [Note]   - '::' resolves to '::';
2020-03-08 06:25:46 5000 [Note] Server socket created on IP: '::'.
2020-03-08 06:25:51 5000 [Note] Event Scheduler: Loaded 0 events
2020-03-08 06:25:51 5000 [Note] J:\Arquivos\USBWebserver v8.6/mysql/bin/mysqld_usbwv8.exe: ready for connections.
Version: '5.6.13'  socket: ''  port: 3307  MySQL Community Server (GPL)
2020-03-14 01:08:12 1684 [Note] Plugin 'FEDERATED' is disabled.
2020-03-14 01:08:12 1684 [Note] InnoDB: The InnoDB memory heap is disabled
2020-03-14 01:08:12 1684 [Note] InnoDB: Mutexes and rw_locks use Windows interlocked functions
2020-03-14 01:08:12 1684 [Note] InnoDB: Compressed tables use zlib 1.2.3
2020-03-14 01:08:12 1684 [Note] InnoDB: Not using CPU crc32 instructions
2020-03-14 01:08:12 1684 [Note] InnoDB: Initializing buffer pool, size = 128.0M
2020-03-14 01:08:12 1684 [Note] InnoDB: Completed initialization of buffer pool
2020-03-14 01:08:12 1684 [Note] InnoDB: Highest supported file format is Barracuda.
2020-03-14 01:08:12 1684 [Note] InnoDB: The log sequence numbers 1626134 and 1626134 in ibdata files do not match the log sequence number 5585032 in the ib_logfiles!
2020-03-14 01:08:12 1684 [Note] InnoDB: Database was not shutdown normally!
2020-03-14 01:08:12 1684 [Note] InnoDB: Starting crash recovery.
2020-03-14 01:08:12 1684 [Note] InnoDB: Reading tablespace information from the .ibd files...
2020-03-14 01:08:14 1684 [Note] InnoDB: Restoring possible half-written data pages 
2020-03-14 01:08:14 1684 [Note] InnoDB: from the doublewrite buffer...
2020-03-14 01:08:16 1684 [Note] InnoDB: 128 rollback segment(s) are active.
2020-03-14 01:08:16 1684 [Note] InnoDB: Waiting for purge to start
2020-03-14 01:08:16 1684 [Note] InnoDB: 5.6.13 started; log sequence number 5585032
2020-03-14 01:08:16 1684 [Note] Server hostname (bind-address): '*'; port: 3307
2020-03-14 01:08:16 1684 [Note] IPv6 is available.
2020-03-14 01:08:16 1684 [Note]   - '::' resolves to '::';
2020-03-14 01:08:16 1684 [Note] Server socket created on IP: '::'.
2020-03-14 01:08:21 1684 [Note] Event Scheduler: Loaded 0 events
2020-03-14 01:08:21 1684 [Note] J:\Arquivos\USBWebserver v8.6/mysql/bin/mysqld_usbwv8.exe: ready for connections.
Version: '5.6.13'  socket: ''  port: 3307  MySQL Community Server (GPL)
2020-03-14 03:29:56 4420 [Note] Plugin 'FEDERATED' is disabled.
2020-03-14 03:29:56 4420 [Note] InnoDB: The InnoDB memory heap is disabled
2020-03-14 03:29:56 4420 [Note] InnoDB: Mutexes and rw_locks use Windows interlocked functions
2020-03-14 03:29:56 4420 [Note] InnoDB: Compressed tables use zlib 1.2.3
2020-03-14 03:29:56 4420 [Note] InnoDB: Not using CPU crc32 instructions
2020-03-14 03:29:56 4420 [Note] InnoDB: Initializing buffer pool, size = 128.0M
2020-03-14 03:29:56 4420 [Note] InnoDB: Completed initialization of buffer pool
2020-03-14 03:29:56 4420 [Note] InnoDB: Highest supported file format is Barracuda.
2020-03-14 03:29:56 4420 [Note] InnoDB: The log sequence numbers 1626134 and 1626134 in ibdata files do not match the log sequence number 5585042 in the ib_logfiles!
2020-03-14 03:29:56 4420 [Note] InnoDB: Database was not shutdown normally!
2020-03-14 03:29:56 4420 [Note] InnoDB: Starting crash recovery.
2020-03-14 03:29:56 4420 [Note] InnoDB: Reading tablespace information from the .ibd files...
2020-03-14 03:29:58 4420 [Note] InnoDB: Restoring possible half-written data pages 
2020-03-14 03:29:58 4420 [Note] InnoDB: from the doublewrite buffer...
2020-03-14 03:30:00 4420 [Note] InnoDB: 128 rollback segment(s) are active.
2020-03-14 03:30:00 4420 [Note] InnoDB: Waiting for purge to start
2020-03-14 03:30:01 4420 [Note] InnoDB: 5.6.13 started; log sequence number 5585042
2020-03-14 03:30:01 4420 [Note] Server hostname (bind-address): '*'; port: 3307
2020-03-14 03:30:01 4420 [Note] IPv6 is available.
2020-03-14 03:30:01 4420 [Note]   - '::' resolves to '::';
2020-03-14 03:30:01 4420 [Note] Server socket created on IP: '::'.
2020-03-14 03:30:05 4420 [Note] Event Scheduler: Loaded 0 events
2020-03-14 03:30:05 4420 [Note] J:\Arquivos\USBWebserver v8.6/mysql/bin/mysqld_usbwv8.exe: ready for connections.
Version: '5.6.13'  socket: ''  port: 3307  MySQL Community Server (GPL)
2020-03-15 21:30:48 5932 [Note] Plugin 'FEDERATED' is disabled.
2020-03-15 21:30:48 5932 [Note] InnoDB: The InnoDB memory heap is disabled
2020-03-15 21:30:48 5932 [Note] InnoDB: Mutexes and rw_locks use Windows interlocked functions
2020-03-15 21:30:49 5932 [Note] InnoDB: Compressed tables use zlib 1.2.3
2020-03-15 21:30:49 5932 [Note] InnoDB: Not using CPU crc32 instructions
2020-03-15 21:30:49 5932 [Note] InnoDB: Initializing buffer pool, size = 128.0M
2020-03-15 21:30:49 5932 [Note] InnoDB: Completed initialization of buffer pool
2020-03-15 21:30:49 5932 [Note] InnoDB: Highest supported file format is Barracuda.
2020-03-15 21:30:49 5932 [Note] InnoDB: The log sequence numbers 1626134 and 1626134 in ibdata files do not match the log sequence number 5585052 in the ib_logfiles!
2020-03-15 21:30:49 5932 [Note] InnoDB: Database was not shutdown normally!
2020-03-15 21:30:49 5932 [Note] InnoDB: Starting crash recovery.
2020-03-15 21:30:49 5932 [Note] InnoDB: Reading tablespace information from the .ibd files...
2020-03-15 21:30:49 5932 [Note] InnoDB: Restoring possible half-written data pages 
2020-03-15 21:30:49 5932 [Note] InnoDB: from the doublewrite buffer...
2020-03-15 21:30:50 5932 [Note] InnoDB: 128 rollback segment(s) are active.
2020-03-15 21:30:51 5932 [Note] InnoDB: Waiting for purge to start
2020-03-15 21:30:51 5932 [Note] InnoDB: 5.6.13 started; log sequence number 5585052
2020-03-15 21:30:51 5932 [Note] Server hostname (bind-address): '*'; port: 3307
2020-03-15 21:30:51 5932 [Note] IPv6 is available.
2020-03-15 21:30:51 5932 [Note]   - '::' resolves to '::';
2020-03-15 21:30:51 5932 [Note] Server socket created on IP: '::'.
2020-03-15 21:30:51 5932 [Note] Event Scheduler: Loaded 0 events
2020-03-15 21:30:51 5932 [Note] K:\Arquivos\USBWebserver v8.6/mysql/bin/mysqld_usbwv8.exe: ready for connections.
Version: '5.6.13'  socket: ''  port: 3307  MySQL Community Server (GPL)
2020-03-21 13:49:33 7164 [Note] Plugin 'FEDERATED' is disabled.
2020-03-21 13:49:34 7164 [Note] InnoDB: The InnoDB memory heap is disabled
2020-03-21 13:49:34 7164 [Note] InnoDB: Mutexes and rw_locks use Windows interlocked functions
2020-03-21 13:49:34 7164 [Note] InnoDB: Compressed tables use zlib 1.2.3
2020-03-21 13:49:34 7164 [Note] InnoDB: Not using CPU crc32 instructions
2020-03-21 13:49:34 7164 [Note] InnoDB: Initializing buffer pool, size = 128.0M
2020-03-21 13:49:34 7164 [Note] InnoDB: Completed initialization of buffer pool
2020-03-21 13:49:34 7164 [Note] InnoDB: Highest supported file format is Barracuda.
2020-03-21 13:49:34 7164 [Note] InnoDB: The log sequence numbers 1626134 and 1626134 in ibdata files do not match the log sequence number 5585072 in the ib_logfiles!
2020-03-21 13:49:34 7164 [Note] InnoDB: Database was not shutdown normally!
2020-03-21 13:49:34 7164 [Note] InnoDB: Starting crash recovery.
2020-03-21 13:49:34 7164 [Note] InnoDB: Reading tablespace information from the .ibd files...
2020-03-21 13:49:34 7164 [Note] InnoDB: Restoring possible half-written data pages 
2020-03-21 13:49:34 7164 [Note] InnoDB: from the doublewrite buffer...
2020-03-21 13:49:35 7164 [Note] InnoDB: 128 rollback segment(s) are active.
2020-03-21 13:49:35 7164 [Note] InnoDB: Waiting for purge to start
2020-03-21 13:49:36 7164 [Note] InnoDB: 5.6.13 started; log sequence number 5585072
2020-03-21 13:49:36 7164 [Note] Server hostname (bind-address): '*'; port: 3307
2020-03-21 13:49:36 7164 [Note] IPv6 is available.
2020-03-21 13:49:36 7164 [Note]   - '::' resolves to '::';
2020-03-21 13:49:36 7164 [Note] Server socket created on IP: '::'.
2020-03-21 13:50:04 7164 [Note] Event Scheduler: Loaded 0 events
2020-03-21 13:50:04 7164 [Note] K:\Arquivos\USBWebserver v8.6/mysql/bin/mysqld_usbwv8.exe: ready for connections.
Version: '5.6.13'  socket: ''  port: 3307  MySQL Community Server (GPL)
2020-03-21 15:52:25 4536 [Note] Plugin 'FEDERATED' is disabled.
2020-03-21 15:52:25 4536 [Note] InnoDB: The InnoDB memory heap is disabled
2020-03-21 15:52:25 4536 [Note] InnoDB: Mutexes and rw_locks use Windows interlocked functions
2020-03-21 15:52:25 4536 [Note] InnoDB: Compressed tables use zlib 1.2.3
2020-03-21 15:52:25 4536 [Note] InnoDB: Not using CPU crc32 instructions
2020-03-21 15:52:25 4536 [Note] InnoDB: Initializing buffer pool, size = 128.0M
2020-03-21 15:52:25 4536 [Note] InnoDB: Completed initialization of buffer pool
2020-03-21 15:52:25 4536 [Note] InnoDB: Highest supported file format is Barracuda.
2020-03-21 15:52:25 4536 [Note] InnoDB: The log sequence numbers 1626134 and 1626134 in ibdata files do not match the log sequence number 5644663 in the ib_logfiles!
2020-03-21 15:52:25 4536 [Note] InnoDB: Database was not shutdown normally!
2020-03-21 15:52:25 4536 [Note] InnoDB: Starting crash recovery.
2020-03-21 15:52:25 4536 [Note] InnoDB: Reading tablespace information from the .ibd files...
2020-03-21 15:52:26 4536 [Note] InnoDB: Restoring possible half-written data pages 
2020-03-21 15:52:26 4536 [Note] InnoDB: from the doublewrite buffer...
2020-03-21 15:52:27 4536 [Note] InnoDB: 128 rollback segment(s) are active.
2020-03-21 15:52:27 4536 [Note] InnoDB: Waiting for purge to start
2020-03-21 15:52:27 4536 [Note] InnoDB: 5.6.13 started; log sequence number 5644663
2020-03-21 15:52:27 4536 [Note] Server hostname (bind-address): '*'; port: 3307
2020-03-21 15:52:27 4536 [Note] IPv6 is available.
2020-03-21 15:52:27 4536 [Note]   - '::' resolves to '::';
2020-03-21 15:52:27 4536 [Note] Server socket created on IP: '::'.
2020-03-21 15:52:27 4536 [Note] Event Scheduler: Loaded 0 events
2020-03-21 15:52:27 4536 [Note] K:\Arquivos\USBWebserver v8.6/mysql/bin/mysqld_usbwv8.exe: ready for connections.
Version: '5.6.13'  socket: ''  port: 3307  MySQL Community Server (GPL)
2020-03-21 19:30:27 6052 [Note] Plugin 'FEDERATED' is disabled.
2020-03-21 19:30:27 6052 [Note] InnoDB: The InnoDB memory heap is disabled
2020-03-21 19:30:27 6052 [Note] InnoDB: Mutexes and rw_locks use Windows interlocked functions
2020-03-21 19:30:27 6052 [Note] InnoDB: Compressed tables use zlib 1.2.3
2020-03-21 19:30:27 6052 [Note] InnoDB: Not using CPU crc32 instructions
2020-03-21 19:30:27 6052 [Note] InnoDB: Initializing buffer pool, size = 128.0M
2020-03-21 19:30:27 6052 [Note] InnoDB: Completed initialization of buffer pool
2020-03-21 19:30:27 6052 [Note] InnoDB: Highest supported file format is Barracuda.
2020-03-21 19:30:27 6052 [Note] InnoDB: The log sequence numbers 1626134 and 1626134 in ibdata files do not match the log sequence number 5644673 in the ib_logfiles!
2020-03-21 19:30:27 6052 [Note] InnoDB: Database was not shutdown normally!
2020-03-21 19:30:27 6052 [Note] InnoDB: Starting crash recovery.
2020-03-21 19:30:27 6052 [Note] InnoDB: Reading tablespace information from the .ibd files...
2020-03-21 19:30:28 6052 [Note] InnoDB: Restoring possible half-written data pages 
2020-03-21 19:30:28 6052 [Note] InnoDB: from the doublewrite buffer...
2020-03-21 19:30:29 6052 [Note] InnoDB: 128 rollback segment(s) are active.
2020-03-21 19:30:29 6052 [Note] InnoDB: Waiting for purge to start
2020-03-21 19:30:29 6052 [Note] InnoDB: 5.6.13 started; log sequence number 5644673
2020-03-21 19:30:29 6052 [Note] Server hostname (bind-address): '*'; port: 3307
2020-03-21 19:30:29 6052 [Note] IPv6 is available.
2020-03-21 19:30:29 6052 [Note]   - '::' resolves to '::';
2020-03-21 19:30:29 6052 [Note] Server socket created on IP: '::'.
2020-03-21 19:30:29 6052 [Note] Event Scheduler: Loaded 0 events
2020-03-21 19:30:29 6052 [Note] K:\Arquivos\USBWebserver v8.6/mysql/bin/mysqld_usbwv8.exe: ready for connections.
Version: '5.6.13'  socket: ''  port: 3307  MySQL Community Server (GPL)
2020-03-22 12:33:44 1512 [Note] Plugin 'FEDERATED' is disabled.
2020-03-22 12:33:44 1512 [Note] InnoDB: The InnoDB memory heap is disabled
2020-03-22 12:33:44 1512 [Note] InnoDB: Mutexes and rw_locks use Windows interlocked functions
2020-03-22 12:33:44 1512 [Note] InnoDB: Compressed tables use zlib 1.2.3
2020-03-22 12:33:44 1512 [Note] InnoDB: Not using CPU crc32 instructions
2020-03-22 12:33:44 1512 [Note] InnoDB: Initializing buffer pool, size = 128.0M
2020-03-22 12:33:44 1512 [Note] InnoDB: Completed initialization of buffer pool
2020-03-22 12:33:44 1512 [Note] InnoDB: Highest supported file format is Barracuda.
2020-03-22 12:33:44 1512 [Note] InnoDB: The log sequence numbers 1626134 and 1626134 in ibdata files do not match the log sequence number 5644683 in the ib_logfiles!
2020-03-22 12:33:44 1512 [Note] InnoDB: Database was not shutdown normally!
2020-03-22 12:33:44 1512 [Note] InnoDB: Starting crash recovery.
2020-03-22 12:33:44 1512 [Note] InnoDB: Reading tablespace information from the .ibd files...
2020-03-22 12:33:45 1512 [Note] InnoDB: Restoring possible half-written data pages 
2020-03-22 12:33:45 1512 [Note] InnoDB: from the doublewrite buffer...
2020-03-22 12:33:46 1512 [Note] InnoDB: 128 rollback segment(s) are active.
2020-03-22 12:33:46 1512 [Note] InnoDB: Waiting for purge to start
2020-03-22 12:33:46 1512 [Note] InnoDB: 5.6.13 started; log sequence number 5644683
2020-03-22 12:33:46 1512 [Note] Server hostname (bind-address): '*'; port: 3307
2020-03-22 12:33:46 1512 [Note] IPv6 is available.
2020-03-22 12:33:46 1512 [Note]   - '::' resolves to '::';
2020-03-22 12:33:46 1512 [Note] Server socket created on IP: '::'.
2020-03-22 12:33:49 1512 [Note] Event Scheduler: Loaded 0 events
2020-03-22 12:33:49 1512 [Note] J:\Arquivos\USBWebserver v8.6/mysql/bin/mysqld_usbwv8.exe: ready for connections.
Version: '5.6.13'  socket: ''  port: 3307  MySQL Community Server (GPL)
