2019-06-27 13:32:45 5036 [Note] Plugin 'FEDERATED' is disabled.
2019-06-27 13:32:45 5036 [Note] InnoDB: The InnoDB memory heap is disabled
2019-06-27 13:32:45 5036 [Note] InnoDB: Mutexes and rw_locks use Windows interlocked functions
2019-06-27 13:32:45 5036 [Note] InnoDB: Compressed tables use zlib 1.2.3
2019-06-27 13:32:45 5036 [Note] InnoDB: Not using CPU crc32 instructions
2019-06-27 13:32:45 5036 [Note] InnoDB: Initializing buffer pool, size = 128.0M
2019-06-27 13:32:45 5036 [Note] InnoDB: Completed initialization of buffer pool
2019-06-27 13:32:45 5036 [Note] InnoDB: Highest supported file format is Barracuda.
2019-06-27 13:32:45 5036 [Note] InnoDB: The log sequence numbers 1626134 and 1626134 in ibdata files do not match the log sequence number 4177330 in the ib_logfiles!
2019-06-27 13:32:45 5036 [Note] InnoDB: Database was not shutdown normally!
2019-06-27 13:32:45 5036 [Note] InnoDB: Starting crash recovery.
2019-06-27 13:32:45 5036 [Note] InnoDB: Reading tablespace information from the .ibd files...
2019-06-27 13:32:46 5036 [Note] InnoDB: Restoring possible half-written data pages 
2019-06-27 13:32:46 5036 [Note] InnoDB: from the doublewrite buffer...
2019-06-27 13:32:48 5036 [Note] InnoDB: 128 rollback segment(s) are active.
2019-06-27 13:32:48 5036 [Note] InnoDB: Waiting for purge to start
2019-06-27 13:32:48 5036 [Note] InnoDB: 5.6.13 started; log sequence number 4177330
2019-06-27 13:32:49 5036 [Note] Server hostname (bind-address): '*'; port: 3307
2019-06-27 13:32:49 5036 [Note] IPv6 is available.
2019-06-27 13:32:49 5036 [Note]   - '::' resolves to '::';
2019-06-27 13:32:49 5036 [Note] Server socket created on IP: '::'.
2019-06-27 13:32:54 5036 [Note] Event Scheduler: Loaded 0 events
2019-06-27 13:32:54 5036 [Note] F:\Arquivos\USBWebserver v8.6/mysql/bin/mysqld_usbwv8.exe: ready for connections.
Version: '5.6.13'  socket: ''  port: 3307  MySQL Community Server (GPL)
