2019-09-23 22:31:11 7624 [Note] Plugin 'FEDERATED' is disabled.
2019-09-23 22:31:11 7624 [Note] InnoDB: The InnoDB memory heap is disabled
2019-09-23 22:31:11 7624 [Note] InnoDB: Mutexes and rw_locks use Windows interlocked functions
2019-09-23 22:31:11 7624 [Note] InnoDB: Compressed tables use zlib 1.2.3
2019-09-23 22:31:11 7624 [Note] InnoDB: Not using CPU crc32 instructions
2019-09-23 22:31:11 7624 [Note] InnoDB: Initializing buffer pool, size = 128.0M
2019-09-23 22:31:11 7624 [Note] InnoDB: Completed initialization of buffer pool
2019-09-23 22:31:11 7624 [Note] InnoDB: Highest supported file format is Barracuda.
2019-09-23 22:31:12 7624 [Note] InnoDB: The log sequence numbers 1626134 and 1626134 in ibdata files do not match the log sequence number 4608195 in the ib_logfiles!
2019-09-23 22:31:12 7624 [Note] InnoDB: Database was not shutdown normally!
2019-09-23 22:31:12 7624 [Note] InnoDB: Starting crash recovery.
2019-09-23 22:31:12 7624 [Note] InnoDB: Reading tablespace information from the .ibd files...
2019-09-23 22:31:13 7624 [Note] InnoDB: Restoring possible half-written data pages 
2019-09-23 22:31:13 7624 [Note] InnoDB: from the doublewrite buffer...
2019-09-23 22:31:14 7624 [Note] InnoDB: 128 rollback segment(s) are active.
2019-09-23 22:31:14 7624 [Note] InnoDB: Waiting for purge to start
2019-09-23 22:31:14 7624 [Note] InnoDB: 5.6.13 started; log sequence number 4608195
2019-09-23 22:31:14 7624 [Note] Server hostname (bind-address): '*'; port: 3307
2019-09-23 22:31:14 7624 [Note] IPv6 is available.
2019-09-23 22:31:14 7624 [Note]   - '::' resolves to '::';
2019-09-23 22:31:14 7624 [Note] Server socket created on IP: '::'.
2020-03-10 14:30:31 1080 [Note] Plugin 'FEDERATED' is disabled.
2020-03-10 14:30:31 1080 [Note] InnoDB: The InnoDB memory heap is disabled
2020-03-10 14:30:31 1080 [Note] InnoDB: Mutexes and rw_locks use Windows interlocked functions
2020-03-10 14:30:31 1080 [Note] InnoDB: Compressed tables use zlib 1.2.3
2020-03-10 14:30:31 1080 [Note] InnoDB: Not using CPU crc32 instructions
2020-03-10 14:30:31 1080 [Note] InnoDB: Initializing buffer pool, size = 128.0M
2020-03-10 14:30:31 1080 [Note] InnoDB: Completed initialization of buffer pool
2020-03-10 14:30:31 1080 [Note] InnoDB: Highest supported file format is Barracuda.
2020-03-10 14:30:31 1080 [Note] InnoDB: The log sequence numbers 1626134 and 1626134 in ibdata files do not match the log sequence number 5585022 in the ib_logfiles!
2020-03-10 14:30:31 1080 [Note] InnoDB: Database was not shutdown normally!
2020-03-10 14:30:31 1080 [Note] InnoDB: Starting crash recovery.
2020-03-10 14:30:31 1080 [Note] InnoDB: Reading tablespace information from the .ibd files...
2020-03-10 14:30:35 1080 [Note] InnoDB: Restoring possible half-written data pages 
2020-03-10 14:30:35 1080 [Note] InnoDB: from the doublewrite buffer...
2020-03-10 14:30:36 1080 [Note] InnoDB: 128 rollback segment(s) are active.
2020-03-10 14:30:36 1080 [Note] InnoDB: Waiting for purge to start
2020-03-10 14:30:36 1080 [Note] InnoDB: 5.6.13 started; log sequence number 5585022
2020-03-10 14:30:36 1080 [Note] Server hostname (bind-address): '*'; port: 3307
2020-03-10 14:30:36 1080 [Note] IPv6 is available.
2020-03-10 14:30:36 1080 [Note]   - '::' resolves to '::';
2020-03-10 14:30:36 1080 [Note] Server socket created on IP: '::'.
