2018-06-15 19:46:04 3740 [Note] Plugin 'FEDERATED' is disabled.
2018-06-15 19:46:04 3740 [Note] InnoDB: The InnoDB memory heap is disabled
2018-06-15 19:46:04 3740 [Note] InnoDB: Mutexes and rw_locks use Windows interlocked functions
2018-06-15 19:46:04 3740 [Note] InnoDB: Compressed tables use zlib 1.2.3
2018-06-15 19:46:05 3740 [Note] InnoDB: Not using CPU crc32 instructions
2018-06-15 19:46:05 3740 [Note] InnoDB: Initializing buffer pool, size = 128.0M
2018-06-15 19:46:05 3740 [Note] InnoDB: Completed initialization of buffer pool
2018-06-15 19:46:05 3740 [Note] InnoDB: Highest supported file format is Barracuda.
2018-06-15 19:46:05 3740 [Note] InnoDB: The log sequence numbers 1626134 and 1626134 in ibdata files do not match the log sequence number 2932472 in the ib_logfiles!
2018-06-15 19:46:05 3740 [Note] InnoDB: Database was not shutdown normally!
2018-06-15 19:46:05 3740 [Note] InnoDB: Starting crash recovery.
2018-06-15 19:46:05 3740 [Note] InnoDB: Reading tablespace information from the .ibd files...
2018-06-15 19:46:06 3740 [Note] InnoDB: Restoring possible half-written data pages 
2018-06-15 19:46:06 3740 [Note] InnoDB: from the doublewrite buffer...
2018-06-15 19:46:07 3740 [Note] InnoDB: 128 rollback segment(s) are active.
2018-06-15 19:46:07 3740 [Note] InnoDB: Waiting for purge to start
2018-06-15 19:46:07 3740 [Note] InnoDB: 5.6.13 started; log sequence number 2932472
2018-06-15 19:46:07 3740 [Note] Server hostname (bind-address): '*'; port: 3307
2018-06-15 19:46:07 3740 [Note] IPv6 is available.
2018-06-15 19:46:07 3740 [Note]   - '::' resolves to '::';
2018-06-15 19:46:07 3740 [Note] Server socket created on IP: '::'.
2018-06-15 19:46:10 3740 [Note] Event Scheduler: Loaded 0 events
2018-06-15 19:46:10 3740 [Note] F:\Arquivos\USBWebserver v8.6/mysql/bin/mysqld_usbwv8.exe: ready for connections.
Version: '5.6.13'  socket: ''  port: 3307  MySQL Community Server (GPL)
2018-06-28 14:44:28 4856 [Note] Plugin 'FEDERATED' is disabled.
2018-06-28 14:44:28 4856 [Note] InnoDB: The InnoDB memory heap is disabled
2018-06-28 14:44:28 4856 [Note] InnoDB: Mutexes and rw_locks use Windows interlocked functions
2018-06-28 14:44:28 4856 [Note] InnoDB: Compressed tables use zlib 1.2.3
2018-06-28 14:44:28 4856 [Note] InnoDB: Not using CPU crc32 instructions
2018-06-28 14:44:28 4856 [Note] InnoDB: Initializing buffer pool, size = 128.0M
2018-06-28 14:44:28 4856 [Note] InnoDB: Completed initialization of buffer pool
2018-06-28 14:44:28 4856 [Note] InnoDB: Highest supported file format is Barracuda.
2018-06-28 14:44:28 4856 [Note] InnoDB: The log sequence numbers 1626134 and 1626134 in ibdata files do not match the log sequence number 2958437 in the ib_logfiles!
2018-06-28 14:44:28 4856 [Note] InnoDB: Database was not shutdown normally!
2018-06-28 14:44:28 4856 [Note] InnoDB: Starting crash recovery.
2018-06-28 14:44:28 4856 [Note] InnoDB: Reading tablespace information from the .ibd files...
2018-06-28 14:44:29 4856 [Note] InnoDB: Restoring possible half-written data pages 
2018-06-28 14:44:29 4856 [Note] InnoDB: from the doublewrite buffer...
2018-06-28 14:44:33 4856 [Note] InnoDB: 128 rollback segment(s) are active.
2018-06-28 14:44:33 4856 [Note] InnoDB: Waiting for purge to start
2018-06-28 14:44:33 4856 [Note] InnoDB: 5.6.13 started; log sequence number 2958437
2018-06-28 14:44:33 4856 [Note] Server hostname (bind-address): '*'; port: 3307
2018-06-28 14:44:33 4856 [Note] IPv6 is available.
2018-06-28 14:44:33 4856 [Note]   - '::' resolves to '::';
2018-06-28 14:44:33 4856 [Note] Server socket created on IP: '::'.
2018-06-28 14:44:35 4856 [Note] Event Scheduler: Loaded 0 events
2018-06-28 14:44:35 4856 [Note] F:\Arquivos\USBWebserver v8.6/mysql/bin/mysqld_usbwv8.exe: ready for connections.
Version: '5.6.13'  socket: ''  port: 3307  MySQL Community Server (GPL)
2018-09-17 19:08:21 4100 [Note] Plugin 'FEDERATED' is disabled.
2018-09-17 19:08:21 4100 [Note] InnoDB: The InnoDB memory heap is disabled
2018-09-17 19:08:21 4100 [Note] InnoDB: Mutexes and rw_locks use Windows interlocked functions
2018-09-17 19:08:21 4100 [Note] InnoDB: Compressed tables use zlib 1.2.3
2018-09-17 19:08:21 4100 [Note] InnoDB: Not using CPU crc32 instructions
2018-09-17 19:08:21 4100 [Note] InnoDB: Initializing buffer pool, size = 128.0M
2018-09-17 19:08:21 4100 [Note] InnoDB: Completed initialization of buffer pool
2018-09-17 19:08:22 4100 [Note] InnoDB: Highest supported file format is Barracuda.
2018-09-17 19:08:22 4100 [Note] InnoDB: The log sequence numbers 1626134 and 1626134 in ibdata files do not match the log sequence number 3052171 in the ib_logfiles!
2018-09-17 19:08:22 4100 [Note] InnoDB: Database was not shutdown normally!
2018-09-17 19:08:22 4100 [Note] InnoDB: Starting crash recovery.
2018-09-17 19:08:22 4100 [Note] InnoDB: Reading tablespace information from the .ibd files...
2018-09-17 19:08:22 4100 [Note] InnoDB: Restoring possible half-written data pages 
2018-09-17 19:08:22 4100 [Note] InnoDB: from the doublewrite buffer...
2018-09-17 19:08:23 4100 [Note] InnoDB: 128 rollback segment(s) are active.
2018-09-17 19:08:23 4100 [Note] InnoDB: Waiting for purge to start
2018-09-17 19:08:25 4100 [Note] InnoDB: 5.6.13 started; log sequence number 3052171
2018-09-17 19:08:27 4100 [Note] Server hostname (bind-address): '*'; port: 3307
2018-09-17 19:08:27 4100 [Note] IPv6 is available.
2018-09-17 19:08:27 4100 [Note]   - '::' resolves to '::';
2018-09-17 19:08:27 4100 [Note] Server socket created on IP: '::'.
2018-09-17 19:08:32 4100 [Note] Event Scheduler: Loaded 0 events
2018-09-17 19:08:32 4100 [Note] F:\Arquivos\USBWebserver v8.6/mysql/bin/mysqld_usbwv8.exe: ready for connections.
Version: '5.6.13'  socket: ''  port: 3307  MySQL Community Server (GPL)
2018-09-24 20:39:28 5944 [Note] Plugin 'FEDERATED' is disabled.
2018-09-24 20:39:28 5944 [Note] InnoDB: The InnoDB memory heap is disabled
2018-09-24 20:39:28 5944 [Note] InnoDB: Mutexes and rw_locks use Windows interlocked functions
2018-09-24 20:39:28 5944 [Note] InnoDB: Compressed tables use zlib 1.2.3
2018-09-24 20:39:28 5944 [Note] InnoDB: Not using CPU crc32 instructions
2018-09-24 20:39:28 5944 [Note] InnoDB: Initializing buffer pool, size = 128.0M
2018-09-24 20:39:28 5944 [Note] InnoDB: Completed initialization of buffer pool
2018-09-24 20:39:28 5944 [Note] InnoDB: Highest supported file format is Barracuda.
2018-09-24 20:39:28 5944 [Note] InnoDB: The log sequence numbers 1626134 and 1626134 in ibdata files do not match the log sequence number 3052492 in the ib_logfiles!
2018-09-24 20:39:28 5944 [Note] InnoDB: Database was not shutdown normally!
2018-09-24 20:39:28 5944 [Note] InnoDB: Starting crash recovery.
2018-09-24 20:39:28 5944 [Note] InnoDB: Reading tablespace information from the .ibd files...
2018-09-24 20:39:29 5944 [Note] InnoDB: Restoring possible half-written data pages 
2018-09-24 20:39:29 5944 [Note] InnoDB: from the doublewrite buffer...
2018-09-24 20:39:35 5944 [Note] InnoDB: 128 rollback segment(s) are active.
2018-09-24 20:39:35 5944 [Note] InnoDB: Waiting for purge to start
2018-09-24 20:39:35 5944 [Note] InnoDB: 5.6.13 started; log sequence number 3052492
2018-09-24 20:39:35 5944 [Note] Server hostname (bind-address): '*'; port: 3307
2018-09-24 20:39:35 5944 [Note] IPv6 is available.
2018-09-24 20:39:35 5944 [Note]   - '::' resolves to '::';
2018-09-24 20:39:35 5944 [Note] Server socket created on IP: '::'.
2018-09-24 20:39:38 5944 [Note] Event Scheduler: Loaded 0 events
2018-09-24 20:39:38 5944 [Note] L:\Arquivos\USBWebserver v8.6/mysql/bin/mysqld_usbwv8.exe: ready for connections.
Version: '5.6.13'  socket: ''  port: 3307  MySQL Community Server (GPL)
2018-10-01 19:14:01 2740 [Note] Plugin 'FEDERATED' is disabled.
2018-10-01 19:14:01 2740 [Note] InnoDB: The InnoDB memory heap is disabled
2018-10-01 19:14:01 2740 [Note] InnoDB: Mutexes and rw_locks use Windows interlocked functions
2018-10-01 19:14:01 2740 [Note] InnoDB: Compressed tables use zlib 1.2.3
2018-10-01 19:14:01 2740 [Note] InnoDB: Not using CPU crc32 instructions
2018-10-01 19:14:01 2740 [Note] InnoDB: Initializing buffer pool, size = 128.0M
2018-10-01 19:14:02 2740 [Note] InnoDB: Completed initialization of buffer pool
2018-10-01 19:14:02 2740 [Note] InnoDB: Highest supported file format is Barracuda.
2018-10-01 19:14:02 2740 [Note] InnoDB: The log sequence numbers 1626134 and 1626134 in ibdata files do not match the log sequence number 3110335 in the ib_logfiles!
2018-10-01 19:14:02 2740 [Note] InnoDB: Database was not shutdown normally!
2018-10-01 19:14:02 2740 [Note] InnoDB: Starting crash recovery.
2018-10-01 19:14:02 2740 [Note] InnoDB: Reading tablespace information from the .ibd files...
2018-10-01 19:14:03 2740 [Note] InnoDB: Restoring possible half-written data pages 
2018-10-01 19:14:03 2740 [Note] InnoDB: from the doublewrite buffer...
2018-10-01 19:14:05 2740 [Note] InnoDB: 128 rollback segment(s) are active.
2018-10-01 19:14:05 2740 [Note] InnoDB: Waiting for purge to start
2018-10-01 19:14:05 2740 [Note] InnoDB: 5.6.13 started; log sequence number 3110335
2018-10-01 19:14:05 2740 [Note] Server hostname (bind-address): '*'; port: 3307
2018-10-01 19:14:05 2740 [Note] IPv6 is available.
2018-10-01 19:14:05 2740 [Note]   - '::' resolves to '::';
2018-10-01 19:14:05 2740 [Note] Server socket created on IP: '::'.
2018-10-01 19:14:11 2740 [Note] Event Scheduler: Loaded 0 events
2018-10-01 19:14:11 2740 [Note] F:\Arquivos\USBWebserver v8.6/mysql/bin/mysqld_usbwv8.exe: ready for connections.
Version: '5.6.13'  socket: ''  port: 3307  MySQL Community Server (GPL)
2018-10-08 19:06:38 748 [Note] Plugin 'FEDERATED' is disabled.
2018-10-08 19:06:38 748 [Note] InnoDB: The InnoDB memory heap is disabled
2018-10-08 19:06:38 748 [Note] InnoDB: Mutexes and rw_locks use Windows interlocked functions
2018-10-08 19:06:38 748 [Note] InnoDB: Compressed tables use zlib 1.2.3
2018-10-08 19:06:38 748 [Note] InnoDB: Not using CPU crc32 instructions
2018-10-08 19:06:38 748 [Note] InnoDB: Initializing buffer pool, size = 128.0M
2018-10-08 19:06:38 748 [Note] InnoDB: Completed initialization of buffer pool
2018-10-08 19:06:38 748 [Note] InnoDB: Highest supported file format is Barracuda.
2018-10-08 19:06:38 748 [Note] InnoDB: The log sequence numbers 1626134 and 1626134 in ibdata files do not match the log sequence number 3169350 in the ib_logfiles!
2018-10-08 19:06:38 748 [Note] InnoDB: Database was not shutdown normally!
2018-10-08 19:06:38 748 [Note] InnoDB: Starting crash recovery.
2018-10-08 19:06:38 748 [Note] InnoDB: Reading tablespace information from the .ibd files...
2018-10-08 19:06:40 748 [Note] InnoDB: Restoring possible half-written data pages 
2018-10-08 19:06:40 748 [Note] InnoDB: from the doublewrite buffer...
2018-10-08 19:06:46 748 [Note] InnoDB: 128 rollback segment(s) are active.
2018-10-08 19:06:46 748 [Note] InnoDB: Waiting for purge to start
2018-10-08 19:06:46 748 [Note] InnoDB: 5.6.13 started; log sequence number 3169350
2018-10-08 19:06:46 748 [Note] Server hostname (bind-address): '*'; port: 3307
2018-10-08 19:06:46 748 [Note] IPv6 is available.
2018-10-08 19:06:46 748 [Note]   - '::' resolves to '::';
2018-10-08 19:06:46 748 [Note] Server socket created on IP: '::'.
2018-10-08 19:06:50 748 [Note] Event Scheduler: Loaded 0 events
2018-10-08 19:06:50 748 [Note] F:\Arquivos\USBWebserver v8.6/mysql/bin/mysqld_usbwv8.exe: ready for connections.
Version: '5.6.13'  socket: ''  port: 3307  MySQL Community Server (GPL)
2019-03-01 19:12:01 6760 [Note] Plugin 'FEDERATED' is disabled.
2019-03-01 19:12:01 6760 [Note] InnoDB: The InnoDB memory heap is disabled
2019-03-01 19:12:01 6760 [Note] InnoDB: Mutexes and rw_locks use Windows interlocked functions
2019-03-01 19:12:01 6760 [Note] InnoDB: Compressed tables use zlib 1.2.3
2019-03-01 19:12:01 6760 [Note] InnoDB: Not using CPU crc32 instructions
2019-03-01 19:12:01 6760 [Note] InnoDB: Initializing buffer pool, size = 128.0M
2019-03-01 19:12:01 6760 [Note] InnoDB: Completed initialization of buffer pool
2019-03-01 19:12:01 6760 [Note] InnoDB: Highest supported file format is Barracuda.
2019-03-01 19:12:01 6760 [Note] InnoDB: The log sequence numbers 1626134 and 1626134 in ibdata files do not match the log sequence number 4077562 in the ib_logfiles!
2019-03-01 19:12:01 6760 [Note] InnoDB: Database was not shutdown normally!
2019-03-01 19:12:01 6760 [Note] InnoDB: Starting crash recovery.
2019-03-01 19:12:01 6760 [Note] InnoDB: Reading tablespace information from the .ibd files...
2019-03-01 19:12:05 6760 [Note] InnoDB: Restoring possible half-written data pages 
2019-03-01 19:12:05 6760 [Note] InnoDB: from the doublewrite buffer...
2019-03-01 19:12:11 6760 [Note] InnoDB: 128 rollback segment(s) are active.
2019-03-01 19:12:11 6760 [Note] InnoDB: Waiting for purge to start
2019-03-01 19:12:11 6760 [Note] InnoDB: 5.6.13 started; log sequence number 4077562
2019-03-01 19:12:11 6760 [Note] Server hostname (bind-address): '*'; port: 3307
2019-03-01 19:12:11 6760 [Note] IPv6 is available.
2019-03-01 19:12:11 6760 [Note]   - '::' resolves to '::';
2019-03-01 19:12:11 6760 [Note] Server socket created on IP: '::'.
2019-03-01 19:12:18 6760 [Note] Event Scheduler: Loaded 0 events
2019-03-01 19:12:18 6760 [Note] F:\Arquivos\USBWebserver v8.6/mysql/bin/mysqld_usbwv8.exe: ready for connections.
Version: '5.6.13'  socket: ''  port: 3307  MySQL Community Server (GPL)
2019-03-21 13:26:05 3268 [Note] Plugin 'FEDERATED' is disabled.
2019-03-21 13:26:05 3268 [Note] InnoDB: The InnoDB memory heap is disabled
2019-03-21 13:26:05 3268 [Note] InnoDB: Mutexes and rw_locks use Windows interlocked functions
2019-03-21 13:26:05 3268 [Note] InnoDB: Compressed tables use zlib 1.2.3
2019-03-21 13:26:05 3268 [Note] InnoDB: Not using CPU crc32 instructions
2019-03-21 13:26:05 3268 [Note] InnoDB: Initializing buffer pool, size = 128.0M
2019-03-21 13:26:05 3268 [Note] InnoDB: Completed initialization of buffer pool
2019-03-21 13:26:05 3268 [Note] InnoDB: Highest supported file format is Barracuda.
2019-03-21 13:26:05 3268 [Note] InnoDB: The log sequence numbers 1626134 and 1626134 in ibdata files do not match the log sequence number 4082855 in the ib_logfiles!
2019-03-21 13:26:05 3268 [Note] InnoDB: Database was not shutdown normally!
2019-03-21 13:26:05 3268 [Note] InnoDB: Starting crash recovery.
2019-03-21 13:26:05 3268 [Note] InnoDB: Reading tablespace information from the .ibd files...
2019-03-21 13:26:07 3268 [Note] InnoDB: Restoring possible half-written data pages 
2019-03-21 13:26:07 3268 [Note] InnoDB: from the doublewrite buffer...
2019-03-21 13:26:09 3268 [Note] InnoDB: 128 rollback segment(s) are active.
2019-03-21 13:26:09 3268 [Note] InnoDB: Waiting for purge to start
2019-03-21 13:26:09 3268 [Note] InnoDB: 5.6.13 started; log sequence number 4082855
2019-03-21 13:26:09 3268 [Note] Server hostname (bind-address): '*'; port: 3307
2019-03-21 13:26:09 3268 [Note] IPv6 is available.
2019-03-21 13:26:09 3268 [Note]   - '::' resolves to '::';
2019-03-21 13:26:09 3268 [Note] Server socket created on IP: '::'.
2019-03-21 13:26:13 3268 [Note] Event Scheduler: Loaded 0 events
2019-03-21 13:26:13 3268 [Note] F:\Arquivos\USBWebserver v8.6/mysql/bin/mysqld_usbwv8.exe: ready for connections.
Version: '5.6.13'  socket: ''  port: 3307  MySQL Community Server (GPL)
2019-03-25 20:28:22 2200 [Note] Plugin 'FEDERATED' is disabled.
2019-03-25 20:28:22 2200 [Note] InnoDB: The InnoDB memory heap is disabled
2019-03-25 20:28:22 2200 [Note] InnoDB: Mutexes and rw_locks use Windows interlocked functions
2019-03-25 20:28:22 2200 [Note] InnoDB: Compressed tables use zlib 1.2.3
2019-03-25 20:28:22 2200 [Note] InnoDB: Not using CPU crc32 instructions
2019-03-25 20:28:22 2200 [Note] InnoDB: Initializing buffer pool, size = 128.0M
2019-03-25 20:28:22 2200 [Note] InnoDB: Completed initialization of buffer pool
2019-03-25 20:28:22 2200 [Note] InnoDB: Highest supported file format is Barracuda.
2019-03-25 20:28:22 2200 [Note] InnoDB: The log sequence numbers 1626134 and 1626134 in ibdata files do not match the log sequence number 4082965 in the ib_logfiles!
2019-03-25 20:28:22 2200 [Note] InnoDB: Database was not shutdown normally!
2019-03-25 20:28:22 2200 [Note] InnoDB: Starting crash recovery.
2019-03-25 20:28:22 2200 [Note] InnoDB: Reading tablespace information from the .ibd files...
2019-03-25 20:28:26 2200 [Note] InnoDB: Restoring possible half-written data pages 
2019-03-25 20:28:26 2200 [Note] InnoDB: from the doublewrite buffer...
2019-03-25 20:28:28 2200 [Note] InnoDB: 128 rollback segment(s) are active.
2019-03-25 20:28:28 2200 [Note] InnoDB: Waiting for purge to start
2019-03-25 20:28:28 2200 [Note] InnoDB: 5.6.13 started; log sequence number 4082965
2019-03-25 20:28:31 2200 [Note] Server hostname (bind-address): '*'; port: 3307
2019-03-25 20:28:32 2200 [Note] IPv6 is available.
2019-03-25 20:28:32 2200 [Note]   - '::' resolves to '::';
2019-03-25 20:28:32 2200 [Note] Server socket created on IP: '::'.
2019-03-25 20:28:35 2200 [Note] Event Scheduler: Loaded 0 events
2019-03-25 20:28:35 2200 [Note] F:\Arquivos\USBWebserver v8.6/mysql/bin/mysqld_usbwv8.exe: ready for connections.
Version: '5.6.13'  socket: ''  port: 3307  MySQL Community Server (GPL)
2019-04-05 21:06:40 5780 [Note] Plugin 'FEDERATED' is disabled.
2019-04-05 21:06:40 5780 [Note] InnoDB: The InnoDB memory heap is disabled
2019-04-05 21:06:40 5780 [Note] InnoDB: Mutexes and rw_locks use Windows interlocked functions
2019-04-05 21:06:40 5780 [Note] InnoDB: Compressed tables use zlib 1.2.3
2019-04-05 21:06:40 5780 [Note] InnoDB: Not using CPU crc32 instructions
2019-04-05 21:06:40 5780 [Note] InnoDB: Initializing buffer pool, size = 128.0M
2019-04-05 21:06:40 5780 [Note] InnoDB: Completed initialization of buffer pool
2019-04-05 21:06:40 5780 [Note] InnoDB: Highest supported file format is Barracuda.
2019-04-05 21:06:40 5780 [Note] InnoDB: The log sequence numbers 1626134 and 1626134 in ibdata files do not match the log sequence number 4085306 in the ib_logfiles!
2019-04-05 21:06:40 5780 [Note] InnoDB: Database was not shutdown normally!
2019-04-05 21:06:40 5780 [Note] InnoDB: Starting crash recovery.
2019-04-05 21:06:40 5780 [Note] InnoDB: Reading tablespace information from the .ibd files...
2019-04-05 21:06:42 5780 [Note] InnoDB: Restoring possible half-written data pages 
2019-04-05 21:06:42 5780 [Note] InnoDB: from the doublewrite buffer...
2019-04-05 21:06:44 5780 [Note] InnoDB: 128 rollback segment(s) are active.
2019-04-05 21:06:44 5780 [Note] InnoDB: Waiting for purge to start
2019-04-05 21:06:45 5780 [Note] InnoDB: 5.6.13 started; log sequence number 4085306
2019-04-05 21:06:45 5780 [Note] Server hostname (bind-address): '*'; port: 3307
2019-04-05 21:06:45 5780 [Note] IPv6 is available.
2019-04-05 21:06:45 5780 [Note]   - '::' resolves to '::';
2019-04-05 21:06:45 5780 [Note] Server socket created on IP: '::'.
2019-04-05 21:06:48 5780 [Note] Event Scheduler: Loaded 0 events
2019-04-05 21:06:48 5780 [Note] F:\Arquivos\USBWebserver v8.6/mysql/bin/mysqld_usbwv8.exe: ready for connections.
Version: '5.6.13'  socket: ''  port: 3307  MySQL Community Server (GPL)
2019-04-08 19:29:43 4284 [Note] Plugin 'FEDERATED' is disabled.
2019-04-08 19:29:43 4284 [Note] InnoDB: The InnoDB memory heap is disabled
2019-04-08 19:29:43 4284 [Note] InnoDB: Mutexes and rw_locks use Windows interlocked functions
2019-04-08 19:29:43 4284 [Note] InnoDB: Compressed tables use zlib 1.2.3
2019-04-08 19:29:43 4284 [Note] InnoDB: Not using CPU crc32 instructions
2019-04-08 19:29:43 4284 [Note] InnoDB: Initializing buffer pool, size = 128.0M
2019-04-08 19:29:44 4284 [Note] InnoDB: Completed initialization of buffer pool
2019-04-08 19:29:44 4284 [Note] InnoDB: Highest supported file format is Barracuda.
2019-04-08 19:29:44 4284 [Note] InnoDB: The log sequence numbers 1626134 and 1626134 in ibdata files do not match the log sequence number 4094241 in the ib_logfiles!
2019-04-08 19:29:44 4284 [Note] InnoDB: Database was not shutdown normally!
2019-04-08 19:29:44 4284 [Note] InnoDB: Starting crash recovery.
2019-04-08 19:29:44 4284 [Note] InnoDB: Reading tablespace information from the .ibd files...
2019-04-08 19:29:44 4284 [Note] InnoDB: Restoring possible half-written data pages 
2019-04-08 19:29:44 4284 [Note] InnoDB: from the doublewrite buffer...
2019-04-08 19:29:46 4284 [Note] InnoDB: 128 rollback segment(s) are active.
2019-04-08 19:29:46 4284 [Note] InnoDB: Waiting for purge to start
2019-04-08 19:29:46 4284 [Note] InnoDB: 5.6.13 started; log sequence number 4094241
2019-04-08 19:29:46 4284 [Note] Server hostname (bind-address): '*'; port: 3307
2019-04-08 19:29:46 4284 [Note] IPv6 is available.
2019-04-08 19:29:46 4284 [Note]   - '::' resolves to '::';
2019-04-08 19:29:46 4284 [Note] Server socket created on IP: '::'.
2019-04-08 19:30:10 4284 [Note] Event Scheduler: Loaded 0 events
2019-04-08 19:30:10 4284 [Note] F:\Arquivos\USBWebserver v8.6/mysql/bin/mysqld_usbwv8.exe: ready for connections.
Version: '5.6.13'  socket: ''  port: 3307  MySQL Community Server (GPL)
2019-05-10 19:02:48 2932 [Note] Plugin 'FEDERATED' is disabled.
2019-05-10 19:02:48 2932 [Note] InnoDB: The InnoDB memory heap is disabled
2019-05-10 19:02:48 2932 [Note] InnoDB: Mutexes and rw_locks use Windows interlocked functions
2019-05-10 19:02:48 2932 [Note] InnoDB: Compressed tables use zlib 1.2.3
2019-05-10 19:02:48 2932 [Note] InnoDB: Not using CPU crc32 instructions
2019-05-10 19:02:48 2932 [Note] InnoDB: Initializing buffer pool, size = 128.0M
2019-05-10 19:02:48 2932 [Note] InnoDB: Completed initialization of buffer pool
2019-05-10 19:02:48 2932 [Note] InnoDB: Highest supported file format is Barracuda.
2019-05-10 19:02:48 2932 [Note] InnoDB: The log sequence numbers 1626134 and 1626134 in ibdata files do not match the log sequence number 4119807 in the ib_logfiles!
2019-05-10 19:02:48 2932 [Note] InnoDB: Database was not shutdown normally!
2019-05-10 19:02:48 2932 [Note] InnoDB: Starting crash recovery.
2019-05-10 19:02:48 2932 [Note] InnoDB: Reading tablespace information from the .ibd files...
2019-05-10 19:02:49 2932 [Note] InnoDB: Restoring possible half-written data pages 
2019-05-10 19:02:49 2932 [Note] InnoDB: from the doublewrite buffer...
2019-05-10 19:02:52 2932 [Note] InnoDB: 128 rollback segment(s) are active.
2019-05-10 19:02:52 2932 [Note] InnoDB: Waiting for purge to start
2019-05-10 19:02:52 2932 [Note] InnoDB: 5.6.13 started; log sequence number 4119807
2019-05-10 19:02:53 2932 [Note] Server hostname (bind-address): '*'; port: 3307
2019-05-10 19:02:53 2932 [Note] IPv6 is available.
2019-05-10 19:02:53 2932 [Note]   - '::' resolves to '::';
2019-05-10 19:02:53 2932 [Note] Server socket created on IP: '::'.
2019-05-10 19:03:01 2932 [Note] Event Scheduler: Loaded 0 events
2019-05-10 19:03:01 2932 [Note] L:\Arquivos\USBWebserver v8.6/mysql/bin/mysqld_usbwv8.exe: ready for connections.
Version: '5.6.13'  socket: ''  port: 3307  MySQL Community Server (GPL)
2019-05-20 20:25:28 3944 [Note] Plugin 'FEDERATED' is disabled.
2019-05-20 20:25:29 3944 [Note] InnoDB: The InnoDB memory heap is disabled
2019-05-20 20:25:29 3944 [Note] InnoDB: Mutexes and rw_locks use Windows interlocked functions
2019-05-20 20:25:29 3944 [Note] InnoDB: Compressed tables use zlib 1.2.3
2019-05-20 20:25:29 3944 [Note] InnoDB: Not using CPU crc32 instructions
2019-05-20 20:25:29 3944 [Note] InnoDB: Initializing buffer pool, size = 128.0M
2019-05-20 20:25:29 3944 [Note] InnoDB: Completed initialization of buffer pool
2019-05-20 20:25:29 3944 [Note] InnoDB: Highest supported file format is Barracuda.
2019-05-20 20:25:29 3944 [Note] InnoDB: The log sequence numbers 1626134 and 1626134 in ibdata files do not match the log sequence number 4119837 in the ib_logfiles!
2019-05-20 20:25:29 3944 [Note] InnoDB: Database was not shutdown normally!
2019-05-20 20:25:29 3944 [Note] InnoDB: Starting crash recovery.
2019-05-20 20:25:29 3944 [Note] InnoDB: Reading tablespace information from the .ibd files...
2019-05-20 20:25:30 3944 [Note] InnoDB: Restoring possible half-written data pages 
2019-05-20 20:25:30 3944 [Note] InnoDB: from the doublewrite buffer...
2019-05-20 20:25:33 3944 [Note] InnoDB: 128 rollback segment(s) are active.
2019-05-20 20:25:33 3944 [Note] InnoDB: Waiting for purge to start
2019-05-20 20:25:33 3944 [Note] InnoDB: 5.6.13 started; log sequence number 4119837
2019-05-20 20:25:33 3944 [Note] Server hostname (bind-address): '*'; port: 3307
2019-05-20 20:25:33 3944 [Note] IPv6 is available.
2019-05-20 20:25:33 3944 [Note]   - '::' resolves to '::';
2019-05-20 20:25:33 3944 [Note] Server socket created on IP: '::'.
2019-05-20 20:25:40 3944 [Note] Event Scheduler: Loaded 0 events
2019-05-20 20:25:40 3944 [Note] L:\Arquivos\USBWebserver v8.6/mysql/bin/mysqld_usbwv8.exe: ready for connections.
Version: '5.6.13'  socket: ''  port: 3307  MySQL Community Server (GPL)
2019-05-24 20:13:29 5100 [Note] Plugin 'FEDERATED' is disabled.
2019-05-24 20:13:29 5100 [Note] InnoDB: The InnoDB memory heap is disabled
2019-05-24 20:13:29 5100 [Note] InnoDB: Mutexes and rw_locks use Windows interlocked functions
2019-05-24 20:13:29 5100 [Note] InnoDB: Compressed tables use zlib 1.2.3
2019-05-24 20:13:29 5100 [Note] InnoDB: Not using CPU crc32 instructions
2019-05-24 20:13:29 5100 [Note] InnoDB: Initializing buffer pool, size = 128.0M
2019-05-24 20:13:29 5100 [Note] InnoDB: Completed initialization of buffer pool
2019-05-24 20:13:29 5100 [Note] InnoDB: Highest supported file format is Barracuda.
2019-05-24 20:13:29 5100 [Note] InnoDB: The log sequence numbers 1626134 and 1626134 in ibdata files do not match the log sequence number 4167978 in the ib_logfiles!
2019-05-24 20:13:29 5100 [Note] InnoDB: Database was not shutdown normally!
2019-05-24 20:13:29 5100 [Note] InnoDB: Starting crash recovery.
2019-05-24 20:13:29 5100 [Note] InnoDB: Reading tablespace information from the .ibd files...
2019-05-24 20:13:32 5100 [Note] InnoDB: Restoring possible half-written data pages 
2019-05-24 20:13:32 5100 [Note] InnoDB: from the doublewrite buffer...
2019-05-24 20:13:34 5100 [Note] InnoDB: 128 rollback segment(s) are active.
2019-05-24 20:13:34 5100 [Note] InnoDB: Waiting for purge to start
2019-05-24 20:13:34 5100 [Note] InnoDB: 5.6.13 started; log sequence number 4167978
2019-05-24 20:13:34 5100 [Note] Server hostname (bind-address): '*'; port: 3307
2019-05-24 20:13:34 5100 [Note] IPv6 is available.
2019-05-24 20:13:34 5100 [Note]   - '::' resolves to '::';
2019-05-24 20:13:34 5100 [Note] Server socket created on IP: '::'.
2019-05-24 20:13:39 5100 [Note] Event Scheduler: Loaded 0 events
2019-05-24 20:13:39 5100 [Note] L:\Arquivos\USBWebserver v8.6/mysql/bin/mysqld_usbwv8.exe: ready for connections.
Version: '5.6.13'  socket: ''  port: 3307  MySQL Community Server (GPL)
2019-06-07 19:17:59 4024 [Note] Plugin 'FEDERATED' is disabled.
2019-06-07 19:17:59 4024 [Note] InnoDB: The InnoDB memory heap is disabled
2019-06-07 19:17:59 4024 [Note] InnoDB: Mutexes and rw_locks use Windows interlocked functions
2019-06-07 19:17:59 4024 [Note] InnoDB: Compressed tables use zlib 1.2.3
2019-06-07 19:17:59 4024 [Note] InnoDB: Not using CPU crc32 instructions
2019-06-07 19:17:59 4024 [Note] InnoDB: Initializing buffer pool, size = 128.0M
2019-06-07 19:17:59 4024 [Note] InnoDB: Completed initialization of buffer pool
2019-06-07 19:17:59 4024 [Note] InnoDB: Highest supported file format is Barracuda.
2019-06-07 19:17:59 4024 [Note] InnoDB: The log sequence numbers 1626134 and 1626134 in ibdata files do not match the log sequence number 4177310 in the ib_logfiles!
2019-06-07 19:17:59 4024 [Note] InnoDB: Database was not shutdown normally!
2019-06-07 19:17:59 4024 [Note] InnoDB: Starting crash recovery.
2019-06-07 19:17:59 4024 [Note] InnoDB: Reading tablespace information from the .ibd files...
2019-06-07 19:18:01 4024 [Note] InnoDB: Restoring possible half-written data pages 
2019-06-07 19:18:01 4024 [Note] InnoDB: from the doublewrite buffer...
2019-06-07 19:18:03 4024 [Note] InnoDB: 128 rollback segment(s) are active.
2019-06-07 19:18:03 4024 [Note] InnoDB: Waiting for purge to start
2019-06-07 19:18:03 4024 [Note] InnoDB: 5.6.13 started; log sequence number 4177310
2019-06-07 19:18:03 4024 [Note] Server hostname (bind-address): '*'; port: 3307
2019-06-07 19:18:03 4024 [Note] IPv6 is available.
2019-06-07 19:18:03 4024 [Note]   - '::' resolves to '::';
2019-06-07 19:18:03 4024 [Note] Server socket created on IP: '::'.
2019-06-07 19:18:13 4024 [Note] Event Scheduler: Loaded 0 events
2019-06-07 19:18:13 4024 [Note] L:\Arquivos\USBWebserver v8.6/mysql/bin/mysqld_usbwv8.exe: ready for connections.
Version: '5.6.13'  socket: ''  port: 3307  MySQL Community Server (GPL)
2019-06-07 19:29:57 880 [Note] Plugin 'FEDERATED' is disabled.
2019-06-07 19:29:57 880 [Note] InnoDB: The InnoDB memory heap is disabled
2019-06-07 19:29:57 880 [Note] InnoDB: Mutexes and rw_locks use Windows interlocked functions
2019-06-07 19:29:57 880 [Note] InnoDB: Compressed tables use zlib 1.2.3
2019-06-07 19:29:57 880 [Note] InnoDB: Not using CPU crc32 instructions
2019-06-07 19:29:57 880 [Note] InnoDB: Initializing buffer pool, size = 128.0M
2019-06-07 19:29:57 880 [Note] InnoDB: Completed initialization of buffer pool
2019-06-07 19:29:57 880 [Note] InnoDB: Highest supported file format is Barracuda.
2019-06-07 19:29:57 880 [Note] InnoDB: The log sequence numbers 1626134 and 1626134 in ibdata files do not match the log sequence number 4177320 in the ib_logfiles!
2019-06-07 19:29:57 880 [Note] InnoDB: Database was not shutdown normally!
2019-06-07 19:29:57 880 [Note] InnoDB: Starting crash recovery.
2019-06-07 19:29:57 880 [Note] InnoDB: Reading tablespace information from the .ibd files...
2019-06-07 19:29:57 880 [Note] InnoDB: Restoring possible half-written data pages 
2019-06-07 19:29:57 880 [Note] InnoDB: from the doublewrite buffer...
2019-06-07 19:29:59 880 [Note] InnoDB: 128 rollback segment(s) are active.
2019-06-07 19:29:59 880 [Note] InnoDB: Waiting for purge to start
2019-06-07 19:29:59 880 [Note] InnoDB: 5.6.13 started; log sequence number 4177320
2019-06-07 19:30:00 880 [Note] Server hostname (bind-address): '*'; port: 3307
2019-06-07 19:30:00 880 [Note] IPv6 is available.
2019-06-07 19:30:00 880 [Note]   - '::' resolves to '::';
2019-06-07 19:30:00 880 [Note] Server socket created on IP: '::'.
2019-06-07 19:30:04 880 [Note] Event Scheduler: Loaded 0 events
2019-06-07 19:30:04 880 [Note] L:\Arquivos\USBWebserver v8.6/mysql/bin/mysqld_usbwv8.exe: ready for connections.
Version: '5.6.13'  socket: ''  port: 3307  MySQL Community Server (GPL)
2019-08-06 14:24:21 1128 [Note] Plugin 'FEDERATED' is disabled.
2019-08-06 14:24:21 1128 [Note] InnoDB: The InnoDB memory heap is disabled
2019-08-06 14:24:21 1128 [Note] InnoDB: Mutexes and rw_locks use Windows interlocked functions
2019-08-06 14:24:21 1128 [Note] InnoDB: Compressed tables use zlib 1.2.3
2019-08-06 14:24:21 1128 [Note] InnoDB: Not using CPU crc32 instructions
2019-08-06 14:24:21 1128 [Note] InnoDB: Initializing buffer pool, size = 128.0M
2019-08-06 14:24:21 1128 [Note] InnoDB: Completed initialization of buffer pool
2019-08-06 14:24:21 1128 [Note] InnoDB: Highest supported file format is Barracuda.
2019-08-06 14:24:21 1128 [Note] InnoDB: The log sequence numbers 1626134 and 1626134 in ibdata files do not match the log sequence number 4180254 in the ib_logfiles!
2019-08-06 14:24:21 1128 [Note] InnoDB: Database was not shutdown normally!
2019-08-06 14:24:21 1128 [Note] InnoDB: Starting crash recovery.
2019-08-06 14:24:21 1128 [Note] InnoDB: Reading tablespace information from the .ibd files...
2019-08-06 14:24:22 1128 [Note] InnoDB: Restoring possible half-written data pages 
2019-08-06 14:24:22 1128 [Note] InnoDB: from the doublewrite buffer...
2019-08-06 14:24:25 1128 [Note] InnoDB: 128 rollback segment(s) are active.
2019-08-06 14:24:25 1128 [Note] InnoDB: Waiting for purge to start
2019-08-06 14:24:25 1128 [Note] InnoDB: 5.6.13 started; log sequence number 4180254
2019-08-06 14:24:25 1128 [Note] Server hostname (bind-address): '*'; port: 3307
2019-08-06 14:24:25 1128 [Note] IPv6 is available.
2019-08-06 14:24:25 1128 [Note]   - '::' resolves to '::';
2019-08-06 14:24:25 1128 [Note] Server socket created on IP: '::'.
2019-08-06 14:24:28 1128 [Note] Event Scheduler: Loaded 0 events
2019-08-06 14:24:28 1128 [Note] F:\Arquivos\USBWebserver v8.6/mysql/bin/mysqld_usbwv8.exe: ready for connections.
Version: '5.6.13'  socket: ''  port: 3307  MySQL Community Server (GPL)
2019-10-17 19:45:17 2748 [Note] Plugin 'FEDERATED' is disabled.
2019-10-17 19:45:17 2748 [Note] InnoDB: The InnoDB memory heap is disabled
2019-10-17 19:45:17 2748 [Note] InnoDB: Mutexes and rw_locks use Windows interlocked functions
2019-10-17 19:45:17 2748 [Note] InnoDB: Compressed tables use zlib 1.2.3
2019-10-17 19:45:17 2748 [Note] InnoDB: Not using CPU crc32 instructions
2019-10-17 19:45:17 2748 [Note] InnoDB: Initializing buffer pool, size = 128.0M
2019-10-17 19:45:17 2748 [Note] InnoDB: Completed initialization of buffer pool
2019-10-17 19:45:17 2748 [Note] InnoDB: Highest supported file format is Barracuda.
2019-10-17 19:45:17 2748 [Note] InnoDB: The log sequence numbers 1626134 and 1626134 in ibdata files do not match the log sequence number 5023527 in the ib_logfiles!
2019-10-17 19:45:17 2748 [Note] InnoDB: Database was not shutdown normally!
2019-10-17 19:45:17 2748 [Note] InnoDB: Starting crash recovery.
2019-10-17 19:45:17 2748 [Note] InnoDB: Reading tablespace information from the .ibd files...
2019-10-17 19:45:20 2748 [Note] InnoDB: Restoring possible half-written data pages 
2019-10-17 19:45:20 2748 [Note] InnoDB: from the doublewrite buffer...
2019-10-17 19:45:21 2748 [Note] InnoDB: 128 rollback segment(s) are active.
2019-10-17 19:45:21 2748 [Note] InnoDB: Waiting for purge to start
2019-10-17 19:45:21 2748 [Note] InnoDB: 5.6.13 started; log sequence number 5023527
2019-10-17 19:45:21 2748 [Note] Server hostname (bind-address): '*'; port: 3307
2019-10-17 19:45:21 2748 [Note] IPv6 is available.
2019-10-17 19:45:21 2748 [Note]   - '::' resolves to '::';
2019-10-17 19:45:21 2748 [Note] Server socket created on IP: '::'.
2019-10-17 19:45:27 2748 [Note] Event Scheduler: Loaded 0 events
2019-10-17 19:45:27 2748 [Note] F:\Arquivos\USBWebserver v8.6/mysql/bin/mysqld_usbwv8.exe: ready for connections.
Version: '5.6.13'  socket: ''  port: 3307  MySQL Community Server (GPL)
