2018-05-10 19:50:06 1620 [Note] Plugin 'FEDERATED' is disabled.
2018-05-10 19:50:06 1620 [Note] InnoDB: The InnoDB memory heap is disabled
2018-05-10 19:50:06 1620 [Note] InnoDB: Mutexes and rw_locks use Windows interlocked functions
2018-05-10 19:50:06 1620 [Note] InnoDB: Compressed tables use zlib 1.2.3
2018-05-10 19:50:06 1620 [Note] InnoDB: Not using CPU crc32 instructions
2018-05-10 19:50:06 1620 [Note] InnoDB: Initializing buffer pool, size = 128.0M
2018-05-10 19:50:06 1620 [Note] InnoDB: Completed initialization of buffer pool
2018-05-10 19:50:06 1620 [Note] InnoDB: Highest supported file format is Barracuda.
2018-05-10 19:50:06 1620 [Note] InnoDB: The log sequence numbers 1626134 and 1626134 in ibdata files do not match the log sequence number 1831055 in the ib_logfiles!
2018-05-10 19:50:06 1620 [Note] InnoDB: Database was not shutdown normally!
2018-05-10 19:50:06 1620 [Note] InnoDB: Starting crash recovery.
2018-05-10 19:50:06 1620 [Note] InnoDB: Reading tablespace information from the .ibd files...
2018-05-10 19:50:06 1620 [Note] InnoDB: Restoring possible half-written data pages 
2018-05-10 19:50:06 1620 [Note] InnoDB: from the doublewrite buffer...
2018-05-10 19:50:07 1620 [Note] InnoDB: 128 rollback segment(s) are active.
2018-05-10 19:50:07 1620 [Note] InnoDB: Waiting for purge to start
2018-05-10 19:50:07 1620 [Note] InnoDB: 5.6.13 started; log sequence number 1831055
2018-05-10 19:50:07 1620 [Note] Server hostname (bind-address): '*'; port: 3307
2018-05-10 19:50:07 1620 [Note] IPv6 is available.
2018-05-10 19:50:07 1620 [Note]   - '::' resolves to '::';
2018-05-10 19:50:07 1620 [Note] Server socket created on IP: '::'.
2018-05-10 19:50:08 1620 [Note] Event Scheduler: Loaded 0 events
2018-05-10 19:50:08 1620 [Note] F:\Arquivos\USBWebserver v8.6/mysql/bin/mysqld_usbwv8.exe: ready for connections.
Version: '5.6.13'  socket: ''  port: 3307  MySQL Community Server (GPL)
2018-05-16 10:48:18 5152 [Note] Plugin 'FEDERATED' is disabled.
2018-05-16 10:48:19 5152 [Note] InnoDB: The InnoDB memory heap is disabled
2018-05-16 10:48:19 5152 [Note] InnoDB: Mutexes and rw_locks use Windows interlocked functions
2018-05-16 10:48:19 5152 [Note] InnoDB: Compressed tables use zlib 1.2.3
2018-05-16 10:48:19 5152 [Note] InnoDB: Not using CPU crc32 instructions
2018-05-16 10:48:19 5152 [Note] InnoDB: Initializing buffer pool, size = 128.0M
2018-05-16 10:48:19 5152 [Note] InnoDB: Completed initialization of buffer pool
2018-05-16 10:48:19 5152 [Note] InnoDB: Highest supported file format is Barracuda.
2018-05-16 10:48:19 5152 [Note] InnoDB: The log sequence numbers 1626134 and 1626134 in ibdata files do not match the log sequence number 1834710 in the ib_logfiles!
2018-05-16 10:48:19 5152 [Note] InnoDB: Database was not shutdown normally!
2018-05-16 10:48:19 5152 [Note] InnoDB: Starting crash recovery.
2018-05-16 10:48:19 5152 [Note] InnoDB: Reading tablespace information from the .ibd files...
2018-05-16 10:48:19 5152 [Note] InnoDB: Restoring possible half-written data pages 
2018-05-16 10:48:19 5152 [Note] InnoDB: from the doublewrite buffer...
2018-05-16 10:48:20 5152 [Note] InnoDB: 128 rollback segment(s) are active.
2018-05-16 10:48:20 5152 [Note] InnoDB: Waiting for purge to start
2018-05-16 10:48:20 5152 [Note] InnoDB: 5.6.13 started; log sequence number 1834710
2018-05-16 10:48:20 5152 [Note] Server hostname (bind-address): '*'; port: 3307
2018-05-16 10:48:20 5152 [Note] IPv6 is available.
2018-05-16 10:48:20 5152 [Note]   - '::' resolves to '::';
2018-05-16 10:48:20 5152 [Note] Server socket created on IP: '::'.
2018-05-16 10:48:21 5152 [Note] Event Scheduler: Loaded 0 events
2018-05-16 10:48:21 5152 [Note] F:\Arquivos\USBWebserver v8.6/mysql/bin/mysqld_usbwv8.exe: ready for connections.
Version: '5.6.13'  socket: ''  port: 3307  MySQL Community Server (GPL)
2018-05-17 20:05:46 5724 [Note] Plugin 'FEDERATED' is disabled.
2018-05-17 20:05:46 5724 [Note] InnoDB: The InnoDB memory heap is disabled
2018-05-17 20:05:46 5724 [Note] InnoDB: Mutexes and rw_locks use Windows interlocked functions
2018-05-17 20:05:46 5724 [Note] InnoDB: Compressed tables use zlib 1.2.3
2018-05-17 20:05:46 5724 [Note] InnoDB: Not using CPU crc32 instructions
2018-05-17 20:05:46 5724 [Note] InnoDB: Initializing buffer pool, size = 128.0M
2018-05-17 20:05:46 5724 [Note] InnoDB: Completed initialization of buffer pool
2018-05-17 20:05:46 5724 [Note] InnoDB: Highest supported file format is Barracuda.
2018-05-17 20:05:46 5724 [Note] InnoDB: The log sequence numbers 1626134 and 1626134 in ibdata files do not match the log sequence number 2121838 in the ib_logfiles!
2018-05-17 20:05:46 5724 [Note] InnoDB: Database was not shutdown normally!
2018-05-17 20:05:46 5724 [Note] InnoDB: Starting crash recovery.
2018-05-17 20:05:46 5724 [Note] InnoDB: Reading tablespace information from the .ibd files...
2018-05-17 20:05:46 5724 [Note] InnoDB: Restoring possible half-written data pages 
2018-05-17 20:05:46 5724 [Note] InnoDB: from the doublewrite buffer...
2018-05-17 20:05:47 5724 [Note] InnoDB: 128 rollback segment(s) are active.
2018-05-17 20:05:47 5724 [Note] InnoDB: Waiting for purge to start
2018-05-17 20:05:47 5724 [Note] InnoDB: 5.6.13 started; log sequence number 2121838
2018-05-17 20:05:47 5724 [Note] Server hostname (bind-address): '*'; port: 3307
2018-05-17 20:05:47 5724 [Note] IPv6 is available.
2018-05-17 20:05:47 5724 [Note]   - '::' resolves to '::';
2018-05-17 20:05:47 5724 [Note] Server socket created on IP: '::'.
2018-05-17 20:05:48 5724 [Note] Event Scheduler: Loaded 0 events
2018-05-17 20:05:48 5724 [Note] F:\Arquivos\USBWebserver v8.6/mysql/bin/mysqld_usbwv8.exe: ready for connections.
Version: '5.6.13'  socket: ''  port: 3307  MySQL Community Server (GPL)
2018-05-22 13:59:27 1312 [Note] Plugin 'FEDERATED' is disabled.
2018-05-22 13:59:27 1312 [Note] InnoDB: The InnoDB memory heap is disabled
2018-05-22 13:59:27 1312 [Note] InnoDB: Mutexes and rw_locks use Windows interlocked functions
2018-05-22 13:59:27 1312 [Note] InnoDB: Compressed tables use zlib 1.2.3
2018-05-22 13:59:27 1312 [Note] InnoDB: Not using CPU crc32 instructions
2018-05-22 13:59:27 1312 [Note] InnoDB: Initializing buffer pool, size = 128.0M
2018-05-22 13:59:27 1312 [Note] InnoDB: Completed initialization of buffer pool
2018-05-22 13:59:27 1312 [Note] InnoDB: Highest supported file format is Barracuda.
2018-05-22 13:59:27 1312 [Note] InnoDB: The log sequence numbers 1626134 and 1626134 in ibdata files do not match the log sequence number 2122086 in the ib_logfiles!
2018-05-22 13:59:27 1312 [Note] InnoDB: Database was not shutdown normally!
2018-05-22 13:59:27 1312 [Note] InnoDB: Starting crash recovery.
2018-05-22 13:59:27 1312 [Note] InnoDB: Reading tablespace information from the .ibd files...
2018-05-22 13:59:27 1312 [Note] InnoDB: Restoring possible half-written data pages 
2018-05-22 13:59:27 1312 [Note] InnoDB: from the doublewrite buffer...
2018-05-22 13:59:29 1312 [Note] InnoDB: 128 rollback segment(s) are active.
2018-05-22 13:59:29 1312 [Note] InnoDB: Waiting for purge to start
2018-05-22 13:59:29 1312 [Note] InnoDB: 5.6.13 started; log sequence number 2122086
2018-05-22 13:59:29 1312 [Note] Server hostname (bind-address): '*'; port: 3307
2018-05-22 13:59:29 1312 [Note] IPv6 is available.
2018-05-22 13:59:29 1312 [Note]   - '::' resolves to '::';
2018-05-22 13:59:29 1312 [Note] Server socket created on IP: '::'.
2018-05-22 13:59:29 1312 [Note] Event Scheduler: Loaded 0 events
2018-05-22 13:59:29 1312 [Note] F:\Arquivos\USBWebserver v8.6/mysql/bin/mysqld_usbwv8.exe: ready for connections.
Version: '5.6.13'  socket: ''  port: 3307  MySQL Community Server (GPL)
2018-05-25 12:14:24 4600 [Note] Plugin 'FEDERATED' is disabled.
2018-05-25 12:14:25 4600 [Note] InnoDB: The InnoDB memory heap is disabled
2018-05-25 12:14:25 4600 [Note] InnoDB: Mutexes and rw_locks use Windows interlocked functions
2018-05-25 12:14:25 4600 [Note] InnoDB: Compressed tables use zlib 1.2.3
2018-05-25 12:14:25 4600 [Note] InnoDB: Not using CPU crc32 instructions
2018-05-25 12:14:25 4600 [Note] InnoDB: Initializing buffer pool, size = 128.0M
2018-05-25 12:14:25 4600 [Note] InnoDB: Completed initialization of buffer pool
2018-05-25 12:14:25 4600 [Note] InnoDB: Highest supported file format is Barracuda.
2018-05-25 12:14:25 4600 [Note] InnoDB: The log sequence numbers 1626134 and 1626134 in ibdata files do not match the log sequence number 2139965 in the ib_logfiles!
2018-05-25 12:14:25 4600 [Note] InnoDB: Database was not shutdown normally!
2018-05-25 12:14:25 4600 [Note] InnoDB: Starting crash recovery.
2018-05-25 12:14:25 4600 [Note] InnoDB: Reading tablespace information from the .ibd files...
2018-05-25 12:14:25 4600 [Note] InnoDB: Restoring possible half-written data pages 
2018-05-25 12:14:25 4600 [Note] InnoDB: from the doublewrite buffer...
2018-05-25 12:14:27 4600 [Note] InnoDB: 128 rollback segment(s) are active.
2018-05-25 12:14:27 4600 [Note] InnoDB: Waiting for purge to start
2018-05-25 12:14:27 4600 [Note] InnoDB: 5.6.13 started; log sequence number 2139965
2018-05-25 12:14:27 4600 [Note] Server hostname (bind-address): '*'; port: 3307
2018-05-25 12:14:27 4600 [Note] IPv6 is available.
2018-05-25 12:14:27 4600 [Note]   - '::' resolves to '::';
2018-05-25 12:14:27 4600 [Note] Server socket created on IP: '::'.
2018-05-25 12:14:27 4600 [Note] Event Scheduler: Loaded 0 events
2018-05-25 12:14:27 4600 [Note] F:\Arquivos\USBWebserver v8.6/mysql/bin/mysqld_usbwv8.exe: ready for connections.
Version: '5.6.13'  socket: ''  port: 3307  MySQL Community Server (GPL)
2018-08-02 20:40:36 7108 [Note] Plugin 'FEDERATED' is disabled.
2018-08-02 20:40:36 7108 [Note] InnoDB: The InnoDB memory heap is disabled
2018-08-02 20:40:36 7108 [Note] InnoDB: Mutexes and rw_locks use Windows interlocked functions
2018-08-02 20:40:36 7108 [Note] InnoDB: Compressed tables use zlib 1.2.3
2018-08-02 20:40:36 7108 [Note] InnoDB: Not using CPU crc32 instructions
2018-08-02 20:40:36 7108 [Note] InnoDB: Initializing buffer pool, size = 128.0M
2018-08-02 20:40:36 7108 [Note] InnoDB: Completed initialization of buffer pool
2018-08-02 20:40:36 7108 [Note] InnoDB: Highest supported file format is Barracuda.
2018-08-02 20:40:36 7108 [Note] InnoDB: The log sequence numbers 1626134 and 1626134 in ibdata files do not match the log sequence number 2961893 in the ib_logfiles!
2018-08-02 20:40:36 7108 [Note] InnoDB: Database was not shutdown normally!
2018-08-02 20:40:36 7108 [Note] InnoDB: Starting crash recovery.
2018-08-02 20:40:36 7108 [Note] InnoDB: Reading tablespace information from the .ibd files...
2018-08-02 20:40:36 7108 [Note] InnoDB: Restoring possible half-written data pages 
2018-08-02 20:40:36 7108 [Note] InnoDB: from the doublewrite buffer...
2018-08-02 20:40:44 7108 [Note] InnoDB: 128 rollback segment(s) are active.
2018-08-02 20:40:44 7108 [Note] InnoDB: Waiting for purge to start
2018-08-02 20:40:44 7108 [Note] InnoDB: 5.6.13 started; log sequence number 2961893
2018-08-02 20:40:46 7108 [Note] Server hostname (bind-address): '*'; port: 3307
2018-08-02 20:40:46 7108 [Note] IPv6 is available.
2018-08-02 20:40:46 7108 [Note]   - '::' resolves to '::';
2018-08-02 20:40:46 7108 [Note] Server socket created on IP: '::'.
2018-08-02 20:40:48 7108 [Note] Event Scheduler: Loaded 0 events
2018-08-02 20:40:48 7108 [Note] I:\Arquivos\USBWebserver v8.6/mysql/bin/mysqld_usbwv8.exe: ready for connections.
Version: '5.6.13'  socket: ''  port: 3307  MySQL Community Server (GPL)
2018-08-09 20:17:21 5880 [Note] Plugin 'FEDERATED' is disabled.
2018-08-09 20:17:21 5880 [Note] InnoDB: The InnoDB memory heap is disabled
2018-08-09 20:17:21 5880 [Note] InnoDB: Mutexes and rw_locks use Windows interlocked functions
2018-08-09 20:17:21 5880 [Note] InnoDB: Compressed tables use zlib 1.2.3
2018-08-09 20:17:21 5880 [Note] InnoDB: Not using CPU crc32 instructions
2018-08-09 20:17:21 5880 [Note] InnoDB: Initializing buffer pool, size = 128.0M
2018-08-09 20:17:21 5880 [Note] InnoDB: Completed initialization of buffer pool
2018-08-09 20:17:21 5880 [Note] InnoDB: Highest supported file format is Barracuda.
2018-08-09 20:17:21 5880 [Note] InnoDB: The log sequence numbers 1626134 and 1626134 in ibdata files do not match the log sequence number 3047723 in the ib_logfiles!
2018-08-09 20:17:21 5880 [Note] InnoDB: Database was not shutdown normally!
2018-08-09 20:17:21 5880 [Note] InnoDB: Starting crash recovery.
2018-08-09 20:17:21 5880 [Note] InnoDB: Reading tablespace information from the .ibd files...
2018-08-09 20:17:21 5880 [Note] InnoDB: Restoring possible half-written data pages 
2018-08-09 20:17:21 5880 [Note] InnoDB: from the doublewrite buffer...
2018-08-09 20:17:24 5880 [Note] InnoDB: 128 rollback segment(s) are active.
2018-08-09 20:17:24 5880 [Note] InnoDB: Waiting for purge to start
2018-08-09 20:17:25 5880 [Note] InnoDB: 5.6.13 started; log sequence number 3047723
2018-08-09 20:17:25 5880 [Note] Server hostname (bind-address): '*'; port: 3307
2018-08-09 20:17:25 5880 [Note] IPv6 is available.
2018-08-09 20:17:25 5880 [Note]   - '::' resolves to '::';
2018-08-09 20:17:25 5880 [Note] Server socket created on IP: '::'.
2018-08-09 20:17:27 5880 [Note] Event Scheduler: Loaded 0 events
2018-08-09 20:17:27 5880 [Note] F:\Arquivos\USBWebserver v8.6/mysql/bin/mysqld_usbwv8.exe: ready for connections.
Version: '5.6.13'  socket: ''  port: 3307  MySQL Community Server (GPL)
2018-09-18 20:03:36 4504 [Note] Plugin 'FEDERATED' is disabled.
2018-09-18 20:03:36 4504 [Note] InnoDB: The InnoDB memory heap is disabled
2018-09-18 20:03:36 4504 [Note] InnoDB: Mutexes and rw_locks use Windows interlocked functions
2018-09-18 20:03:36 4504 [Note] InnoDB: Compressed tables use zlib 1.2.3
2018-09-18 20:03:36 4504 [Note] InnoDB: Not using CPU crc32 instructions
2018-09-18 20:03:36 4504 [Note] InnoDB: Initializing buffer pool, size = 128.0M
2018-09-18 20:03:36 4504 [Note] InnoDB: Completed initialization of buffer pool
2018-09-18 20:03:36 4504 [Note] InnoDB: Highest supported file format is Barracuda.
2018-09-18 20:03:36 4504 [Note] InnoDB: The log sequence numbers 1626134 and 1626134 in ibdata files do not match the log sequence number 3052181 in the ib_logfiles!
2018-09-18 20:03:36 4504 [Note] InnoDB: Database was not shutdown normally!
2018-09-18 20:03:36 4504 [Note] InnoDB: Starting crash recovery.
2018-09-18 20:03:36 4504 [Note] InnoDB: Reading tablespace information from the .ibd files...
2018-09-18 20:03:36 4504 [Note] InnoDB: Restoring possible half-written data pages 
2018-09-18 20:03:36 4504 [Note] InnoDB: from the doublewrite buffer...
2018-09-18 20:03:37 4504 [Note] InnoDB: 128 rollback segment(s) are active.
2018-09-18 20:03:37 4504 [Note] InnoDB: Waiting for purge to start
2018-09-18 20:03:37 4504 [Note] InnoDB: 5.6.13 started; log sequence number 3052181
2018-09-18 20:03:39 4504 [Note] Server hostname (bind-address): '*'; port: 3307
2018-09-18 20:03:39 4504 [Note] IPv6 is available.
2018-09-18 20:03:39 4504 [Note]   - '::' resolves to '::';
2018-09-18 20:03:39 4504 [Note] Server socket created on IP: '::'.
2018-09-18 20:03:44 4504 [Note] Event Scheduler: Loaded 0 events
2018-09-18 20:03:44 4504 [Note] I:\Arquivos\USBWebserver v8.6/mysql/bin/mysqld_usbwv8.exe: ready for connections.
Version: '5.6.13'  socket: ''  port: 3307  MySQL Community Server (GPL)
2018-09-25 11:27:47 2168 [Note] Plugin 'FEDERATED' is disabled.
2018-09-25 11:27:47 2168 [Note] InnoDB: The InnoDB memory heap is disabled
2018-09-25 11:27:47 2168 [Note] InnoDB: Mutexes and rw_locks use Windows interlocked functions
2018-09-25 11:27:47 2168 [Note] InnoDB: Compressed tables use zlib 1.2.3
2018-09-25 11:27:47 2168 [Note] InnoDB: Not using CPU crc32 instructions
2018-09-25 11:27:47 2168 [Note] InnoDB: Initializing buffer pool, size = 128.0M
2018-09-25 11:27:47 2168 [Note] InnoDB: Completed initialization of buffer pool
2018-09-25 11:27:47 2168 [Note] InnoDB: Highest supported file format is Barracuda.
2018-09-25 11:27:47 2168 [Note] InnoDB: The log sequence numbers 1626134 and 1626134 in ibdata files do not match the log sequence number 3052512 in the ib_logfiles!
2018-09-25 11:27:47 2168 [Note] InnoDB: Database was not shutdown normally!
2018-09-25 11:27:47 2168 [Note] InnoDB: Starting crash recovery.
2018-09-25 11:27:47 2168 [Note] InnoDB: Reading tablespace information from the .ibd files...
2018-09-25 11:27:47 2168 [Note] InnoDB: Restoring possible half-written data pages 
2018-09-25 11:27:47 2168 [Note] InnoDB: from the doublewrite buffer...
2018-09-25 11:27:49 2168 [Note] InnoDB: 128 rollback segment(s) are active.
2018-09-25 11:27:49 2168 [Note] InnoDB: Waiting for purge to start
2018-09-25 11:27:49 2168 [Note] InnoDB: 5.6.13 started; log sequence number 3052512
2018-09-25 11:27:49 2168 [Note] Server hostname (bind-address): '*'; port: 3307
2018-09-25 11:27:49 2168 [Note] IPv6 is available.
2018-09-25 11:27:49 2168 [Note]   - '::' resolves to '::';
2018-09-25 11:27:49 2168 [Note] Server socket created on IP: '::'.
2018-09-25 11:27:53 2168 [Note] Event Scheduler: Loaded 0 events
2018-09-25 11:27:53 2168 [Note] I:\Arquivos\USBWebserver v8.6/mysql/bin/mysqld_usbwv8.exe: ready for connections.
Version: '5.6.13'  socket: ''  port: 3307  MySQL Community Server (GPL)
2018-09-25 15:19:59 1412 [Note] Plugin 'FEDERATED' is disabled.
2018-09-25 15:19:59 1412 [Note] InnoDB: The InnoDB memory heap is disabled
2018-09-25 15:19:59 1412 [Note] InnoDB: Mutexes and rw_locks use Windows interlocked functions
2018-09-25 15:19:59 1412 [Note] InnoDB: Compressed tables use zlib 1.2.3
2018-09-25 15:19:59 1412 [Note] InnoDB: Not using CPU crc32 instructions
2018-09-25 15:19:59 1412 [Note] InnoDB: Initializing buffer pool, size = 128.0M
2018-09-25 15:19:59 1412 [Note] InnoDB: Completed initialization of buffer pool
2018-09-25 15:19:59 1412 [Note] InnoDB: Highest supported file format is Barracuda.
2018-09-25 15:19:59 1412 [Note] InnoDB: The log sequence numbers 1626134 and 1626134 in ibdata files do not match the log sequence number 3064802 in the ib_logfiles!
2018-09-25 15:19:59 1412 [Note] InnoDB: Database was not shutdown normally!
2018-09-25 15:19:59 1412 [Note] InnoDB: Starting crash recovery.
2018-09-25 15:19:59 1412 [Note] InnoDB: Reading tablespace information from the .ibd files...
2018-09-25 15:20:00 1412 [Note] InnoDB: Restoring possible half-written data pages 
2018-09-25 15:20:00 1412 [Note] InnoDB: from the doublewrite buffer...
2018-09-25 15:20:12 1412 [Note] InnoDB: 128 rollback segment(s) are active.
2018-09-25 15:20:12 1412 [Note] InnoDB: Waiting for purge to start
2018-09-25 15:20:12 1412 [Note] InnoDB: 5.6.13 started; log sequence number 3064802
2018-09-25 15:20:12 1412 [Note] Server hostname (bind-address): '*'; port: 3307
2018-09-25 15:20:12 1412 [Note] IPv6 is available.
2018-09-25 15:20:12 1412 [Note]   - '::' resolves to '::';
2018-09-25 15:20:12 1412 [Note] Server socket created on IP: '::'.
2018-09-25 15:20:12 1412 [Note] Event Scheduler: Loaded 0 events
2018-09-25 15:20:12 1412 [Note] I:\Arquivos\USBWebserver v8.6/mysql/bin/mysqld_usbwv8.exe: ready for connections.
Version: '5.6.13'  socket: ''  port: 3307  MySQL Community Server (GPL)
2018-10-04 20:08:47 1700 [Note] Plugin 'FEDERATED' is disabled.
2018-10-04 20:08:47 1700 [Note] InnoDB: The InnoDB memory heap is disabled
2018-10-04 20:08:47 1700 [Note] InnoDB: Mutexes and rw_locks use Windows interlocked functions
2018-10-04 20:08:47 1700 [Note] InnoDB: Compressed tables use zlib 1.2.3
2018-10-04 20:08:47 1700 [Note] InnoDB: Not using CPU crc32 instructions
2018-10-04 20:08:47 1700 [Note] InnoDB: Initializing buffer pool, size = 128.0M
2018-10-04 20:08:47 1700 [Note] InnoDB: Completed initialization of buffer pool
2018-10-04 20:08:47 1700 [Note] InnoDB: Highest supported file format is Barracuda.
2018-10-04 20:08:47 1700 [Note] InnoDB: The log sequence numbers 1626134 and 1626134 in ibdata files do not match the log sequence number 3158732 in the ib_logfiles!
2018-10-04 20:08:47 1700 [Note] InnoDB: Database was not shutdown normally!
2018-10-04 20:08:47 1700 [Note] InnoDB: Starting crash recovery.
2018-10-04 20:08:47 1700 [Note] InnoDB: Reading tablespace information from the .ibd files...
2018-10-04 20:08:48 1700 [Note] InnoDB: Restoring possible half-written data pages 
2018-10-04 20:08:48 1700 [Note] InnoDB: from the doublewrite buffer...
2018-10-04 20:08:54 1700 [Note] InnoDB: 128 rollback segment(s) are active.
2018-10-04 20:08:54 1700 [Note] InnoDB: Waiting for purge to start
2018-10-04 20:08:54 1700 [Note] InnoDB: 5.6.13 started; log sequence number 3158732
2018-10-04 20:08:54 1700 [Note] Server hostname (bind-address): '*'; port: 3307
2018-10-04 20:08:54 1700 [Note] IPv6 is available.
2018-10-04 20:08:54 1700 [Note]   - '::' resolves to '::';
2018-10-04 20:08:54 1700 [Note] Server socket created on IP: '::'.
2018-10-04 20:08:55 1700 [Note] Event Scheduler: Loaded 0 events
2018-10-04 20:08:55 1700 [Note] I:\Arquivos\USBWebserver v8.6/mysql/bin/mysqld_usbwv8.exe: ready for connections.
Version: '5.6.13'  socket: ''  port: 3307  MySQL Community Server (GPL)
2018-10-16 19:34:16 1344 [Note] Plugin 'FEDERATED' is disabled.
2018-10-16 19:34:16 1344 [Note] InnoDB: The InnoDB memory heap is disabled
2018-10-16 19:34:16 1344 [Note] InnoDB: Mutexes and rw_locks use Windows interlocked functions
2018-10-16 19:34:16 1344 [Note] InnoDB: Compressed tables use zlib 1.2.3
2018-10-16 19:34:16 1344 [Note] InnoDB: Not using CPU crc32 instructions
2018-10-16 19:34:16 1344 [Note] InnoDB: Initializing buffer pool, size = 128.0M
2018-10-16 19:34:16 1344 [Note] InnoDB: Completed initialization of buffer pool
2018-10-16 19:34:16 1344 [Note] InnoDB: Highest supported file format is Barracuda.
2018-10-16 19:34:16 1344 [Note] InnoDB: The log sequence numbers 1626134 and 1626134 in ibdata files do not match the log sequence number 3172082 in the ib_logfiles!
2018-10-16 19:34:16 1344 [Note] InnoDB: Database was not shutdown normally!
2018-10-16 19:34:16 1344 [Note] InnoDB: Starting crash recovery.
2018-10-16 19:34:16 1344 [Note] InnoDB: Reading tablespace information from the .ibd files...
2018-10-16 19:34:16 1344 [Note] InnoDB: Restoring possible half-written data pages 
2018-10-16 19:34:16 1344 [Note] InnoDB: from the doublewrite buffer...
2018-10-16 19:34:17 1344 [Note] InnoDB: 128 rollback segment(s) are active.
2018-10-16 19:34:17 1344 [Note] InnoDB: Waiting for purge to start
2018-10-16 19:34:18 1344 [Note] InnoDB: 5.6.13 started; log sequence number 3172082
2018-10-16 19:34:18 1344 [Note] Server hostname (bind-address): '*'; port: 3307
2018-10-16 19:34:18 1344 [Note] IPv6 is available.
2018-10-16 19:34:18 1344 [Note]   - '::' resolves to '::';
2018-10-16 19:34:18 1344 [Note] Server socket created on IP: '::'.
2018-10-16 19:34:22 1344 [Note] Event Scheduler: Loaded 0 events
2018-10-16 19:34:22 1344 [Note] I:\Arquivos\USBWebserver v8.6/mysql/bin/mysqld_usbwv8.exe: ready for connections.
Version: '5.6.13'  socket: ''  port: 3307  MySQL Community Server (GPL)
2018-10-23 12:20:00 5952 [Note] Plugin 'FEDERATED' is disabled.
2018-10-23 12:20:00 5952 [Note] InnoDB: The InnoDB memory heap is disabled
2018-10-23 12:20:00 5952 [Note] InnoDB: Mutexes and rw_locks use Windows interlocked functions
2018-10-23 12:20:00 5952 [Note] InnoDB: Compressed tables use zlib 1.2.3
2018-10-23 12:20:00 5952 [Note] InnoDB: Not using CPU crc32 instructions
2018-10-23 12:20:00 5952 [Note] InnoDB: Initializing buffer pool, size = 128.0M
2018-10-23 12:20:00 5952 [Note] InnoDB: Completed initialization of buffer pool
2018-10-23 12:20:01 5952 [Note] InnoDB: Highest supported file format is Barracuda.
2018-10-23 12:20:01 5952 [Note] InnoDB: The log sequence numbers 1626134 and 1626134 in ibdata files do not match the log sequence number 3269062 in the ib_logfiles!
2018-10-23 12:20:01 5952 [Note] InnoDB: Database was not shutdown normally!
2018-10-23 12:20:01 5952 [Note] InnoDB: Starting crash recovery.
2018-10-23 12:20:01 5952 [Note] InnoDB: Reading tablespace information from the .ibd files...
2018-10-23 12:20:01 5952 [Note] InnoDB: Restoring possible half-written data pages 
2018-10-23 12:20:01 5952 [Note] InnoDB: from the doublewrite buffer...
2018-10-23 12:20:04 5952 [Note] InnoDB: 128 rollback segment(s) are active.
2018-10-23 12:20:04 5952 [Note] InnoDB: Waiting for purge to start
2018-10-23 12:20:04 5952 [Note] InnoDB: 5.6.13 started; log sequence number 3269062
2018-10-23 12:20:04 5952 [Note] Server hostname (bind-address): '*'; port: 3307
2018-10-23 12:20:04 5952 [Note] IPv6 is available.
2018-10-23 12:20:04 5952 [Note]   - '::' resolves to '::';
2018-10-23 12:20:04 5952 [Note] Server socket created on IP: '::'.
2018-10-23 12:20:13 5952 [Note] Event Scheduler: Loaded 0 events
2018-10-23 12:20:13 5952 [Note] I:\Arquivos\USBWebserver v8.6/mysql/bin/mysqld_usbwv8.exe: ready for connections.
Version: '5.6.13'  socket: ''  port: 3307  MySQL Community Server (GPL)
2018-11-30 13:54:36 3864 [Note] Plugin 'FEDERATED' is disabled.
2018-11-30 13:54:36 3864 [Note] InnoDB: The InnoDB memory heap is disabled
2018-11-30 13:54:36 3864 [Note] InnoDB: Mutexes and rw_locks use Windows interlocked functions
2018-11-30 13:54:36 3864 [Note] InnoDB: Compressed tables use zlib 1.2.3
2018-11-30 13:54:36 3864 [Note] InnoDB: Not using CPU crc32 instructions
2018-11-30 13:54:36 3864 [Note] InnoDB: Initializing buffer pool, size = 128.0M
2018-11-30 13:54:36 3864 [Note] InnoDB: Completed initialization of buffer pool
2018-11-30 13:54:36 3864 [Note] InnoDB: Highest supported file format is Barracuda.
2018-11-30 13:54:36 3864 [Note] InnoDB: The log sequence numbers 1626134 and 1626134 in ibdata files do not match the log sequence number 3728062 in the ib_logfiles!
2018-11-30 13:54:36 3864 [Note] InnoDB: Database was not shutdown normally!
2018-11-30 13:54:36 3864 [Note] InnoDB: Starting crash recovery.
2018-11-30 13:54:36 3864 [Note] InnoDB: Reading tablespace information from the .ibd files...
2018-11-30 13:54:36 3864 [Note] InnoDB: Restoring possible half-written data pages 
2018-11-30 13:54:36 3864 [Note] InnoDB: from the doublewrite buffer...
2018-11-30 13:54:39 3864 [Note] InnoDB: 128 rollback segment(s) are active.
2018-11-30 13:54:39 3864 [Note] InnoDB: Waiting for purge to start
2018-11-30 13:54:39 3864 [Note] InnoDB: 5.6.13 started; log sequence number 3728062
2018-11-30 13:54:40 3864 [Note] Server hostname (bind-address): '*'; port: 3307
2018-11-30 13:54:40 3864 [Note] IPv6 is available.
2018-11-30 13:54:40 3864 [Note]   - '::' resolves to '::';
2018-11-30 13:54:40 3864 [Note] Server socket created on IP: '::'.
2018-11-30 13:54:43 3864 [Note] Event Scheduler: Loaded 0 events
2018-11-30 13:54:43 3864 [Note] J:\Arquivos\USBWebserver v8.6/mysql/bin/mysqld_usbwv8.exe: ready for connections.
Version: '5.6.13'  socket: ''  port: 3307  MySQL Community Server (GPL)
2018-12-11 11:20:45 5156 [Note] Plugin 'FEDERATED' is disabled.
2018-12-11 11:20:45 5156 [Note] InnoDB: The InnoDB memory heap is disabled
2018-12-11 11:20:45 5156 [Note] InnoDB: Mutexes and rw_locks use Windows interlocked functions
2018-12-11 11:20:45 5156 [Note] InnoDB: Compressed tables use zlib 1.2.3
2018-12-11 11:20:45 5156 [Note] InnoDB: Not using CPU crc32 instructions
2018-12-11 11:20:45 5156 [Note] InnoDB: Initializing buffer pool, size = 128.0M
2018-12-11 11:20:45 5156 [Note] InnoDB: Completed initialization of buffer pool
2018-12-11 11:20:45 5156 [Note] InnoDB: Highest supported file format is Barracuda.
2018-12-11 11:20:45 5156 [Note] InnoDB: The log sequence numbers 1626134 and 1626134 in ibdata files do not match the log sequence number 4056904 in the ib_logfiles!
2018-12-11 11:20:45 5156 [Note] InnoDB: Database was not shutdown normally!
2018-12-11 11:20:45 5156 [Note] InnoDB: Starting crash recovery.
2018-12-11 11:20:45 5156 [Note] InnoDB: Reading tablespace information from the .ibd files...
2018-12-11 11:20:47 5156 [Note] InnoDB: Restoring possible half-written data pages 
2018-12-11 11:20:47 5156 [Note] InnoDB: from the doublewrite buffer...
2018-12-11 11:20:48 5156 [Note] InnoDB: 128 rollback segment(s) are active.
2018-12-11 11:20:48 5156 [Note] InnoDB: Waiting for purge to start
2018-12-11 11:20:49 5156 [Note] InnoDB: 5.6.13 started; log sequence number 4056904
2018-12-11 11:20:49 5156 [Note] Server hostname (bind-address): '*'; port: 3307
2018-12-11 11:20:49 5156 [Note] IPv6 is available.
2018-12-11 11:20:49 5156 [Note]   - '::' resolves to '::';
2018-12-11 11:20:49 5156 [Note] Server socket created on IP: '::'.
2018-12-11 11:20:49 5156 [Note] Event Scheduler: Loaded 0 events
2018-12-11 11:20:49 5156 [Note] J:\Arquivos\USBWebserver v8.6/mysql/bin/mysqld_usbwv8.exe: ready for connections.
Version: '5.6.13'  socket: ''  port: 3307  MySQL Community Server (GPL)
2018-12-11 13:36:29 2084 [Note] Plugin 'FEDERATED' is disabled.
2018-12-11 13:36:29 2084 [Note] InnoDB: The InnoDB memory heap is disabled
2018-12-11 13:36:29 2084 [Note] InnoDB: Mutexes and rw_locks use Windows interlocked functions
2018-12-11 13:36:29 2084 [Note] InnoDB: Compressed tables use zlib 1.2.3
2018-12-11 13:36:29 2084 [Note] InnoDB: Not using CPU crc32 instructions
2018-12-11 13:36:29 2084 [Note] InnoDB: Initializing buffer pool, size = 128.0M
2018-12-11 13:36:29 2084 [Note] InnoDB: Completed initialization of buffer pool
2018-12-11 13:36:29 2084 [Note] InnoDB: Highest supported file format is Barracuda.
2018-12-11 13:36:29 2084 [Note] InnoDB: The log sequence numbers 1626134 and 1626134 in ibdata files do not match the log sequence number 4057933 in the ib_logfiles!
2018-12-11 13:36:29 2084 [Note] InnoDB: Database was not shutdown normally!
2018-12-11 13:36:29 2084 [Note] InnoDB: Starting crash recovery.
2018-12-11 13:36:29 2084 [Note] InnoDB: Reading tablespace information from the .ibd files...
2018-12-11 13:36:30 2084 [Note] InnoDB: Restoring possible half-written data pages 
2018-12-11 13:36:30 2084 [Note] InnoDB: from the doublewrite buffer...
2018-12-11 13:36:34 2084 [Note] InnoDB: 128 rollback segment(s) are active.
2018-12-11 13:36:34 2084 [Note] InnoDB: Waiting for purge to start
2018-12-11 13:36:34 2084 [Note] InnoDB: 5.6.13 started; log sequence number 4057933
2018-12-11 13:36:34 2084 [Note] Server hostname (bind-address): '*'; port: 3307
2018-12-11 13:36:34 2084 [Note] IPv6 is available.
2018-12-11 13:36:34 2084 [Note]   - '::' resolves to '::';
2018-12-11 13:36:34 2084 [Note] Server socket created on IP: '::'.
2018-12-11 13:36:34 2084 [Note] Event Scheduler: Loaded 0 events
2018-12-11 13:36:34 2084 [Note] J:\Arquivos\USBWebserver v8.6/mysql/bin/mysqld_usbwv8.exe: ready for connections.
Version: '5.6.13'  socket: ''  port: 3307  MySQL Community Server (GPL)
2018-12-12 10:55:54 1980 [Note] Plugin 'FEDERATED' is disabled.
2018-12-12 10:55:54 1980 [Note] InnoDB: The InnoDB memory heap is disabled
2018-12-12 10:55:54 1980 [Note] InnoDB: Mutexes and rw_locks use Windows interlocked functions
2018-12-12 10:55:54 1980 [Note] InnoDB: Compressed tables use zlib 1.2.3
2018-12-12 10:55:54 1980 [Note] InnoDB: Not using CPU crc32 instructions
2018-12-12 10:55:54 1980 [Note] InnoDB: Initializing buffer pool, size = 128.0M
2018-12-12 10:55:54 1980 [Note] InnoDB: Completed initialization of buffer pool
2018-12-12 10:55:54 1980 [Note] InnoDB: Highest supported file format is Barracuda.
2018-12-12 10:55:54 1980 [Note] InnoDB: The log sequence numbers 1626134 and 1626134 in ibdata files do not match the log sequence number 4057953 in the ib_logfiles!
2018-12-12 10:55:54 1980 [Note] InnoDB: Database was not shutdown normally!
2018-12-12 10:55:54 1980 [Note] InnoDB: Starting crash recovery.
2018-12-12 10:55:54 1980 [Note] InnoDB: Reading tablespace information from the .ibd files...
2018-12-12 10:55:55 1980 [Note] InnoDB: Restoring possible half-written data pages 
2018-12-12 10:55:55 1980 [Note] InnoDB: from the doublewrite buffer...
2018-12-12 10:56:03 1980 [Note] InnoDB: 128 rollback segment(s) are active.
2018-12-12 10:56:03 1980 [Note] InnoDB: Waiting for purge to start
2018-12-12 10:56:03 1980 [Note] InnoDB: 5.6.13 started; log sequence number 4057953
2018-12-12 10:56:03 1980 [Note] Server hostname (bind-address): '*'; port: 3307
2018-12-12 10:56:03 1980 [Note] IPv6 is available.
2018-12-12 10:56:03 1980 [Note]   - '::' resolves to '::';
2018-12-12 10:56:03 1980 [Note] Server socket created on IP: '::'.
2018-12-12 10:56:06 1980 [Note] Event Scheduler: Loaded 0 events
2018-12-12 10:56:06 1980 [Note] J:\Arquivos\USBWebserver v8.6/mysql/bin/mysqld_usbwv8.exe: ready for connections.
Version: '5.6.13'  socket: ''  port: 3307  MySQL Community Server (GPL)
2018-12-12 13:25:45 2344 [Note] Plugin 'FEDERATED' is disabled.
2018-12-12 13:25:45 2344 [Note] InnoDB: The InnoDB memory heap is disabled
2018-12-12 13:25:45 2344 [Note] InnoDB: Mutexes and rw_locks use Windows interlocked functions
2018-12-12 13:25:45 2344 [Note] InnoDB: Compressed tables use zlib 1.2.3
2018-12-12 13:25:45 2344 [Note] InnoDB: Not using CPU crc32 instructions
2018-12-12 13:25:45 2344 [Note] InnoDB: Initializing buffer pool, size = 128.0M
2018-12-12 13:25:45 2344 [Note] InnoDB: Completed initialization of buffer pool
2018-12-12 13:25:45 2344 [Note] InnoDB: Highest supported file format is Barracuda.
2018-12-12 13:25:45 2344 [Note] InnoDB: The log sequence numbers 1626134 and 1626134 in ibdata files do not match the log sequence number 4057963 in the ib_logfiles!
2018-12-12 13:25:45 2344 [Note] InnoDB: Database was not shutdown normally!
2018-12-12 13:25:45 2344 [Note] InnoDB: Starting crash recovery.
2018-12-12 13:25:45 2344 [Note] InnoDB: Reading tablespace information from the .ibd files...
2018-12-12 13:25:46 2344 [Note] InnoDB: Restoring possible half-written data pages 
2018-12-12 13:25:46 2344 [Note] InnoDB: from the doublewrite buffer...
2018-12-12 13:25:48 2344 [Note] InnoDB: 128 rollback segment(s) are active.
2018-12-12 13:25:48 2344 [Note] InnoDB: Waiting for purge to start
2018-12-12 13:25:48 2344 [Note] InnoDB: 5.6.13 started; log sequence number 4057963
2018-12-12 13:25:48 2344 [Note] Server hostname (bind-address): '*'; port: 3307
2018-12-12 13:25:48 2344 [Note] IPv6 is available.
2018-12-12 13:25:48 2344 [Note]   - '::' resolves to '::';
2018-12-12 13:25:48 2344 [Note] Server socket created on IP: '::'.
2018-12-12 13:25:48 2344 [Note] Event Scheduler: Loaded 0 events
2018-12-12 13:25:48 2344 [Note] J:\Arquivos\USBWebserver v8.6/mysql/bin/mysqld_usbwv8.exe: ready for connections.
Version: '5.6.13'  socket: ''  port: 3307  MySQL Community Server (GPL)
2019-03-27 11:13:29 3628 [Note] Plugin 'FEDERATED' is disabled.
2019-03-27 11:13:29 3628 [Note] InnoDB: The InnoDB memory heap is disabled
2019-03-27 11:13:29 3628 [Note] InnoDB: Mutexes and rw_locks use Windows interlocked functions
2019-03-27 11:13:29 3628 [Note] InnoDB: Compressed tables use zlib 1.2.3
2019-03-27 11:13:29 3628 [Note] InnoDB: Not using CPU crc32 instructions
2019-03-27 11:13:29 3628 [Note] InnoDB: Initializing buffer pool, size = 128.0M
2019-03-27 11:13:29 3628 [Note] InnoDB: Completed initialization of buffer pool
2019-03-27 11:13:29 3628 [Note] InnoDB: Highest supported file format is Barracuda.
2019-03-27 11:13:29 3628 [Note] InnoDB: The log sequence numbers 1626134 and 1626134 in ibdata files do not match the log sequence number 4084326 in the ib_logfiles!
2019-03-27 11:13:29 3628 [Note] InnoDB: Database was not shutdown normally!
2019-03-27 11:13:29 3628 [Note] InnoDB: Starting crash recovery.
2019-03-27 11:13:29 3628 [Note] InnoDB: Reading tablespace information from the .ibd files...
2019-03-27 11:13:30 3628 [Note] InnoDB: Restoring possible half-written data pages 
2019-03-27 11:13:30 3628 [Note] InnoDB: from the doublewrite buffer...
2019-03-27 11:13:32 3628 [Note] InnoDB: 128 rollback segment(s) are active.
2019-03-27 11:13:32 3628 [Note] InnoDB: Waiting for purge to start
2019-03-27 11:13:32 3628 [Note] InnoDB: 5.6.13 started; log sequence number 4084326
2019-03-27 11:13:33 3628 [Note] Server hostname (bind-address): '*'; port: 3307
2019-03-27 11:13:33 3628 [Note] IPv6 is available.
2019-03-27 11:13:33 3628 [Note]   - '::' resolves to '::';
2019-03-27 11:13:33 3628 [Note] Server socket created on IP: '::'.
2019-03-27 11:13:37 3628 [Note] Event Scheduler: Loaded 0 events
2019-03-27 11:13:37 3628 [Note] I:\Arquivos\USBWebserver v8.6/mysql/bin/mysqld_usbwv8.exe: ready for connections.
Version: '5.6.13'  socket: ''  port: 3307  MySQL Community Server (GPL)
