2018-05-30 11:26:33 3960 [Note] Plugin 'FEDERATED' is disabled.
2018-05-30 11:26:33 3960 [Note] InnoDB: The InnoDB memory heap is disabled
2018-05-30 11:26:33 3960 [Note] InnoDB: Mutexes and rw_locks use Windows interlocked functions
2018-05-30 11:26:33 3960 [Note] InnoDB: Compressed tables use zlib 1.2.3
2018-05-30 11:26:33 3960 [Note] InnoDB: Not using CPU crc32 instructions
2018-05-30 11:26:33 3960 [Note] InnoDB: Initializing buffer pool, size = 128.0M
2018-05-30 11:26:33 3960 [Note] InnoDB: Completed initialization of buffer pool
2018-05-30 11:26:33 3960 [Note] InnoDB: Highest supported file format is Barracuda.
2018-05-30 11:26:33 3960 [Note] InnoDB: The log sequence numbers 1626134 and 1626134 in ibdata files do not match the log sequence number 2167672 in the ib_logfiles!
2018-05-30 11:26:33 3960 [Note] InnoDB: Database was not shutdown normally!
2018-05-30 11:26:33 3960 [Note] InnoDB: Starting crash recovery.
2018-05-30 11:26:33 3960 [Note] InnoDB: Reading tablespace information from the .ibd files...
2018-05-30 11:26:33 3960 [Note] InnoDB: Restoring possible half-written data pages 
2018-05-30 11:26:33 3960 [Note] InnoDB: from the doublewrite buffer...
2018-05-30 11:26:34 3960 [Note] InnoDB: 128 rollback segment(s) are active.
2018-05-30 11:26:34 3960 [Note] InnoDB: Waiting for purge to start
2018-05-30 11:26:34 3960 [Note] InnoDB: 5.6.13 started; log sequence number 2167672
2018-05-30 11:26:34 3960 [Note] Server hostname (bind-address): '*'; port: 3307
2018-05-30 11:26:34 3960 [Note] IPv6 is available.
2018-05-30 11:26:34 3960 [Note]   - '::' resolves to '::';
2018-05-30 11:26:34 3960 [Note] Server socket created on IP: '::'.
2018-05-30 11:26:35 3960 [Note] Event Scheduler: Loaded 0 events
2018-05-30 11:26:35 3960 [Note] I:\Arquivos\USBWebserver v8.6/mysql/bin/mysqld_usbwv8.exe: ready for connections.
Version: '5.6.13'  socket: ''  port: 3307  MySQL Community Server (GPL)
