2018-05-09 19:17:04 7048 [Note] Plugin 'FEDERATED' is disabled.
2018-05-09 19:17:04 7048 [Note] InnoDB: The InnoDB memory heap is disabled
2018-05-09 19:17:04 7048 [Note] InnoDB: Mutexes and rw_locks use Windows interlocked functions
2018-05-09 19:17:04 7048 [Note] InnoDB: Compressed tables use zlib 1.2.3
2018-05-09 19:17:04 7048 [Note] InnoDB: Not using CPU crc32 instructions
2018-05-09 19:17:04 7048 [Note] InnoDB: Initializing buffer pool, size = 128.0M
2018-05-09 19:17:04 7048 [Note] InnoDB: Completed initialization of buffer pool
2018-05-09 19:17:04 7048 [Note] InnoDB: Highest supported file format is Barracuda.
2018-05-09 19:17:04 7048 [Note] InnoDB: The log sequence numbers 1626134 and 1626134 in ibdata files do not match the log sequence number 1626646 in the ib_logfiles!
2018-05-09 19:17:04 7048 [Note] InnoDB: Database was not shutdown normally!
2018-05-09 19:17:04 7048 [Note] InnoDB: Starting crash recovery.
2018-05-09 19:17:04 7048 [Note] InnoDB: Reading tablespace information from the .ibd files...
2018-05-09 19:17:04 7048 [Note] InnoDB: Restoring possible half-written data pages 
2018-05-09 19:17:04 7048 [Note] InnoDB: from the doublewrite buffer...
2018-05-09 19:17:05 7048 [Note] InnoDB: 128 rollback segment(s) are active.
2018-05-09 19:17:05 7048 [Note] InnoDB: Waiting for purge to start
2018-05-09 19:17:05 7048 [Note] InnoDB: 5.6.13 started; log sequence number 1626646
2018-05-09 19:17:05 7048 [Note] Server hostname (bind-address): '*'; port: 3307
2018-05-09 19:17:05 7048 [Note] IPv6 is available.
2018-05-09 19:17:05 7048 [Note]   - '::' resolves to '::';
2018-05-09 19:17:05 7048 [Note] Server socket created on IP: '::'.
2018-05-09 19:17:05 7048 [Note] Event Scheduler: Loaded 0 events
2018-05-09 19:17:05 7048 [Note] J:\Arquivos\USBWebserver v8.6/mysql/bin/mysqld_usbwv8.exe: ready for connections.
Version: '5.6.13'  socket: ''  port: 3307  MySQL Community Server (GPL)
2018-08-03 14:06:12 5792 [Note] Plugin 'FEDERATED' is disabled.
2018-08-03 14:06:12 5792 [Note] InnoDB: The InnoDB memory heap is disabled
2018-08-03 14:06:12 5792 [Note] InnoDB: Mutexes and rw_locks use Windows interlocked functions
2018-08-03 14:06:12 5792 [Note] InnoDB: Compressed tables use zlib 1.2.3
2018-08-03 14:06:12 5792 [Note] InnoDB: Not using CPU crc32 instructions
2018-08-03 14:06:12 5792 [Note] InnoDB: Initializing buffer pool, size = 128.0M
2018-08-03 14:06:12 5792 [Note] InnoDB: Completed initialization of buffer pool
2018-08-03 14:06:12 5792 [Note] InnoDB: Highest supported file format is Barracuda.
2018-08-03 14:06:12 5792 [Note] InnoDB: The log sequence numbers 1626134 and 1626134 in ibdata files do not match the log sequence number 2965553 in the ib_logfiles!
2018-08-03 14:06:12 5792 [Note] InnoDB: Database was not shutdown normally!
2018-08-03 14:06:12 5792 [Note] InnoDB: Starting crash recovery.
2018-08-03 14:06:12 5792 [Note] InnoDB: Reading tablespace information from the .ibd files...
2018-08-03 14:06:12 5792 [Note] InnoDB: Restoring possible half-written data pages 
2018-08-03 14:06:12 5792 [Note] InnoDB: from the doublewrite buffer...
2018-08-03 14:06:13 5792 [Note] InnoDB: 128 rollback segment(s) are active.
2018-08-03 14:06:13 5792 [Note] InnoDB: Waiting for purge to start
2018-08-03 14:06:13 5792 [Note] InnoDB: 5.6.13 started; log sequence number 2965553
2018-08-03 14:06:13 5792 [Note] Server hostname (bind-address): '*'; port: 3307
2018-08-03 14:06:13 5792 [Note] IPv6 is available.
2018-08-03 14:06:13 5792 [Note]   - '::' resolves to '::';
2018-08-03 14:06:13 5792 [Note] Server socket created on IP: '::'.
2018-08-03 14:06:13 5792 [Note] Event Scheduler: Loaded 0 events
2018-08-03 14:06:13 5792 [Note] J:\Arquivos\USBWebserver v8.6/mysql/bin/mysqld_usbwv8.exe: ready for connections.
Version: '5.6.13'  socket: ''  port: 3307  MySQL Community Server (GPL)
