2018-05-15 19:46:24 2964 [Note] Plugin 'FEDERATED' is disabled.
2018-05-15 19:46:24 2964 [Note] InnoDB: The InnoDB memory heap is disabled
2018-05-15 19:46:24 2964 [Note] InnoDB: Mutexes and rw_locks use Windows interlocked functions
2018-05-15 19:46:24 2964 [Note] InnoDB: Compressed tables use zlib 1.2.3
2018-05-15 19:46:24 2964 [Note] InnoDB: Not using CPU crc32 instructions
2018-05-15 19:46:25 2964 [Note] InnoDB: Initializing buffer pool, size = 128.0M
2018-05-15 19:46:25 2964 [Note] InnoDB: Completed initialization of buffer pool
2018-05-15 19:46:25 2964 [Note] InnoDB: Highest supported file format is Barracuda.
2018-05-15 19:46:25 2964 [Note] InnoDB: The log sequence numbers 1626134 and 1626134 in ibdata files do not match the log sequence number 1834700 in the ib_logfiles!
2018-05-15 19:46:25 2964 [Note] InnoDB: Database was not shutdown normally!
2018-05-15 19:46:25 2964 [Note] InnoDB: Starting crash recovery.
2018-05-15 19:46:25 2964 [Note] InnoDB: Reading tablespace information from the .ibd files...
2018-05-15 19:46:25 2964 [Note] InnoDB: Restoring possible half-written data pages 
2018-05-15 19:46:25 2964 [Note] InnoDB: from the doublewrite buffer...
2018-05-15 19:46:26 2964 [Note] InnoDB: 128 rollback segment(s) are active.
2018-05-15 19:46:26 2964 [Note] InnoDB: Waiting for purge to start
2018-05-15 19:46:26 2964 [Note] InnoDB: 5.6.13 started; log sequence number 1834700
2018-05-15 19:46:26 2964 [Note] Server hostname (bind-address): '*'; port: 3307
2018-05-15 19:46:26 2964 [Note] IPv6 is available.
2018-05-15 19:46:26 2964 [Note]   - '::' resolves to '::';
2018-05-15 19:46:26 2964 [Note] Server socket created on IP: '::'.
2018-05-15 19:46:27 2964 [Note] Event Scheduler: Loaded 0 events
2018-05-15 19:46:27 2964 [Note] K:\Arquivos\USBWebserver v8.6/mysql/bin/mysqld_usbwv8.exe: ready for connections.
Version: '5.6.13'  socket: ''  port: 3307  MySQL Community Server (GPL)
2019-07-24 14:13:08 4704 [Note] Plugin 'FEDERATED' is disabled.
2019-07-24 14:13:08 4704 [Note] InnoDB: The InnoDB memory heap is disabled
2019-07-24 14:13:08 4704 [Note] InnoDB: Mutexes and rw_locks use Windows interlocked functions
2019-07-24 14:13:08 4704 [Note] InnoDB: Compressed tables use zlib 1.2.3
2019-07-24 14:13:08 4704 [Note] InnoDB: Not using CPU crc32 instructions
2019-07-24 14:13:08 4704 [Note] InnoDB: Initializing buffer pool, size = 128.0M
2019-07-24 14:13:08 4704 [Note] InnoDB: Completed initialization of buffer pool
2019-07-24 14:13:08 4704 [Note] InnoDB: Highest supported file format is Barracuda.
2019-07-24 14:13:08 4704 [Note] InnoDB: The log sequence numbers 1626134 and 1626134 in ibdata files do not match the log sequence number 4177556 in the ib_logfiles!
2019-07-24 14:13:08 4704 [Note] InnoDB: Database was not shutdown normally!
2019-07-24 14:13:08 4704 [Note] InnoDB: Starting crash recovery.
2019-07-24 14:13:08 4704 [Note] InnoDB: Reading tablespace information from the .ibd files...
2019-07-24 14:13:10 4704 [Note] InnoDB: Restoring possible half-written data pages 
2019-07-24 14:13:10 4704 [Note] InnoDB: from the doublewrite buffer...
2019-07-24 14:13:12 4704 [Note] InnoDB: 128 rollback segment(s) are active.
2019-07-24 14:13:12 4704 [Note] InnoDB: Waiting for purge to start
2019-07-24 14:13:12 4704 [Note] InnoDB: 5.6.13 started; log sequence number 4177556
2019-07-24 14:13:12 4704 [Note] Server hostname (bind-address): '*'; port: 3307
2019-07-24 14:13:12 4704 [Note] IPv6 is available.
2019-07-24 14:13:12 4704 [Note]   - '::' resolves to '::';
2019-07-24 14:13:12 4704 [Note] Server socket created on IP: '::'.
2019-07-24 14:13:12 4704 [Note] Event Scheduler: Loaded 0 events
2019-07-24 14:13:12 4704 [Note] F:\Arquivos\USBWebserver v8.6/mysql/bin/mysqld_usbwv8.exe: ready for connections.
Version: '5.6.13'  socket: ''  port: 3307  MySQL Community Server (GPL)
2019-07-24 14:22:41 1252 [Note] Plugin 'FEDERATED' is disabled.
2019-07-24 14:22:41 1252 [Note] InnoDB: The InnoDB memory heap is disabled
2019-07-24 14:22:41 1252 [Note] InnoDB: Mutexes and rw_locks use Windows interlocked functions
2019-07-24 14:22:41 1252 [Note] InnoDB: Compressed tables use zlib 1.2.3
2019-07-24 14:22:41 1252 [Note] InnoDB: Not using CPU crc32 instructions
2019-07-24 14:22:41 1252 [Note] InnoDB: Initializing buffer pool, size = 128.0M
2019-07-24 14:22:41 1252 [Note] InnoDB: Completed initialization of buffer pool
2019-07-24 14:22:41 1252 [Note] InnoDB: Highest supported file format is Barracuda.
2019-07-24 14:22:41 1252 [Note] InnoDB: The log sequence numbers 1626134 and 1626134 in ibdata files do not match the log sequence number 4178302 in the ib_logfiles!
2019-07-24 14:22:41 1252 [Note] InnoDB: Database was not shutdown normally!
2019-07-24 14:22:41 1252 [Note] InnoDB: Starting crash recovery.
2019-07-24 14:22:41 1252 [Note] InnoDB: Reading tablespace information from the .ibd files...
2019-07-24 14:22:44 1252 [Note] InnoDB: Restoring possible half-written data pages 
2019-07-24 14:22:44 1252 [Note] InnoDB: from the doublewrite buffer...
2019-07-24 14:22:45 1252 [Note] InnoDB: 128 rollback segment(s) are active.
2019-07-24 14:22:45 1252 [Note] InnoDB: Waiting for purge to start
2019-07-24 14:22:45 1252 [Note] InnoDB: 5.6.13 started; log sequence number 4178302
2019-07-24 14:22:45 1252 [Note] Server hostname (bind-address): '*'; port: 3307
2019-07-24 14:22:45 1252 [Note] IPv6 is available.
2019-07-24 14:22:45 1252 [Note]   - '::' resolves to '::';
2019-07-24 14:22:45 1252 [Note] Server socket created on IP: '::'.
2019-07-24 14:22:45 1252 [Note] Event Scheduler: Loaded 0 events
2019-07-24 14:22:45 1252 [Note] F:\Arquivos\USBWebserver v8.6/mysql/bin/mysqld_usbwv8.exe: ready for connections.
Version: '5.6.13'  socket: ''  port: 3307  MySQL Community Server (GPL)
2019-09-27 08:25:04 4920 [Note] Plugin 'FEDERATED' is disabled.
2019-09-27 08:25:04 4920 [Note] InnoDB: The InnoDB memory heap is disabled
2019-09-27 08:25:04 4920 [Note] InnoDB: Mutexes and rw_locks use Windows interlocked functions
2019-09-27 08:25:04 4920 [Note] InnoDB: Compressed tables use zlib 1.2.3
2019-09-27 08:25:04 4920 [Note] InnoDB: Not using CPU crc32 instructions
2019-09-27 08:25:04 4920 [Note] InnoDB: Initializing buffer pool, size = 128.0M
2019-09-27 08:25:05 4920 [Note] InnoDB: Completed initialization of buffer pool
2019-09-27 08:25:05 4920 [Note] InnoDB: Highest supported file format is Barracuda.
2019-09-27 08:25:05 4920 [Note] InnoDB: The log sequence numbers 1626134 and 1626134 in ibdata files do not match the log sequence number 4940818 in the ib_logfiles!
2019-09-27 08:25:05 4920 [Note] InnoDB: Database was not shutdown normally!
2019-09-27 08:25:05 4920 [Note] InnoDB: Starting crash recovery.
2019-09-27 08:25:05 4920 [Note] InnoDB: Reading tablespace information from the .ibd files...
2019-09-27 08:25:05 4920 [Note] InnoDB: Restoring possible half-written data pages 
2019-09-27 08:25:05 4920 [Note] InnoDB: from the doublewrite buffer...
2019-09-27 08:25:06 4920 [Note] InnoDB: 128 rollback segment(s) are active.
2019-09-27 08:25:06 4920 [Note] InnoDB: Waiting for purge to start
2019-09-27 08:25:06 4920 [Note] InnoDB: 5.6.13 started; log sequence number 4940818
2019-09-27 08:25:06 4920 [Note] Server hostname (bind-address): '*'; port: 3307
2019-09-27 08:25:06 4920 [Note] IPv6 is available.
2019-09-27 08:25:06 4920 [Note]   - '::' resolves to '::';
2019-09-27 08:25:06 4920 [Note] Server socket created on IP: '::'.
2019-09-27 08:25:10 4920 [Note] Event Scheduler: Loaded 0 events
2019-09-27 08:25:10 4920 [Note] F:\Arquivos\USBWebserver v8.6/mysql/bin/mysqld_usbwv8.exe: ready for connections.
Version: '5.6.13'  socket: ''  port: 3307  MySQL Community Server (GPL)
